<?xml version="1.0" encoding="UTF-8"?>
<testsuite xmlns:xsi="http://www.w3.org/2001/XMLSchema-instance" xsi:noNamespaceSchemaLocation="https://maven.apache.org/surefire/maven-surefire-plugin/xsd/surefire-test-report-3.0.xsd" version="3.0" name="pages.RequestFilesPageTest" time="10.911" tests="1" errors="0" skipped="0" failures="0">
  <properties>
    <property name="java.specification.version" value="18"/>
    <property name="webdriver.chrome.driver" value="C:\Users\schalak\.cache\selenium\chromedriver\win32\99.0.4844.51\chromedriver.exe"/>
    <property name="sun.cpu.isalist" value="amd64"/>
    <property name="sun.jnu.encoding" value="Cp1251"/>
    <property name="java.class.path" value="C:\Users\schalak\IdeaProjects\move-automation-framework\target\test-classes;C:\Users\schalak\IdeaProjects\move-automation-framework\target\classes;C:\Users\schalak\.m2\repository\org\seleniumhq\selenium\selenium-java\4.1.2\selenium-java-4.1.2.jar;C:\Users\schalak\.m2\repository\org\seleniumhq\selenium\selenium-api\4.1.2\selenium-api-4.1.2.jar;C:\Users\schalak\.m2\repository\org\seleniumhq\selenium\selenium-chrome-driver\4.1.2\selenium-chrome-driver-4.1.2.jar;C:\Users\schalak\.m2\repository\com\google\auto\service\auto-service-annotations\1.0.1\auto-service-annotations-1.0.1.jar;C:\Users\schalak\.m2\repository\com\google\auto\service\auto-service\1.0.1\auto-service-1.0.1.jar;C:\Users\schalak\.m2\repository\com\google\auto\auto-common\1.2\auto-common-1.2.jar;C:\Users\schalak\.m2\repository\com\google\guava\guava\31.0.1-jre\guava-31.0.1-jre.jar;C:\Users\schalak\.m2\repository\com\google\guava\failureaccess\1.0.1\failureaccess-1.0.1.jar;C:\Users\schalak\.m2\repository\com\google\guava\listenablefuture\9999.0-empty-to-avoid-conflict-with-guava\listenablefuture-9999.0-empty-to-avoid-conflict-with-guava.jar;C:\Users\schalak\.m2\repository\com\google\code\findbugs\jsr305\3.0.2\jsr305-3.0.2.jar;C:\Users\schalak\.m2\repository\org\checkerframework\checker-qual\3.12.0\checker-qual-3.12.0.jar;C:\Users\schalak\.m2\repository\com\google\errorprone\error_prone_annotations\2.7.1\error_prone_annotations-2.7.1.jar;C:\Users\schalak\.m2\repository\com\google\j2objc\j2objc-annotations\1.3\j2objc-annotations-1.3.jar;C:\Users\schalak\.m2\repository\org\seleniumhq\selenium\selenium-chromium-driver\4.1.2\selenium-chromium-driver-4.1.2.jar;C:\Users\schalak\.m2\repository\org\seleniumhq\selenium\selenium-json\4.1.2\selenium-json-4.1.2.jar;C:\Users\schalak\.m2\repository\org\seleniumhq\selenium\selenium-devtools-v85\4.1.2\selenium-devtools-v85-4.1.2.jar;C:\Users\schalak\.m2\repository\org\seleniumhq\selenium\selenium-devtools-v95\4.1.2\selenium-devtools-v95-4.1.2.jar;C:\Users\schalak\.m2\repository\org\seleniumhq\selenium\selenium-devtools-v96\4.1.2\selenium-devtools-v96-4.1.2.jar;C:\Users\schalak\.m2\repository\org\seleniumhq\selenium\selenium-devtools-v97\4.1.2\selenium-devtools-v97-4.1.2.jar;C:\Users\schalak\.m2\repository\org\seleniumhq\selenium\selenium-edge-driver\4.1.2\selenium-edge-driver-4.1.2.jar;C:\Users\schalak\.m2\repository\org\seleniumhq\selenium\selenium-firefox-driver\4.1.2\selenium-firefox-driver-4.1.2.jar;C:\Users\schalak\.m2\repository\org\seleniumhq\selenium\selenium-firefox-xpi-driver\4.1.2\selenium-firefox-xpi-driver-4.1.2.jar;C:\Users\schalak\.m2\repository\org\seleniumhq\selenium\selenium-ie-driver\4.1.2\selenium-ie-driver-4.1.2.jar;C:\Users\schalak\.m2\repository\org\seleniumhq\selenium\selenium-opera-driver\4.1.2\selenium-opera-driver-4.1.2.jar;C:\Users\schalak\.m2\repository\org\seleniumhq\selenium\selenium-remote-driver\4.1.2\selenium-remote-driver-4.1.2.jar;C:\Users\schalak\.m2\repository\com\beust\jcommander\1.82\jcommander-1.82.jar;C:\Users\schalak\.m2\repository\io\netty\netty-buffer\4.1.73.Final\netty-buffer-4.1.73.Final.jar;C:\Users\schalak\.m2\repository\io\netty\netty-codec-http\4.1.73.Final\netty-codec-http-4.1.73.Final.jar;C:\Users\schalak\.m2\repository\io\netty\netty-codec\4.1.73.Final\netty-codec-4.1.73.Final.jar;C:\Users\schalak\.m2\repository\io\netty\netty-handler\4.1.73.Final\netty-handler-4.1.73.Final.jar;C:\Users\schalak\.m2\repository\io\netty\netty-tcnative-classes\2.0.46.Final\netty-tcnative-classes-2.0.46.Final.jar;C:\Users\schalak\.m2\repository\io\netty\netty-common\4.1.73.Final\netty-common-4.1.73.Final.jar;C:\Users\schalak\.m2\repository\io\netty\netty-transport-classes-epoll\4.1.73.Final\netty-transport-classes-epoll-4.1.73.Final.jar;C:\Users\schalak\.m2\repository\io\netty\netty-transport-classes-kqueue\4.1.73.Final\netty-transport-classes-kqueue-4.1.73.Final.jar;C:\Users\schalak\.m2\repository\io\netty\netty-transport-native-epoll\4.1.73.Final\netty-transport-native-epoll-4.1.73.Final.jar;C:\Users\schalak\.m2\repository\io\netty\netty-transport-native-kqueue\4.1.73.Final\netty-transport-native-kqueue-4.1.73.Final.jar;C:\Users\schalak\.m2\repository\io\netty\netty-transport-native-unix-common\4.1.73.Final\netty-transport-native-unix-common-4.1.73.Final.jar;C:\Users\schalak\.m2\repository\io\netty\netty-transport\4.1.73.Final\netty-transport-4.1.73.Final.jar;C:\Users\schalak\.m2\repository\io\netty\netty-resolver\4.1.73.Final\netty-resolver-4.1.73.Final.jar;C:\Users\schalak\.m2\repository\io\opentelemetry\opentelemetry-api\1.10.1\opentelemetry-api-1.10.1.jar;C:\Users\schalak\.m2\repository\io\opentelemetry\opentelemetry-context\1.10.1\opentelemetry-context-1.10.1.jar;C:\Users\schalak\.m2\repository\io\opentelemetry\opentelemetry-exporter-logging\1.10.1\opentelemetry-exporter-logging-1.10.1.jar;C:\Users\schalak\.m2\repository\io\opentelemetry\opentelemetry-sdk-metrics\1.10.1-alpha\opentelemetry-sdk-metrics-1.10.1-alpha.jar;C:\Users\schalak\.m2\repository\io\opentelemetry\opentelemetry-sdk-logs\1.10.1-alpha\opentelemetry-sdk-logs-1.10.1-alpha.jar;C:\Users\schalak\.m2\repository\io\opentelemetry\opentelemetry-sdk-common\1.10.1\opentelemetry-sdk-common-1.10.1.jar;C:\Users\schalak\.m2\repository\io\opentelemetry\opentelemetry-sdk-extension-autoconfigure-spi\1.10.1\opentelemetry-sdk-extension-autoconfigure-spi-1.10.1.jar;C:\Users\schalak\.m2\repository\io\opentelemetry\opentelemetry-sdk-extension-autoconfigure\1.10.1-alpha\opentelemetry-sdk-extension-autoconfigure-1.10.1-alpha.jar;C:\Users\schalak\.m2\repository\io\opentelemetry\opentelemetry-sdk-trace\1.10.1\opentelemetry-sdk-trace-1.10.1.jar;C:\Users\schalak\.m2\repository\io\opentelemetry\opentelemetry-sdk\1.10.1\opentelemetry-sdk-1.10.1.jar;C:\Users\schalak\.m2\repository\io\opentelemetry\opentelemetry-semconv\1.10.1-alpha\opentelemetry-semconv-1.10.1-alpha.jar;C:\Users\schalak\.m2\repository\io\ous\jtoml\2.0.0\jtoml-2.0.0.jar;C:\Users\schalak\.m2\repository\net\bytebuddy\byte-buddy\1.12.7\byte-buddy-1.12.7.jar;C:\Users\schalak\.m2\repository\org\apache\commons\commons-exec\1.3\commons-exec-1.3.jar;C:\Users\schalak\.m2\repository\org\asynchttpclient\async-http-client\2.12.3\async-http-client-2.12.3.jar;C:\Users\schalak\.m2\repository\org\asynchttpclient\async-http-client-netty-utils\2.12.3\async-http-client-netty-utils-2.12.3.jar;C:\Users\schalak\.m2\repository\io\netty\netty-codec-socks\4.1.60.Final\netty-codec-socks-4.1.60.Final.jar;C:\Users\schalak\.m2\repository\io\netty\netty-handler-proxy\4.1.60.Final\netty-handler-proxy-4.1.60.Final.jar;C:\Users\schalak\.m2\repository\io\netty\netty-transport-native-epoll\4.1.60.Final\netty-transport-native-epoll-4.1.60.Final-linux-x86_64.jar;C:\Users\schalak\.m2\repository\io\netty\netty-transport-native-kqueue\4.1.60.Final\netty-transport-native-kqueue-4.1.60.Final-osx-x86_64.jar;C:\Users\schalak\.m2\repository\org\reactivestreams\reactive-streams\1.0.3\reactive-streams-1.0.3.jar;C:\Users\schalak\.m2\repository\com\typesafe\netty\netty-reactive-streams\2.0.4\netty-reactive-streams-2.0.4.jar;C:\Users\schalak\.m2\repository\com\sun\activation\jakarta.activation\1.2.2\jakarta.activation-1.2.2.jar;C:\Users\schalak\.m2\repository\org\seleniumhq\selenium\selenium-http\4.1.2\selenium-http-4.1.2.jar;C:\Users\schalak\.m2\repository\net\jodah\failsafe\2.4.4\failsafe-2.4.4.jar;C:\Users\schalak\.m2\repository\org\seleniumhq\selenium\selenium-safari-driver\4.1.2\selenium-safari-driver-4.1.2.jar;C:\Users\schalak\.m2\repository\org\seleniumhq\selenium\selenium-support\4.1.2\selenium-support-4.1.2.jar;C:\Users\schalak\.m2\repository\org\junit\jupiter\junit-jupiter-api\5.8.2\junit-jupiter-api-5.8.2.jar;C:\Users\schalak\.m2\repository\org\opentest4j\opentest4j\1.2.0\opentest4j-1.2.0.jar;C:\Users\schalak\.m2\repository\org\junit\platform\junit-platform-commons\1.8.2\junit-platform-commons-1.8.2.jar;C:\Users\schalak\.m2\repository\org\apiguardian\apiguardian-api\1.1.2\apiguardian-api-1.1.2.jar;C:\Users\schalak\.m2\repository\ch\qos\logback\logback-classic\1.2.11\logback-classic-1.2.11.jar;C:\Users\schalak\.m2\repository\ch\qos\logback\logback-core\1.2.11\logback-core-1.2.11.jar;C:\Users\schalak\.m2\repository\org\slf4j\slf4j-api\1.7.32\slf4j-api-1.7.32.jar;C:\Users\schalak\.m2\repository\io\github\bonigarcia\webdrivermanager\5.1.0\webdrivermanager-5.1.0.jar;C:\Users\schalak\.m2\repository\com\google\code\gson\gson\2.9.0\gson-2.9.0.jar;C:\Users\schalak\.m2\repository\com\github\docker-java\docker-java\3.2.13\docker-java-3.2.13.jar;C:\Users\schalak\.m2\repository\com\github\docker-java\docker-java-core\3.2.13\docker-java-core-3.2.13.jar;C:\Users\schalak\.m2\repository\com\github\docker-java\docker-java-api\3.2.13\docker-java-api-3.2.13.jar;C:\Users\schalak\.m2\repository\com\fasterxml\jackson\core\jackson-annotations\2.10.3\jackson-annotations-2.10.3.jar;C:\Users\schalak\.m2\repository\commons-io\commons-io\2.6\commons-io-2.6.jar;C:\Users\schalak\.m2\repository\org\apache\commons\commons-compress\1.21\commons-compress-1.21.jar;C:\Users\schalak\.m2\repository\com\fasterxml\jackson\core\jackson-databind\2.10.3\jackson-databind-2.10.3.jar;C:\Users\schalak\.m2\repository\com\fasterxml\jackson\core\jackson-core\2.10.3\jackson-core-2.10.3.jar;C:\Users\schalak\.m2\repository\org\bouncycastle\bcpkix-jdk15on\1.64\bcpkix-jdk15on-1.64.jar;C:\Users\schalak\.m2\repository\org\bouncycastle\bcprov-jdk15on\1.64\bcprov-jdk15on-1.64.jar;C:\Users\schalak\.m2\repository\org\slf4j\jcl-over-slf4j\1.7.30\jcl-over-slf4j-1.7.30.jar;C:\Users\schalak\.m2\repository\com\github\docker-java\docker-java-transport-httpclient5\3.2.13\docker-java-transport-httpclient5-3.2.13.jar;C:\Users\schalak\.m2\repository\com\github\docker-java\docker-java-transport\3.2.13\docker-java-transport-3.2.13.jar;C:\Users\schalak\.m2\repository\org\apache\httpcomponents\client5\httpclient5\5.0.3\httpclient5-5.0.3.jar;C:\Users\schalak\.m2\repository\org\apache\httpcomponents\core5\httpcore5\5.0.2\httpcore5-5.0.2.jar;C:\Users\schalak\.m2\repository\commons-codec\commons-codec\1.13\commons-codec-1.13.jar;C:\Users\schalak\.m2\repository\net\java\dev\jna\jna\5.8.0\jna-5.8.0.jar;C:\Users\schalak\.m2\repository\org\brotli\dec\0.1.2\dec-0.1.2.jar;C:\Users\schalak\.m2\repository\org\apache\commons\commons-lang3\3.12.0\commons-lang3-3.12.0.jar;C:\Users\schalak\.m2\repository\org\junit\jupiter\junit-jupiter-engine\5.8.2\junit-jupiter-engine-5.8.2.jar;C:\Users\schalak\.m2\repository\org\junit\platform\junit-platform-engine\1.8.2\junit-platform-engine-1.8.2.jar;"/>
    <property name="java.vm.vendor" value="Oracle Corporation"/>
    <property name="sun.arch.data.model" value="64"/>
    <property name="user.variant" value=""/>
    <property name="java.vendor.url" value="https://java.oracle.com/"/>
    <property name="user.timezone" value="Europe/Sofia"/>
    <property name="user.country.format" value="BG"/>
    <property name="os.name" value="Windows 8.1"/>
    <property name="java.vm.specification.version" value="18"/>
    <property name="sun.java.launcher" value="SUN_STANDARD"/>
    <property name="user.country" value="GB"/>
    <property name="sun.boot.library.path" value="C:\Program Files\Java\jdk-18\bin"/>
    <property name="sun.java.command" value="C:\Users\schalak\AppData\Local\Temp\surefire11690313682753361556\surefirebooter12616827936508316878.jar C:\Users\schalak\AppData\Local\Temp\surefire11690313682753361556 2022-03-25T20-07-55_269-jvmRun1 surefire9766741381648929778tmp surefire_017083802161690694496tmp"/>
    <property name="jdk.debug" value="release"/>
    <property name="surefire.test.class.path" value="C:\Users\schalak\IdeaProjects\move-automation-framework\target\test-classes;C:\Users\schalak\IdeaProjects\move-automation-framework\target\classes;C:\Users\schalak\.m2\repository\org\seleniumhq\selenium\selenium-java\4.1.2\selenium-java-4.1.2.jar;C:\Users\schalak\.m2\repository\org\seleniumhq\selenium\selenium-api\4.1.2\selenium-api-4.1.2.jar;C:\Users\schalak\.m2\repository\org\seleniumhq\selenium\selenium-chrome-driver\4.1.2\selenium-chrome-driver-4.1.2.jar;C:\Users\schalak\.m2\repository\com\google\auto\service\auto-service-annotations\1.0.1\auto-service-annotations-1.0.1.jar;C:\Users\schalak\.m2\repository\com\google\auto\service\auto-service\1.0.1\auto-service-1.0.1.jar;C:\Users\schalak\.m2\repository\com\google\auto\auto-common\1.2\auto-common-1.2.jar;C:\Users\schalak\.m2\repository\com\google\guava\guava\31.0.1-jre\guava-31.0.1-jre.jar;C:\Users\schalak\.m2\repository\com\google\guava\failureaccess\1.0.1\failureaccess-1.0.1.jar;C:\Users\schalak\.m2\repository\com\google\guava\listenablefuture\9999.0-empty-to-avoid-conflict-with-guava\listenablefuture-9999.0-empty-to-avoid-conflict-with-guava.jar;C:\Users\schalak\.m2\repository\com\google\code\findbugs\jsr305\3.0.2\jsr305-3.0.2.jar;C:\Users\schalak\.m2\repository\org\checkerframework\checker-qual\3.12.0\checker-qual-3.12.0.jar;C:\Users\schalak\.m2\repository\com\google\errorprone\error_prone_annotations\2.7.1\error_prone_annotations-2.7.1.jar;C:\Users\schalak\.m2\repository\com\google\j2objc\j2objc-annotations\1.3\j2objc-annotations-1.3.jar;C:\Users\schalak\.m2\repository\org\seleniumhq\selenium\selenium-chromium-driver\4.1.2\selenium-chromium-driver-4.1.2.jar;C:\Users\schalak\.m2\repository\org\seleniumhq\selenium\selenium-json\4.1.2\selenium-json-4.1.2.jar;C:\Users\schalak\.m2\repository\org\seleniumhq\selenium\selenium-devtools-v85\4.1.2\selenium-devtools-v85-4.1.2.jar;C:\Users\schalak\.m2\repository\org\seleniumhq\selenium\selenium-devtools-v95\4.1.2\selenium-devtools-v95-4.1.2.jar;C:\Users\schalak\.m2\repository\org\seleniumhq\selenium\selenium-devtools-v96\4.1.2\selenium-devtools-v96-4.1.2.jar;C:\Users\schalak\.m2\repository\org\seleniumhq\selenium\selenium-devtools-v97\4.1.2\selenium-devtools-v97-4.1.2.jar;C:\Users\schalak\.m2\repository\org\seleniumhq\selenium\selenium-edge-driver\4.1.2\selenium-edge-driver-4.1.2.jar;C:\Users\schalak\.m2\repository\org\seleniumhq\selenium\selenium-firefox-driver\4.1.2\selenium-firefox-driver-4.1.2.jar;C:\Users\schalak\.m2\repository\org\seleniumhq\selenium\selenium-firefox-xpi-driver\4.1.2\selenium-firefox-xpi-driver-4.1.2.jar;C:\Users\schalak\.m2\repository\org\seleniumhq\selenium\selenium-ie-driver\4.1.2\selenium-ie-driver-4.1.2.jar;C:\Users\schalak\.m2\repository\org\seleniumhq\selenium\selenium-opera-driver\4.1.2\selenium-opera-driver-4.1.2.jar;C:\Users\schalak\.m2\repository\org\seleniumhq\selenium\selenium-remote-driver\4.1.2\selenium-remote-driver-4.1.2.jar;C:\Users\schalak\.m2\repository\com\beust\jcommander\1.82\jcommander-1.82.jar;C:\Users\schalak\.m2\repository\io\netty\netty-buffer\4.1.73.Final\netty-buffer-4.1.73.Final.jar;C:\Users\schalak\.m2\repository\io\netty\netty-codec-http\4.1.73.Final\netty-codec-http-4.1.73.Final.jar;C:\Users\schalak\.m2\repository\io\netty\netty-codec\4.1.73.Final\netty-codec-4.1.73.Final.jar;C:\Users\schalak\.m2\repository\io\netty\netty-handler\4.1.73.Final\netty-handler-4.1.73.Final.jar;C:\Users\schalak\.m2\repository\io\netty\netty-tcnative-classes\2.0.46.Final\netty-tcnative-classes-2.0.46.Final.jar;C:\Users\schalak\.m2\repository\io\netty\netty-common\4.1.73.Final\netty-common-4.1.73.Final.jar;C:\Users\schalak\.m2\repository\io\netty\netty-transport-classes-epoll\4.1.73.Final\netty-transport-classes-epoll-4.1.73.Final.jar;C:\Users\schalak\.m2\repository\io\netty\netty-transport-classes-kqueue\4.1.73.Final\netty-transport-classes-kqueue-4.1.73.Final.jar;C:\Users\schalak\.m2\repository\io\netty\netty-transport-native-epoll\4.1.73.Final\netty-transport-native-epoll-4.1.73.Final.jar;C:\Users\schalak\.m2\repository\io\netty\netty-transport-native-kqueue\4.1.73.Final\netty-transport-native-kqueue-4.1.73.Final.jar;C:\Users\schalak\.m2\repository\io\netty\netty-transport-native-unix-common\4.1.73.Final\netty-transport-native-unix-common-4.1.73.Final.jar;C:\Users\schalak\.m2\repository\io\netty\netty-transport\4.1.73.Final\netty-transport-4.1.73.Final.jar;C:\Users\schalak\.m2\repository\io\netty\netty-resolver\4.1.73.Final\netty-resolver-4.1.73.Final.jar;C:\Users\schalak\.m2\repository\io\opentelemetry\opentelemetry-api\1.10.1\opentelemetry-api-1.10.1.jar;C:\Users\schalak\.m2\repository\io\opentelemetry\opentelemetry-context\1.10.1\opentelemetry-context-1.10.1.jar;C:\Users\schalak\.m2\repository\io\opentelemetry\opentelemetry-exporter-logging\1.10.1\opentelemetry-exporter-logging-1.10.1.jar;C:\Users\schalak\.m2\repository\io\opentelemetry\opentelemetry-sdk-metrics\1.10.1-alpha\opentelemetry-sdk-metrics-1.10.1-alpha.jar;C:\Users\schalak\.m2\repository\io\opentelemetry\opentelemetry-sdk-logs\1.10.1-alpha\opentelemetry-sdk-logs-1.10.1-alpha.jar;C:\Users\schalak\.m2\repository\io\opentelemetry\opentelemetry-sdk-common\1.10.1\opentelemetry-sdk-common-1.10.1.jar;C:\Users\schalak\.m2\repository\io\opentelemetry\opentelemetry-sdk-extension-autoconfigure-spi\1.10.1\opentelemetry-sdk-extension-autoconfigure-spi-1.10.1.jar;C:\Users\schalak\.m2\repository\io\opentelemetry\opentelemetry-sdk-extension-autoconfigure\1.10.1-alpha\opentelemetry-sdk-extension-autoconfigure-1.10.1-alpha.jar;C:\Users\schalak\.m2\repository\io\opentelemetry\opentelemetry-sdk-trace\1.10.1\opentelemetry-sdk-trace-1.10.1.jar;C:\Users\schalak\.m2\repository\io\opentelemetry\opentelemetry-sdk\1.10.1\opentelemetry-sdk-1.10.1.jar;C:\Users\schalak\.m2\repository\io\opentelemetry\opentelemetry-semconv\1.10.1-alpha\opentelemetry-semconv-1.10.1-alpha.jar;C:\Users\schalak\.m2\repository\io\ous\jtoml\2.0.0\jtoml-2.0.0.jar;C:\Users\schalak\.m2\repository\net\bytebuddy\byte-buddy\1.12.7\byte-buddy-1.12.7.jar;C:\Users\schalak\.m2\repository\org\apache\commons\commons-exec\1.3\commons-exec-1.3.jar;C:\Users\schalak\.m2\repository\org\asynchttpclient\async-http-client\2.12.3\async-http-client-2.12.3.jar;C:\Users\schalak\.m2\repository\org\asynchttpclient\async-http-client-netty-utils\2.12.3\async-http-client-netty-utils-2.12.3.jar;C:\Users\schalak\.m2\repository\io\netty\netty-codec-socks\4.1.60.Final\netty-codec-socks-4.1.60.Final.jar;C:\Users\schalak\.m2\repository\io\netty\netty-handler-proxy\4.1.60.Final\netty-handler-proxy-4.1.60.Final.jar;C:\Users\schalak\.m2\repository\io\netty\netty-transport-native-epoll\4.1.60.Final\netty-transport-native-epoll-4.1.60.Final-linux-x86_64.jar;C:\Users\schalak\.m2\repository\io\netty\netty-transport-native-kqueue\4.1.60.Final\netty-transport-native-kqueue-4.1.60.Final-osx-x86_64.jar;C:\Users\schalak\.m2\repository\org\reactivestreams\reactive-streams\1.0.3\reactive-streams-1.0.3.jar;C:\Users\schalak\.m2\repository\com\typesafe\netty\netty-reactive-streams\2.0.4\netty-reactive-streams-2.0.4.jar;C:\Users\schalak\.m2\repository\com\sun\activation\jakarta.activation\1.2.2\jakarta.activation-1.2.2.jar;C:\Users\schalak\.m2\repository\org\seleniumhq\selenium\selenium-http\4.1.2\selenium-http-4.1.2.jar;C:\Users\schalak\.m2\repository\net\jodah\failsafe\2.4.4\failsafe-2.4.4.jar;C:\Users\schalak\.m2\repository\org\seleniumhq\selenium\selenium-safari-driver\4.1.2\selenium-safari-driver-4.1.2.jar;C:\Users\schalak\.m2\repository\org\seleniumhq\selenium\selenium-support\4.1.2\selenium-support-4.1.2.jar;C:\Users\schalak\.m2\repository\org\junit\jupiter\junit-jupiter-api\5.8.2\junit-jupiter-api-5.8.2.jar;C:\Users\schalak\.m2\repository\org\opentest4j\opentest4j\1.2.0\opentest4j-1.2.0.jar;C:\Users\schalak\.m2\repository\org\junit\platform\junit-platform-commons\1.8.2\junit-platform-commons-1.8.2.jar;C:\Users\schalak\.m2\repository\org\apiguardian\apiguardian-api\1.1.2\apiguardian-api-1.1.2.jar;C:\Users\schalak\.m2\repository\ch\qos\logback\logback-classic\1.2.11\logback-classic-1.2.11.jar;C:\Users\schalak\.m2\repository\ch\qos\logback\logback-core\1.2.11\logback-core-1.2.11.jar;C:\Users\schalak\.m2\repository\org\slf4j\slf4j-api\1.7.32\slf4j-api-1.7.32.jar;C:\Users\schalak\.m2\repository\io\github\bonigarcia\webdrivermanager\5.1.0\webdrivermanager-5.1.0.jar;C:\Users\schalak\.m2\repository\com\google\code\gson\gson\2.9.0\gson-2.9.0.jar;C:\Users\schalak\.m2\repository\com\github\docker-java\docker-java\3.2.13\docker-java-3.2.13.jar;C:\Users\schalak\.m2\repository\com\github\docker-java\docker-java-core\3.2.13\docker-java-core-3.2.13.jar;C:\Users\schalak\.m2\repository\com\github\docker-java\docker-java-api\3.2.13\docker-java-api-3.2.13.jar;C:\Users\schalak\.m2\repository\com\fasterxml\jackson\core\jackson-annotations\2.10.3\jackson-annotations-2.10.3.jar;C:\Users\schalak\.m2\repository\commons-io\commons-io\2.6\commons-io-2.6.jar;C:\Users\schalak\.m2\repository\org\apache\commons\commons-compress\1.21\commons-compress-1.21.jar;C:\Users\schalak\.m2\repository\com\fasterxml\jackson\core\jackson-databind\2.10.3\jackson-databind-2.10.3.jar;C:\Users\schalak\.m2\repository\com\fasterxml\jackson\core\jackson-core\2.10.3\jackson-core-2.10.3.jar;C:\Users\schalak\.m2\repository\org\bouncycastle\bcpkix-jdk15on\1.64\bcpkix-jdk15on-1.64.jar;C:\Users\schalak\.m2\repository\org\bouncycastle\bcprov-jdk15on\1.64\bcprov-jdk15on-1.64.jar;C:\Users\schalak\.m2\repository\org\slf4j\jcl-over-slf4j\1.7.30\jcl-over-slf4j-1.7.30.jar;C:\Users\schalak\.m2\repository\com\github\docker-java\docker-java-transport-httpclient5\3.2.13\docker-java-transport-httpclient5-3.2.13.jar;C:\Users\schalak\.m2\repository\com\github\docker-java\docker-java-transport\3.2.13\docker-java-transport-3.2.13.jar;C:\Users\schalak\.m2\repository\org\apache\httpcomponents\client5\httpclient5\5.0.3\httpclient5-5.0.3.jar;C:\Users\schalak\.m2\repository\org\apache\httpcomponents\core5\httpcore5\5.0.2\httpcore5-5.0.2.jar;C:\Users\schalak\.m2\repository\commons-codec\commons-codec\1.13\commons-codec-1.13.jar;C:\Users\schalak\.m2\repository\net\java\dev\jna\jna\5.8.0\jna-5.8.0.jar;C:\Users\schalak\.m2\repository\org\brotli\dec\0.1.2\dec-0.1.2.jar;C:\Users\schalak\.m2\repository\org\apache\commons\commons-lang3\3.12.0\commons-lang3-3.12.0.jar;C:\Users\schalak\.m2\repository\org\junit\jupiter\junit-jupiter-engine\5.8.2\junit-jupiter-engine-5.8.2.jar;C:\Users\schalak\.m2\repository\org\junit\platform\junit-platform-engine\1.8.2\junit-platform-engine-1.8.2.jar;"/>
    <property name="sun.cpu.endian" value="little"/>
    <property name="user.home" value="C:\Users\schalak"/>
    <property name="user.language" value="en"/>
    <property name="java.specification.vendor" value="Oracle Corporation"/>
    <property name="java.version.date" value="2022-03-22"/>
    <property name="java.home" value="C:\Program Files\Java\jdk-18"/>
    <property name="file.separator" value="\"/>
    <property name="basedir" value="C:\Users\schalak\IdeaProjects\move-automation-framework"/>
    <property name="java.vm.compressedOopsMode" value="32-bit"/>
    <property name="line.separator" value="&#10;"/>
    <property name="java.vm.specification.vendor" value="Oracle Corporation"/>
    <property name="java.specification.name" value="Java Platform API Specification"/>
    <property name="surefire.real.class.path" value="C:\Users\schalak\AppData\Local\Temp\surefire11690313682753361556\surefirebooter12616827936508316878.jar"/>
    <property name="user.script" value=""/>
    <property name="sun.management.compiler" value="HotSpot 64-Bit Tiered Compilers"/>
    <property name="java.runtime.version" value="18+36-2087"/>
    <property name="user.name" value="schalak"/>
    <property name="path.separator" value=";"/>
    <property name="os.version" value="6.3"/>
    <property name="java.runtime.name" value="Java(TM) SE Runtime Environment"/>
    <property name="file.encoding" value="UTF-8"/>
    <property name="java.vm.name" value="Java HotSpot(TM) 64-Bit Server VM"/>
    <property name="localRepository" value="C:\Users\schalak\.m2\repository"/>
    <property name="java.vendor.url.bug" value="https://bugreport.java.com/bugreport/"/>
    <property name="java.io.tmpdir" value="C:\Users\schalak\AppData\Local\Temp\"/>
    <property name="java.version" value="18"/>
    <property name="user.dir" value="C:\Users\schalak\IdeaProjects\move-automation-framework"/>
    <property name="os.arch" value="amd64"/>
    <property name="java.vm.specification.name" value="Java Virtual Machine Specification"/>
    <property name="user.language.format" value="bg"/>
    <property name="sun.os.patch.level" value=""/>
    <property name="native.encoding" value="Cp1251"/>
    <property name="java.library.path" value="C:\Program Files\Java\jdk-18\bin;C:\Windows\Sun\Java\bin;C:\Windows\system32;C:\Windows;C:\Program Files\Common Files\Oracle\Java\javapath;C:\Windows\system32;C:\Windows;C:\Windows\System32\Wbem;C:\Windows\System32\WindowsPowerShell\v1.0\;C:\Program Files (x86)\NVIDIA Corporation\PhysX\Common;C:\Program Files\nodejs\;C:\Program Files\dotnet\;C:\Program Files\Git\cmd;C:\Program Files (x86)\dotnet\;C:\Program Files\Microsoft VS Code\bin;C:\Program Files\Java\jdk-18\bin;C:\Program Files\apache-maven\bin;C:\Users\schalak\AppData\Roaming\npm;C:\Program Files\JetBrains\IntelliJ IDEA Community Edition 2021.1.3\bin;;C:\Program Files\JetBrains\WebStorm 2021.2.1\bin;;C:\Program Files\JetBrains\IntelliJ IDEA 2021.3.2\bin;;."/>
    <property name="java.vm.info" value="mixed mode, sharing"/>
    <property name="java.vendor" value="Oracle Corporation"/>
    <property name="java.vm.version" value="18+36-2087"/>
    <property name="sun.io.unicode.encoding" value="UnicodeLittle"/>
    <property name="java.class.version" value="62.0"/>
  </properties>
  <testcase name="verifyUserIsAbleToRequestFiles" classname="pages.RequestFilesPageTest" time="10.81">
    <system-out><![CDATA[20:09:05.941 [main] DEBUG io.github.bonigarcia.wdm.cache.ResolutionCache - Resolution chrome=99 in cache (valid until 21:07:58 25/03/2022 EET)
20:09:05.955 [main] DEBUG io.github.bonigarcia.wdm.cache.ResolutionCache - Resolution chrome99=99.0.4844.51 in cache (valid until 19:02:32 26/03/2022 EET)
20:09:05.966 [main] INFO io.github.bonigarcia.wdm.WebDriverManager - Using chromedriver 99.0.4844.51 (resolved driver for Chrome 99)
20:09:05.989 [main] DEBUG io.github.bonigarcia.wdm.WebDriverManager - Driver chromedriver 99.0.4844.51 found in cache
20:09:05.990 [main] INFO io.github.bonigarcia.wdm.WebDriverManager - Exporting webdriver.chrome.driver as C:\Users\schalak\.cache\selenium\chromedriver\win32\99.0.4844.51\chromedriver.exe
20:09:06.541 [AsyncHttpClient-1-4] DEBUG org.asynchttpclient.netty.channel.NettyConnectListener - Using new Channel '[id: 0x7753ca65, L:/127.0.0.1:60320 - R:localhost/127.0.0.1:51126]' for 'POST' to '/session'
20:09:07.112 [AsyncHttpClient-1-4] DEBUG org.asynchttpclient.netty.handler.HttpHandler - 

Request DefaultHttpRequest(decodeResult: success, version: HTTP/1.1)
POST /session HTTP/1.1
User-Agent: selenium/4.1.2 (java windows)
Content-Length: 365
Content-Type: application/json; charset=utf-8
host: localhost:51126
accept: */*

Response DefaultHttpResponse(decodeResult: success, version: HTTP/1.1)
HTTP/1.1 200 OK
Content-Type: application/json; charset=utf-8
cache-control: no-cache
content-length: 788

20:09:07.112 [AsyncHttpClient-1-4] DEBUG org.asynchttpclient.netty.channel.ChannelManager - Adding key: http://localhost:51126 for channel [id: 0x7753ca65, L:/127.0.0.1:60320 - R:localhost/127.0.0.1:51126]
20:09:07.118 [AsyncHttpClient-1-5] DEBUG org.asynchttpclient.netty.channel.NettyConnectListener - Using new Channel '[id: 0xa7aad4c3, L:/127.0.0.1:60326 - R:localhost/127.0.0.1:60321]' for 'GET' to '/json/version'
20:09:07.119 [AsyncHttpClient-1-5] DEBUG org.asynchttpclient.netty.handler.HttpHandler - 

Request DefaultFullHttpRequest(decodeResult: success, version: HTTP/1.1, content: EmptyByteBufBE)
GET /json/version HTTP/1.1
User-Agent: selenium/4.1.2 (java windows)
host: localhost:60321
accept: */*

Response DefaultHttpResponse(decodeResult: success, version: HTTP/1.1)
HTTP/1.1 200 OK
Content-Type: application/json; charset=UTF-8
content-length: 422

20:09:07.119 [AsyncHttpClient-1-5] DEBUG org.asynchttpclient.netty.channel.ChannelManager - Adding key: http://localhost:60321 for channel [id: 0xa7aad4c3, L:/127.0.0.1:60326 - R:localhost/127.0.0.1:60321]
20:09:07.122 [AsyncHttpClient-1-6] DEBUG org.asynchttpclient.netty.channel.NettyConnectListener - Using new Channel '[id: 0x721f38fd, L:/127.0.0.1:60327 - R:localhost/127.0.0.1:60321]' for 'GET' to '/devtools/browser/26945c28-29af-4dc5-871c-c6e06981b0c2'
20:09:07.125 [AsyncHttpClient-1-6] DEBUG org.asynchttpclient.netty.handler.WebSocketHandler - 

Request DefaultFullHttpRequest(decodeResult: success, version: HTTP/1.1, content: EmptyByteBufBE)
GET /devtools/browser/26945c28-29af-4dc5-871c-c6e06981b0c2 HTTP/1.1
upgrade: websocket
connection: upgrade
sec-websocket-key: XfrdUgdAaqyfX3KZ5ZaJEg==
sec-websocket-version: 13
origin: http://localhost:60321
host: localhost:60321
accept: */*
user-agent: AHC/2.1

Response DefaultHttpResponse(decodeResult: success, version: HTTP/1.1)
HTTP/1.1 101 WebSocket Protocol Handshake
Upgrade: WebSocket
Connection: Upgrade
Sec-WebSocket-Accept: R432zF5sxd/hm3fKxarApyBrV/k=

20:09:07.131 [Forwarding maximizeCurrentWindow on session d531b9d7343453f4b27c5cc8ffd75c93 to remote] DEBUG org.asynchttpclient.netty.request.NettyRequestSender - Using pooled Channel '[id: 0x7753ca65, L:/127.0.0.1:60320 - R:localhost/127.0.0.1:51126]' for 'POST' to 'http://localhost:51126/session/d531b9d7343453f4b27c5cc8ffd75c93/window/maximize'
20:09:07.131 [Forwarding maximizeCurrentWindow on session d531b9d7343453f4b27c5cc8ffd75c93 to remote] DEBUG org.asynchttpclient.netty.request.NettyRequestSender - Using open Channel [id: 0x7753ca65, L:/127.0.0.1:60320 - R:localhost/127.0.0.1:51126] for POST '/session/d531b9d7343453f4b27c5cc8ffd75c93/window/maximize'
20:09:07.245 [AsyncHttpClient-1-4] DEBUG org.asynchttpclient.netty.handler.HttpHandler - 

Request DefaultHttpRequest(decodeResult: success, version: HTTP/1.1)
POST /session/d531b9d7343453f4b27c5cc8ffd75c93/window/maximize HTTP/1.1
User-Agent: selenium/4.1.2 (java windows)
Content-Length: 3
Content-Type: application/json; charset=utf-8
host: localhost:51126
accept: */*

Response DefaultHttpResponse(decodeResult: success, version: HTTP/1.1)
HTTP/1.1 200 OK
Content-Type: application/json; charset=utf-8
cache-control: no-cache
content-length: 51

20:09:07.245 [AsyncHttpClient-1-4] DEBUG org.asynchttpclient.netty.channel.ChannelManager - Adding key: http://localhost:51126 for channel [id: 0x7753ca65, L:/127.0.0.1:60320 - R:localhost/127.0.0.1:51126]
20:09:07.248 [Forwarding setTimeout on session d531b9d7343453f4b27c5cc8ffd75c93 to remote] DEBUG org.asynchttpclient.netty.request.NettyRequestSender - Using pooled Channel '[id: 0x7753ca65, L:/127.0.0.1:60320 - R:localhost/127.0.0.1:51126]' for 'POST' to 'http://localhost:51126/session/d531b9d7343453f4b27c5cc8ffd75c93/timeouts'
20:09:07.248 [Forwarding setTimeout on session d531b9d7343453f4b27c5cc8ffd75c93 to remote] DEBUG org.asynchttpclient.netty.request.NettyRequestSender - Using open Channel [id: 0x7753ca65, L:/127.0.0.1:60320 - R:localhost/127.0.0.1:51126] for POST '/session/d531b9d7343453f4b27c5cc8ffd75c93/timeouts'
20:09:07.249 [AsyncHttpClient-1-4] DEBUG org.asynchttpclient.netty.handler.HttpHandler - 

Request DefaultHttpRequest(decodeResult: success, version: HTTP/1.1)
POST /session/d531b9d7343453f4b27c5cc8ffd75c93/timeouts HTTP/1.1
User-Agent: selenium/4.1.2 (java windows)
Content-Length: 23
Content-Type: application/json; charset=utf-8
host: localhost:51126
accept: */*

Response DefaultHttpResponse(decodeResult: success, version: HTTP/1.1)
HTTP/1.1 200 OK
Content-Type: application/json; charset=utf-8
cache-control: no-cache
content-length: 14

20:09:07.249 [AsyncHttpClient-1-4] DEBUG org.asynchttpclient.netty.channel.ChannelManager - Adding key: http://localhost:51126 for channel [id: 0x7753ca65, L:/127.0.0.1:60320 - R:localhost/127.0.0.1:51126]
20:09:07.251 [Forwarding get on session d531b9d7343453f4b27c5cc8ffd75c93 to remote] DEBUG org.asynchttpclient.netty.request.NettyRequestSender - Using pooled Channel '[id: 0x7753ca65, L:/127.0.0.1:60320 - R:localhost/127.0.0.1:51126]' for 'POST' to 'http://localhost:51126/session/d531b9d7343453f4b27c5cc8ffd75c93/url'
20:09:07.251 [Forwarding get on session d531b9d7343453f4b27c5cc8ffd75c93 to remote] DEBUG org.asynchttpclient.netty.request.NettyRequestSender - Using open Channel [id: 0x7753ca65, L:/127.0.0.1:60320 - R:localhost/127.0.0.1:51126] for POST '/session/d531b9d7343453f4b27c5cc8ffd75c93/url'
20:09:07.997 [AsyncHttpClient-1-1] DEBUG org.asynchttpclient.netty.channel.DefaultChannelPool - Entry count for : http://localhost:60321 : 1
20:09:09.098 [AsyncHttpClient-1-1] DEBUG org.asynchttpclient.netty.channel.DefaultChannelPool - Entry count for : http://localhost:60321 : 1
20:09:10.196 [AsyncHttpClient-1-1] DEBUG org.asynchttpclient.netty.channel.DefaultChannelPool - Entry count for : http://localhost:60321 : 1
20:09:11.296 [AsyncHttpClient-1-1] DEBUG org.asynchttpclient.netty.channel.DefaultChannelPool - Entry count for : http://localhost:60321 : 1
20:09:11.490 [AsyncHttpClient-1-4] DEBUG org.asynchttpclient.netty.handler.HttpHandler - 

Request DefaultHttpRequest(decodeResult: success, version: HTTP/1.1)
POST /session/d531b9d7343453f4b27c5cc8ffd75c93/url HTTP/1.1
User-Agent: selenium/4.1.2 (java windows)
Content-Length: 63
Content-Type: application/json; charset=utf-8
host: localhost:51126
accept: */*

Response DefaultHttpResponse(decodeResult: success, version: HTTP/1.1)
HTTP/1.1 200 OK
Content-Type: application/json; charset=utf-8
cache-control: no-cache
content-length: 14

20:09:11.490 [AsyncHttpClient-1-4] DEBUG org.asynchttpclient.netty.channel.ChannelManager - Adding key: http://localhost:51126 for channel [id: 0x7753ca65, L:/127.0.0.1:60320 - R:localhost/127.0.0.1:51126]
20:09:11.505 [Forwarding findElement on session d531b9d7343453f4b27c5cc8ffd75c93 to remote] DEBUG org.asynchttpclient.netty.request.NettyRequestSender - Using pooled Channel '[id: 0x7753ca65, L:/127.0.0.1:60320 - R:localhost/127.0.0.1:51126]' for 'POST' to 'http://localhost:51126/session/d531b9d7343453f4b27c5cc8ffd75c93/element'
20:09:11.505 [Forwarding findElement on session d531b9d7343453f4b27c5cc8ffd75c93 to remote] DEBUG org.asynchttpclient.netty.request.NettyRequestSender - Using open Channel [id: 0x7753ca65, L:/127.0.0.1:60320 - R:localhost/127.0.0.1:51126] for POST '/session/d531b9d7343453f4b27c5cc8ffd75c93/element'
20:09:11.524 [AsyncHttpClient-1-4] DEBUG org.asynchttpclient.netty.handler.HttpHandler - 

Request DefaultHttpRequest(decodeResult: success, version: HTTP/1.1)
POST /session/d531b9d7343453f4b27c5cc8ffd75c93/element HTTP/1.1
User-Agent: selenium/4.1.2 (java windows)
Content-Length: 58
Content-Type: application/json; charset=utf-8
host: localhost:51126
accept: */*

Response DefaultHttpResponse(decodeResult: success, version: HTTP/1.1)
HTTP/1.1 200 OK
Content-Type: application/json; charset=utf-8
cache-control: no-cache
content-length: 88

20:09:11.524 [AsyncHttpClient-1-4] DEBUG org.asynchttpclient.netty.channel.ChannelManager - Adding key: http://localhost:51126 for channel [id: 0x7753ca65, L:/127.0.0.1:60320 - R:localhost/127.0.0.1:51126]
20:09:11.526 [Forwarding sendKeysToElement on session d531b9d7343453f4b27c5cc8ffd75c93 to remote] DEBUG org.asynchttpclient.netty.request.NettyRequestSender - Using pooled Channel '[id: 0x7753ca65, L:/127.0.0.1:60320 - R:localhost/127.0.0.1:51126]' for 'POST' to 'http://localhost:51126/session/d531b9d7343453f4b27c5cc8ffd75c93/element/e3ab970c-5d45-4ed6-b098-876f1ddf04c3/value'
20:09:11.526 [Forwarding sendKeysToElement on session d531b9d7343453f4b27c5cc8ffd75c93 to remote] DEBUG org.asynchttpclient.netty.request.NettyRequestSender - Using open Channel [id: 0x7753ca65, L:/127.0.0.1:60320 - R:localhost/127.0.0.1:51126] for POST '/session/d531b9d7343453f4b27c5cc8ffd75c93/element/e3ab970c-5d45-4ed6-b098-876f1ddf04c3/value'
20:09:11.584 [AsyncHttpClient-1-4] DEBUG org.asynchttpclient.netty.handler.HttpHandler - 

Request DefaultHttpRequest(decodeResult: success, version: HTTP/1.1)
POST /session/d531b9d7343453f4b27c5cc8ffd75c93/element/e3ab970c-5d45-4ed6-b098-876f1ddf04c3/value HTTP/1.1
User-Agent: selenium/4.1.2 (java windows)
Content-Length: 291
Content-Type: application/json; charset=utf-8
host: localhost:51126
accept: */*

Response DefaultHttpResponse(decodeResult: success, version: HTTP/1.1)
HTTP/1.1 200 OK
Content-Type: application/json; charset=utf-8
cache-control: no-cache
content-length: 14

20:09:11.584 [AsyncHttpClient-1-4] DEBUG org.asynchttpclient.netty.channel.ChannelManager - Adding key: http://localhost:51126 for channel [id: 0x7753ca65, L:/127.0.0.1:60320 - R:localhost/127.0.0.1:51126]
20:09:11.586 [Forwarding findElement on session d531b9d7343453f4b27c5cc8ffd75c93 to remote] DEBUG org.asynchttpclient.netty.request.NettyRequestSender - Using pooled Channel '[id: 0x7753ca65, L:/127.0.0.1:60320 - R:localhost/127.0.0.1:51126]' for 'POST' to 'http://localhost:51126/session/d531b9d7343453f4b27c5cc8ffd75c93/element'
20:09:11.586 [Forwarding findElement on session d531b9d7343453f4b27c5cc8ffd75c93 to remote] DEBUG org.asynchttpclient.netty.request.NettyRequestSender - Using open Channel [id: 0x7753ca65, L:/127.0.0.1:60320 - R:localhost/127.0.0.1:51126] for POST '/session/d531b9d7343453f4b27c5cc8ffd75c93/element'
20:09:11.598 [AsyncHttpClient-1-4] DEBUG org.asynchttpclient.netty.handler.HttpHandler - 

Request DefaultHttpRequest(decodeResult: success, version: HTTP/1.1)
POST /session/d531b9d7343453f4b27c5cc8ffd75c93/element HTTP/1.1
User-Agent: selenium/4.1.2 (java windows)
Content-Length: 58
Content-Type: application/json; charset=utf-8
host: localhost:51126
accept: */*

Response DefaultHttpResponse(decodeResult: success, version: HTTP/1.1)
HTTP/1.1 200 OK
Content-Type: application/json; charset=utf-8
cache-control: no-cache
content-length: 88

20:09:11.598 [AsyncHttpClient-1-4] DEBUG org.asynchttpclient.netty.channel.ChannelManager - Adding key: http://localhost:51126 for channel [id: 0x7753ca65, L:/127.0.0.1:60320 - R:localhost/127.0.0.1:51126]
20:09:11.600 [Forwarding sendKeysToElement on session d531b9d7343453f4b27c5cc8ffd75c93 to remote] DEBUG org.asynchttpclient.netty.request.NettyRequestSender - Using pooled Channel '[id: 0x7753ca65, L:/127.0.0.1:60320 - R:localhost/127.0.0.1:51126]' for 'POST' to 'http://localhost:51126/session/d531b9d7343453f4b27c5cc8ffd75c93/element/4d570f2a-29e0-43f5-a9a5-36203d980ded/value'
20:09:11.600 [Forwarding sendKeysToElement on session d531b9d7343453f4b27c5cc8ffd75c93 to remote] DEBUG org.asynchttpclient.netty.request.NettyRequestSender - Using open Channel [id: 0x7753ca65, L:/127.0.0.1:60320 - R:localhost/127.0.0.1:51126] for POST '/session/d531b9d7343453f4b27c5cc8ffd75c93/element/4d570f2a-29e0-43f5-a9a5-36203d980ded/value'
20:09:11.667 [AsyncHttpClient-1-4] DEBUG org.asynchttpclient.netty.handler.HttpHandler - 

Request DefaultHttpRequest(decodeResult: success, version: HTTP/1.1)
POST /session/d531b9d7343453f4b27c5cc8ffd75c93/element/4d570f2a-29e0-43f5-a9a5-36203d980ded/value HTTP/1.1
User-Agent: selenium/4.1.2 (java windows)
Content-Length: 161
Content-Type: application/json; charset=utf-8
host: localhost:51126
accept: */*

Response DefaultHttpResponse(decodeResult: success, version: HTTP/1.1)
HTTP/1.1 200 OK
Content-Type: application/json; charset=utf-8
cache-control: no-cache
content-length: 14

20:09:11.667 [AsyncHttpClient-1-4] DEBUG org.asynchttpclient.netty.channel.ChannelManager - Adding key: http://localhost:51126 for channel [id: 0x7753ca65, L:/127.0.0.1:60320 - R:localhost/127.0.0.1:51126]
20:09:11.669 [Forwarding findElement on session d531b9d7343453f4b27c5cc8ffd75c93 to remote] DEBUG org.asynchttpclient.netty.request.NettyRequestSender - Using pooled Channel '[id: 0x7753ca65, L:/127.0.0.1:60320 - R:localhost/127.0.0.1:51126]' for 'POST' to 'http://localhost:51126/session/d531b9d7343453f4b27c5cc8ffd75c93/element'
20:09:11.669 [Forwarding findElement on session d531b9d7343453f4b27c5cc8ffd75c93 to remote] DEBUG org.asynchttpclient.netty.request.NettyRequestSender - Using open Channel [id: 0x7753ca65, L:/127.0.0.1:60320 - R:localhost/127.0.0.1:51126] for POST '/session/d531b9d7343453f4b27c5cc8ffd75c93/element'
20:09:11.681 [AsyncHttpClient-1-4] DEBUG org.asynchttpclient.netty.handler.HttpHandler - 

Request DefaultHttpRequest(decodeResult: success, version: HTTP/1.1)
POST /session/d531b9d7343453f4b27c5cc8ffd75c93/element HTTP/1.1
User-Agent: selenium/4.1.2 (java windows)
Content-Length: 58
Content-Type: application/json; charset=utf-8
host: localhost:51126
accept: */*

Response DefaultHttpResponse(decodeResult: success, version: HTTP/1.1)
HTTP/1.1 200 OK
Content-Type: application/json; charset=utf-8
cache-control: no-cache
content-length: 88

20:09:11.681 [AsyncHttpClient-1-4] DEBUG org.asynchttpclient.netty.channel.ChannelManager - Adding key: http://localhost:51126 for channel [id: 0x7753ca65, L:/127.0.0.1:60320 - R:localhost/127.0.0.1:51126]
20:09:11.683 [Forwarding clickElement on session d531b9d7343453f4b27c5cc8ffd75c93 to remote] DEBUG org.asynchttpclient.netty.request.NettyRequestSender - Using pooled Channel '[id: 0x7753ca65, L:/127.0.0.1:60320 - R:localhost/127.0.0.1:51126]' for 'POST' to 'http://localhost:51126/session/d531b9d7343453f4b27c5cc8ffd75c93/element/bb148b8a-2a79-4d73-bfcb-ecdd3d3972ba/click'
20:09:11.683 [Forwarding clickElement on session d531b9d7343453f4b27c5cc8ffd75c93 to remote] DEBUG org.asynchttpclient.netty.request.NettyRequestSender - Using open Channel [id: 0x7753ca65, L:/127.0.0.1:60320 - R:localhost/127.0.0.1:51126] for POST '/session/d531b9d7343453f4b27c5cc8ffd75c93/element/bb148b8a-2a79-4d73-bfcb-ecdd3d3972ba/click'
20:09:12.396 [AsyncHttpClient-1-1] DEBUG org.asynchttpclient.netty.channel.DefaultChannelPool - Entry count for : http://localhost:60321 : 1
20:09:13.392 [AsyncHttpClient-1-4] DEBUG org.asynchttpclient.netty.handler.HttpHandler - 

Request DefaultHttpRequest(decodeResult: success, version: HTTP/1.1)
POST /session/d531b9d7343453f4b27c5cc8ffd75c93/element/bb148b8a-2a79-4d73-bfcb-ecdd3d3972ba/click HTTP/1.1
User-Agent: selenium/4.1.2 (java windows)
Content-Length: 50
Content-Type: application/json; charset=utf-8
host: localhost:51126
accept: */*

Response DefaultHttpResponse(decodeResult: success, version: HTTP/1.1)
HTTP/1.1 200 OK
Content-Type: application/json; charset=utf-8
cache-control: no-cache
content-length: 14

20:09:13.392 [AsyncHttpClient-1-4] DEBUG org.asynchttpclient.netty.channel.ChannelManager - Adding key: http://localhost:51126 for channel [id: 0x7753ca65, L:/127.0.0.1:60320 - R:localhost/127.0.0.1:51126]
20:09:13.395 [Forwarding findElement on session d531b9d7343453f4b27c5cc8ffd75c93 to remote] DEBUG org.asynchttpclient.netty.request.NettyRequestSender - Using pooled Channel '[id: 0x7753ca65, L:/127.0.0.1:60320 - R:localhost/127.0.0.1:51126]' for 'POST' to 'http://localhost:51126/session/d531b9d7343453f4b27c5cc8ffd75c93/element'
20:09:13.395 [Forwarding findElement on session d531b9d7343453f4b27c5cc8ffd75c93 to remote] DEBUG org.asynchttpclient.netty.request.NettyRequestSender - Using open Channel [id: 0x7753ca65, L:/127.0.0.1:60320 - R:localhost/127.0.0.1:51126] for POST '/session/d531b9d7343453f4b27c5cc8ffd75c93/element'
20:09:13.413 [AsyncHttpClient-1-4] DEBUG org.asynchttpclient.netty.handler.HttpHandler - 

Request DefaultHttpRequest(decodeResult: success, version: HTTP/1.1)
POST /session/d531b9d7343453f4b27c5cc8ffd75c93/element HTTP/1.1
User-Agent: selenium/4.1.2 (java windows)
Content-Length: 102
Content-Type: application/json; charset=utf-8
host: localhost:51126
accept: */*

Response DefaultHttpResponse(decodeResult: success, version: HTTP/1.1)
HTTP/1.1 200 OK
Content-Type: application/json; charset=utf-8
cache-control: no-cache
content-length: 88

20:09:13.413 [AsyncHttpClient-1-4] DEBUG org.asynchttpclient.netty.channel.ChannelManager - Adding key: http://localhost:51126 for channel [id: 0x7753ca65, L:/127.0.0.1:60320 - R:localhost/127.0.0.1:51126]
20:09:13.415 [Forwarding clickElement on session d531b9d7343453f4b27c5cc8ffd75c93 to remote] DEBUG org.asynchttpclient.netty.request.NettyRequestSender - Using pooled Channel '[id: 0x7753ca65, L:/127.0.0.1:60320 - R:localhost/127.0.0.1:51126]' for 'POST' to 'http://localhost:51126/session/d531b9d7343453f4b27c5cc8ffd75c93/element/2d8cab51-b0ed-49d9-af25-14f79834d225/click'
20:09:13.415 [Forwarding clickElement on session d531b9d7343453f4b27c5cc8ffd75c93 to remote] DEBUG org.asynchttpclient.netty.request.NettyRequestSender - Using open Channel [id: 0x7753ca65, L:/127.0.0.1:60320 - R:localhost/127.0.0.1:51126] for POST '/session/d531b9d7343453f4b27c5cc8ffd75c93/element/2d8cab51-b0ed-49d9-af25-14f79834d225/click'
20:09:13.496 [AsyncHttpClient-1-1] DEBUG org.asynchttpclient.netty.channel.DefaultChannelPool - Entry count for : http://localhost:60321 : 1
20:09:14.596 [AsyncHttpClient-1-1] DEBUG org.asynchttpclient.netty.channel.DefaultChannelPool - Entry count for : http://localhost:60321 : 1
20:09:14.735 [AsyncHttpClient-1-4] DEBUG org.asynchttpclient.netty.handler.HttpHandler - 

Request DefaultHttpRequest(decodeResult: success, version: HTTP/1.1)
POST /session/d531b9d7343453f4b27c5cc8ffd75c93/element/2d8cab51-b0ed-49d9-af25-14f79834d225/click HTTP/1.1
User-Agent: selenium/4.1.2 (java windows)
Content-Length: 50
Content-Type: application/json; charset=utf-8
host: localhost:51126
accept: */*

Response DefaultHttpResponse(decodeResult: success, version: HTTP/1.1)
HTTP/1.1 200 OK
Content-Type: application/json; charset=utf-8
cache-control: no-cache
content-length: 14

20:09:14.735 [AsyncHttpClient-1-4] DEBUG org.asynchttpclient.netty.channel.ChannelManager - Adding key: http://localhost:51126 for channel [id: 0x7753ca65, L:/127.0.0.1:60320 - R:localhost/127.0.0.1:51126]
20:09:14.737 [Forwarding findElement on session d531b9d7343453f4b27c5cc8ffd75c93 to remote] DEBUG org.asynchttpclient.netty.request.NettyRequestSender - Using pooled Channel '[id: 0x7753ca65, L:/127.0.0.1:60320 - R:localhost/127.0.0.1:51126]' for 'POST' to 'http://localhost:51126/session/d531b9d7343453f4b27c5cc8ffd75c93/element'
20:09:14.737 [Forwarding findElement on session d531b9d7343453f4b27c5cc8ffd75c93 to remote] DEBUG org.asynchttpclient.netty.request.NettyRequestSender - Using open Channel [id: 0x7753ca65, L:/127.0.0.1:60320 - R:localhost/127.0.0.1:51126] for POST '/session/d531b9d7343453f4b27c5cc8ffd75c93/element'
20:09:14.757 [AsyncHttpClient-1-4] DEBUG org.asynchttpclient.netty.handler.HttpHandler - 

Request DefaultHttpRequest(decodeResult: success, version: HTTP/1.1)
POST /session/d531b9d7343453f4b27c5cc8ffd75c93/element HTTP/1.1
User-Agent: selenium/4.1.2 (java windows)
Content-Length: 52
Content-Type: application/json; charset=utf-8
host: localhost:51126
accept: */*

Response DefaultHttpResponse(decodeResult: success, version: HTTP/1.1)
HTTP/1.1 200 OK
Content-Type: application/json; charset=utf-8
cache-control: no-cache
content-length: 88

20:09:14.757 [AsyncHttpClient-1-4] DEBUG org.asynchttpclient.netty.channel.ChannelManager - Adding key: http://localhost:51126 for channel [id: 0x7753ca65, L:/127.0.0.1:60320 - R:localhost/127.0.0.1:51126]
20:09:14.758 [Forwarding sendKeysToElement on session d531b9d7343453f4b27c5cc8ffd75c93 to remote] DEBUG org.asynchttpclient.netty.request.NettyRequestSender - Using pooled Channel '[id: 0x7753ca65, L:/127.0.0.1:60320 - R:localhost/127.0.0.1:51126]' for 'POST' to 'http://localhost:51126/session/d531b9d7343453f4b27c5cc8ffd75c93/element/4513ddee-ef41-4927-9be7-5e96c4c59f29/value'
20:09:14.759 [Forwarding sendKeysToElement on session d531b9d7343453f4b27c5cc8ffd75c93 to remote] DEBUG org.asynchttpclient.netty.request.NettyRequestSender - Using open Channel [id: 0x7753ca65, L:/127.0.0.1:60320 - R:localhost/127.0.0.1:51126] for POST '/session/d531b9d7343453f4b27c5cc8ffd75c93/element/4513ddee-ef41-4927-9be7-5e96c4c59f29/value'
20:09:14.809 [AsyncHttpClient-1-4] DEBUG org.asynchttpclient.netty.handler.HttpHandler - 

Request DefaultHttpRequest(decodeResult: success, version: HTTP/1.1)
POST /session/d531b9d7343453f4b27c5cc8ffd75c93/element/4513ddee-ef41-4927-9be7-5e96c4c59f29/value HTTP/1.1
User-Agent: selenium/4.1.2 (java windows)
Content-Length: 191
Content-Type: application/json; charset=utf-8
host: localhost:51126
accept: */*

Response DefaultHttpResponse(decodeResult: success, version: HTTP/1.1)
HTTP/1.1 200 OK
Content-Type: application/json; charset=utf-8
cache-control: no-cache
content-length: 14

20:09:14.809 [AsyncHttpClient-1-4] DEBUG org.asynchttpclient.netty.channel.ChannelManager - Adding key: http://localhost:51126 for channel [id: 0x7753ca65, L:/127.0.0.1:60320 - R:localhost/127.0.0.1:51126]
20:09:14.811 [Forwarding findElement on session d531b9d7343453f4b27c5cc8ffd75c93 to remote] DEBUG org.asynchttpclient.netty.request.NettyRequestSender - Using pooled Channel '[id: 0x7753ca65, L:/127.0.0.1:60320 - R:localhost/127.0.0.1:51126]' for 'POST' to 'http://localhost:51126/session/d531b9d7343453f4b27c5cc8ffd75c93/element'
20:09:14.811 [Forwarding findElement on session d531b9d7343453f4b27c5cc8ffd75c93 to remote] DEBUG org.asynchttpclient.netty.request.NettyRequestSender - Using open Channel [id: 0x7753ca65, L:/127.0.0.1:60320 - R:localhost/127.0.0.1:51126] for POST '/session/d531b9d7343453f4b27c5cc8ffd75c93/element'
20:09:14.824 [AsyncHttpClient-1-4] DEBUG org.asynchttpclient.netty.handler.HttpHandler - 

Request DefaultHttpRequest(decodeResult: success, version: HTTP/1.1)
POST /session/d531b9d7343453f4b27c5cc8ffd75c93/element HTTP/1.1
User-Agent: selenium/4.1.2 (java windows)
Content-Length: 57
Content-Type: application/json; charset=utf-8
host: localhost:51126
accept: */*

Response DefaultHttpResponse(decodeResult: success, version: HTTP/1.1)
HTTP/1.1 200 OK
Content-Type: application/json; charset=utf-8
cache-control: no-cache
content-length: 88

20:09:14.824 [AsyncHttpClient-1-4] DEBUG org.asynchttpclient.netty.channel.ChannelManager - Adding key: http://localhost:51126 for channel [id: 0x7753ca65, L:/127.0.0.1:60320 - R:localhost/127.0.0.1:51126]
20:09:14.826 [Forwarding sendKeysToElement on session d531b9d7343453f4b27c5cc8ffd75c93 to remote] DEBUG org.asynchttpclient.netty.request.NettyRequestSender - Using pooled Channel '[id: 0x7753ca65, L:/127.0.0.1:60320 - R:localhost/127.0.0.1:51126]' for 'POST' to 'http://localhost:51126/session/d531b9d7343453f4b27c5cc8ffd75c93/element/60ab90e9-30f0-4d68-8a34-ba8e73c96dc5/value'
20:09:14.826 [Forwarding sendKeysToElement on session d531b9d7343453f4b27c5cc8ffd75c93 to remote] DEBUG org.asynchttpclient.netty.request.NettyRequestSender - Using open Channel [id: 0x7753ca65, L:/127.0.0.1:60320 - R:localhost/127.0.0.1:51126] for POST '/session/d531b9d7343453f4b27c5cc8ffd75c93/element/60ab90e9-30f0-4d68-8a34-ba8e73c96dc5/value'
20:09:14.905 [AsyncHttpClient-1-4] DEBUG org.asynchttpclient.netty.handler.HttpHandler - 

Request DefaultHttpRequest(decodeResult: success, version: HTTP/1.1)
POST /session/d531b9d7343453f4b27c5cc8ffd75c93/element/60ab90e9-30f0-4d68-8a34-ba8e73c96dc5/value HTTP/1.1
User-Agent: selenium/4.1.2 (java windows)
Content-Length: 201
Content-Type: application/json; charset=utf-8
host: localhost:51126
accept: */*

Response DefaultHttpResponse(decodeResult: success, version: HTTP/1.1)
HTTP/1.1 200 OK
Content-Type: application/json; charset=utf-8
cache-control: no-cache
content-length: 14

20:09:14.905 [AsyncHttpClient-1-4] DEBUG org.asynchttpclient.netty.channel.ChannelManager - Adding key: http://localhost:51126 for channel [id: 0x7753ca65, L:/127.0.0.1:60320 - R:localhost/127.0.0.1:51126]
20:09:14.906 [Forwarding findElement on session d531b9d7343453f4b27c5cc8ffd75c93 to remote] DEBUG org.asynchttpclient.netty.request.NettyRequestSender - Using pooled Channel '[id: 0x7753ca65, L:/127.0.0.1:60320 - R:localhost/127.0.0.1:51126]' for 'POST' to 'http://localhost:51126/session/d531b9d7343453f4b27c5cc8ffd75c93/element'
20:09:14.906 [Forwarding findElement on session d531b9d7343453f4b27c5cc8ffd75c93 to remote] DEBUG org.asynchttpclient.netty.request.NettyRequestSender - Using open Channel [id: 0x7753ca65, L:/127.0.0.1:60320 - R:localhost/127.0.0.1:51126] for POST '/session/d531b9d7343453f4b27c5cc8ffd75c93/element'
20:09:14.918 [AsyncHttpClient-1-4] DEBUG org.asynchttpclient.netty.handler.HttpHandler - 

Request DefaultHttpRequest(decodeResult: success, version: HTTP/1.1)
POST /session/d531b9d7343453f4b27c5cc8ffd75c93/element HTTP/1.1
User-Agent: selenium/4.1.2 (java windows)
Content-Length: 63
Content-Type: application/json; charset=utf-8
host: localhost:51126
accept: */*

Response DefaultHttpResponse(decodeResult: success, version: HTTP/1.1)
HTTP/1.1 200 OK
Content-Type: application/json; charset=utf-8
cache-control: no-cache
content-length: 88

20:09:14.919 [AsyncHttpClient-1-4] DEBUG org.asynchttpclient.netty.channel.ChannelManager - Adding key: http://localhost:51126 for channel [id: 0x7753ca65, L:/127.0.0.1:60320 - R:localhost/127.0.0.1:51126]
20:09:14.920 [Forwarding clickElement on session d531b9d7343453f4b27c5cc8ffd75c93 to remote] DEBUG org.asynchttpclient.netty.request.NettyRequestSender - Using pooled Channel '[id: 0x7753ca65, L:/127.0.0.1:60320 - R:localhost/127.0.0.1:51126]' for 'POST' to 'http://localhost:51126/session/d531b9d7343453f4b27c5cc8ffd75c93/element/7f9feaef-eb74-46dd-886b-0a9e7ab73603/click'
20:09:14.921 [Forwarding clickElement on session d531b9d7343453f4b27c5cc8ffd75c93 to remote] DEBUG org.asynchttpclient.netty.request.NettyRequestSender - Using open Channel [id: 0x7753ca65, L:/127.0.0.1:60320 - R:localhost/127.0.0.1:51126] for POST '/session/d531b9d7343453f4b27c5cc8ffd75c93/element/7f9feaef-eb74-46dd-886b-0a9e7ab73603/click'
20:09:14.969 [AsyncHttpClient-1-4] DEBUG org.asynchttpclient.netty.handler.HttpHandler - 

Request DefaultHttpRequest(decodeResult: success, version: HTTP/1.1)
POST /session/d531b9d7343453f4b27c5cc8ffd75c93/element/7f9feaef-eb74-46dd-886b-0a9e7ab73603/click HTTP/1.1
User-Agent: selenium/4.1.2 (java windows)
Content-Length: 50
Content-Type: application/json; charset=utf-8
host: localhost:51126
accept: */*

Response DefaultHttpResponse(decodeResult: success, version: HTTP/1.1)
HTTP/1.1 200 OK
Content-Type: application/json; charset=utf-8
cache-control: no-cache
content-length: 14

20:09:14.969 [AsyncHttpClient-1-4] DEBUG org.asynchttpclient.netty.channel.ChannelManager - Adding key: http://localhost:51126 for channel [id: 0x7753ca65, L:/127.0.0.1:60320 - R:localhost/127.0.0.1:51126]
20:09:14.972 [Forwarding findElement on session d531b9d7343453f4b27c5cc8ffd75c93 to remote] DEBUG org.asynchttpclient.netty.request.NettyRequestSender - Using pooled Channel '[id: 0x7753ca65, L:/127.0.0.1:60320 - R:localhost/127.0.0.1:51126]' for 'POST' to 'http://localhost:51126/session/d531b9d7343453f4b27c5cc8ffd75c93/element'
20:09:14.972 [Forwarding findElement on session d531b9d7343453f4b27c5cc8ffd75c93 to remote] DEBUG org.asynchttpclient.netty.request.NettyRequestSender - Using open Channel [id: 0x7753ca65, L:/127.0.0.1:60320 - R:localhost/127.0.0.1:51126] for POST '/session/d531b9d7343453f4b27c5cc8ffd75c93/element'
20:09:14.980 [AsyncHttpClient-1-4] DEBUG org.asynchttpclient.netty.handler.HttpHandler - 

Request DefaultHttpRequest(decodeResult: success, version: HTTP/1.1)
POST /session/d531b9d7343453f4b27c5cc8ffd75c93/element HTTP/1.1
User-Agent: selenium/4.1.2 (java windows)
Content-Length: 63
Content-Type: application/json; charset=utf-8
host: localhost:51126
accept: */*

Response DefaultHttpResponse(decodeResult: success, version: HTTP/1.1)
HTTP/1.1 200 OK
Content-Type: application/json; charset=utf-8
cache-control: no-cache
content-length: 88

20:09:14.980 [AsyncHttpClient-1-4] DEBUG org.asynchttpclient.netty.channel.ChannelManager - Adding key: http://localhost:51126 for channel [id: 0x7753ca65, L:/127.0.0.1:60320 - R:localhost/127.0.0.1:51126]
20:09:14.981 [Forwarding getElementTagName on session d531b9d7343453f4b27c5cc8ffd75c93 to remote] DEBUG org.asynchttpclient.netty.request.NettyRequestSender - Using pooled Channel '[id: 0x7753ca65, L:/127.0.0.1:60320 - R:localhost/127.0.0.1:51126]' for 'GET' to 'http://localhost:51126/session/d531b9d7343453f4b27c5cc8ffd75c93/element/7f9feaef-eb74-46dd-886b-0a9e7ab73603/name'
20:09:14.981 [Forwarding getElementTagName on session d531b9d7343453f4b27c5cc8ffd75c93 to remote] DEBUG org.asynchttpclient.netty.request.NettyRequestSender - Using open Channel [id: 0x7753ca65, L:/127.0.0.1:60320 - R:localhost/127.0.0.1:51126] for GET '/session/d531b9d7343453f4b27c5cc8ffd75c93/element/7f9feaef-eb74-46dd-886b-0a9e7ab73603/name'
20:09:14.988 [AsyncHttpClient-1-4] DEBUG org.asynchttpclient.netty.handler.HttpHandler - 

Request DefaultFullHttpRequest(decodeResult: success, version: HTTP/1.1, content: EmptyByteBufBE)
GET /session/d531b9d7343453f4b27c5cc8ffd75c93/element/7f9feaef-eb74-46dd-886b-0a9e7ab73603/name HTTP/1.1
User-Agent: selenium/4.1.2 (java windows)
Cache-Control: no-cache
Content-Type: application/json; charset=utf-8
host: localhost:51126
accept: */*

Response DefaultHttpResponse(decodeResult: success, version: HTTP/1.1)
HTTP/1.1 200 OK
Content-Type: application/json; charset=utf-8
cache-control: no-cache
content-length: 18

20:09:14.989 [AsyncHttpClient-1-4] DEBUG org.asynchttpclient.netty.channel.ChannelManager - Adding key: http://localhost:51126 for channel [id: 0x7753ca65, L:/127.0.0.1:60320 - R:localhost/127.0.0.1:51126]
20:09:14.990 [Forwarding findElement on session d531b9d7343453f4b27c5cc8ffd75c93 to remote] DEBUG org.asynchttpclient.netty.request.NettyRequestSender - Using pooled Channel '[id: 0x7753ca65, L:/127.0.0.1:60320 - R:localhost/127.0.0.1:51126]' for 'POST' to 'http://localhost:51126/session/d531b9d7343453f4b27c5cc8ffd75c93/element'
20:09:14.991 [Forwarding findElement on session d531b9d7343453f4b27c5cc8ffd75c93 to remote] DEBUG org.asynchttpclient.netty.request.NettyRequestSender - Using open Channel [id: 0x7753ca65, L:/127.0.0.1:60320 - R:localhost/127.0.0.1:51126] for POST '/session/d531b9d7343453f4b27c5cc8ffd75c93/element'
20:09:15.003 [AsyncHttpClient-1-4] DEBUG org.asynchttpclient.netty.handler.HttpHandler - 

Request DefaultHttpRequest(decodeResult: success, version: HTTP/1.1)
POST /session/d531b9d7343453f4b27c5cc8ffd75c93/element HTTP/1.1
User-Agent: selenium/4.1.2 (java windows)
Content-Length: 63
Content-Type: application/json; charset=utf-8
host: localhost:51126
accept: */*

Response DefaultHttpResponse(decodeResult: success, version: HTTP/1.1)
HTTP/1.1 200 OK
Content-Type: application/json; charset=utf-8
cache-control: no-cache
content-length: 88

20:09:15.003 [AsyncHttpClient-1-4] DEBUG org.asynchttpclient.netty.channel.ChannelManager - Adding key: http://localhost:51126 for channel [id: 0x7753ca65, L:/127.0.0.1:60320 - R:localhost/127.0.0.1:51126]
20:09:15.004 [Forwarding getElementDomAttribute on session d531b9d7343453f4b27c5cc8ffd75c93 to remote] DEBUG org.asynchttpclient.netty.request.NettyRequestSender - Using pooled Channel '[id: 0x7753ca65, L:/127.0.0.1:60320 - R:localhost/127.0.0.1:51126]' for 'GET' to 'http://localhost:51126/session/d531b9d7343453f4b27c5cc8ffd75c93/element/7f9feaef-eb74-46dd-886b-0a9e7ab73603/attribute/multiple'
20:09:15.005 [Forwarding getElementDomAttribute on session d531b9d7343453f4b27c5cc8ffd75c93 to remote] DEBUG org.asynchttpclient.netty.request.NettyRequestSender - Using open Channel [id: 0x7753ca65, L:/127.0.0.1:60320 - R:localhost/127.0.0.1:51126] for GET '/session/d531b9d7343453f4b27c5cc8ffd75c93/element/7f9feaef-eb74-46dd-886b-0a9e7ab73603/attribute/multiple'
20:09:15.010 [AsyncHttpClient-1-4] DEBUG org.asynchttpclient.netty.handler.HttpHandler - 

Request DefaultFullHttpRequest(decodeResult: success, version: HTTP/1.1, content: EmptyByteBufBE)
GET /session/d531b9d7343453f4b27c5cc8ffd75c93/element/7f9feaef-eb74-46dd-886b-0a9e7ab73603/attribute/multiple HTTP/1.1
User-Agent: selenium/4.1.2 (java windows)
Cache-Control: no-cache
Content-Type: application/json; charset=utf-8
host: localhost:51126
accept: */*

Response DefaultHttpResponse(decodeResult: success, version: HTTP/1.1)
HTTP/1.1 200 OK
Content-Type: application/json; charset=utf-8
cache-control: no-cache
content-length: 14

20:09:15.010 [AsyncHttpClient-1-4] DEBUG org.asynchttpclient.netty.channel.ChannelManager - Adding key: http://localhost:51126 for channel [id: 0x7753ca65, L:/127.0.0.1:60320 - R:localhost/127.0.0.1:51126]
20:09:15.012 [Forwarding findElement on session d531b9d7343453f4b27c5cc8ffd75c93 to remote] DEBUG org.asynchttpclient.netty.request.NettyRequestSender - Using pooled Channel '[id: 0x7753ca65, L:/127.0.0.1:60320 - R:localhost/127.0.0.1:51126]' for 'POST' to 'http://localhost:51126/session/d531b9d7343453f4b27c5cc8ffd75c93/element'
20:09:15.012 [Forwarding findElement on session d531b9d7343453f4b27c5cc8ffd75c93 to remote] DEBUG org.asynchttpclient.netty.request.NettyRequestSender - Using open Channel [id: 0x7753ca65, L:/127.0.0.1:60320 - R:localhost/127.0.0.1:51126] for POST '/session/d531b9d7343453f4b27c5cc8ffd75c93/element'
20:09:15.021 [AsyncHttpClient-1-4] DEBUG org.asynchttpclient.netty.handler.HttpHandler - 

Request DefaultHttpRequest(decodeResult: success, version: HTTP/1.1)
POST /session/d531b9d7343453f4b27c5cc8ffd75c93/element HTTP/1.1
User-Agent: selenium/4.1.2 (java windows)
Content-Length: 63
Content-Type: application/json; charset=utf-8
host: localhost:51126
accept: */*

Response DefaultHttpResponse(decodeResult: success, version: HTTP/1.1)
HTTP/1.1 200 OK
Content-Type: application/json; charset=utf-8
cache-control: no-cache
content-length: 88

20:09:15.021 [AsyncHttpClient-1-4] DEBUG org.asynchttpclient.netty.channel.ChannelManager - Adding key: http://localhost:51126 for channel [id: 0x7753ca65, L:/127.0.0.1:60320 - R:localhost/127.0.0.1:51126]
20:09:15.024 [Forwarding findChildElements on session d531b9d7343453f4b27c5cc8ffd75c93 to remote] DEBUG org.asynchttpclient.netty.request.NettyRequestSender - Using pooled Channel '[id: 0x7753ca65, L:/127.0.0.1:60320 - R:localhost/127.0.0.1:51126]' for 'POST' to 'http://localhost:51126/session/d531b9d7343453f4b27c5cc8ffd75c93/element/7f9feaef-eb74-46dd-886b-0a9e7ab73603/elements'
20:09:15.024 [Forwarding findChildElements on session d531b9d7343453f4b27c5cc8ffd75c93 to remote] DEBUG org.asynchttpclient.netty.request.NettyRequestSender - Using open Channel [id: 0x7753ca65, L:/127.0.0.1:60320 - R:localhost/127.0.0.1:51126] for POST '/session/d531b9d7343453f4b27c5cc8ffd75c93/element/7f9feaef-eb74-46dd-886b-0a9e7ab73603/elements'
20:09:15.048 [AsyncHttpClient-1-4] DEBUG org.asynchttpclient.netty.handler.HttpHandler - 

Request DefaultHttpRequest(decodeResult: success, version: HTTP/1.1)
POST /session/d531b9d7343453f4b27c5cc8ffd75c93/element/7f9feaef-eb74-46dd-886b-0a9e7ab73603/elements HTTP/1.1
User-Agent: selenium/4.1.2 (java windows)
Content-Length: 137
Content-Type: application/json; charset=utf-8
host: localhost:51126
accept: */*

Response DefaultHttpResponse(decodeResult: success, version: HTTP/1.1)
HTTP/1.1 200 OK
Content-Type: application/json; charset=utf-8
cache-control: no-cache
content-length: 90

20:09:15.048 [AsyncHttpClient-1-4] DEBUG org.asynchttpclient.netty.channel.ChannelManager - Adding key: http://localhost:51126 for channel [id: 0x7753ca65, L:/127.0.0.1:60320 - R:localhost/127.0.0.1:51126]
20:09:15.050 [Forwarding isElementSelected on session d531b9d7343453f4b27c5cc8ffd75c93 to remote] DEBUG org.asynchttpclient.netty.request.NettyRequestSender - Using pooled Channel '[id: 0x7753ca65, L:/127.0.0.1:60320 - R:localhost/127.0.0.1:51126]' for 'GET' to 'http://localhost:51126/session/d531b9d7343453f4b27c5cc8ffd75c93/element/0854b9f3-df0a-45c9-9f6d-682771a9510d/selected'
20:09:15.051 [Forwarding isElementSelected on session d531b9d7343453f4b27c5cc8ffd75c93 to remote] DEBUG org.asynchttpclient.netty.request.NettyRequestSender - Using open Channel [id: 0x7753ca65, L:/127.0.0.1:60320 - R:localhost/127.0.0.1:51126] for GET '/session/d531b9d7343453f4b27c5cc8ffd75c93/element/0854b9f3-df0a-45c9-9f6d-682771a9510d/selected'
20:09:15.067 [AsyncHttpClient-1-4] DEBUG org.asynchttpclient.netty.handler.HttpHandler - 

Request DefaultFullHttpRequest(decodeResult: success, version: HTTP/1.1, content: EmptyByteBufBE)
GET /session/d531b9d7343453f4b27c5cc8ffd75c93/element/0854b9f3-df0a-45c9-9f6d-682771a9510d/selected HTTP/1.1
User-Agent: selenium/4.1.2 (java windows)
Cache-Control: no-cache
Content-Type: application/json; charset=utf-8
host: localhost:51126
accept: */*

Response DefaultHttpResponse(decodeResult: success, version: HTTP/1.1)
HTTP/1.1 200 OK
Content-Type: application/json; charset=utf-8
cache-control: no-cache
content-length: 15

20:09:15.067 [AsyncHttpClient-1-4] DEBUG org.asynchttpclient.netty.channel.ChannelManager - Adding key: http://localhost:51126 for channel [id: 0x7753ca65, L:/127.0.0.1:60320 - R:localhost/127.0.0.1:51126]
20:09:15.075 [Forwarding clickElement on session d531b9d7343453f4b27c5cc8ffd75c93 to remote] DEBUG org.asynchttpclient.netty.request.NettyRequestSender - Using pooled Channel '[id: 0x7753ca65, L:/127.0.0.1:60320 - R:localhost/127.0.0.1:51126]' for 'POST' to 'http://localhost:51126/session/d531b9d7343453f4b27c5cc8ffd75c93/element/0854b9f3-df0a-45c9-9f6d-682771a9510d/click'
20:09:15.076 [Forwarding clickElement on session d531b9d7343453f4b27c5cc8ffd75c93 to remote] DEBUG org.asynchttpclient.netty.request.NettyRequestSender - Using open Channel [id: 0x7753ca65, L:/127.0.0.1:60320 - R:localhost/127.0.0.1:51126] for POST '/session/d531b9d7343453f4b27c5cc8ffd75c93/element/0854b9f3-df0a-45c9-9f6d-682771a9510d/click'
20:09:15.124 [AsyncHttpClient-1-4] DEBUG org.asynchttpclient.netty.handler.HttpHandler - 

Request DefaultHttpRequest(decodeResult: success, version: HTTP/1.1)
POST /session/d531b9d7343453f4b27c5cc8ffd75c93/element/0854b9f3-df0a-45c9-9f6d-682771a9510d/click HTTP/1.1
User-Agent: selenium/4.1.2 (java windows)
Content-Length: 50
Content-Type: application/json; charset=utf-8
host: localhost:51126
accept: */*

Response DefaultHttpResponse(decodeResult: success, version: HTTP/1.1)
HTTP/1.1 200 OK
Content-Type: application/json; charset=utf-8
cache-control: no-cache
content-length: 14

20:09:15.124 [AsyncHttpClient-1-4] DEBUG org.asynchttpclient.netty.channel.ChannelManager - Adding key: http://localhost:51126 for channel [id: 0x7753ca65, L:/127.0.0.1:60320 - R:localhost/127.0.0.1:51126]
20:09:15.127 [Forwarding findElements on session d531b9d7343453f4b27c5cc8ffd75c93 to remote] DEBUG org.asynchttpclient.netty.request.NettyRequestSender - Using pooled Channel '[id: 0x7753ca65, L:/127.0.0.1:60320 - R:localhost/127.0.0.1:51126]' for 'POST' to 'http://localhost:51126/session/d531b9d7343453f4b27c5cc8ffd75c93/elements'
20:09:15.127 [Forwarding findElements on session d531b9d7343453f4b27c5cc8ffd75c93 to remote] DEBUG org.asynchttpclient.netty.request.NettyRequestSender - Using open Channel [id: 0x7753ca65, L:/127.0.0.1:60320 - R:localhost/127.0.0.1:51126] for POST '/session/d531b9d7343453f4b27c5cc8ffd75c93/elements'
20:09:15.141 [AsyncHttpClient-1-4] DEBUG org.asynchttpclient.netty.handler.HttpHandler - 

Request DefaultHttpRequest(decodeResult: success, version: HTTP/1.1)
POST /session/d531b9d7343453f4b27c5cc8ffd75c93/elements HTTP/1.1
User-Agent: selenium/4.1.2 (java windows)
Content-Length: 84
Content-Type: application/json; charset=utf-8
host: localhost:51126
accept: */*

Response DefaultHttpResponse(decodeResult: success, version: HTTP/1.1)
HTTP/1.1 200 OK
Content-Type: application/json; charset=utf-8
cache-control: no-cache
content-length: 90

20:09:15.142 [AsyncHttpClient-1-4] DEBUG org.asynchttpclient.netty.channel.ChannelManager - Adding key: http://localhost:51126 for channel [id: 0x7753ca65, L:/127.0.0.1:60320 - R:localhost/127.0.0.1:51126]
20:09:15.143 [Forwarding switchToFrame on session d531b9d7343453f4b27c5cc8ffd75c93 to remote] DEBUG org.asynchttpclient.netty.request.NettyRequestSender - Using pooled Channel '[id: 0x7753ca65, L:/127.0.0.1:60320 - R:localhost/127.0.0.1:51126]' for 'POST' to 'http://localhost:51126/session/d531b9d7343453f4b27c5cc8ffd75c93/frame'
20:09:15.143 [Forwarding switchToFrame on session d531b9d7343453f4b27c5cc8ffd75c93 to remote] DEBUG org.asynchttpclient.netty.request.NettyRequestSender - Using open Channel [id: 0x7753ca65, L:/127.0.0.1:60320 - R:localhost/127.0.0.1:51126] for POST '/session/d531b9d7343453f4b27c5cc8ffd75c93/frame'
20:09:15.168 [AsyncHttpClient-1-4] DEBUG org.asynchttpclient.netty.handler.HttpHandler - 

Request DefaultHttpRequest(decodeResult: success, version: HTTP/1.1)
POST /session/d531b9d7343453f4b27c5cc8ffd75c93/frame HTTP/1.1
User-Agent: selenium/4.1.2 (java windows)
Content-Length: 154
Content-Type: application/json; charset=utf-8
host: localhost:51126
accept: */*

Response DefaultHttpResponse(decodeResult: success, version: HTTP/1.1)
HTTP/1.1 200 OK
Content-Type: application/json; charset=utf-8
cache-control: no-cache
content-length: 14

20:09:15.168 [AsyncHttpClient-1-4] DEBUG org.asynchttpclient.netty.channel.ChannelManager - Adding key: http://localhost:51126 for channel [id: 0x7753ca65, L:/127.0.0.1:60320 - R:localhost/127.0.0.1:51126]
20:09:15.170 [Forwarding findElement on session d531b9d7343453f4b27c5cc8ffd75c93 to remote] DEBUG org.asynchttpclient.netty.request.NettyRequestSender - Using pooled Channel '[id: 0x7753ca65, L:/127.0.0.1:60320 - R:localhost/127.0.0.1:51126]' for 'POST' to 'http://localhost:51126/session/d531b9d7343453f4b27c5cc8ffd75c93/element'
20:09:15.170 [Forwarding findElement on session d531b9d7343453f4b27c5cc8ffd75c93 to remote] DEBUG org.asynchttpclient.netty.request.NettyRequestSender - Using open Channel [id: 0x7753ca65, L:/127.0.0.1:60320 - R:localhost/127.0.0.1:51126] for POST '/session/d531b9d7343453f4b27c5cc8ffd75c93/element'
20:09:15.184 [AsyncHttpClient-1-4] DEBUG org.asynchttpclient.netty.handler.HttpHandler - 

Request DefaultHttpRequest(decodeResult: success, version: HTTP/1.1)
POST /session/d531b9d7343453f4b27c5cc8ffd75c93/element HTTP/1.1
User-Agent: selenium/4.1.2 (java windows)
Content-Length: 53
Content-Type: application/json; charset=utf-8
host: localhost:51126
accept: */*

Response DefaultHttpResponse(decodeResult: success, version: HTTP/1.1)
HTTP/1.1 200 OK
Content-Type: application/json; charset=utf-8
cache-control: no-cache
content-length: 88

20:09:15.184 [AsyncHttpClient-1-4] DEBUG org.asynchttpclient.netty.channel.ChannelManager - Adding key: http://localhost:51126 for channel [id: 0x7753ca65, L:/127.0.0.1:60320 - R:localhost/127.0.0.1:51126]
20:09:15.185 [Forwarding sendKeysToElement on session d531b9d7343453f4b27c5cc8ffd75c93 to remote] DEBUG org.asynchttpclient.netty.request.NettyRequestSender - Using pooled Channel '[id: 0x7753ca65, L:/127.0.0.1:60320 - R:localhost/127.0.0.1:51126]' for 'POST' to 'http://localhost:51126/session/d531b9d7343453f4b27c5cc8ffd75c93/element/dce998e4-3e7e-4ee1-bed9-a3b065d36596/value'
20:09:15.186 [Forwarding sendKeysToElement on session d531b9d7343453f4b27c5cc8ffd75c93 to remote] DEBUG org.asynchttpclient.netty.request.NettyRequestSender - Using open Channel [id: 0x7753ca65, L:/127.0.0.1:60320 - R:localhost/127.0.0.1:51126] for POST '/session/d531b9d7343453f4b27c5cc8ffd75c93/element/dce998e4-3e7e-4ee1-bed9-a3b065d36596/value'
20:09:15.250 [AsyncHttpClient-1-4] DEBUG org.asynchttpclient.netty.handler.HttpHandler - 

Request DefaultHttpRequest(decodeResult: success, version: HTTP/1.1)
POST /session/d531b9d7343453f4b27c5cc8ffd75c93/element/dce998e4-3e7e-4ee1-bed9-a3b065d36596/value HTTP/1.1
User-Agent: selenium/4.1.2 (java windows)
Content-Length: 181
Content-Type: application/json; charset=utf-8
host: localhost:51126
accept: */*

Response DefaultHttpResponse(decodeResult: success, version: HTTP/1.1)
HTTP/1.1 200 OK
Content-Type: application/json; charset=utf-8
cache-control: no-cache
content-length: 14

20:09:15.250 [AsyncHttpClient-1-4] DEBUG org.asynchttpclient.netty.channel.ChannelManager - Adding key: http://localhost:51126 for channel [id: 0x7753ca65, L:/127.0.0.1:60320 - R:localhost/127.0.0.1:51126]
20:09:15.252 [Forwarding switchToFrame on session d531b9d7343453f4b27c5cc8ffd75c93 to remote] DEBUG org.asynchttpclient.netty.request.NettyRequestSender - Using pooled Channel '[id: 0x7753ca65, L:/127.0.0.1:60320 - R:localhost/127.0.0.1:51126]' for 'POST' to 'http://localhost:51126/session/d531b9d7343453f4b27c5cc8ffd75c93/frame'
20:09:15.252 [Forwarding switchToFrame on session d531b9d7343453f4b27c5cc8ffd75c93 to remote] DEBUG org.asynchttpclient.netty.request.NettyRequestSender - Using open Channel [id: 0x7753ca65, L:/127.0.0.1:60320 - R:localhost/127.0.0.1:51126] for POST '/session/d531b9d7343453f4b27c5cc8ffd75c93/frame'
20:09:15.255 [AsyncHttpClient-1-4] DEBUG org.asynchttpclient.netty.handler.HttpHandler - 

Request DefaultHttpRequest(decodeResult: success, version: HTTP/1.1)
POST /session/d531b9d7343453f4b27c5cc8ffd75c93/frame HTTP/1.1
User-Agent: selenium/4.1.2 (java windows)
Content-Length: 16
Content-Type: application/json; charset=utf-8
host: localhost:51126
accept: */*

Response DefaultHttpResponse(decodeResult: success, version: HTTP/1.1)
HTTP/1.1 200 OK
Content-Type: application/json; charset=utf-8
cache-control: no-cache
content-length: 14

20:09:15.255 [AsyncHttpClient-1-4] DEBUG org.asynchttpclient.netty.channel.ChannelManager - Adding key: http://localhost:51126 for channel [id: 0x7753ca65, L:/127.0.0.1:60320 - R:localhost/127.0.0.1:51126]
20:09:15.257 [Forwarding findElements on session d531b9d7343453f4b27c5cc8ffd75c93 to remote] DEBUG org.asynchttpclient.netty.request.NettyRequestSender - Using pooled Channel '[id: 0x7753ca65, L:/127.0.0.1:60320 - R:localhost/127.0.0.1:51126]' for 'POST' to 'http://localhost:51126/session/d531b9d7343453f4b27c5cc8ffd75c93/elements'
20:09:15.257 [Forwarding findElements on session d531b9d7343453f4b27c5cc8ffd75c93 to remote] DEBUG org.asynchttpclient.netty.request.NettyRequestSender - Using open Channel [id: 0x7753ca65, L:/127.0.0.1:60320 - R:localhost/127.0.0.1:51126] for POST '/session/d531b9d7343453f4b27c5cc8ffd75c93/elements'
20:09:15.268 [AsyncHttpClient-1-4] DEBUG org.asynchttpclient.netty.handler.HttpHandler - 

Request DefaultHttpRequest(decodeResult: success, version: HTTP/1.1)
POST /session/d531b9d7343453f4b27c5cc8ffd75c93/elements HTTP/1.1
User-Agent: selenium/4.1.2 (java windows)
Content-Length: 55
Content-Type: application/json; charset=utf-8
host: localhost:51126
accept: */*

Response DefaultHttpResponse(decodeResult: success, version: HTTP/1.1)
HTTP/1.1 200 OK
Content-Type: application/json; charset=utf-8
cache-control: no-cache
content-length: 169

20:09:15.268 [AsyncHttpClient-1-4] DEBUG org.asynchttpclient.netty.channel.ChannelManager - Adding key: http://localhost:51126 for channel [id: 0x7753ca65, L:/127.0.0.1:60320 - R:localhost/127.0.0.1:51126]
20:09:15.270 [Forwarding clickElement on session d531b9d7343453f4b27c5cc8ffd75c93 to remote] DEBUG org.asynchttpclient.netty.request.NettyRequestSender - Using pooled Channel '[id: 0x7753ca65, L:/127.0.0.1:60320 - R:localhost/127.0.0.1:51126]' for 'POST' to 'http://localhost:51126/session/d531b9d7343453f4b27c5cc8ffd75c93/element/8e93dea5-0292-4810-b9c7-1b697ede2ec5/click'
20:09:15.270 [Forwarding clickElement on session d531b9d7343453f4b27c5cc8ffd75c93 to remote] DEBUG org.asynchttpclient.netty.request.NettyRequestSender - Using open Channel [id: 0x7753ca65, L:/127.0.0.1:60320 - R:localhost/127.0.0.1:51126] for POST '/session/d531b9d7343453f4b27c5cc8ffd75c93/element/8e93dea5-0292-4810-b9c7-1b697ede2ec5/click'
20:09:15.696 [AsyncHttpClient-1-1] DEBUG org.asynchttpclient.netty.channel.DefaultChannelPool - Entry count for : http://localhost:60321 : 1
20:09:16.130 [AsyncHttpClient-1-4] DEBUG org.asynchttpclient.netty.handler.HttpHandler - 

Request DefaultHttpRequest(decodeResult: success, version: HTTP/1.1)
POST /session/d531b9d7343453f4b27c5cc8ffd75c93/element/8e93dea5-0292-4810-b9c7-1b697ede2ec5/click HTTP/1.1
User-Agent: selenium/4.1.2 (java windows)
Content-Length: 50
Content-Type: application/json; charset=utf-8
host: localhost:51126
accept: */*

Response DefaultHttpResponse(decodeResult: success, version: HTTP/1.1)
HTTP/1.1 200 OK
Content-Type: application/json; charset=utf-8
cache-control: no-cache
content-length: 14

20:09:16.130 [AsyncHttpClient-1-4] DEBUG org.asynchttpclient.netty.channel.ChannelManager - Adding key: http://localhost:51126 for channel [id: 0x7753ca65, L:/127.0.0.1:60320 - R:localhost/127.0.0.1:51126]
20:09:16.131 [Forwarding findElement on session d531b9d7343453f4b27c5cc8ffd75c93 to remote] DEBUG org.asynchttpclient.netty.request.NettyRequestSender - Using pooled Channel '[id: 0x7753ca65, L:/127.0.0.1:60320 - R:localhost/127.0.0.1:51126]' for 'POST' to 'http://localhost:51126/session/d531b9d7343453f4b27c5cc8ffd75c93/element'
20:09:16.131 [Forwarding findElement on session d531b9d7343453f4b27c5cc8ffd75c93 to remote] DEBUG org.asynchttpclient.netty.request.NettyRequestSender - Using open Channel [id: 0x7753ca65, L:/127.0.0.1:60320 - R:localhost/127.0.0.1:51126] for POST '/session/d531b9d7343453f4b27c5cc8ffd75c93/element'
20:09:16.148 [AsyncHttpClient-1-4] DEBUG org.asynchttpclient.netty.handler.HttpHandler - 

Request DefaultHttpRequest(decodeResult: success, version: HTTP/1.1)
POST /session/d531b9d7343453f4b27c5cc8ffd75c93/element HTTP/1.1
User-Agent: selenium/4.1.2 (java windows)
Content-Length: 115
Content-Type: application/json; charset=utf-8
host: localhost:51126
accept: */*

Response DefaultHttpResponse(decodeResult: success, version: HTTP/1.1)
HTTP/1.1 200 OK
Content-Type: application/json; charset=utf-8
cache-control: no-cache
content-length: 88

20:09:16.148 [AsyncHttpClient-1-4] DEBUG org.asynchttpclient.netty.channel.ChannelManager - Adding key: http://localhost:51126 for channel [id: 0x7753ca65, L:/127.0.0.1:60320 - R:localhost/127.0.0.1:51126]
20:09:16.152 [Forwarding isElementDisplayed on session d531b9d7343453f4b27c5cc8ffd75c93 to remote] DEBUG org.asynchttpclient.netty.request.NettyRequestSender - Using pooled Channel '[id: 0x7753ca65, L:/127.0.0.1:60320 - R:localhost/127.0.0.1:51126]' for 'POST' to 'http://localhost:51126/session/d531b9d7343453f4b27c5cc8ffd75c93/execute/sync'
20:09:16.152 [Forwarding isElementDisplayed on session d531b9d7343453f4b27c5cc8ffd75c93 to remote] DEBUG org.asynchttpclient.netty.request.NettyRequestSender - Using open Channel [id: 0x7753ca65, L:/127.0.0.1:60320 - R:localhost/127.0.0.1:51126] for POST '/session/d531b9d7343453f4b27c5cc8ffd75c93/execute/sync'
20:09:16.172 [AsyncHttpClient-1-4] DEBUG org.asynchttpclient.netty.handler.HttpHandler - 

Request DefaultHttpRequest(decodeResult: success, version: HTTP/1.1)
POST /session/d531b9d7343453f4b27c5cc8ffd75c93/execute/sync HTTP/1.1
User-Agent: selenium/4.1.2 (java windows)
Content-Length: 48780
Content-Type: application/json; charset=utf-8
host: localhost:51126
accept: */*

Response DefaultHttpResponse(decodeResult: success, version: HTTP/1.1)
HTTP/1.1 200 OK
Content-Type: application/json; charset=utf-8
cache-control: no-cache
content-length: 14

20:09:16.173 [AsyncHttpClient-1-4] DEBUG org.asynchttpclient.netty.channel.ChannelManager - Adding key: http://localhost:51126 for channel [id: 0x7753ca65, L:/127.0.0.1:60320 - R:localhost/127.0.0.1:51126]
20:09:16.175 [AsyncHttpClient-1-6] DEBUG org.asynchttpclient.netty.handler.WebSocketHandler - Channel Closed: [id: 0x721f38fd, L:/127.0.0.1:60327 ! R:localhost/127.0.0.1:60321] with attribute NettyResponseFuture{currentRetry=5,
	isDone=1,
	isCancelled=0,
	asyncHandler=org.asynchttpclient.ws.WebSocketUpgradeHandler@7bd1198a,
	nettyRequest=org.asynchttpclient.netty.request.NettyRequest@66cc2f95,
	future=java.util.concurrent.CompletableFuture@3350bedf[Completed normally],
	uri=ws://localhost:60321/devtools/browser/26945c28-29af-4dc5-871c-c6e06981b0c2,
	keepAlive=true,
	redirectCount=0,
	timeoutsHolder=null,
	inAuth=0,
	touch=1648231747125}
20:09:16.175 [AsyncHttpClient-1-6] DEBUG org.asynchttpclient.netty.channel.ChannelManager - Closing Channel [id: 0x721f38fd, L:/127.0.0.1:60327 ! R:localhost/127.0.0.1:60321] 
20:09:16.175 [Driver Command Executor] DEBUG org.asynchttpclient.netty.request.NettyRequestSender - Using pooled Channel '[id: 0x7753ca65, L:/127.0.0.1:60320 - R:localhost/127.0.0.1:51126]' for 'DELETE' to 'http://localhost:51126/session/d531b9d7343453f4b27c5cc8ffd75c93'
20:09:16.175 [Driver Command Executor] DEBUG org.asynchttpclient.netty.request.NettyRequestSender - Using open Channel [id: 0x7753ca65, L:/127.0.0.1:60320 - R:localhost/127.0.0.1:51126] for DELETE '/session/d531b9d7343453f4b27c5cc8ffd75c93'
20:09:16.191 [AsyncHttpClient-1-5] DEBUG org.asynchttpclient.netty.handler.HttpHandler - Unexpected I/O exception on channel [id: 0xa7aad4c3, L:/127.0.0.1:60326 - R:localhost/127.0.0.1:60321]
java.net.SocketException: Connection reset
	at java.base/sun.nio.ch.SocketChannelImpl.throwConnectionReset(SocketChannelImpl.java:394)
	at java.base/sun.nio.ch.SocketChannelImpl.read(SocketChannelImpl.java:426)
	at io.netty.buffer.PooledByteBuf.setBytes(PooledByteBuf.java:258)
	at io.netty.buffer.AbstractByteBuf.writeBytes(AbstractByteBuf.java:1132)
	at io.netty.channel.socket.nio.NioSocketChannel.doReadBytes(NioSocketChannel.java:350)
	at io.netty.channel.nio.AbstractNioByteChannel$NioByteUnsafe.read(AbstractNioByteChannel.java:151)
	at io.netty.channel.nio.NioEventLoop.processSelectedKey(NioEventLoop.java:722)
	at io.netty.channel.nio.NioEventLoop.processSelectedKeysOptimized(NioEventLoop.java:658)
	at io.netty.channel.nio.NioEventLoop.processSelectedKeys(NioEventLoop.java:584)
	at io.netty.channel.nio.NioEventLoop.run(NioEventLoop.java:496)
	at io.netty.util.concurrent.SingleThreadEventExecutor$4.run(SingleThreadEventExecutor.java:986)
	at io.netty.util.internal.ThreadExecutorMap$2.run(ThreadExecutorMap.java:74)
	at io.netty.util.concurrent.FastThreadLocalRunnable.run(FastThreadLocalRunnable.java:30)
	at java.base/java.lang.Thread.run(Thread.java:833)
20:09:16.191 [AsyncHttpClient-1-5] DEBUG org.asynchttpclient.netty.channel.ChannelManager - Closing Channel [id: 0xa7aad4c3, L:/127.0.0.1:60326 - R:localhost/127.0.0.1:60321] 
20:09:16.191 [AsyncHttpClient-1-5] DEBUG org.asynchttpclient.netty.handler.HttpHandler - Channel Closed: [id: 0xa7aad4c3, L:/127.0.0.1:60326 ! R:localhost/127.0.0.1:60321] with attribute DISCARD
20:09:16.205 [AsyncHttpClient-1-4] DEBUG org.asynchttpclient.netty.handler.HttpHandler - 

Request DefaultFullHttpRequest(decodeResult: success, version: HTTP/1.1, content: EmptyByteBufBE)
DELETE /session/d531b9d7343453f4b27c5cc8ffd75c93 HTTP/1.1
User-Agent: selenium/4.1.2 (java windows)
Content-Type: application/json; charset=utf-8
host: localhost:51126
accept: */*

Response DefaultHttpResponse(decodeResult: success, version: HTTP/1.1)
HTTP/1.1 200 OK
Content-Type: application/json; charset=utf-8
cache-control: no-cache
content-length: 14

20:09:16.206 [AsyncHttpClient-1-4] DEBUG org.asynchttpclient.netty.channel.ChannelManager - Adding key: http://localhost:51126 for channel [id: 0x7753ca65, L:/127.0.0.1:60320 - R:localhost/127.0.0.1:51126]
20:09:16.289 [AsyncHttpClient-1-4] DEBUG org.asynchttpclient.netty.handler.HttpHandler - Channel Closed: [id: 0x7753ca65, L:/127.0.0.1:60320 ! R:localhost/127.0.0.1:51126] with attribute DISCARD
20:09:16.796 [AsyncHttpClient-1-1] DEBUG org.asynchttpclient.netty.channel.DefaultChannelPool - Entry count for : http://localhost:60321 : 1
20:09:16.796 [AsyncHttpClient-1-1] DEBUG org.asynchttpclient.netty.channel.DefaultChannelPool - Entry count for : http://localhost:51126 : 1
20:09:16.796 [AsyncHttpClient-1-1] DEBUG org.asynchttpclient.netty.channel.DefaultChannelPool - Adding Candidate expired Channel [id: 0xa7aad4c3, L:/127.0.0.1:60326 ! R:localhost/127.0.0.1:60321] isIdleTimeoutExpired=false isRemotelyClosed=true isTtlExpired=false
20:09:16.796 [AsyncHttpClient-1-1] DEBUG org.asynchttpclient.netty.channel.DefaultChannelPool - Closing Idle Channel [id: 0xa7aad4c3, L:/127.0.0.1:60326 ! R:localhost/127.0.0.1:60321]
20:09:16.796 [AsyncHttpClient-1-1] DEBUG org.asynchttpclient.netty.channel.DefaultChannelPool - Adding Candidate expired Channel [id: 0x7753ca65, L:/127.0.0.1:60320 ! R:localhost/127.0.0.1:51126] isIdleTimeoutExpired=false isRemotelyClosed=true isTtlExpired=false
20:09:16.796 [AsyncHttpClient-1-1] DEBUG org.asynchttpclient.netty.channel.DefaultChannelPool - Closing Idle Channel [id: 0x7753ca65, L:/127.0.0.1:60320 ! R:localhost/127.0.0.1:51126]
20:09:16.796 [AsyncHttpClient-1-1] DEBUG org.asynchttpclient.netty.channel.DefaultChannelPool - Closed 2 connections out of 2 in 0 ms
]]></system-out>
    <system-err><![CDATA[Starting ChromeDriver 99.0.4844.51 (d537ec02474b5afe23684e7963d538896c63ac77-refs/branch-heads/4844@{#875}) on port 51126
Only local connections are allowed.
Please see https://chromedriver.chromium.org/security-considerations for suggestions on keeping ChromeDriver safe.
ChromeDriver was started successfully.
март 25, 2022 8:09:07 СЛ.ОБ. org.openqa.selenium.remote.ProtocolHandshake createSession
INFO: Detected dialect: W3C
март 25, 2022 8:09:07 СЛ.ОБ. org.openqa.selenium.devtools.CdpVersionFinder findNearestMatch
WARNING: Unable to find an exact match for CDP version 99, so returning the closest version found: 97
март 25, 2022 8:09:07 СЛ.ОБ. org.openqa.selenium.devtools.CdpVersionFinder findNearestMatch
INFO: Found CDP implementation for version 99 of 97
]]></system-err>
  </testcase>
</testsuite>