<?xml version="1.0" encoding="UTF-8"?>
<testsuite xmlns:xsi="http://www.w3.org/2001/XMLSchema-instance" xsi:noNamespaceSchemaLocation="https://maven.apache.org/surefire/maven-surefire-plugin/xsd/surefire-test-report-3.0.xsd" version="3.0" name="pages.HomePageTest" time="69.119" tests="6" errors="0" skipped="0" failures="0">
  <properties>
    <property name="java.specification.version" value="18"/>
    <property name="webdriver.chrome.driver" value="C:\Users\schalak\.cache\selenium\chromedriver\win32\99.0.4844.51\chromedriver.exe"/>
    <property name="sun.cpu.isalist" value="amd64"/>
    <property name="sun.jnu.encoding" value="Cp1251"/>
    <property name="java.class.path" value="C:\Users\schalak\IdeaProjects\move-automation-framework\target\test-classes;C:\Users\schalak\IdeaProjects\move-automation-framework\target\classes;C:\Users\schalak\.m2\repository\org\seleniumhq\selenium\selenium-java\4.1.2\selenium-java-4.1.2.jar;C:\Users\schalak\.m2\repository\org\seleniumhq\selenium\selenium-api\4.1.2\selenium-api-4.1.2.jar;C:\Users\schalak\.m2\repository\org\seleniumhq\selenium\selenium-chrome-driver\4.1.2\selenium-chrome-driver-4.1.2.jar;C:\Users\schalak\.m2\repository\com\google\auto\service\auto-service-annotations\1.0.1\auto-service-annotations-1.0.1.jar;C:\Users\schalak\.m2\repository\com\google\auto\service\auto-service\1.0.1\auto-service-1.0.1.jar;C:\Users\schalak\.m2\repository\com\google\auto\auto-common\1.2\auto-common-1.2.jar;C:\Users\schalak\.m2\repository\com\google\guava\guava\31.0.1-jre\guava-31.0.1-jre.jar;C:\Users\schalak\.m2\repository\com\google\guava\failureaccess\1.0.1\failureaccess-1.0.1.jar;C:\Users\schalak\.m2\repository\com\google\guava\listenablefuture\9999.0-empty-to-avoid-conflict-with-guava\listenablefuture-9999.0-empty-to-avoid-conflict-with-guava.jar;C:\Users\schalak\.m2\repository\com\google\code\findbugs\jsr305\3.0.2\jsr305-3.0.2.jar;C:\Users\schalak\.m2\repository\org\checkerframework\checker-qual\3.12.0\checker-qual-3.12.0.jar;C:\Users\schalak\.m2\repository\com\google\errorprone\error_prone_annotations\2.7.1\error_prone_annotations-2.7.1.jar;C:\Users\schalak\.m2\repository\com\google\j2objc\j2objc-annotations\1.3\j2objc-annotations-1.3.jar;C:\Users\schalak\.m2\repository\org\seleniumhq\selenium\selenium-chromium-driver\4.1.2\selenium-chromium-driver-4.1.2.jar;C:\Users\schalak\.m2\repository\org\seleniumhq\selenium\selenium-json\4.1.2\selenium-json-4.1.2.jar;C:\Users\schalak\.m2\repository\org\seleniumhq\selenium\selenium-devtools-v85\4.1.2\selenium-devtools-v85-4.1.2.jar;C:\Users\schalak\.m2\repository\org\seleniumhq\selenium\selenium-devtools-v95\4.1.2\selenium-devtools-v95-4.1.2.jar;C:\Users\schalak\.m2\repository\org\seleniumhq\selenium\selenium-devtools-v96\4.1.2\selenium-devtools-v96-4.1.2.jar;C:\Users\schalak\.m2\repository\org\seleniumhq\selenium\selenium-devtools-v97\4.1.2\selenium-devtools-v97-4.1.2.jar;C:\Users\schalak\.m2\repository\org\seleniumhq\selenium\selenium-edge-driver\4.1.2\selenium-edge-driver-4.1.2.jar;C:\Users\schalak\.m2\repository\org\seleniumhq\selenium\selenium-firefox-driver\4.1.2\selenium-firefox-driver-4.1.2.jar;C:\Users\schalak\.m2\repository\org\seleniumhq\selenium\selenium-firefox-xpi-driver\4.1.2\selenium-firefox-xpi-driver-4.1.2.jar;C:\Users\schalak\.m2\repository\org\seleniumhq\selenium\selenium-ie-driver\4.1.2\selenium-ie-driver-4.1.2.jar;C:\Users\schalak\.m2\repository\org\seleniumhq\selenium\selenium-opera-driver\4.1.2\selenium-opera-driver-4.1.2.jar;C:\Users\schalak\.m2\repository\org\seleniumhq\selenium\selenium-remote-driver\4.1.2\selenium-remote-driver-4.1.2.jar;C:\Users\schalak\.m2\repository\com\beust\jcommander\1.82\jcommander-1.82.jar;C:\Users\schalak\.m2\repository\io\netty\netty-buffer\4.1.73.Final\netty-buffer-4.1.73.Final.jar;C:\Users\schalak\.m2\repository\io\netty\netty-codec-http\4.1.73.Final\netty-codec-http-4.1.73.Final.jar;C:\Users\schalak\.m2\repository\io\netty\netty-codec\4.1.73.Final\netty-codec-4.1.73.Final.jar;C:\Users\schalak\.m2\repository\io\netty\netty-handler\4.1.73.Final\netty-handler-4.1.73.Final.jar;C:\Users\schalak\.m2\repository\io\netty\netty-tcnative-classes\2.0.46.Final\netty-tcnative-classes-2.0.46.Final.jar;C:\Users\schalak\.m2\repository\io\netty\netty-common\4.1.73.Final\netty-common-4.1.73.Final.jar;C:\Users\schalak\.m2\repository\io\netty\netty-transport-classes-epoll\4.1.73.Final\netty-transport-classes-epoll-4.1.73.Final.jar;C:\Users\schalak\.m2\repository\io\netty\netty-transport-classes-kqueue\4.1.73.Final\netty-transport-classes-kqueue-4.1.73.Final.jar;C:\Users\schalak\.m2\repository\io\netty\netty-transport-native-epoll\4.1.73.Final\netty-transport-native-epoll-4.1.73.Final.jar;C:\Users\schalak\.m2\repository\io\netty\netty-transport-native-kqueue\4.1.73.Final\netty-transport-native-kqueue-4.1.73.Final.jar;C:\Users\schalak\.m2\repository\io\netty\netty-transport-native-unix-common\4.1.73.Final\netty-transport-native-unix-common-4.1.73.Final.jar;C:\Users\schalak\.m2\repository\io\netty\netty-transport\4.1.73.Final\netty-transport-4.1.73.Final.jar;C:\Users\schalak\.m2\repository\io\netty\netty-resolver\4.1.73.Final\netty-resolver-4.1.73.Final.jar;C:\Users\schalak\.m2\repository\io\opentelemetry\opentelemetry-api\1.10.1\opentelemetry-api-1.10.1.jar;C:\Users\schalak\.m2\repository\io\opentelemetry\opentelemetry-context\1.10.1\opentelemetry-context-1.10.1.jar;C:\Users\schalak\.m2\repository\io\opentelemetry\opentelemetry-exporter-logging\1.10.1\opentelemetry-exporter-logging-1.10.1.jar;C:\Users\schalak\.m2\repository\io\opentelemetry\opentelemetry-sdk-metrics\1.10.1-alpha\opentelemetry-sdk-metrics-1.10.1-alpha.jar;C:\Users\schalak\.m2\repository\io\opentelemetry\opentelemetry-sdk-logs\1.10.1-alpha\opentelemetry-sdk-logs-1.10.1-alpha.jar;C:\Users\schalak\.m2\repository\io\opentelemetry\opentelemetry-sdk-common\1.10.1\opentelemetry-sdk-common-1.10.1.jar;C:\Users\schalak\.m2\repository\io\opentelemetry\opentelemetry-sdk-extension-autoconfigure-spi\1.10.1\opentelemetry-sdk-extension-autoconfigure-spi-1.10.1.jar;C:\Users\schalak\.m2\repository\io\opentelemetry\opentelemetry-sdk-extension-autoconfigure\1.10.1-alpha\opentelemetry-sdk-extension-autoconfigure-1.10.1-alpha.jar;C:\Users\schalak\.m2\repository\io\opentelemetry\opentelemetry-sdk-trace\1.10.1\opentelemetry-sdk-trace-1.10.1.jar;C:\Users\schalak\.m2\repository\io\opentelemetry\opentelemetry-sdk\1.10.1\opentelemetry-sdk-1.10.1.jar;C:\Users\schalak\.m2\repository\io\opentelemetry\opentelemetry-semconv\1.10.1-alpha\opentelemetry-semconv-1.10.1-alpha.jar;C:\Users\schalak\.m2\repository\io\ous\jtoml\2.0.0\jtoml-2.0.0.jar;C:\Users\schalak\.m2\repository\net\bytebuddy\byte-buddy\1.12.7\byte-buddy-1.12.7.jar;C:\Users\schalak\.m2\repository\org\apache\commons\commons-exec\1.3\commons-exec-1.3.jar;C:\Users\schalak\.m2\repository\org\asynchttpclient\async-http-client\2.12.3\async-http-client-2.12.3.jar;C:\Users\schalak\.m2\repository\org\asynchttpclient\async-http-client-netty-utils\2.12.3\async-http-client-netty-utils-2.12.3.jar;C:\Users\schalak\.m2\repository\io\netty\netty-codec-socks\4.1.60.Final\netty-codec-socks-4.1.60.Final.jar;C:\Users\schalak\.m2\repository\io\netty\netty-handler-proxy\4.1.60.Final\netty-handler-proxy-4.1.60.Final.jar;C:\Users\schalak\.m2\repository\io\netty\netty-transport-native-epoll\4.1.60.Final\netty-transport-native-epoll-4.1.60.Final-linux-x86_64.jar;C:\Users\schalak\.m2\repository\io\netty\netty-transport-native-kqueue\4.1.60.Final\netty-transport-native-kqueue-4.1.60.Final-osx-x86_64.jar;C:\Users\schalak\.m2\repository\org\reactivestreams\reactive-streams\1.0.3\reactive-streams-1.0.3.jar;C:\Users\schalak\.m2\repository\com\typesafe\netty\netty-reactive-streams\2.0.4\netty-reactive-streams-2.0.4.jar;C:\Users\schalak\.m2\repository\com\sun\activation\jakarta.activation\1.2.2\jakarta.activation-1.2.2.jar;C:\Users\schalak\.m2\repository\org\seleniumhq\selenium\selenium-http\4.1.2\selenium-http-4.1.2.jar;C:\Users\schalak\.m2\repository\net\jodah\failsafe\2.4.4\failsafe-2.4.4.jar;C:\Users\schalak\.m2\repository\org\seleniumhq\selenium\selenium-safari-driver\4.1.2\selenium-safari-driver-4.1.2.jar;C:\Users\schalak\.m2\repository\org\seleniumhq\selenium\selenium-support\4.1.2\selenium-support-4.1.2.jar;C:\Users\schalak\.m2\repository\org\junit\jupiter\junit-jupiter-api\5.8.2\junit-jupiter-api-5.8.2.jar;C:\Users\schalak\.m2\repository\org\opentest4j\opentest4j\1.2.0\opentest4j-1.2.0.jar;C:\Users\schalak\.m2\repository\org\junit\platform\junit-platform-commons\1.8.2\junit-platform-commons-1.8.2.jar;C:\Users\schalak\.m2\repository\org\apiguardian\apiguardian-api\1.1.2\apiguardian-api-1.1.2.jar;C:\Users\schalak\.m2\repository\ch\qos\logback\logback-classic\1.2.11\logback-classic-1.2.11.jar;C:\Users\schalak\.m2\repository\ch\qos\logback\logback-core\1.2.11\logback-core-1.2.11.jar;C:\Users\schalak\.m2\repository\org\slf4j\slf4j-api\1.7.32\slf4j-api-1.7.32.jar;C:\Users\schalak\.m2\repository\io\github\bonigarcia\webdrivermanager\5.1.0\webdrivermanager-5.1.0.jar;C:\Users\schalak\.m2\repository\com\google\code\gson\gson\2.9.0\gson-2.9.0.jar;C:\Users\schalak\.m2\repository\com\github\docker-java\docker-java\3.2.13\docker-java-3.2.13.jar;C:\Users\schalak\.m2\repository\com\github\docker-java\docker-java-core\3.2.13\docker-java-core-3.2.13.jar;C:\Users\schalak\.m2\repository\com\github\docker-java\docker-java-api\3.2.13\docker-java-api-3.2.13.jar;C:\Users\schalak\.m2\repository\com\fasterxml\jackson\core\jackson-annotations\2.10.3\jackson-annotations-2.10.3.jar;C:\Users\schalak\.m2\repository\commons-io\commons-io\2.6\commons-io-2.6.jar;C:\Users\schalak\.m2\repository\org\apache\commons\commons-compress\1.21\commons-compress-1.21.jar;C:\Users\schalak\.m2\repository\com\fasterxml\jackson\core\jackson-databind\2.10.3\jackson-databind-2.10.3.jar;C:\Users\schalak\.m2\repository\com\fasterxml\jackson\core\jackson-core\2.10.3\jackson-core-2.10.3.jar;C:\Users\schalak\.m2\repository\org\bouncycastle\bcpkix-jdk15on\1.64\bcpkix-jdk15on-1.64.jar;C:\Users\schalak\.m2\repository\org\bouncycastle\bcprov-jdk15on\1.64\bcprov-jdk15on-1.64.jar;C:\Users\schalak\.m2\repository\org\slf4j\jcl-over-slf4j\1.7.30\jcl-over-slf4j-1.7.30.jar;C:\Users\schalak\.m2\repository\com\github\docker-java\docker-java-transport-httpclient5\3.2.13\docker-java-transport-httpclient5-3.2.13.jar;C:\Users\schalak\.m2\repository\com\github\docker-java\docker-java-transport\3.2.13\docker-java-transport-3.2.13.jar;C:\Users\schalak\.m2\repository\org\apache\httpcomponents\client5\httpclient5\5.0.3\httpclient5-5.0.3.jar;C:\Users\schalak\.m2\repository\org\apache\httpcomponents\core5\httpcore5\5.0.2\httpcore5-5.0.2.jar;C:\Users\schalak\.m2\repository\commons-codec\commons-codec\1.13\commons-codec-1.13.jar;C:\Users\schalak\.m2\repository\net\java\dev\jna\jna\5.8.0\jna-5.8.0.jar;C:\Users\schalak\.m2\repository\org\brotli\dec\0.1.2\dec-0.1.2.jar;C:\Users\schalak\.m2\repository\org\apache\commons\commons-lang3\3.12.0\commons-lang3-3.12.0.jar;C:\Users\schalak\.m2\repository\org\junit\jupiter\junit-jupiter-engine\5.8.2\junit-jupiter-engine-5.8.2.jar;C:\Users\schalak\.m2\repository\org\junit\platform\junit-platform-engine\1.8.2\junit-platform-engine-1.8.2.jar;"/>
    <property name="java.vm.vendor" value="Oracle Corporation"/>
    <property name="sun.arch.data.model" value="64"/>
    <property name="user.variant" value=""/>
    <property name="java.vendor.url" value="https://java.oracle.com/"/>
    <property name="user.timezone" value="Europe/Sofia"/>
    <property name="user.country.format" value="BG"/>
    <property name="os.name" value="Windows 8.1"/>
    <property name="java.vm.specification.version" value="18"/>
    <property name="sun.java.launcher" value="SUN_STANDARD"/>
    <property name="user.country" value="GB"/>
    <property name="sun.boot.library.path" value="C:\Program Files\Java\jdk-18\bin"/>
    <property name="sun.java.command" value="C:\Users\schalak\AppData\Local\Temp\surefire11690313682753361556\surefirebooter12616827936508316878.jar C:\Users\schalak\AppData\Local\Temp\surefire11690313682753361556 2022-03-25T20-07-55_269-jvmRun1 surefire9766741381648929778tmp surefire_017083802161690694496tmp"/>
    <property name="jdk.debug" value="release"/>
    <property name="surefire.test.class.path" value="C:\Users\schalak\IdeaProjects\move-automation-framework\target\test-classes;C:\Users\schalak\IdeaProjects\move-automation-framework\target\classes;C:\Users\schalak\.m2\repository\org\seleniumhq\selenium\selenium-java\4.1.2\selenium-java-4.1.2.jar;C:\Users\schalak\.m2\repository\org\seleniumhq\selenium\selenium-api\4.1.2\selenium-api-4.1.2.jar;C:\Users\schalak\.m2\repository\org\seleniumhq\selenium\selenium-chrome-driver\4.1.2\selenium-chrome-driver-4.1.2.jar;C:\Users\schalak\.m2\repository\com\google\auto\service\auto-service-annotations\1.0.1\auto-service-annotations-1.0.1.jar;C:\Users\schalak\.m2\repository\com\google\auto\service\auto-service\1.0.1\auto-service-1.0.1.jar;C:\Users\schalak\.m2\repository\com\google\auto\auto-common\1.2\auto-common-1.2.jar;C:\Users\schalak\.m2\repository\com\google\guava\guava\31.0.1-jre\guava-31.0.1-jre.jar;C:\Users\schalak\.m2\repository\com\google\guava\failureaccess\1.0.1\failureaccess-1.0.1.jar;C:\Users\schalak\.m2\repository\com\google\guava\listenablefuture\9999.0-empty-to-avoid-conflict-with-guava\listenablefuture-9999.0-empty-to-avoid-conflict-with-guava.jar;C:\Users\schalak\.m2\repository\com\google\code\findbugs\jsr305\3.0.2\jsr305-3.0.2.jar;C:\Users\schalak\.m2\repository\org\checkerframework\checker-qual\3.12.0\checker-qual-3.12.0.jar;C:\Users\schalak\.m2\repository\com\google\errorprone\error_prone_annotations\2.7.1\error_prone_annotations-2.7.1.jar;C:\Users\schalak\.m2\repository\com\google\j2objc\j2objc-annotations\1.3\j2objc-annotations-1.3.jar;C:\Users\schalak\.m2\repository\org\seleniumhq\selenium\selenium-chromium-driver\4.1.2\selenium-chromium-driver-4.1.2.jar;C:\Users\schalak\.m2\repository\org\seleniumhq\selenium\selenium-json\4.1.2\selenium-json-4.1.2.jar;C:\Users\schalak\.m2\repository\org\seleniumhq\selenium\selenium-devtools-v85\4.1.2\selenium-devtools-v85-4.1.2.jar;C:\Users\schalak\.m2\repository\org\seleniumhq\selenium\selenium-devtools-v95\4.1.2\selenium-devtools-v95-4.1.2.jar;C:\Users\schalak\.m2\repository\org\seleniumhq\selenium\selenium-devtools-v96\4.1.2\selenium-devtools-v96-4.1.2.jar;C:\Users\schalak\.m2\repository\org\seleniumhq\selenium\selenium-devtools-v97\4.1.2\selenium-devtools-v97-4.1.2.jar;C:\Users\schalak\.m2\repository\org\seleniumhq\selenium\selenium-edge-driver\4.1.2\selenium-edge-driver-4.1.2.jar;C:\Users\schalak\.m2\repository\org\seleniumhq\selenium\selenium-firefox-driver\4.1.2\selenium-firefox-driver-4.1.2.jar;C:\Users\schalak\.m2\repository\org\seleniumhq\selenium\selenium-firefox-xpi-driver\4.1.2\selenium-firefox-xpi-driver-4.1.2.jar;C:\Users\schalak\.m2\repository\org\seleniumhq\selenium\selenium-ie-driver\4.1.2\selenium-ie-driver-4.1.2.jar;C:\Users\schalak\.m2\repository\org\seleniumhq\selenium\selenium-opera-driver\4.1.2\selenium-opera-driver-4.1.2.jar;C:\Users\schalak\.m2\repository\org\seleniumhq\selenium\selenium-remote-driver\4.1.2\selenium-remote-driver-4.1.2.jar;C:\Users\schalak\.m2\repository\com\beust\jcommander\1.82\jcommander-1.82.jar;C:\Users\schalak\.m2\repository\io\netty\netty-buffer\4.1.73.Final\netty-buffer-4.1.73.Final.jar;C:\Users\schalak\.m2\repository\io\netty\netty-codec-http\4.1.73.Final\netty-codec-http-4.1.73.Final.jar;C:\Users\schalak\.m2\repository\io\netty\netty-codec\4.1.73.Final\netty-codec-4.1.73.Final.jar;C:\Users\schalak\.m2\repository\io\netty\netty-handler\4.1.73.Final\netty-handler-4.1.73.Final.jar;C:\Users\schalak\.m2\repository\io\netty\netty-tcnative-classes\2.0.46.Final\netty-tcnative-classes-2.0.46.Final.jar;C:\Users\schalak\.m2\repository\io\netty\netty-common\4.1.73.Final\netty-common-4.1.73.Final.jar;C:\Users\schalak\.m2\repository\io\netty\netty-transport-classes-epoll\4.1.73.Final\netty-transport-classes-epoll-4.1.73.Final.jar;C:\Users\schalak\.m2\repository\io\netty\netty-transport-classes-kqueue\4.1.73.Final\netty-transport-classes-kqueue-4.1.73.Final.jar;C:\Users\schalak\.m2\repository\io\netty\netty-transport-native-epoll\4.1.73.Final\netty-transport-native-epoll-4.1.73.Final.jar;C:\Users\schalak\.m2\repository\io\netty\netty-transport-native-kqueue\4.1.73.Final\netty-transport-native-kqueue-4.1.73.Final.jar;C:\Users\schalak\.m2\repository\io\netty\netty-transport-native-unix-common\4.1.73.Final\netty-transport-native-unix-common-4.1.73.Final.jar;C:\Users\schalak\.m2\repository\io\netty\netty-transport\4.1.73.Final\netty-transport-4.1.73.Final.jar;C:\Users\schalak\.m2\repository\io\netty\netty-resolver\4.1.73.Final\netty-resolver-4.1.73.Final.jar;C:\Users\schalak\.m2\repository\io\opentelemetry\opentelemetry-api\1.10.1\opentelemetry-api-1.10.1.jar;C:\Users\schalak\.m2\repository\io\opentelemetry\opentelemetry-context\1.10.1\opentelemetry-context-1.10.1.jar;C:\Users\schalak\.m2\repository\io\opentelemetry\opentelemetry-exporter-logging\1.10.1\opentelemetry-exporter-logging-1.10.1.jar;C:\Users\schalak\.m2\repository\io\opentelemetry\opentelemetry-sdk-metrics\1.10.1-alpha\opentelemetry-sdk-metrics-1.10.1-alpha.jar;C:\Users\schalak\.m2\repository\io\opentelemetry\opentelemetry-sdk-logs\1.10.1-alpha\opentelemetry-sdk-logs-1.10.1-alpha.jar;C:\Users\schalak\.m2\repository\io\opentelemetry\opentelemetry-sdk-common\1.10.1\opentelemetry-sdk-common-1.10.1.jar;C:\Users\schalak\.m2\repository\io\opentelemetry\opentelemetry-sdk-extension-autoconfigure-spi\1.10.1\opentelemetry-sdk-extension-autoconfigure-spi-1.10.1.jar;C:\Users\schalak\.m2\repository\io\opentelemetry\opentelemetry-sdk-extension-autoconfigure\1.10.1-alpha\opentelemetry-sdk-extension-autoconfigure-1.10.1-alpha.jar;C:\Users\schalak\.m2\repository\io\opentelemetry\opentelemetry-sdk-trace\1.10.1\opentelemetry-sdk-trace-1.10.1.jar;C:\Users\schalak\.m2\repository\io\opentelemetry\opentelemetry-sdk\1.10.1\opentelemetry-sdk-1.10.1.jar;C:\Users\schalak\.m2\repository\io\opentelemetry\opentelemetry-semconv\1.10.1-alpha\opentelemetry-semconv-1.10.1-alpha.jar;C:\Users\schalak\.m2\repository\io\ous\jtoml\2.0.0\jtoml-2.0.0.jar;C:\Users\schalak\.m2\repository\net\bytebuddy\byte-buddy\1.12.7\byte-buddy-1.12.7.jar;C:\Users\schalak\.m2\repository\org\apache\commons\commons-exec\1.3\commons-exec-1.3.jar;C:\Users\schalak\.m2\repository\org\asynchttpclient\async-http-client\2.12.3\async-http-client-2.12.3.jar;C:\Users\schalak\.m2\repository\org\asynchttpclient\async-http-client-netty-utils\2.12.3\async-http-client-netty-utils-2.12.3.jar;C:\Users\schalak\.m2\repository\io\netty\netty-codec-socks\4.1.60.Final\netty-codec-socks-4.1.60.Final.jar;C:\Users\schalak\.m2\repository\io\netty\netty-handler-proxy\4.1.60.Final\netty-handler-proxy-4.1.60.Final.jar;C:\Users\schalak\.m2\repository\io\netty\netty-transport-native-epoll\4.1.60.Final\netty-transport-native-epoll-4.1.60.Final-linux-x86_64.jar;C:\Users\schalak\.m2\repository\io\netty\netty-transport-native-kqueue\4.1.60.Final\netty-transport-native-kqueue-4.1.60.Final-osx-x86_64.jar;C:\Users\schalak\.m2\repository\org\reactivestreams\reactive-streams\1.0.3\reactive-streams-1.0.3.jar;C:\Users\schalak\.m2\repository\com\typesafe\netty\netty-reactive-streams\2.0.4\netty-reactive-streams-2.0.4.jar;C:\Users\schalak\.m2\repository\com\sun\activation\jakarta.activation\1.2.2\jakarta.activation-1.2.2.jar;C:\Users\schalak\.m2\repository\org\seleniumhq\selenium\selenium-http\4.1.2\selenium-http-4.1.2.jar;C:\Users\schalak\.m2\repository\net\jodah\failsafe\2.4.4\failsafe-2.4.4.jar;C:\Users\schalak\.m2\repository\org\seleniumhq\selenium\selenium-safari-driver\4.1.2\selenium-safari-driver-4.1.2.jar;C:\Users\schalak\.m2\repository\org\seleniumhq\selenium\selenium-support\4.1.2\selenium-support-4.1.2.jar;C:\Users\schalak\.m2\repository\org\junit\jupiter\junit-jupiter-api\5.8.2\junit-jupiter-api-5.8.2.jar;C:\Users\schalak\.m2\repository\org\opentest4j\opentest4j\1.2.0\opentest4j-1.2.0.jar;C:\Users\schalak\.m2\repository\org\junit\platform\junit-platform-commons\1.8.2\junit-platform-commons-1.8.2.jar;C:\Users\schalak\.m2\repository\org\apiguardian\apiguardian-api\1.1.2\apiguardian-api-1.1.2.jar;C:\Users\schalak\.m2\repository\ch\qos\logback\logback-classic\1.2.11\logback-classic-1.2.11.jar;C:\Users\schalak\.m2\repository\ch\qos\logback\logback-core\1.2.11\logback-core-1.2.11.jar;C:\Users\schalak\.m2\repository\org\slf4j\slf4j-api\1.7.32\slf4j-api-1.7.32.jar;C:\Users\schalak\.m2\repository\io\github\bonigarcia\webdrivermanager\5.1.0\webdrivermanager-5.1.0.jar;C:\Users\schalak\.m2\repository\com\google\code\gson\gson\2.9.0\gson-2.9.0.jar;C:\Users\schalak\.m2\repository\com\github\docker-java\docker-java\3.2.13\docker-java-3.2.13.jar;C:\Users\schalak\.m2\repository\com\github\docker-java\docker-java-core\3.2.13\docker-java-core-3.2.13.jar;C:\Users\schalak\.m2\repository\com\github\docker-java\docker-java-api\3.2.13\docker-java-api-3.2.13.jar;C:\Users\schalak\.m2\repository\com\fasterxml\jackson\core\jackson-annotations\2.10.3\jackson-annotations-2.10.3.jar;C:\Users\schalak\.m2\repository\commons-io\commons-io\2.6\commons-io-2.6.jar;C:\Users\schalak\.m2\repository\org\apache\commons\commons-compress\1.21\commons-compress-1.21.jar;C:\Users\schalak\.m2\repository\com\fasterxml\jackson\core\jackson-databind\2.10.3\jackson-databind-2.10.3.jar;C:\Users\schalak\.m2\repository\com\fasterxml\jackson\core\jackson-core\2.10.3\jackson-core-2.10.3.jar;C:\Users\schalak\.m2\repository\org\bouncycastle\bcpkix-jdk15on\1.64\bcpkix-jdk15on-1.64.jar;C:\Users\schalak\.m2\repository\org\bouncycastle\bcprov-jdk15on\1.64\bcprov-jdk15on-1.64.jar;C:\Users\schalak\.m2\repository\org\slf4j\jcl-over-slf4j\1.7.30\jcl-over-slf4j-1.7.30.jar;C:\Users\schalak\.m2\repository\com\github\docker-java\docker-java-transport-httpclient5\3.2.13\docker-java-transport-httpclient5-3.2.13.jar;C:\Users\schalak\.m2\repository\com\github\docker-java\docker-java-transport\3.2.13\docker-java-transport-3.2.13.jar;C:\Users\schalak\.m2\repository\org\apache\httpcomponents\client5\httpclient5\5.0.3\httpclient5-5.0.3.jar;C:\Users\schalak\.m2\repository\org\apache\httpcomponents\core5\httpcore5\5.0.2\httpcore5-5.0.2.jar;C:\Users\schalak\.m2\repository\commons-codec\commons-codec\1.13\commons-codec-1.13.jar;C:\Users\schalak\.m2\repository\net\java\dev\jna\jna\5.8.0\jna-5.8.0.jar;C:\Users\schalak\.m2\repository\org\brotli\dec\0.1.2\dec-0.1.2.jar;C:\Users\schalak\.m2\repository\org\apache\commons\commons-lang3\3.12.0\commons-lang3-3.12.0.jar;C:\Users\schalak\.m2\repository\org\junit\jupiter\junit-jupiter-engine\5.8.2\junit-jupiter-engine-5.8.2.jar;C:\Users\schalak\.m2\repository\org\junit\platform\junit-platform-engine\1.8.2\junit-platform-engine-1.8.2.jar;"/>
    <property name="sun.cpu.endian" value="little"/>
    <property name="user.home" value="C:\Users\schalak"/>
    <property name="user.language" value="en"/>
    <property name="java.specification.vendor" value="Oracle Corporation"/>
    <property name="java.version.date" value="2022-03-22"/>
    <property name="java.home" value="C:\Program Files\Java\jdk-18"/>
    <property name="file.separator" value="\"/>
    <property name="basedir" value="C:\Users\schalak\IdeaProjects\move-automation-framework"/>
    <property name="java.vm.compressedOopsMode" value="32-bit"/>
    <property name="line.separator" value="&#10;"/>
    <property name="java.vm.specification.vendor" value="Oracle Corporation"/>
    <property name="java.specification.name" value="Java Platform API Specification"/>
    <property name="surefire.real.class.path" value="C:\Users\schalak\AppData\Local\Temp\surefire11690313682753361556\surefirebooter12616827936508316878.jar"/>
    <property name="user.script" value=""/>
    <property name="sun.management.compiler" value="HotSpot 64-Bit Tiered Compilers"/>
    <property name="java.runtime.version" value="18+36-2087"/>
    <property name="user.name" value="schalak"/>
    <property name="path.separator" value=";"/>
    <property name="os.version" value="6.3"/>
    <property name="java.runtime.name" value="Java(TM) SE Runtime Environment"/>
    <property name="file.encoding" value="UTF-8"/>
    <property name="java.vm.name" value="Java HotSpot(TM) 64-Bit Server VM"/>
    <property name="localRepository" value="C:\Users\schalak\.m2\repository"/>
    <property name="java.vendor.url.bug" value="https://bugreport.java.com/bugreport/"/>
    <property name="java.io.tmpdir" value="C:\Users\schalak\AppData\Local\Temp\"/>
    <property name="java.version" value="18"/>
    <property name="user.dir" value="C:\Users\schalak\IdeaProjects\move-automation-framework"/>
    <property name="os.arch" value="amd64"/>
    <property name="java.vm.specification.name" value="Java Virtual Machine Specification"/>
    <property name="user.language.format" value="bg"/>
    <property name="sun.os.patch.level" value=""/>
    <property name="native.encoding" value="Cp1251"/>
    <property name="java.library.path" value="C:\Program Files\Java\jdk-18\bin;C:\Windows\Sun\Java\bin;C:\Windows\system32;C:\Windows;C:\Program Files\Common Files\Oracle\Java\javapath;C:\Windows\system32;C:\Windows;C:\Windows\System32\Wbem;C:\Windows\System32\WindowsPowerShell\v1.0\;C:\Program Files (x86)\NVIDIA Corporation\PhysX\Common;C:\Program Files\nodejs\;C:\Program Files\dotnet\;C:\Program Files\Git\cmd;C:\Program Files (x86)\dotnet\;C:\Program Files\Microsoft VS Code\bin;C:\Program Files\Java\jdk-18\bin;C:\Program Files\apache-maven\bin;C:\Users\schalak\AppData\Roaming\npm;C:\Program Files\JetBrains\IntelliJ IDEA Community Edition 2021.1.3\bin;;C:\Program Files\JetBrains\WebStorm 2021.2.1\bin;;C:\Program Files\JetBrains\IntelliJ IDEA 2021.3.2\bin;;."/>
    <property name="java.vm.info" value="mixed mode, sharing"/>
    <property name="java.vendor" value="Oracle Corporation"/>
    <property name="java.vm.version" value="18+36-2087"/>
    <property name="sun.io.unicode.encoding" value="UnicodeLittle"/>
    <property name="java.class.version" value="62.0"/>
  </properties>
  <testcase name="verifyErrorMessageForUploadingSameFile" classname="pages.HomePageTest" time="12.222">
    <system-out><![CDATA[20:07:57.458 [main] DEBUG io.github.bonigarcia.wdm.cache.ResolutionCache - Removing resolution chrome=99 from cache (expired on Fri Mar 25 20:02:32 EET 2022)
20:07:57.496 [main] DEBUG org.apache.hc.client5.http.impl.classic.InternalHttpClient - ex-00000001: preparing request execution
20:07:57.502 [main] DEBUG org.apache.hc.client5.http.protocol.RequestAddCookies - Cookie spec selected: strict
20:07:57.508 [main] DEBUG org.apache.hc.client5.http.protocol.RequestAuthCache - Auth cache not set in the context
20:07:57.508 [main] DEBUG org.apache.hc.client5.http.impl.classic.ProtocolExec - ex-00000001: target auth state: UNCHALLENGED
20:07:57.509 [main] DEBUG org.apache.hc.client5.http.impl.classic.ProtocolExec - ex-00000001: proxy auth state: UNCHALLENGED
20:07:57.509 [main] DEBUG org.apache.hc.client5.http.impl.classic.ConnectExec - ex-00000001: acquiring connection with route {s}->https://raw.githubusercontent.com:443
20:07:57.509 [main] DEBUG org.apache.hc.client5.http.impl.classic.InternalHttpClient - ex-00000001: acquiring endpoint (3 MINUTES)
20:07:57.511 [main] DEBUG org.apache.hc.client5.http.impl.io.PoolingHttpClientConnectionManager - ex-00000001: endpoint lease request (3 MINUTES) [route: {s}->https://raw.githubusercontent.com:443][total available: 0; route allocated: 0 of 5; total allocated: 0 of 25]
20:07:57.516 [main] DEBUG org.apache.hc.client5.http.impl.io.PoolingHttpClientConnectionManager - ex-00000001: endpoint leased [route: {s}->https://raw.githubusercontent.com:443][total available: 0; route allocated: 1 of 5; total allocated: 1 of 25]
20:07:57.529 [main] DEBUG org.apache.hc.client5.http.impl.io.PoolingHttpClientConnectionManager - ex-00000001: acquired ep-00000000
20:07:57.529 [main] DEBUG org.apache.hc.client5.http.impl.classic.InternalHttpClient - ex-00000001: acquired endpoint ep-00000000
20:07:57.529 [main] DEBUG org.apache.hc.client5.http.impl.classic.ConnectExec - ex-00000001: opening connection {s}->https://raw.githubusercontent.com:443
20:07:57.531 [main] DEBUG org.apache.hc.client5.http.impl.classic.InternalHttpClient - ep-00000000: connecting endpoint (30 SECONDS)
20:07:57.531 [main] DEBUG org.apache.hc.client5.http.impl.io.PoolingHttpClientConnectionManager - ep-00000000: connecting endpoint to https://raw.githubusercontent.com:443 (30 SECONDS)
20:07:57.556 [main] DEBUG org.apache.hc.client5.http.impl.io.DefaultHttpClientConnectionOperator - http-outgoing-0: connecting to raw.githubusercontent.com/185.199.110.133:443
20:07:57.556 [main] DEBUG org.apache.hc.client5.http.ssl.SSLConnectionSocketFactory - Connecting socket to raw.githubusercontent.com/185.199.110.133:443 with timeout 30 SECONDS
20:07:57.669 [main] DEBUG org.apache.hc.client5.http.ssl.SSLConnectionSocketFactory - Enabled protocols: [TLSv1.3, TLSv1.2]
20:07:57.669 [main] DEBUG org.apache.hc.client5.http.ssl.SSLConnectionSocketFactory - Enabled cipher suites: [TLS_AES_256_GCM_SHA384, TLS_AES_128_GCM_SHA256, TLS_CHACHA20_POLY1305_SHA256, TLS_ECDHE_ECDSA_WITH_AES_256_GCM_SHA384, TLS_ECDHE_ECDSA_WITH_AES_128_GCM_SHA256, TLS_ECDHE_ECDSA_WITH_CHACHA20_POLY1305_SHA256, TLS_ECDHE_RSA_WITH_AES_256_GCM_SHA384, TLS_ECDHE_RSA_WITH_CHACHA20_POLY1305_SHA256, TLS_ECDHE_RSA_WITH_AES_128_GCM_SHA256, TLS_DHE_RSA_WITH_AES_256_GCM_SHA384, TLS_DHE_RSA_WITH_CHACHA20_POLY1305_SHA256, TLS_DHE_DSS_WITH_AES_256_GCM_SHA384, TLS_DHE_RSA_WITH_AES_128_GCM_SHA256, TLS_DHE_DSS_WITH_AES_128_GCM_SHA256, TLS_ECDHE_ECDSA_WITH_AES_256_CBC_SHA384, TLS_ECDHE_RSA_WITH_AES_256_CBC_SHA384, TLS_ECDHE_ECDSA_WITH_AES_128_CBC_SHA256, TLS_ECDHE_RSA_WITH_AES_128_CBC_SHA256, TLS_DHE_RSA_WITH_AES_256_CBC_SHA256, TLS_DHE_DSS_WITH_AES_256_CBC_SHA256, TLS_DHE_RSA_WITH_AES_128_CBC_SHA256, TLS_DHE_DSS_WITH_AES_128_CBC_SHA256, TLS_ECDH_ECDSA_WITH_AES_256_GCM_SHA384, TLS_ECDH_RSA_WITH_AES_256_GCM_SHA384, TLS_ECDH_ECDSA_WITH_AES_128_GCM_SHA256, TLS_ECDH_RSA_WITH_AES_128_GCM_SHA256, TLS_ECDH_ECDSA_WITH_AES_256_CBC_SHA384, TLS_ECDH_RSA_WITH_AES_256_CBC_SHA384, TLS_ECDH_ECDSA_WITH_AES_128_CBC_SHA256, TLS_ECDH_RSA_WITH_AES_128_CBC_SHA256, TLS_ECDHE_ECDSA_WITH_AES_256_CBC_SHA, TLS_ECDHE_RSA_WITH_AES_256_CBC_SHA, TLS_ECDHE_ECDSA_WITH_AES_128_CBC_SHA, TLS_ECDHE_RSA_WITH_AES_128_CBC_SHA, TLS_DHE_RSA_WITH_AES_256_CBC_SHA, TLS_DHE_DSS_WITH_AES_256_CBC_SHA, TLS_DHE_RSA_WITH_AES_128_CBC_SHA, TLS_DHE_DSS_WITH_AES_128_CBC_SHA, TLS_ECDH_ECDSA_WITH_AES_256_CBC_SHA, TLS_ECDH_RSA_WITH_AES_256_CBC_SHA, TLS_ECDH_ECDSA_WITH_AES_128_CBC_SHA, TLS_ECDH_RSA_WITH_AES_128_CBC_SHA, TLS_RSA_WITH_AES_256_GCM_SHA384, TLS_RSA_WITH_AES_128_GCM_SHA256, TLS_RSA_WITH_AES_256_CBC_SHA256, TLS_RSA_WITH_AES_128_CBC_SHA256, TLS_RSA_WITH_AES_256_CBC_SHA, TLS_RSA_WITH_AES_128_CBC_SHA, TLS_EMPTY_RENEGOTIATION_INFO_SCSV]
20:07:57.670 [main] DEBUG org.apache.hc.client5.http.ssl.SSLConnectionSocketFactory - Starting handshake
20:07:57.884 [main] DEBUG org.apache.hc.client5.http.ssl.SSLConnectionSocketFactory - Secure session established
20:07:57.884 [main] DEBUG org.apache.hc.client5.http.ssl.SSLConnectionSocketFactory -  negotiated protocol: TLSv1.3
20:07:57.884 [main] DEBUG org.apache.hc.client5.http.ssl.SSLConnectionSocketFactory -  negotiated cipher suite: TLS_AES_256_GCM_SHA384
20:07:57.884 [main] DEBUG org.apache.hc.client5.http.ssl.SSLConnectionSocketFactory -  peer principal: CN=*.github.io, O="GitHub, Inc.", L=San Francisco, ST=California, C=US
20:07:57.886 [main] DEBUG org.apache.hc.client5.http.ssl.SSLConnectionSocketFactory -  peer alternative names: [*.github.io, github.com, *.github.com, www.github.com, github.io, githubusercontent.com, *.githubusercontent.com]
20:07:57.886 [main] DEBUG org.apache.hc.client5.http.ssl.SSLConnectionSocketFactory -  issuer principal: CN=DigiCert TLS RSA SHA256 2020 CA1, O=DigiCert Inc, C=US
20:07:57.887 [main] DEBUG org.apache.hc.client5.http.impl.io.DefaultHttpClientConnectionOperator - http-outgoing-0: connection established 192.168.0.107:60175<->185.199.110.133:443
20:07:57.888 [main] DEBUG org.apache.hc.client5.http.impl.io.PoolingHttpClientConnectionManager - ep-00000000: connected http-outgoing-0
20:07:57.888 [main] DEBUG org.apache.hc.client5.http.impl.classic.InternalHttpClient - ep-00000000: endpoint connected
20:07:57.888 [main] DEBUG org.apache.hc.client5.http.impl.classic.MainClientExec - ex-00000001: executing GET /bonigarcia/webdrivermanager/master/src/main/resources/commands.properties HTTP/1.1
20:07:57.889 [main] DEBUG org.apache.hc.client5.http.impl.classic.InternalHttpClient - ep-00000000: start execution ex-00000001
20:07:57.889 [main] DEBUG org.apache.hc.client5.http.impl.io.PoolingHttpClientConnectionManager - ep-00000000: executing exchange ex-00000001 over http-outgoing-0
20:07:57.890 [main] DEBUG org.apache.hc.client5.http.headers - http-outgoing-0 >> GET /bonigarcia/webdrivermanager/master/src/main/resources/commands.properties HTTP/1.1
20:07:57.890 [main] DEBUG org.apache.hc.client5.http.headers - http-outgoing-0 >> user-agent: Apache-HttpClient/5.0
20:07:57.890 [main] DEBUG org.apache.hc.client5.http.headers - http-outgoing-0 >> accept-encoding: gzip, deflate, br
20:07:57.890 [main] DEBUG org.apache.hc.client5.http.headers - http-outgoing-0 >> cache-control: max-age=0
20:07:57.890 [main] DEBUG org.apache.hc.client5.http.headers - http-outgoing-0 >> connection: keep-alive
20:07:57.890 [main] DEBUG org.apache.hc.client5.http.headers - http-outgoing-0 >> Host: raw.githubusercontent.com
20:07:57.890 [main] DEBUG org.apache.hc.client5.http.wire - http-outgoing-0 >> "GET /bonigarcia/webdrivermanager/master/src/main/resources/commands.properties HTTP/1.1[\r][\n]"
20:07:57.890 [main] DEBUG org.apache.hc.client5.http.wire - http-outgoing-0 >> "user-agent: Apache-HttpClient/5.0[\r][\n]"
20:07:57.890 [main] DEBUG org.apache.hc.client5.http.wire - http-outgoing-0 >> "accept-encoding: gzip, deflate, br[\r][\n]"
20:07:57.890 [main] DEBUG org.apache.hc.client5.http.wire - http-outgoing-0 >> "cache-control: max-age=0[\r][\n]"
20:07:57.890 [main] DEBUG org.apache.hc.client5.http.wire - http-outgoing-0 >> "connection: keep-alive[\r][\n]"
20:07:57.891 [main] DEBUG org.apache.hc.client5.http.wire - http-outgoing-0 >> "Host: raw.githubusercontent.com[\r][\n]"
20:07:57.891 [main] DEBUG org.apache.hc.client5.http.wire - http-outgoing-0 >> "[\r][\n]"
20:07:57.939 [main] DEBUG org.apache.hc.client5.http.wire - http-outgoing-0 << "HTTP/1.1 200 OK[\r][\n]"
20:07:57.939 [main] DEBUG org.apache.hc.client5.http.wire - http-outgoing-0 << "Connection: keep-alive[\r][\n]"
20:07:57.939 [main] DEBUG org.apache.hc.client5.http.wire - http-outgoing-0 << "Content-Length: 728[\r][\n]"
20:07:57.939 [main] DEBUG org.apache.hc.client5.http.wire - http-outgoing-0 << "Cache-Control: max-age=300[\r][\n]"
20:07:57.940 [main] DEBUG org.apache.hc.client5.http.wire - http-outgoing-0 << "Content-Security-Policy: default-src 'none'; style-src 'unsafe-inline'; sandbox[\r][\n]"
20:07:57.940 [main] DEBUG org.apache.hc.client5.http.wire - http-outgoing-0 << "Content-Type: text/plain; charset=utf-8[\r][\n]"
20:07:57.940 [main] DEBUG org.apache.hc.client5.http.wire - http-outgoing-0 << "ETag: W/"f670816d6bfbef80584dadbb549bb9c4ccd5de869d5b63cc2a694a74613014b5"[\r][\n]"
20:07:57.940 [main] DEBUG org.apache.hc.client5.http.wire - http-outgoing-0 << "Strict-Transport-Security: max-age=31536000[\r][\n]"
20:07:57.940 [main] DEBUG org.apache.hc.client5.http.wire - http-outgoing-0 << "X-Content-Type-Options: nosniff[\r][\n]"
20:07:57.940 [main] DEBUG org.apache.hc.client5.http.wire - http-outgoing-0 << "X-Frame-Options: deny[\r][\n]"
20:07:57.940 [main] DEBUG org.apache.hc.client5.http.wire - http-outgoing-0 << "X-XSS-Protection: 1; mode=block[\r][\n]"
20:07:57.940 [main] DEBUG org.apache.hc.client5.http.wire - http-outgoing-0 << "X-GitHub-Request-Id: 0805:79FC:1E2EB2:204E03:623BB755[\r][\n]"
20:07:57.940 [main] DEBUG org.apache.hc.client5.http.wire - http-outgoing-0 << "Content-Encoding: gzip[\r][\n]"
20:07:57.940 [main] DEBUG org.apache.hc.client5.http.wire - http-outgoing-0 << "Accept-Ranges: bytes[\r][\n]"
20:07:57.940 [main] DEBUG org.apache.hc.client5.http.wire - http-outgoing-0 << "Date: Fri, 25 Mar 2022 18:08:00 GMT[\r][\n]"
20:07:57.940 [main] DEBUG org.apache.hc.client5.http.wire - http-outgoing-0 << "Via: 1.1 varnish[\r][\n]"
20:07:57.940 [main] DEBUG org.apache.hc.client5.http.wire - http-outgoing-0 << "X-Served-By: cache-fra19167-FRA[\r][\n]"
20:07:57.940 [main] DEBUG org.apache.hc.client5.http.wire - http-outgoing-0 << "X-Cache: HIT[\r][\n]"
20:07:57.940 [main] DEBUG org.apache.hc.client5.http.wire - http-outgoing-0 << "X-Cache-Hits: 1[\r][\n]"
20:07:57.941 [main] DEBUG org.apache.hc.client5.http.wire - http-outgoing-0 << "X-Timer: S1648231681.803156,VS0,VE1[\r][\n]"
20:07:57.941 [main] DEBUG org.apache.hc.client5.http.wire - http-outgoing-0 << "Vary: Authorization,Accept-Encoding,Origin[\r][\n]"
20:07:57.941 [main] DEBUG org.apache.hc.client5.http.wire - http-outgoing-0 << "Access-Control-Allow-Origin: *[\r][\n]"
20:07:57.941 [main] DEBUG org.apache.hc.client5.http.wire - http-outgoing-0 << "X-Fastly-Request-ID: c6254fa5b09cd990fb5822d9f1cfb22bab845784[\r][\n]"
20:07:57.941 [main] DEBUG org.apache.hc.client5.http.wire - http-outgoing-0 << "Expires: Fri, 25 Mar 2022 18:13:00 GMT[\r][\n]"
20:07:57.941 [main] DEBUG org.apache.hc.client5.http.wire - http-outgoing-0 << "Source-Age: 137[\r][\n]"
20:07:57.941 [main] DEBUG org.apache.hc.client5.http.wire - http-outgoing-0 << "[\r][\n]"
20:07:57.944 [main] DEBUG org.apache.hc.client5.http.headers - http-outgoing-0 << HTTP/1.1 200 OK
20:07:57.944 [main] DEBUG org.apache.hc.client5.http.headers - http-outgoing-0 << Connection: keep-alive
20:07:57.944 [main] DEBUG org.apache.hc.client5.http.headers - http-outgoing-0 << Content-Length: 728
20:07:57.944 [main] DEBUG org.apache.hc.client5.http.headers - http-outgoing-0 << Cache-Control: max-age=300
20:07:57.944 [main] DEBUG org.apache.hc.client5.http.headers - http-outgoing-0 << Content-Security-Policy: default-src 'none'; style-src 'unsafe-inline'; sandbox
20:07:57.944 [main] DEBUG org.apache.hc.client5.http.headers - http-outgoing-0 << Content-Type: text/plain; charset=utf-8
20:07:57.944 [main] DEBUG org.apache.hc.client5.http.headers - http-outgoing-0 << ETag: W/"f670816d6bfbef80584dadbb549bb9c4ccd5de869d5b63cc2a694a74613014b5"
20:07:57.944 [main] DEBUG org.apache.hc.client5.http.headers - http-outgoing-0 << Strict-Transport-Security: max-age=31536000
20:07:57.944 [main] DEBUG org.apache.hc.client5.http.headers - http-outgoing-0 << X-Content-Type-Options: nosniff
20:07:57.944 [main] DEBUG org.apache.hc.client5.http.headers - http-outgoing-0 << X-Frame-Options: deny
20:07:57.944 [main] DEBUG org.apache.hc.client5.http.headers - http-outgoing-0 << X-XSS-Protection: 1; mode=block
20:07:57.944 [main] DEBUG org.apache.hc.client5.http.headers - http-outgoing-0 << X-GitHub-Request-Id: 0805:79FC:1E2EB2:204E03:623BB755
20:07:57.944 [main] DEBUG org.apache.hc.client5.http.headers - http-outgoing-0 << Content-Encoding: gzip
20:07:57.944 [main] DEBUG org.apache.hc.client5.http.headers - http-outgoing-0 << Accept-Ranges: bytes
20:07:57.944 [main] DEBUG org.apache.hc.client5.http.headers - http-outgoing-0 << Date: Fri, 25 Mar 2022 18:08:00 GMT
20:07:57.944 [main] DEBUG org.apache.hc.client5.http.headers - http-outgoing-0 << Via: 1.1 varnish
20:07:57.944 [main] DEBUG org.apache.hc.client5.http.headers - http-outgoing-0 << X-Served-By: cache-fra19167-FRA
20:07:57.944 [main] DEBUG org.apache.hc.client5.http.headers - http-outgoing-0 << X-Cache: HIT
20:07:57.944 [main] DEBUG org.apache.hc.client5.http.headers - http-outgoing-0 << X-Cache-Hits: 1
20:07:57.944 [main] DEBUG org.apache.hc.client5.http.headers - http-outgoing-0 << X-Timer: S1648231681.803156,VS0,VE1
20:07:57.944 [main] DEBUG org.apache.hc.client5.http.headers - http-outgoing-0 << Vary: Authorization,Accept-Encoding,Origin
20:07:57.945 [main] DEBUG org.apache.hc.client5.http.headers - http-outgoing-0 << Access-Control-Allow-Origin: *
20:07:57.945 [main] DEBUG org.apache.hc.client5.http.headers - http-outgoing-0 << X-Fastly-Request-ID: c6254fa5b09cd990fb5822d9f1cfb22bab845784
20:07:57.945 [main] DEBUG org.apache.hc.client5.http.headers - http-outgoing-0 << Expires: Fri, 25 Mar 2022 18:13:00 GMT
20:07:57.945 [main] DEBUG org.apache.hc.client5.http.headers - http-outgoing-0 << Source-Age: 137
20:07:57.948 [main] DEBUG org.apache.hc.client5.http.impl.classic.MainClientExec - ex-00000001: connection can be kept alive for 3 MINUTES
20:07:57.955 [main] DEBUG org.apache.hc.client5.http.wire - http-outgoing-0 << "[0x1f][0xffffff8b][0x8][0x0][0x0][0x0][0x0][0x0][0x0][0x3][0xffffffb5]V]o[0xffffffda]0[0x14]}[0xffffffe7]W\[0xffffff81]*[0xffffffb5][0x12][0x1f][[M[0xffffffd3]$[0x1e]hF[0xffffffbb]i [0x18][0xffffffb4][0xffffffdd]&[0xfffffff9][0xffffffc5]Mn[0xffffff82][0xffffffa5]$Fv([0xffffffed]~[0xfffffffd]l[0xffffffe7]c$u[0x6]k[0xffffffe8][l_[0xffffff9f]s|[0xffffffef]q|;[0xffffffe0][0xfffffff0]([0xffffffa2][0xffffffb1]'[0xffffffc1][0xffffffa3][0x9]}[0xffffffa0][0x12][[0x1d][0xffffffb8]]1[0x9]>[0xb][0x11]\[0x1e]'[0xffffff94][0xffffffc5][0x12][0xffffff92][0xffffff95][0x1e]d[0xffffffa1][0x9][0xffffff87][0x7][0x4]|Bw[0xffffff93][0xffffffa0][0x7],6[0xffffffcb]r[0xffffff85]a[0xffffffa8][0x7]\x(t[0xffffff90][0xffffff87][0x9][0xffffffba][0xffffff89]Y|D![0x19]Wk>[0xffffffa0][0xfffffffa][0xe][0x4]b[0xc][0xf][0xffffff82]o[0xffffffa5]ZP[0xffffff94][0xffffffa7][0xffffffce]J[0xfffffff0][0x8][0xffffffbb]p[0xffffffcd][0x4][0xfffffffa][0xfffffffc][0xffffffa9][0xb][0xffffffb3]5[\n]"
20:07:57.956 [main] DEBUG org.apache.hc.client5.http.wire - http-outgoing-0 << "[0xffffffda][0xffffff85][0xffffffb1][0x17][0xffffffa8]Y[0xffffffb3][0xffffffca]6[0xffffffd1][0xffffff99][0xffffffc6][0xfffffff7][0xffffff98][0xffffffef][0xffffffa3][0xffffffc0]8[0x1][0xffffffae]c[0x12][0x16][0x7] [0xffffff9f]e[0xffffff82][0xffffff91][0xffffff84][0xffffffd3][0x1f],[0xfffffff6][0x14]j[0x17]&,[0xffffffde]([0xffffff98])ua[0xffffffb6]<k)[0xffffff8e][0xffffff94][0xffffffa2][0xffffff95][0x1d][0xffffffa3][0xffffffef][0xffffff9a]a[0x7f][0xffffff9b]n[0xffffffe8][0xffffffbf]{?t#[0xffffffaf][0xffffffaf]N[0x5][0x3][0x7][0xffffffb6][0x11]sMJL[0x1a][0xffffffb6]+[0xffffffc5][0x7]1[0xffffff8d]p[0xffffffd8]>[0xffffff99]/f7[0xffffff8b][0xffffffd1][0xfffffff4][0xfffffffa][0xffffffeb]d[0xffffffbc]<[0xfffffffd][0xfffffff9][0xfffffff1][0xffffffc3][0xffffffd9]'2$[0xffffffe4][0xffffff84][0xffffff90][0x1b][0xffffffce][0xffffff83][0x10][0x9]Iy[0x8][0x19][0xffffffad][0xffffffd7]!s[0xffffff95]>[0x1e][0x13][0xffffff92][0xffffffb1])[0xfffffff8]6[0x4][0xffffff98][0xffffffc0]}[0xffffff96][0xffffff90][0xffffffc1]#[\r]7[0xfffffff5][0xffffffa2][0xffffffce][0xf][0x14]5[0xffffff99]9[0xffffffa3][0xffffffc9]h>[0xffffffff]<[0xffffffba][0x1d][0xffffffbd][0xffffffa5][0xffffff9e][0xffffff8b]W$[0xffffffe9]-[0xfffffff5]\[0xe][0x17][0xffffffe3][0x1b][0xfffffff8]~7^[0xfffffffc][0xffffff82]/[0xffffffdf][0xffffff9c];[0xffffffb2][0xffffffe4]~[0xffffffb2][0xffffffa5][0x2]s[0xffffffb6][0xffffff8c][0xffffffec]jr[0xffffff85][0xffffffd4]5x[0xffffffb9][0x17][U[0xffffffd0]P;F[0xfffffffb] 0[{[0xffffffe9]4[0xfffffff4]zu[0x1b]"[0xffffffea][0xffffffea][0xfffffff0][0xffffffc1][0xffffffce]A[0xffffffe4] [0xffffffe5][0xffffffcd][0xffffffcc][0xffffffd6][0xffffffa7][0xffffffeb][0xfffffff5][0xffffffc0]Q[0xffffff97]H[0xffffffb9]U[0xe][0xffffff94][0x17]g[0xffffffcb]r[0xffffffc0].[0xffffffba][0xffffffb2]h[0xffffffe6][0xfffffffe][0xffffff82][0xffffffc8]O[0xffffffc7][0xffffffcd]L[0xffffff9a][0xffffffe7][0x7f][0xffffffca][0x7f][0xffffffb3]0[0xffffffa4]9[0x9]!9[0xfffffffa][0xffffffbe][0xffffffa4][0xffffffbf]Pq[0xffffffa8]+k[0xffffffaf][0xffffffca][0xfffffff1][0xffffffa4]\[0xffffffec][0x18][0xffffffa0]]v@FR%kk[0xf]8[0x1b][0xffffffa1][0xffffffff] [0xfffffff7][0xffffffd5][0xffffffca][0xffffffe6][0xfffffff8][0xffffff85][0x17][0xffffffb2][0x9][0xffffffe8]=[0xffffffbe][0xc][0xffffffb2][0xffffffd6]?c[0xffffffb1]U~[0x17]K[0x15][[0xffffffff][0xffffffda][\n]"
20:07:57.956 [main] DEBUG org.apache.hc.client5.http.wire - http-outgoing-0 << "LT[0xffffff83]#[0xfffffffe][0xffffff8b][0xffffffa6][0xffffffcc][0x15]\[0xffffffaa]L[0x10][0xffffffa2]i*[0xffffff97]-[0xffffff92][0xffffff86]n_[0xffffffb2][0xffffffcb][0xffffff9a]^S[0xfffffff4]7[0xffffff94]sQ{[0xfffffff3][0xffffffff][0xffffff92][0x19][0xffffffae][0x7f]^}[0xffffff83]Y[0x14];[0xffffffca]w[0xfffffff6][0xfffffff4][0xffffffbc][0xffffffed][0xffffffe6][0xffffff9b]xk[0xffffffdd][0xb]VSW[[0xfffffff9][0xffffffcb][0x11]P[0xffffffba][0xfffffff8][0xffffffe6][0xffffffb5]+X[0xffffffcc][0xffffffbb][0xfffffff6][0xffffffff]n[0xffffffb0]=[0x2]s[0xffffffc1][0x3]A#I[0xffffff88][0xffffffa1] $[0xffffffa4][0xffffff9b][0xffffffd8]U[0xffffffbb][0xfffffff6][0xffffffa6][0xffffffbb]"[0xffffffa2]I[0xfffffff9][0xffffff8f]&[0xffffffe2][0xffffffd0][0xffffffe7][0xffffffc7][0xffffff96][0xffffff89][0xffffff86][0xffffffd4][0xffffff97][\r][0xffffffce][0x7f](u[0xffffff85][0xffffffbb][0xfffffff0][0xffffffa5][0x19][0xffffffda][0xffffffec][0xffffff98][0xffffffc6]Y[0xfffffffd]h8m6[0xffffff9c]U[0xffffffc1][0xfffffff2][0xffffffd6]H[0xfffffff5]W[0xffffffe5][0x17]NM[0x1c][0xffffffc7][0xffffff84]9|[0xffffff83]7[0xffffffbf][0xffffffa4][0xffffffa5][0xfffffff1][0xfffffffb]slAM[0xffffffda][0xffffffa2]ck[0xffffffa9]o[0xffffff89][\n]"
20:07:57.956 [main] DEBUG org.apache.hc.client5.http.wire - http-outgoing-0 << "[0xffffffa6][0xfffffffd][0xffffffdd][0xffffff90]F,[0xffffffec][0xffffff97][0xffffffcf][0xfffffff4][0xffffffb2][0xffffff86]}[0xffffffc7]<u[0xffffff9b][0xffffffce][0xffffff8b]M[0xffffffb5][0xfffffffd][0xffffff93][0xffffff8e][0xffffffb6]:7[0xffffff97]i3[0xffffffaf]cA[0xffffffed][0xffffffc0][0xffffff92][0xfffffffa]T[0xffffffb0][0x2]^[0xffffff9a][0xffffffa1][0x1d]<[\r][0xffffffb5]A[0xffffffa7]+;[0xffffffc0][0x7f][0x0][0xffffffb2]$|[0xffffff88][0x1d][\r][0x0][0x0]"
20:07:57.958 [main] DEBUG org.apache.hc.client5.http.impl.classic.InternalHttpClient - ep-00000000: releasing valid endpoint
20:07:57.958 [main] DEBUG org.apache.hc.client5.http.impl.io.PoolingHttpClientConnectionManager - ep-00000000: releasing endpoint
20:07:57.958 [main] DEBUG org.apache.hc.client5.http.impl.io.PoolingHttpClientConnectionManager - ep-00000000: connection http-outgoing-0 can be kept alive for 3 MINUTES
20:07:57.959 [main] DEBUG org.apache.hc.client5.http.impl.io.PoolingHttpClientConnectionManager - ep-00000000: connection released [route: {s}->https://raw.githubusercontent.com:443][total available: 1; route allocated: 1 of 5; total allocated: 1 of 25]
20:07:57.959 [main] DEBUG io.github.bonigarcia.wdm.versions.VersionDetector - Detecting chrome version using online commands.properties
20:07:57.962 [main] DEBUG io.github.bonigarcia.wdm.versions.Shell - Running command on the shell: [cmd.exe, /C, wmic, datafile, where, name="%PROGRAMFILES(X86):\=\\%\\Google\\Chrome\\Application\\chrome.exe", get, Version, /value]
20:07:58.200 [main] DEBUG io.github.bonigarcia.wdm.versions.Shell - Result: 
20:07:58.201 [main] DEBUG io.github.bonigarcia.wdm.versions.Shell - Running command on the shell: [cmd.exe, /C, wmic, datafile, where, name="%LOCALAPPDATA:\=\\%\\Google\\Chrome\\Application\\chrome.exe", get, Version, /value]
20:07:58.310 [main] DEBUG io.github.bonigarcia.wdm.versions.Shell - Result: 
20:07:58.311 [main] DEBUG io.github.bonigarcia.wdm.versions.Shell - Running command on the shell: [cmd.exe, /C, wmic, datafile, where, name="%PROGRAMFILES:\=\\%\\Google\\Chrome\\Application\\chrome.exe", get, Version, /value]
20:07:58.430 [main] DEBUG io.github.bonigarcia.wdm.versions.Shell - Result: Version=99.0.4844.82
20:07:58.435 [main] DEBUG io.github.bonigarcia.wdm.cache.ResolutionCache - Resolution chrome99=99.0.4844.51 in cache (valid until 19:02:32 26/03/2022 EET)
20:07:58.439 [main] INFO io.github.bonigarcia.wdm.WebDriverManager - Using chromedriver 99.0.4844.51 (resolved driver for Chrome 99)
20:07:58.446 [main] DEBUG io.github.bonigarcia.wdm.cache.ResolutionCache - Storing resolution chrome=99 in cache (valid until 21:07:58 25/03/2022 EET)
20:07:58.470 [main] DEBUG io.github.bonigarcia.wdm.WebDriverManager - Driver chromedriver 99.0.4844.51 found in cache
20:07:58.471 [main] INFO io.github.bonigarcia.wdm.WebDriverManager - Exporting webdriver.chrome.driver as C:\Users\schalak\.cache\selenium\chromedriver\win32\99.0.4844.51\chromedriver.exe
20:07:58.642 [main] DEBUG io.netty.util.internal.logging.InternalLoggerFactory - Using SLF4J as the default logging framework
20:07:58.644 [main] DEBUG io.netty.util.ResourceLeakDetector - -Dio.netty.leakDetection.level: simple
20:07:58.644 [main] DEBUG io.netty.util.ResourceLeakDetector - -Dio.netty.leakDetection.targetRecords: 4
20:07:58.647 [main] DEBUG io.netty.util.ResourceLeakDetectorFactory - Loaded default ResourceLeakDetector: io.netty.util.ResourceLeakDetector@47747fb9
20:07:58.668 [main] DEBUG io.netty.util.internal.PlatformDependent0 - -Dio.netty.noUnsafe: false
20:07:58.669 [main] DEBUG io.netty.util.internal.PlatformDependent0 - Java version: 18
20:07:58.671 [main] DEBUG io.netty.util.internal.PlatformDependent0 - sun.misc.Unsafe.theUnsafe: available
20:07:58.671 [main] DEBUG io.netty.util.internal.PlatformDependent0 - sun.misc.Unsafe.copyMemory: available
20:07:58.672 [main] DEBUG io.netty.util.internal.PlatformDependent0 - java.nio.Buffer.address: available
20:07:58.672 [main] DEBUG io.netty.util.internal.PlatformDependent0 - direct buffer constructor: unavailable: Reflective setAccessible(true) disabled
20:07:58.673 [main] DEBUG io.netty.util.internal.PlatformDependent0 - java.nio.Bits.unaligned: available, true
20:07:58.674 [main] DEBUG io.netty.util.internal.PlatformDependent0 - jdk.internal.misc.Unsafe.allocateUninitializedArray(int): unavailable: class io.netty.util.internal.PlatformDependent0$6 cannot access class jdk.internal.misc.Unsafe (in module java.base) because module java.base does not export jdk.internal.misc to unnamed module @4671e53b
20:07:58.675 [main] DEBUG io.netty.util.internal.PlatformDependent0 - java.nio.DirectByteBuffer.<init>(long, int): unavailable
20:07:58.675 [main] DEBUG io.netty.util.internal.PlatformDependent - sun.misc.Unsafe: available
20:07:58.677 [main] DEBUG io.netty.util.internal.PlatformDependent - maxDirectMemory: 2118123520 bytes (maybe)
20:07:58.677 [main] DEBUG io.netty.util.internal.PlatformDependent - -Dio.netty.tmpdir: C:\Users\schalak\AppData\Local\Temp (java.io.tmpdir)
20:07:58.677 [main] DEBUG io.netty.util.internal.PlatformDependent - -Dio.netty.bitMode: 64 (sun.arch.data.model)
20:07:58.678 [main] DEBUG io.netty.util.internal.PlatformDependent - Platform: Windows
20:07:58.678 [main] DEBUG io.netty.util.internal.PlatformDependent - -Dio.netty.maxDirectMemory: -1 bytes
20:07:58.678 [main] DEBUG io.netty.util.internal.PlatformDependent - -Dio.netty.uninitializedArrayAllocationThreshold: -1
20:07:58.682 [main] DEBUG io.netty.util.internal.CleanerJava9 - java.nio.ByteBuffer.cleaner(): available
20:07:58.682 [main] DEBUG io.netty.util.internal.PlatformDependent - -Dio.netty.noPreferDirect: false
20:07:58.691 [main] DEBUG io.netty.util.internal.PlatformDependent - org.jctools-core.MpscChunkedArrayQueue: available
20:07:58.709 [main] DEBUG io.netty.util.internal.InternalThreadLocalMap - -Dio.netty.threadLocalMap.stringBuilder.initialSize: 1024
20:07:58.709 [main] DEBUG io.netty.util.internal.InternalThreadLocalMap - -Dio.netty.threadLocalMap.stringBuilder.maxSize: 4096
20:07:58.721 [main] DEBUG io.netty.handler.ssl.JdkSslContext - Default protocols (JDK): [TLSv1.3, TLSv1.2] 
20:07:58.721 [main] DEBUG io.netty.handler.ssl.JdkSslContext - Default cipher suites (JDK): [TLS_ECDHE_ECDSA_WITH_AES_256_GCM_SHA384, TLS_ECDHE_ECDSA_WITH_AES_128_GCM_SHA256, TLS_ECDHE_RSA_WITH_AES_128_GCM_SHA256, TLS_ECDHE_RSA_WITH_AES_256_GCM_SHA384, TLS_ECDHE_RSA_WITH_AES_128_CBC_SHA, TLS_ECDHE_RSA_WITH_AES_256_CBC_SHA, TLS_RSA_WITH_AES_128_GCM_SHA256, TLS_RSA_WITH_AES_128_CBC_SHA, TLS_RSA_WITH_AES_256_CBC_SHA, TLS_AES_128_GCM_SHA256, TLS_AES_256_GCM_SHA384]
20:07:58.749 [main] DEBUG io.netty.channel.MultithreadEventLoopGroup - -Dio.netty.eventLoopThreads: 8
20:07:58.758 [main] DEBUG io.netty.channel.nio.NioEventLoop - -Dio.netty.noKeySetOptimization: false
20:07:58.758 [main] DEBUG io.netty.channel.nio.NioEventLoop - -Dio.netty.selectorAutoRebuildThreshold: 512
20:07:58.794 [main] DEBUG io.netty.buffer.PooledByteBufAllocator - -Dio.netty.allocator.numHeapArenas: 8
20:07:58.795 [main] DEBUG io.netty.buffer.PooledByteBufAllocator - -Dio.netty.allocator.numDirectArenas: 8
20:07:58.795 [main] DEBUG io.netty.buffer.PooledByteBufAllocator - -Dio.netty.allocator.pageSize: 8192
20:07:58.795 [main] DEBUG io.netty.buffer.PooledByteBufAllocator - -Dio.netty.allocator.maxOrder: 11
20:07:58.795 [main] DEBUG io.netty.buffer.PooledByteBufAllocator - -Dio.netty.allocator.chunkSize: 16777216
20:07:58.795 [main] DEBUG io.netty.buffer.PooledByteBufAllocator - -Dio.netty.allocator.smallCacheSize: 256
20:07:58.795 [main] DEBUG io.netty.buffer.PooledByteBufAllocator - -Dio.netty.allocator.normalCacheSize: 64
20:07:58.795 [main] DEBUG io.netty.buffer.PooledByteBufAllocator - -Dio.netty.allocator.maxCachedBufferCapacity: 32768
20:07:58.795 [main] DEBUG io.netty.buffer.PooledByteBufAllocator - -Dio.netty.allocator.cacheTrimInterval: 8192
20:07:58.795 [main] DEBUG io.netty.buffer.PooledByteBufAllocator - -Dio.netty.allocator.cacheTrimIntervalMillis: 0
20:07:58.795 [main] DEBUG io.netty.buffer.PooledByteBufAllocator - -Dio.netty.allocator.useCacheForAllThreads: true
20:07:58.795 [main] DEBUG io.netty.buffer.PooledByteBufAllocator - -Dio.netty.allocator.maxCachedByteBuffersPerChunk: 1023
20:07:58.805 [main] DEBUG io.netty.buffer.ByteBufUtil - -Dio.netty.allocator.type: pooled
20:07:58.806 [main] DEBUG io.netty.buffer.ByteBufUtil - -Dio.netty.threadLocalDirectBufferSize: 0
20:07:58.806 [main] DEBUG io.netty.buffer.ByteBufUtil - -Dio.netty.maxThreadLocalCharBufferSize: 16384
20:07:59.627 [Forwarding newSession on session null to remote] DEBUG io.netty.channel.DefaultChannelId - -Dio.netty.processId: 4344 (auto-detected)
20:07:59.629 [Forwarding newSession on session null to remote] DEBUG io.netty.util.NetUtil - -Djava.net.preferIPv4Stack: false
20:07:59.629 [Forwarding newSession on session null to remote] DEBUG io.netty.util.NetUtil - -Djava.net.preferIPv6Addresses: false
20:07:59.633 [Forwarding newSession on session null to remote] DEBUG io.netty.util.NetUtilInitializations - Loopback interface: lo (Software Loopback Interface 1, 127.0.0.1)
20:07:59.633 [Forwarding newSession on session null to remote] DEBUG io.netty.util.NetUtil - Failed to get SOMAXCONN from sysctl and file \proc\sys\net\core\somaxconn. Default: 200
20:07:59.642 [Forwarding newSession on session null to remote] DEBUG io.netty.channel.DefaultChannelId - -Dio.netty.machineId: 30:10:b3:ff:fe:b8:7b:c5 (auto-detected)
20:07:59.686 [AsyncHttpClient-1-2] DEBUG io.netty.buffer.AbstractByteBuf - -Dio.netty.buffer.checkAccessible: true
20:07:59.686 [AsyncHttpClient-1-2] DEBUG io.netty.buffer.AbstractByteBuf - -Dio.netty.buffer.checkBounds: true
20:07:59.686 [AsyncHttpClient-1-2] DEBUG io.netty.util.ResourceLeakDetectorFactory - Loaded default ResourceLeakDetector: io.netty.util.ResourceLeakDetector@126676be
20:07:59.700 [AsyncHttpClient-1-2] DEBUG org.asynchttpclient.netty.channel.NettyConnectListener - Using new Channel '[id: 0x6528835a, L:/127.0.0.1:60193 - R:localhost/127.0.0.1:62174]' for 'POST' to '/session'
20:07:59.719 [AsyncHttpClient-1-2] DEBUG io.netty.util.Recycler - -Dio.netty.recycler.maxCapacityPerThread: 4096
20:07:59.719 [AsyncHttpClient-1-2] DEBUG io.netty.util.Recycler - -Dio.netty.recycler.ratio: 8
20:07:59.719 [AsyncHttpClient-1-2] DEBUG io.netty.util.Recycler - -Dio.netty.recycler.chunkSize: 32
20:07:59.719 [AsyncHttpClient-1-2] DEBUG io.netty.util.Recycler - -Dio.netty.recycler.blocking: false
20:08:00.528 [AsyncHttpClient-1-2] DEBUG io.netty.handler.codec.compression.Brotli - brotli4j not in the classpath; Brotli support will be unavailable.
20:08:00.528 [AsyncHttpClient-1-2] DEBUG org.asynchttpclient.netty.handler.HttpHandler - 

Request DefaultHttpRequest(decodeResult: success, version: HTTP/1.1)
POST /session HTTP/1.1
User-Agent: selenium/4.1.2 (java windows)
Content-Length: 365
Content-Type: application/json; charset=utf-8
host: localhost:62174
accept: */*

Response DefaultHttpResponse(decodeResult: success, version: HTTP/1.1)
HTTP/1.1 200 OK
Content-Type: application/json; charset=utf-8
cache-control: no-cache
content-length: 789

20:08:00.537 [AsyncHttpClient-1-2] DEBUG org.asynchttpclient.netty.channel.ChannelManager - Adding key: http://localhost:62174 for channel [id: 0x6528835a, L:/127.0.0.1:60193 - R:localhost/127.0.0.1:62174]
20:08:00.678 [AsyncHttpClient-1-3] DEBUG org.asynchttpclient.netty.channel.NettyConnectListener - Using new Channel '[id: 0xd136b366, L:/127.0.0.1:60199 - R:localhost/127.0.0.1:60194]' for 'GET' to '/json/version'
20:08:00.691 [AsyncHttpClient-1-3] DEBUG org.asynchttpclient.netty.handler.HttpHandler - 

Request DefaultFullHttpRequest(decodeResult: success, version: HTTP/1.1, content: EmptyByteBufBE)
GET /json/version HTTP/1.1
User-Agent: selenium/4.1.2 (java windows)
host: localhost:60194
accept: */*

Response DefaultHttpResponse(decodeResult: success, version: HTTP/1.1)
HTTP/1.1 200 OK
Content-Type: application/json; charset=UTF-8
content-length: 422

20:08:00.692 [AsyncHttpClient-1-3] DEBUG org.asynchttpclient.netty.channel.ChannelManager - Adding key: http://localhost:60194 for channel [id: 0xd136b366, L:/127.0.0.1:60199 - R:localhost/127.0.0.1:60194]
20:08:00.703 [main] DEBUG io.netty.util.internal.ThreadLocalRandom - -Dio.netty.initialSeedUniquifier: 0x41533bfa178c6827
20:08:00.708 [AsyncHttpClient-1-4] DEBUG org.asynchttpclient.netty.channel.NettyConnectListener - Using new Channel '[id: 0x4754fcee, L:/127.0.0.1:60200 - R:localhost/127.0.0.1:60194]' for 'GET' to '/devtools/browser/b8a04b80-c514-437d-880a-1bc93be2e091'
20:08:00.722 [AsyncHttpClient-1-4] DEBUG org.asynchttpclient.netty.handler.WebSocketHandler - 

Request DefaultFullHttpRequest(decodeResult: success, version: HTTP/1.1, content: EmptyByteBufBE)
GET /devtools/browser/b8a04b80-c514-437d-880a-1bc93be2e091 HTTP/1.1
upgrade: websocket
connection: upgrade
sec-websocket-key: QITqwNsGMHheQtwkaJ0GXQ==
sec-websocket-version: 13
origin: http://localhost:60194
host: localhost:60194
accept: */*
user-agent: AHC/2.1

Response DefaultHttpResponse(decodeResult: success, version: HTTP/1.1)
HTTP/1.1 101 WebSocket Protocol Handshake
Upgrade: WebSocket
Connection: Upgrade
Sec-WebSocket-Accept: 09XSJFC6JZKHVbDrDOtxN1HjiG8=

20:08:00.770 [Forwarding maximizeCurrentWindow on session 5d88203a5f8b16904e7f06645d8cdefd to remote] DEBUG org.asynchttpclient.netty.request.NettyRequestSender - Using pooled Channel '[id: 0x6528835a, L:/127.0.0.1:60193 - R:localhost/127.0.0.1:62174]' for 'POST' to 'http://localhost:62174/session/5d88203a5f8b16904e7f06645d8cdefd/window/maximize'
20:08:00.770 [Forwarding maximizeCurrentWindow on session 5d88203a5f8b16904e7f06645d8cdefd to remote] DEBUG org.asynchttpclient.netty.request.NettyRequestSender - Using open Channel [id: 0x6528835a, L:/127.0.0.1:60193 - R:localhost/127.0.0.1:62174] for POST '/session/5d88203a5f8b16904e7f06645d8cdefd/window/maximize'
20:08:00.882 [AsyncHttpClient-1-2] DEBUG org.asynchttpclient.netty.handler.HttpHandler - 

Request DefaultHttpRequest(decodeResult: success, version: HTTP/1.1)
POST /session/5d88203a5f8b16904e7f06645d8cdefd/window/maximize HTTP/1.1
User-Agent: selenium/4.1.2 (java windows)
Content-Length: 3
Content-Type: application/json; charset=utf-8
host: localhost:62174
accept: */*

Response DefaultHttpResponse(decodeResult: success, version: HTTP/1.1)
HTTP/1.1 200 OK
Content-Type: application/json; charset=utf-8
cache-control: no-cache
content-length: 51

20:08:00.882 [AsyncHttpClient-1-2] DEBUG org.asynchttpclient.netty.channel.ChannelManager - Adding key: http://localhost:62174 for channel [id: 0x6528835a, L:/127.0.0.1:60193 - R:localhost/127.0.0.1:62174]
20:08:00.887 [Forwarding setTimeout on session 5d88203a5f8b16904e7f06645d8cdefd to remote] DEBUG org.asynchttpclient.netty.request.NettyRequestSender - Using pooled Channel '[id: 0x6528835a, L:/127.0.0.1:60193 - R:localhost/127.0.0.1:62174]' for 'POST' to 'http://localhost:62174/session/5d88203a5f8b16904e7f06645d8cdefd/timeouts'
20:08:00.887 [Forwarding setTimeout on session 5d88203a5f8b16904e7f06645d8cdefd to remote] DEBUG org.asynchttpclient.netty.request.NettyRequestSender - Using open Channel [id: 0x6528835a, L:/127.0.0.1:60193 - R:localhost/127.0.0.1:62174] for POST '/session/5d88203a5f8b16904e7f06645d8cdefd/timeouts'
20:08:00.890 [AsyncHttpClient-1-2] DEBUG org.asynchttpclient.netty.handler.HttpHandler - 

Request DefaultHttpRequest(decodeResult: success, version: HTTP/1.1)
POST /session/5d88203a5f8b16904e7f06645d8cdefd/timeouts HTTP/1.1
User-Agent: selenium/4.1.2 (java windows)
Content-Length: 23
Content-Type: application/json; charset=utf-8
host: localhost:62174
accept: */*

Response DefaultHttpResponse(decodeResult: success, version: HTTP/1.1)
HTTP/1.1 200 OK
Content-Type: application/json; charset=utf-8
cache-control: no-cache
content-length: 14

20:08:00.891 [AsyncHttpClient-1-2] DEBUG org.asynchttpclient.netty.channel.ChannelManager - Adding key: http://localhost:62174 for channel [id: 0x6528835a, L:/127.0.0.1:60193 - R:localhost/127.0.0.1:62174]
20:08:00.897 [Forwarding get on session 5d88203a5f8b16904e7f06645d8cdefd to remote] DEBUG org.asynchttpclient.netty.request.NettyRequestSender - Using pooled Channel '[id: 0x6528835a, L:/127.0.0.1:60193 - R:localhost/127.0.0.1:62174]' for 'POST' to 'http://localhost:62174/session/5d88203a5f8b16904e7f06645d8cdefd/url'
20:08:00.897 [Forwarding get on session 5d88203a5f8b16904e7f06645d8cdefd to remote] DEBUG org.asynchttpclient.netty.request.NettyRequestSender - Using open Channel [id: 0x6528835a, L:/127.0.0.1:60193 - R:localhost/127.0.0.1:62174] for POST '/session/5d88203a5f8b16904e7f06645d8cdefd/url'
20:08:00.913 [AsyncHttpClient-1-1] DEBUG org.asynchttpclient.netty.channel.DefaultChannelPool - Entry count for : http://localhost:60194 : 1
20:08:01.996 [AsyncHttpClient-1-1] DEBUG org.asynchttpclient.netty.channel.DefaultChannelPool - Entry count for : http://localhost:60194 : 1
20:08:03.097 [AsyncHttpClient-1-1] DEBUG org.asynchttpclient.netty.channel.DefaultChannelPool - Entry count for : http://localhost:60194 : 1
20:08:04.196 [AsyncHttpClient-1-1] DEBUG org.asynchttpclient.netty.channel.DefaultChannelPool - Entry count for : http://localhost:60194 : 1
20:08:04.962 [AsyncHttpClient-1-2] DEBUG org.asynchttpclient.netty.handler.HttpHandler - 

Request DefaultHttpRequest(decodeResult: success, version: HTTP/1.1)
POST /session/5d88203a5f8b16904e7f06645d8cdefd/url HTTP/1.1
User-Agent: selenium/4.1.2 (java windows)
Content-Length: 63
Content-Type: application/json; charset=utf-8
host: localhost:62174
accept: */*

Response DefaultHttpResponse(decodeResult: success, version: HTTP/1.1)
HTTP/1.1 200 OK
Content-Type: application/json; charset=utf-8
cache-control: no-cache
content-length: 14

20:08:04.962 [AsyncHttpClient-1-2] DEBUG org.asynchttpclient.netty.channel.ChannelManager - Adding key: http://localhost:62174 for channel [id: 0x6528835a, L:/127.0.0.1:60193 - R:localhost/127.0.0.1:62174]
20:08:05.021 [Forwarding findElement on session 5d88203a5f8b16904e7f06645d8cdefd to remote] DEBUG org.asynchttpclient.netty.request.NettyRequestSender - Using pooled Channel '[id: 0x6528835a, L:/127.0.0.1:60193 - R:localhost/127.0.0.1:62174]' for 'POST' to 'http://localhost:62174/session/5d88203a5f8b16904e7f06645d8cdefd/element'
20:08:05.021 [Forwarding findElement on session 5d88203a5f8b16904e7f06645d8cdefd to remote] DEBUG org.asynchttpclient.netty.request.NettyRequestSender - Using open Channel [id: 0x6528835a, L:/127.0.0.1:60193 - R:localhost/127.0.0.1:62174] for POST '/session/5d88203a5f8b16904e7f06645d8cdefd/element'
20:08:05.037 [AsyncHttpClient-1-2] DEBUG org.asynchttpclient.netty.handler.HttpHandler - 

Request DefaultHttpRequest(decodeResult: success, version: HTTP/1.1)
POST /session/5d88203a5f8b16904e7f06645d8cdefd/element HTTP/1.1
User-Agent: selenium/4.1.2 (java windows)
Content-Length: 58
Content-Type: application/json; charset=utf-8
host: localhost:62174
accept: */*

Response DefaultHttpResponse(decodeResult: success, version: HTTP/1.1)
HTTP/1.1 200 OK
Content-Type: application/json; charset=utf-8
cache-control: no-cache
content-length: 88

20:08:05.038 [AsyncHttpClient-1-2] DEBUG org.asynchttpclient.netty.channel.ChannelManager - Adding key: http://localhost:62174 for channel [id: 0x6528835a, L:/127.0.0.1:60193 - R:localhost/127.0.0.1:62174]
20:08:05.048 [Forwarding sendKeysToElement on session 5d88203a5f8b16904e7f06645d8cdefd to remote] DEBUG org.asynchttpclient.netty.request.NettyRequestSender - Using pooled Channel '[id: 0x6528835a, L:/127.0.0.1:60193 - R:localhost/127.0.0.1:62174]' for 'POST' to 'http://localhost:62174/session/5d88203a5f8b16904e7f06645d8cdefd/element/23aeda7f-c914-4003-8b3c-013d45241a1f/value'
20:08:05.049 [Forwarding sendKeysToElement on session 5d88203a5f8b16904e7f06645d8cdefd to remote] DEBUG org.asynchttpclient.netty.request.NettyRequestSender - Using open Channel [id: 0x6528835a, L:/127.0.0.1:60193 - R:localhost/127.0.0.1:62174] for POST '/session/5d88203a5f8b16904e7f06645d8cdefd/element/23aeda7f-c914-4003-8b3c-013d45241a1f/value'
20:08:05.111 [AsyncHttpClient-1-2] DEBUG org.asynchttpclient.netty.handler.HttpHandler - 

Request DefaultHttpRequest(decodeResult: success, version: HTTP/1.1)
POST /session/5d88203a5f8b16904e7f06645d8cdefd/element/23aeda7f-c914-4003-8b3c-013d45241a1f/value HTTP/1.1
User-Agent: selenium/4.1.2 (java windows)
Content-Length: 291
Content-Type: application/json; charset=utf-8
host: localhost:62174
accept: */*

Response DefaultHttpResponse(decodeResult: success, version: HTTP/1.1)
HTTP/1.1 200 OK
Content-Type: application/json; charset=utf-8
cache-control: no-cache
content-length: 14

20:08:05.111 [AsyncHttpClient-1-2] DEBUG org.asynchttpclient.netty.channel.ChannelManager - Adding key: http://localhost:62174 for channel [id: 0x6528835a, L:/127.0.0.1:60193 - R:localhost/127.0.0.1:62174]
20:08:05.115 [Forwarding findElement on session 5d88203a5f8b16904e7f06645d8cdefd to remote] DEBUG org.asynchttpclient.netty.request.NettyRequestSender - Using pooled Channel '[id: 0x6528835a, L:/127.0.0.1:60193 - R:localhost/127.0.0.1:62174]' for 'POST' to 'http://localhost:62174/session/5d88203a5f8b16904e7f06645d8cdefd/element'
20:08:05.115 [Forwarding findElement on session 5d88203a5f8b16904e7f06645d8cdefd to remote] DEBUG org.asynchttpclient.netty.request.NettyRequestSender - Using open Channel [id: 0x6528835a, L:/127.0.0.1:60193 - R:localhost/127.0.0.1:62174] for POST '/session/5d88203a5f8b16904e7f06645d8cdefd/element'
20:08:05.131 [AsyncHttpClient-1-2] DEBUG org.asynchttpclient.netty.handler.HttpHandler - 

Request DefaultHttpRequest(decodeResult: success, version: HTTP/1.1)
POST /session/5d88203a5f8b16904e7f06645d8cdefd/element HTTP/1.1
User-Agent: selenium/4.1.2 (java windows)
Content-Length: 58
Content-Type: application/json; charset=utf-8
host: localhost:62174
accept: */*

Response DefaultHttpResponse(decodeResult: success, version: HTTP/1.1)
HTTP/1.1 200 OK
Content-Type: application/json; charset=utf-8
cache-control: no-cache
content-length: 88

20:08:05.131 [AsyncHttpClient-1-2] DEBUG org.asynchttpclient.netty.channel.ChannelManager - Adding key: http://localhost:62174 for channel [id: 0x6528835a, L:/127.0.0.1:60193 - R:localhost/127.0.0.1:62174]
20:08:05.134 [Forwarding sendKeysToElement on session 5d88203a5f8b16904e7f06645d8cdefd to remote] DEBUG org.asynchttpclient.netty.request.NettyRequestSender - Using pooled Channel '[id: 0x6528835a, L:/127.0.0.1:60193 - R:localhost/127.0.0.1:62174]' for 'POST' to 'http://localhost:62174/session/5d88203a5f8b16904e7f06645d8cdefd/element/3ae12275-e957-4ddf-b5c3-48c430ce12d6/value'
20:08:05.134 [Forwarding sendKeysToElement on session 5d88203a5f8b16904e7f06645d8cdefd to remote] DEBUG org.asynchttpclient.netty.request.NettyRequestSender - Using open Channel [id: 0x6528835a, L:/127.0.0.1:60193 - R:localhost/127.0.0.1:62174] for POST '/session/5d88203a5f8b16904e7f06645d8cdefd/element/3ae12275-e957-4ddf-b5c3-48c430ce12d6/value'
20:08:05.192 [AsyncHttpClient-1-2] DEBUG org.asynchttpclient.netty.handler.HttpHandler - 

Request DefaultHttpRequest(decodeResult: success, version: HTTP/1.1)
POST /session/5d88203a5f8b16904e7f06645d8cdefd/element/3ae12275-e957-4ddf-b5c3-48c430ce12d6/value HTTP/1.1
User-Agent: selenium/4.1.2 (java windows)
Content-Length: 161
Content-Type: application/json; charset=utf-8
host: localhost:62174
accept: */*

Response DefaultHttpResponse(decodeResult: success, version: HTTP/1.1)
HTTP/1.1 200 OK
Content-Type: application/json; charset=utf-8
cache-control: no-cache
content-length: 14

20:08:05.192 [AsyncHttpClient-1-2] DEBUG org.asynchttpclient.netty.channel.ChannelManager - Adding key: http://localhost:62174 for channel [id: 0x6528835a, L:/127.0.0.1:60193 - R:localhost/127.0.0.1:62174]
20:08:05.194 [Forwarding findElement on session 5d88203a5f8b16904e7f06645d8cdefd to remote] DEBUG org.asynchttpclient.netty.request.NettyRequestSender - Using pooled Channel '[id: 0x6528835a, L:/127.0.0.1:60193 - R:localhost/127.0.0.1:62174]' for 'POST' to 'http://localhost:62174/session/5d88203a5f8b16904e7f06645d8cdefd/element'
20:08:05.194 [Forwarding findElement on session 5d88203a5f8b16904e7f06645d8cdefd to remote] DEBUG org.asynchttpclient.netty.request.NettyRequestSender - Using open Channel [id: 0x6528835a, L:/127.0.0.1:60193 - R:localhost/127.0.0.1:62174] for POST '/session/5d88203a5f8b16904e7f06645d8cdefd/element'
20:08:05.208 [AsyncHttpClient-1-2] DEBUG org.asynchttpclient.netty.handler.HttpHandler - 

Request DefaultHttpRequest(decodeResult: success, version: HTTP/1.1)
POST /session/5d88203a5f8b16904e7f06645d8cdefd/element HTTP/1.1
User-Agent: selenium/4.1.2 (java windows)
Content-Length: 58
Content-Type: application/json; charset=utf-8
host: localhost:62174
accept: */*

Response DefaultHttpResponse(decodeResult: success, version: HTTP/1.1)
HTTP/1.1 200 OK
Content-Type: application/json; charset=utf-8
cache-control: no-cache
content-length: 88

20:08:05.208 [AsyncHttpClient-1-2] DEBUG org.asynchttpclient.netty.channel.ChannelManager - Adding key: http://localhost:62174 for channel [id: 0x6528835a, L:/127.0.0.1:60193 - R:localhost/127.0.0.1:62174]
20:08:05.211 [Forwarding clickElement on session 5d88203a5f8b16904e7f06645d8cdefd to remote] DEBUG org.asynchttpclient.netty.request.NettyRequestSender - Using pooled Channel '[id: 0x6528835a, L:/127.0.0.1:60193 - R:localhost/127.0.0.1:62174]' for 'POST' to 'http://localhost:62174/session/5d88203a5f8b16904e7f06645d8cdefd/element/1bc200fe-2d70-4f24-a7d9-86c7b3a8c7a8/click'
20:08:05.211 [Forwarding clickElement on session 5d88203a5f8b16904e7f06645d8cdefd to remote] DEBUG org.asynchttpclient.netty.request.NettyRequestSender - Using open Channel [id: 0x6528835a, L:/127.0.0.1:60193 - R:localhost/127.0.0.1:62174] for POST '/session/5d88203a5f8b16904e7f06645d8cdefd/element/1bc200fe-2d70-4f24-a7d9-86c7b3a8c7a8/click'
20:08:05.297 [AsyncHttpClient-1-1] DEBUG org.asynchttpclient.netty.channel.DefaultChannelPool - Entry count for : http://localhost:60194 : 1
20:08:06.396 [AsyncHttpClient-1-1] DEBUG org.asynchttpclient.netty.channel.DefaultChannelPool - Entry count for : http://localhost:60194 : 1
20:08:07.497 [AsyncHttpClient-1-1] DEBUG org.asynchttpclient.netty.channel.DefaultChannelPool - Entry count for : http://localhost:60194 : 1
20:08:07.654 [AsyncHttpClient-1-2] DEBUG org.asynchttpclient.netty.handler.HttpHandler - 

Request DefaultHttpRequest(decodeResult: success, version: HTTP/1.1)
POST /session/5d88203a5f8b16904e7f06645d8cdefd/element/1bc200fe-2d70-4f24-a7d9-86c7b3a8c7a8/click HTTP/1.1
User-Agent: selenium/4.1.2 (java windows)
Content-Length: 50
Content-Type: application/json; charset=utf-8
host: localhost:62174
accept: */*

Response DefaultHttpResponse(decodeResult: success, version: HTTP/1.1)
HTTP/1.1 200 OK
Content-Type: application/json; charset=utf-8
cache-control: no-cache
content-length: 14

20:08:07.655 [AsyncHttpClient-1-2] DEBUG org.asynchttpclient.netty.channel.ChannelManager - Adding key: http://localhost:62174 for channel [id: 0x6528835a, L:/127.0.0.1:60193 - R:localhost/127.0.0.1:62174]
20:08:07.665 [Forwarding findElement on session 5d88203a5f8b16904e7f06645d8cdefd to remote] DEBUG org.asynchttpclient.netty.request.NettyRequestSender - Using pooled Channel '[id: 0x6528835a, L:/127.0.0.1:60193 - R:localhost/127.0.0.1:62174]' for 'POST' to 'http://localhost:62174/session/5d88203a5f8b16904e7f06645d8cdefd/element'
20:08:07.665 [Forwarding findElement on session 5d88203a5f8b16904e7f06645d8cdefd to remote] DEBUG org.asynchttpclient.netty.request.NettyRequestSender - Using open Channel [id: 0x6528835a, L:/127.0.0.1:60193 - R:localhost/127.0.0.1:62174] for POST '/session/5d88203a5f8b16904e7f06645d8cdefd/element'
20:08:07.686 [AsyncHttpClient-1-2] DEBUG org.asynchttpclient.netty.handler.HttpHandler - 

Request DefaultHttpRequest(decodeResult: success, version: HTTP/1.1)
POST /session/5d88203a5f8b16904e7f06645d8cdefd/element HTTP/1.1
User-Agent: selenium/4.1.2 (java windows)
Content-Length: 57
Content-Type: application/json; charset=utf-8
host: localhost:62174
accept: */*

Response DefaultHttpResponse(decodeResult: success, version: HTTP/1.1)
HTTP/1.1 200 OK
Content-Type: application/json; charset=utf-8
cache-control: no-cache
content-length: 88

20:08:07.687 [AsyncHttpClient-1-2] DEBUG org.asynchttpclient.netty.channel.ChannelManager - Adding key: http://localhost:62174 for channel [id: 0x6528835a, L:/127.0.0.1:60193 - R:localhost/127.0.0.1:62174]
20:08:07.695 [Forwarding clickElement on session 5d88203a5f8b16904e7f06645d8cdefd to remote] DEBUG org.asynchttpclient.netty.request.NettyRequestSender - Using pooled Channel '[id: 0x6528835a, L:/127.0.0.1:60193 - R:localhost/127.0.0.1:62174]' for 'POST' to 'http://localhost:62174/session/5d88203a5f8b16904e7f06645d8cdefd/element/c590bc3e-9e8e-447a-83f6-46c3d7512aa5/click'
20:08:07.695 [Forwarding clickElement on session 5d88203a5f8b16904e7f06645d8cdefd to remote] DEBUG org.asynchttpclient.netty.request.NettyRequestSender - Using open Channel [id: 0x6528835a, L:/127.0.0.1:60193 - R:localhost/127.0.0.1:62174] for POST '/session/5d88203a5f8b16904e7f06645d8cdefd/element/c590bc3e-9e8e-447a-83f6-46c3d7512aa5/click'
20:08:07.798 [AsyncHttpClient-1-2] DEBUG org.asynchttpclient.netty.handler.HttpHandler - 

Request DefaultHttpRequest(decodeResult: success, version: HTTP/1.1)
POST /session/5d88203a5f8b16904e7f06645d8cdefd/element/c590bc3e-9e8e-447a-83f6-46c3d7512aa5/click HTTP/1.1
User-Agent: selenium/4.1.2 (java windows)
Content-Length: 50
Content-Type: application/json; charset=utf-8
host: localhost:62174
accept: */*

Response DefaultHttpResponse(decodeResult: success, version: HTTP/1.1)
HTTP/1.1 200 OK
Content-Type: application/json; charset=utf-8
cache-control: no-cache
content-length: 14

20:08:07.798 [AsyncHttpClient-1-2] DEBUG org.asynchttpclient.netty.channel.ChannelManager - Adding key: http://localhost:62174 for channel [id: 0x6528835a, L:/127.0.0.1:60193 - R:localhost/127.0.0.1:62174]
20:08:07.807 [Forwarding findElement on session 5d88203a5f8b16904e7f06645d8cdefd to remote] DEBUG org.asynchttpclient.netty.request.NettyRequestSender - Using pooled Channel '[id: 0x6528835a, L:/127.0.0.1:60193 - R:localhost/127.0.0.1:62174]' for 'POST' to 'http://localhost:62174/session/5d88203a5f8b16904e7f06645d8cdefd/element'
20:08:07.807 [Forwarding findElement on session 5d88203a5f8b16904e7f06645d8cdefd to remote] DEBUG org.asynchttpclient.netty.request.NettyRequestSender - Using open Channel [id: 0x6528835a, L:/127.0.0.1:60193 - R:localhost/127.0.0.1:62174] for POST '/session/5d88203a5f8b16904e7f06645d8cdefd/element'
20:08:07.824 [AsyncHttpClient-1-2] DEBUG org.asynchttpclient.netty.handler.HttpHandler - 

Request DefaultHttpRequest(decodeResult: success, version: HTTP/1.1)
POST /session/5d88203a5f8b16904e7f06645d8cdefd/element HTTP/1.1
User-Agent: selenium/4.1.2 (java windows)
Content-Length: 98
Content-Type: application/json; charset=utf-8
host: localhost:62174
accept: */*

Response DefaultHttpResponse(decodeResult: success, version: HTTP/1.1)
HTTP/1.1 200 OK
Content-Type: application/json; charset=utf-8
cache-control: no-cache
content-length: 88

20:08:07.825 [AsyncHttpClient-1-2] DEBUG org.asynchttpclient.netty.channel.ChannelManager - Adding key: http://localhost:62174 for channel [id: 0x6528835a, L:/127.0.0.1:60193 - R:localhost/127.0.0.1:62174]
20:08:07.831 [Forwarding sendKeysToElement on session 5d88203a5f8b16904e7f06645d8cdefd to remote] DEBUG org.asynchttpclient.netty.request.NettyRequestSender - Using pooled Channel '[id: 0x6528835a, L:/127.0.0.1:60193 - R:localhost/127.0.0.1:62174]' for 'POST' to 'http://localhost:62174/session/5d88203a5f8b16904e7f06645d8cdefd/element/76072d91-b312-4b94-bda6-de62715405e6/value'
20:08:07.831 [Forwarding sendKeysToElement on session 5d88203a5f8b16904e7f06645d8cdefd to remote] DEBUG org.asynchttpclient.netty.request.NettyRequestSender - Using open Channel [id: 0x6528835a, L:/127.0.0.1:60193 - R:localhost/127.0.0.1:62174] for POST '/session/5d88203a5f8b16904e7f06645d8cdefd/element/76072d91-b312-4b94-bda6-de62715405e6/value'
20:08:07.931 [AsyncHttpClient-1-2] DEBUG org.asynchttpclient.netty.handler.HttpHandler - 

Request DefaultHttpRequest(decodeResult: success, version: HTTP/1.1)
POST /session/5d88203a5f8b16904e7f06645d8cdefd/element/76072d91-b312-4b94-bda6-de62715405e6/value HTTP/1.1
User-Agent: selenium/4.1.2 (java windows)
Content-Length: 1079
Content-Type: application/json; charset=utf-8
host: localhost:62174
accept: */*

Response DefaultHttpResponse(decodeResult: success, version: HTTP/1.1)
HTTP/1.1 200 OK
Content-Type: application/json; charset=utf-8
cache-control: no-cache
content-length: 14

20:08:07.932 [AsyncHttpClient-1-2] DEBUG org.asynchttpclient.netty.channel.ChannelManager - Adding key: http://localhost:62174 for channel [id: 0x6528835a, L:/127.0.0.1:60193 - R:localhost/127.0.0.1:62174]
20:08:07.941 [Forwarding findElement on session 5d88203a5f8b16904e7f06645d8cdefd to remote] DEBUG org.asynchttpclient.netty.request.NettyRequestSender - Using pooled Channel '[id: 0x6528835a, L:/127.0.0.1:60193 - R:localhost/127.0.0.1:62174]' for 'POST' to 'http://localhost:62174/session/5d88203a5f8b16904e7f06645d8cdefd/element'
20:08:07.942 [Forwarding findElement on session 5d88203a5f8b16904e7f06645d8cdefd to remote] DEBUG org.asynchttpclient.netty.request.NettyRequestSender - Using open Channel [id: 0x6528835a, L:/127.0.0.1:60193 - R:localhost/127.0.0.1:62174] for POST '/session/5d88203a5f8b16904e7f06645d8cdefd/element'
20:08:07.966 [AsyncHttpClient-1-2] DEBUG org.asynchttpclient.netty.handler.HttpHandler - 

Request DefaultHttpRequest(decodeResult: success, version: HTTP/1.1)
POST /session/5d88203a5f8b16904e7f06645d8cdefd/element HTTP/1.1
User-Agent: selenium/4.1.2 (java windows)
Content-Length: 82
Content-Type: application/json; charset=utf-8
host: localhost:62174
accept: */*

Response DefaultHttpResponse(decodeResult: success, version: HTTP/1.1)
HTTP/1.1 200 OK
Content-Type: application/json; charset=utf-8
cache-control: no-cache
content-length: 88

20:08:07.967 [AsyncHttpClient-1-2] DEBUG org.asynchttpclient.netty.channel.ChannelManager - Adding key: http://localhost:62174 for channel [id: 0x6528835a, L:/127.0.0.1:60193 - R:localhost/127.0.0.1:62174]
20:08:08.008 [Forwarding isElementDisplayed on session 5d88203a5f8b16904e7f06645d8cdefd to remote] DEBUG org.asynchttpclient.netty.request.NettyRequestSender - Using pooled Channel '[id: 0x6528835a, L:/127.0.0.1:60193 - R:localhost/127.0.0.1:62174]' for 'POST' to 'http://localhost:62174/session/5d88203a5f8b16904e7f06645d8cdefd/execute/sync'
20:08:08.009 [Forwarding isElementDisplayed on session 5d88203a5f8b16904e7f06645d8cdefd to remote] DEBUG org.asynchttpclient.netty.request.NettyRequestSender - Using open Channel [id: 0x6528835a, L:/127.0.0.1:60193 - R:localhost/127.0.0.1:62174] for POST '/session/5d88203a5f8b16904e7f06645d8cdefd/execute/sync'
20:08:08.042 [AsyncHttpClient-1-2] DEBUG org.asynchttpclient.netty.handler.HttpHandler - 

Request DefaultHttpRequest(decodeResult: success, version: HTTP/1.1)
POST /session/5d88203a5f8b16904e7f06645d8cdefd/execute/sync HTTP/1.1
User-Agent: selenium/4.1.2 (java windows)
Content-Length: 48780
Content-Type: application/json; charset=utf-8
host: localhost:62174
accept: */*

Response DefaultHttpResponse(decodeResult: success, version: HTTP/1.1)
HTTP/1.1 200 OK
Content-Type: application/json; charset=utf-8
cache-control: no-cache
content-length: 14

20:08:08.042 [AsyncHttpClient-1-2] DEBUG org.asynchttpclient.netty.channel.ChannelManager - Adding key: http://localhost:62174 for channel [id: 0x6528835a, L:/127.0.0.1:60193 - R:localhost/127.0.0.1:62174]
20:08:08.045 [Forwarding findElement on session 5d88203a5f8b16904e7f06645d8cdefd to remote] DEBUG org.asynchttpclient.netty.request.NettyRequestSender - Using pooled Channel '[id: 0x6528835a, L:/127.0.0.1:60193 - R:localhost/127.0.0.1:62174]' for 'POST' to 'http://localhost:62174/session/5d88203a5f8b16904e7f06645d8cdefd/element'
20:08:08.045 [Forwarding findElement on session 5d88203a5f8b16904e7f06645d8cdefd to remote] DEBUG org.asynchttpclient.netty.request.NettyRequestSender - Using open Channel [id: 0x6528835a, L:/127.0.0.1:60193 - R:localhost/127.0.0.1:62174] for POST '/session/5d88203a5f8b16904e7f06645d8cdefd/element'
20:08:08.054 [AsyncHttpClient-1-2] DEBUG org.asynchttpclient.netty.handler.HttpHandler - 

Request DefaultHttpRequest(decodeResult: success, version: HTTP/1.1)
POST /session/5d88203a5f8b16904e7f06645d8cdefd/element HTTP/1.1
User-Agent: selenium/4.1.2 (java windows)
Content-Length: 82
Content-Type: application/json; charset=utf-8
host: localhost:62174
accept: */*

Response DefaultHttpResponse(decodeResult: success, version: HTTP/1.1)
HTTP/1.1 200 OK
Content-Type: application/json; charset=utf-8
cache-control: no-cache
content-length: 88

20:08:08.055 [AsyncHttpClient-1-2] DEBUG org.asynchttpclient.netty.channel.ChannelManager - Adding key: http://localhost:62174 for channel [id: 0x6528835a, L:/127.0.0.1:60193 - R:localhost/127.0.0.1:62174]
20:08:08.058 [Forwarding isElementEnabled on session 5d88203a5f8b16904e7f06645d8cdefd to remote] DEBUG org.asynchttpclient.netty.request.NettyRequestSender - Using pooled Channel '[id: 0x6528835a, L:/127.0.0.1:60193 - R:localhost/127.0.0.1:62174]' for 'GET' to 'http://localhost:62174/session/5d88203a5f8b16904e7f06645d8cdefd/element/69c1e2eb-79a1-4090-adeb-ff89dfc8f387/enabled'
20:08:08.058 [Forwarding isElementEnabled on session 5d88203a5f8b16904e7f06645d8cdefd to remote] DEBUG org.asynchttpclient.netty.request.NettyRequestSender - Using open Channel [id: 0x6528835a, L:/127.0.0.1:60193 - R:localhost/127.0.0.1:62174] for GET '/session/5d88203a5f8b16904e7f06645d8cdefd/element/69c1e2eb-79a1-4090-adeb-ff89dfc8f387/enabled'
20:08:08.071 [AsyncHttpClient-1-2] DEBUG org.asynchttpclient.netty.handler.HttpHandler - 

Request DefaultFullHttpRequest(decodeResult: success, version: HTTP/1.1, content: EmptyByteBufBE)
GET /session/5d88203a5f8b16904e7f06645d8cdefd/element/69c1e2eb-79a1-4090-adeb-ff89dfc8f387/enabled HTTP/1.1
User-Agent: selenium/4.1.2 (java windows)
Cache-Control: no-cache
Content-Type: application/json; charset=utf-8
host: localhost:62174
accept: */*

Response DefaultHttpResponse(decodeResult: success, version: HTTP/1.1)
HTTP/1.1 200 OK
Content-Type: application/json; charset=utf-8
cache-control: no-cache
content-length: 14

20:08:08.071 [AsyncHttpClient-1-2] DEBUG org.asynchttpclient.netty.channel.ChannelManager - Adding key: http://localhost:62174 for channel [id: 0x6528835a, L:/127.0.0.1:60193 - R:localhost/127.0.0.1:62174]
20:08:08.073 [Forwarding findElement on session 5d88203a5f8b16904e7f06645d8cdefd to remote] DEBUG org.asynchttpclient.netty.request.NettyRequestSender - Using pooled Channel '[id: 0x6528835a, L:/127.0.0.1:60193 - R:localhost/127.0.0.1:62174]' for 'POST' to 'http://localhost:62174/session/5d88203a5f8b16904e7f06645d8cdefd/element'
20:08:08.073 [Forwarding findElement on session 5d88203a5f8b16904e7f06645d8cdefd to remote] DEBUG org.asynchttpclient.netty.request.NettyRequestSender - Using open Channel [id: 0x6528835a, L:/127.0.0.1:60193 - R:localhost/127.0.0.1:62174] for POST '/session/5d88203a5f8b16904e7f06645d8cdefd/element'
20:08:08.081 [AsyncHttpClient-1-2] DEBUG org.asynchttpclient.netty.handler.HttpHandler - 

Request DefaultHttpRequest(decodeResult: success, version: HTTP/1.1)
POST /session/5d88203a5f8b16904e7f06645d8cdefd/element HTTP/1.1
User-Agent: selenium/4.1.2 (java windows)
Content-Length: 82
Content-Type: application/json; charset=utf-8
host: localhost:62174
accept: */*

Response DefaultHttpResponse(decodeResult: success, version: HTTP/1.1)
HTTP/1.1 200 OK
Content-Type: application/json; charset=utf-8
cache-control: no-cache
content-length: 88

20:08:08.081 [AsyncHttpClient-1-2] DEBUG org.asynchttpclient.netty.channel.ChannelManager - Adding key: http://localhost:62174 for channel [id: 0x6528835a, L:/127.0.0.1:60193 - R:localhost/127.0.0.1:62174]
20:08:08.084 [Forwarding clickElement on session 5d88203a5f8b16904e7f06645d8cdefd to remote] DEBUG org.asynchttpclient.netty.request.NettyRequestSender - Using pooled Channel '[id: 0x6528835a, L:/127.0.0.1:60193 - R:localhost/127.0.0.1:62174]' for 'POST' to 'http://localhost:62174/session/5d88203a5f8b16904e7f06645d8cdefd/element/69c1e2eb-79a1-4090-adeb-ff89dfc8f387/click'
20:08:08.084 [Forwarding clickElement on session 5d88203a5f8b16904e7f06645d8cdefd to remote] DEBUG org.asynchttpclient.netty.request.NettyRequestSender - Using open Channel [id: 0x6528835a, L:/127.0.0.1:60193 - R:localhost/127.0.0.1:62174] for POST '/session/5d88203a5f8b16904e7f06645d8cdefd/element/69c1e2eb-79a1-4090-adeb-ff89dfc8f387/click'
20:08:08.590 [AsyncHttpClient-1-2] DEBUG org.asynchttpclient.netty.handler.HttpHandler - 

Request DefaultHttpRequest(decodeResult: success, version: HTTP/1.1)
POST /session/5d88203a5f8b16904e7f06645d8cdefd/element/69c1e2eb-79a1-4090-adeb-ff89dfc8f387/click HTTP/1.1
User-Agent: selenium/4.1.2 (java windows)
Content-Length: 50
Content-Type: application/json; charset=utf-8
host: localhost:62174
accept: */*

Response DefaultHttpResponse(decodeResult: success, version: HTTP/1.1)
HTTP/1.1 200 OK
Content-Type: application/json; charset=utf-8
cache-control: no-cache
content-length: 14

20:08:08.590 [AsyncHttpClient-1-2] DEBUG org.asynchttpclient.netty.channel.ChannelManager - Adding key: http://localhost:62174 for channel [id: 0x6528835a, L:/127.0.0.1:60193 - R:localhost/127.0.0.1:62174]
20:08:08.593 [Forwarding findElement on session 5d88203a5f8b16904e7f06645d8cdefd to remote] DEBUG org.asynchttpclient.netty.request.NettyRequestSender - Using pooled Channel '[id: 0x6528835a, L:/127.0.0.1:60193 - R:localhost/127.0.0.1:62174]' for 'POST' to 'http://localhost:62174/session/5d88203a5f8b16904e7f06645d8cdefd/element'
20:08:08.593 [Forwarding findElement on session 5d88203a5f8b16904e7f06645d8cdefd to remote] DEBUG org.asynchttpclient.netty.request.NettyRequestSender - Using open Channel [id: 0x6528835a, L:/127.0.0.1:60193 - R:localhost/127.0.0.1:62174] for POST '/session/5d88203a5f8b16904e7f06645d8cdefd/element'
20:08:08.597 [AsyncHttpClient-1-1] DEBUG org.asynchttpclient.netty.channel.DefaultChannelPool - Entry count for : http://localhost:60194 : 1
20:08:08.609 [AsyncHttpClient-1-2] DEBUG org.asynchttpclient.netty.handler.HttpHandler - 

Request DefaultHttpRequest(decodeResult: success, version: HTTP/1.1)
POST /session/5d88203a5f8b16904e7f06645d8cdefd/element HTTP/1.1
User-Agent: selenium/4.1.2 (java windows)
Content-Length: 122
Content-Type: application/json; charset=utf-8
host: localhost:62174
accept: */*

Response DefaultHttpResponse(decodeResult: success, version: HTTP/1.1)
HTTP/1.1 200 OK
Content-Type: application/json; charset=utf-8
cache-control: no-cache
content-length: 88

20:08:08.610 [AsyncHttpClient-1-2] DEBUG org.asynchttpclient.netty.channel.ChannelManager - Adding key: http://localhost:62174 for channel [id: 0x6528835a, L:/127.0.0.1:60193 - R:localhost/127.0.0.1:62174]
20:08:08.612 [Forwarding clickElement on session 5d88203a5f8b16904e7f06645d8cdefd to remote] DEBUG org.asynchttpclient.netty.request.NettyRequestSender - Using pooled Channel '[id: 0x6528835a, L:/127.0.0.1:60193 - R:localhost/127.0.0.1:62174]' for 'POST' to 'http://localhost:62174/session/5d88203a5f8b16904e7f06645d8cdefd/element/674cd60a-6de6-446e-bd18-dd4c98b9e20f/click'
20:08:08.612 [Forwarding clickElement on session 5d88203a5f8b16904e7f06645d8cdefd to remote] DEBUG org.asynchttpclient.netty.request.NettyRequestSender - Using open Channel [id: 0x6528835a, L:/127.0.0.1:60193 - R:localhost/127.0.0.1:62174] for POST '/session/5d88203a5f8b16904e7f06645d8cdefd/element/674cd60a-6de6-446e-bd18-dd4c98b9e20f/click'
20:08:09.309 [AsyncHttpClient-1-2] DEBUG org.asynchttpclient.netty.handler.HttpHandler - 

Request DefaultHttpRequest(decodeResult: success, version: HTTP/1.1)
POST /session/5d88203a5f8b16904e7f06645d8cdefd/element/674cd60a-6de6-446e-bd18-dd4c98b9e20f/click HTTP/1.1
User-Agent: selenium/4.1.2 (java windows)
Content-Length: 50
Content-Type: application/json; charset=utf-8
host: localhost:62174
accept: */*

Response DefaultHttpResponse(decodeResult: success, version: HTTP/1.1)
HTTP/1.1 200 OK
Content-Type: application/json; charset=utf-8
cache-control: no-cache
content-length: 14

20:08:09.310 [AsyncHttpClient-1-2] DEBUG org.asynchttpclient.netty.channel.ChannelManager - Adding key: http://localhost:62174 for channel [id: 0x6528835a, L:/127.0.0.1:60193 - R:localhost/127.0.0.1:62174]
20:08:09.313 [Forwarding findElement on session 5d88203a5f8b16904e7f06645d8cdefd to remote] DEBUG org.asynchttpclient.netty.request.NettyRequestSender - Using pooled Channel '[id: 0x6528835a, L:/127.0.0.1:60193 - R:localhost/127.0.0.1:62174]' for 'POST' to 'http://localhost:62174/session/5d88203a5f8b16904e7f06645d8cdefd/element'
20:08:09.314 [Forwarding findElement on session 5d88203a5f8b16904e7f06645d8cdefd to remote] DEBUG org.asynchttpclient.netty.request.NettyRequestSender - Using open Channel [id: 0x6528835a, L:/127.0.0.1:60193 - R:localhost/127.0.0.1:62174] for POST '/session/5d88203a5f8b16904e7f06645d8cdefd/element'
20:08:09.326 [AsyncHttpClient-1-2] DEBUG org.asynchttpclient.netty.handler.HttpHandler - 

Request DefaultHttpRequest(decodeResult: success, version: HTTP/1.1)
POST /session/5d88203a5f8b16904e7f06645d8cdefd/element HTTP/1.1
User-Agent: selenium/4.1.2 (java windows)
Content-Length: 57
Content-Type: application/json; charset=utf-8
host: localhost:62174
accept: */*

Response DefaultHttpResponse(decodeResult: success, version: HTTP/1.1)
HTTP/1.1 200 OK
Content-Type: application/json; charset=utf-8
cache-control: no-cache
content-length: 88

20:08:09.326 [AsyncHttpClient-1-2] DEBUG org.asynchttpclient.netty.channel.ChannelManager - Adding key: http://localhost:62174 for channel [id: 0x6528835a, L:/127.0.0.1:60193 - R:localhost/127.0.0.1:62174]
20:08:09.328 [Forwarding clickElement on session 5d88203a5f8b16904e7f06645d8cdefd to remote] DEBUG org.asynchttpclient.netty.request.NettyRequestSender - Using pooled Channel '[id: 0x6528835a, L:/127.0.0.1:60193 - R:localhost/127.0.0.1:62174]' for 'POST' to 'http://localhost:62174/session/5d88203a5f8b16904e7f06645d8cdefd/element/c590bc3e-9e8e-447a-83f6-46c3d7512aa5/click'
20:08:09.328 [Forwarding clickElement on session 5d88203a5f8b16904e7f06645d8cdefd to remote] DEBUG org.asynchttpclient.netty.request.NettyRequestSender - Using open Channel [id: 0x6528835a, L:/127.0.0.1:60193 - R:localhost/127.0.0.1:62174] for POST '/session/5d88203a5f8b16904e7f06645d8cdefd/element/c590bc3e-9e8e-447a-83f6-46c3d7512aa5/click'
20:08:09.368 [AsyncHttpClient-1-2] DEBUG org.asynchttpclient.netty.handler.HttpHandler - 

Request DefaultHttpRequest(decodeResult: success, version: HTTP/1.1)
POST /session/5d88203a5f8b16904e7f06645d8cdefd/element/c590bc3e-9e8e-447a-83f6-46c3d7512aa5/click HTTP/1.1
User-Agent: selenium/4.1.2 (java windows)
Content-Length: 50
Content-Type: application/json; charset=utf-8
host: localhost:62174
accept: */*

Response DefaultHttpResponse(decodeResult: success, version: HTTP/1.1)
HTTP/1.1 200 OK
Content-Type: application/json; charset=utf-8
cache-control: no-cache
content-length: 14

20:08:09.369 [AsyncHttpClient-1-2] DEBUG org.asynchttpclient.netty.channel.ChannelManager - Adding key: http://localhost:62174 for channel [id: 0x6528835a, L:/127.0.0.1:60193 - R:localhost/127.0.0.1:62174]
20:08:09.373 [Forwarding findElement on session 5d88203a5f8b16904e7f06645d8cdefd to remote] DEBUG org.asynchttpclient.netty.request.NettyRequestSender - Using pooled Channel '[id: 0x6528835a, L:/127.0.0.1:60193 - R:localhost/127.0.0.1:62174]' for 'POST' to 'http://localhost:62174/session/5d88203a5f8b16904e7f06645d8cdefd/element'
20:08:09.373 [Forwarding findElement on session 5d88203a5f8b16904e7f06645d8cdefd to remote] DEBUG org.asynchttpclient.netty.request.NettyRequestSender - Using open Channel [id: 0x6528835a, L:/127.0.0.1:60193 - R:localhost/127.0.0.1:62174] for POST '/session/5d88203a5f8b16904e7f06645d8cdefd/element'
20:08:09.392 [AsyncHttpClient-1-2] DEBUG org.asynchttpclient.netty.handler.HttpHandler - 

Request DefaultHttpRequest(decodeResult: success, version: HTTP/1.1)
POST /session/5d88203a5f8b16904e7f06645d8cdefd/element HTTP/1.1
User-Agent: selenium/4.1.2 (java windows)
Content-Length: 98
Content-Type: application/json; charset=utf-8
host: localhost:62174
accept: */*

Response DefaultHttpResponse(decodeResult: success, version: HTTP/1.1)
HTTP/1.1 200 OK
Content-Type: application/json; charset=utf-8
cache-control: no-cache
content-length: 88

20:08:09.394 [AsyncHttpClient-1-2] DEBUG org.asynchttpclient.netty.channel.ChannelManager - Adding key: http://localhost:62174 for channel [id: 0x6528835a, L:/127.0.0.1:60193 - R:localhost/127.0.0.1:62174]
20:08:09.399 [Forwarding sendKeysToElement on session 5d88203a5f8b16904e7f06645d8cdefd to remote] DEBUG org.asynchttpclient.netty.request.NettyRequestSender - Using pooled Channel '[id: 0x6528835a, L:/127.0.0.1:60193 - R:localhost/127.0.0.1:62174]' for 'POST' to 'http://localhost:62174/session/5d88203a5f8b16904e7f06645d8cdefd/element/a8c6c9cf-2aaf-4439-af8d-6056564438e7/value'
20:08:09.399 [Forwarding sendKeysToElement on session 5d88203a5f8b16904e7f06645d8cdefd to remote] DEBUG org.asynchttpclient.netty.request.NettyRequestSender - Using open Channel [id: 0x6528835a, L:/127.0.0.1:60193 - R:localhost/127.0.0.1:62174] for POST '/session/5d88203a5f8b16904e7f06645d8cdefd/element/a8c6c9cf-2aaf-4439-af8d-6056564438e7/value'
20:08:09.435 [AsyncHttpClient-1-2] DEBUG org.asynchttpclient.netty.handler.HttpHandler - 

Request DefaultHttpRequest(decodeResult: success, version: HTTP/1.1)
POST /session/5d88203a5f8b16904e7f06645d8cdefd/element/a8c6c9cf-2aaf-4439-af8d-6056564438e7/value HTTP/1.1
User-Agent: selenium/4.1.2 (java windows)
Content-Length: 1079
Content-Type: application/json; charset=utf-8
host: localhost:62174
accept: */*

Response DefaultHttpResponse(decodeResult: success, version: HTTP/1.1)
HTTP/1.1 200 OK
Content-Type: application/json; charset=utf-8
cache-control: no-cache
content-length: 14

20:08:09.435 [AsyncHttpClient-1-2] DEBUG org.asynchttpclient.netty.channel.ChannelManager - Adding key: http://localhost:62174 for channel [id: 0x6528835a, L:/127.0.0.1:60193 - R:localhost/127.0.0.1:62174]
20:08:09.437 [Forwarding findElement on session 5d88203a5f8b16904e7f06645d8cdefd to remote] DEBUG org.asynchttpclient.netty.request.NettyRequestSender - Using pooled Channel '[id: 0x6528835a, L:/127.0.0.1:60193 - R:localhost/127.0.0.1:62174]' for 'POST' to 'http://localhost:62174/session/5d88203a5f8b16904e7f06645d8cdefd/element'
20:08:09.437 [Forwarding findElement on session 5d88203a5f8b16904e7f06645d8cdefd to remote] DEBUG org.asynchttpclient.netty.request.NettyRequestSender - Using open Channel [id: 0x6528835a, L:/127.0.0.1:60193 - R:localhost/127.0.0.1:62174] for POST '/session/5d88203a5f8b16904e7f06645d8cdefd/element'
20:08:09.450 [AsyncHttpClient-1-2] DEBUG org.asynchttpclient.netty.handler.HttpHandler - 

Request DefaultHttpRequest(decodeResult: success, version: HTTP/1.1)
POST /session/5d88203a5f8b16904e7f06645d8cdefd/element HTTP/1.1
User-Agent: selenium/4.1.2 (java windows)
Content-Length: 82
Content-Type: application/json; charset=utf-8
host: localhost:62174
accept: */*

Response DefaultHttpResponse(decodeResult: success, version: HTTP/1.1)
HTTP/1.1 200 OK
Content-Type: application/json; charset=utf-8
cache-control: no-cache
content-length: 88

20:08:09.451 [AsyncHttpClient-1-2] DEBUG org.asynchttpclient.netty.channel.ChannelManager - Adding key: http://localhost:62174 for channel [id: 0x6528835a, L:/127.0.0.1:60193 - R:localhost/127.0.0.1:62174]
20:08:09.460 [Forwarding isElementDisplayed on session 5d88203a5f8b16904e7f06645d8cdefd to remote] DEBUG org.asynchttpclient.netty.request.NettyRequestSender - Using pooled Channel '[id: 0x6528835a, L:/127.0.0.1:60193 - R:localhost/127.0.0.1:62174]' for 'POST' to 'http://localhost:62174/session/5d88203a5f8b16904e7f06645d8cdefd/execute/sync'
20:08:09.460 [Forwarding isElementDisplayed on session 5d88203a5f8b16904e7f06645d8cdefd to remote] DEBUG org.asynchttpclient.netty.request.NettyRequestSender - Using open Channel [id: 0x6528835a, L:/127.0.0.1:60193 - R:localhost/127.0.0.1:62174] for POST '/session/5d88203a5f8b16904e7f06645d8cdefd/execute/sync'
20:08:09.485 [AsyncHttpClient-1-2] DEBUG org.asynchttpclient.netty.handler.HttpHandler - 

Request DefaultHttpRequest(decodeResult: success, version: HTTP/1.1)
POST /session/5d88203a5f8b16904e7f06645d8cdefd/execute/sync HTTP/1.1
User-Agent: selenium/4.1.2 (java windows)
Content-Length: 48780
Content-Type: application/json; charset=utf-8
host: localhost:62174
accept: */*

Response DefaultHttpResponse(decodeResult: success, version: HTTP/1.1)
HTTP/1.1 200 OK
Content-Type: application/json; charset=utf-8
cache-control: no-cache
content-length: 14

20:08:09.485 [AsyncHttpClient-1-2] DEBUG org.asynchttpclient.netty.channel.ChannelManager - Adding key: http://localhost:62174 for channel [id: 0x6528835a, L:/127.0.0.1:60193 - R:localhost/127.0.0.1:62174]
20:08:09.489 [Forwarding findElement on session 5d88203a5f8b16904e7f06645d8cdefd to remote] DEBUG org.asynchttpclient.netty.request.NettyRequestSender - Using pooled Channel '[id: 0x6528835a, L:/127.0.0.1:60193 - R:localhost/127.0.0.1:62174]' for 'POST' to 'http://localhost:62174/session/5d88203a5f8b16904e7f06645d8cdefd/element'
20:08:09.489 [Forwarding findElement on session 5d88203a5f8b16904e7f06645d8cdefd to remote] DEBUG org.asynchttpclient.netty.request.NettyRequestSender - Using open Channel [id: 0x6528835a, L:/127.0.0.1:60193 - R:localhost/127.0.0.1:62174] for POST '/session/5d88203a5f8b16904e7f06645d8cdefd/element'
20:08:09.500 [AsyncHttpClient-1-2] DEBUG org.asynchttpclient.netty.handler.HttpHandler - 

Request DefaultHttpRequest(decodeResult: success, version: HTTP/1.1)
POST /session/5d88203a5f8b16904e7f06645d8cdefd/element HTTP/1.1
User-Agent: selenium/4.1.2 (java windows)
Content-Length: 82
Content-Type: application/json; charset=utf-8
host: localhost:62174
accept: */*

Response DefaultHttpResponse(decodeResult: success, version: HTTP/1.1)
HTTP/1.1 200 OK
Content-Type: application/json; charset=utf-8
cache-control: no-cache
content-length: 88

20:08:09.501 [AsyncHttpClient-1-2] DEBUG org.asynchttpclient.netty.channel.ChannelManager - Adding key: http://localhost:62174 for channel [id: 0x6528835a, L:/127.0.0.1:60193 - R:localhost/127.0.0.1:62174]
20:08:09.503 [Forwarding isElementEnabled on session 5d88203a5f8b16904e7f06645d8cdefd to remote] DEBUG org.asynchttpclient.netty.request.NettyRequestSender - Using pooled Channel '[id: 0x6528835a, L:/127.0.0.1:60193 - R:localhost/127.0.0.1:62174]' for 'GET' to 'http://localhost:62174/session/5d88203a5f8b16904e7f06645d8cdefd/element/485d9b99-a33e-45bb-a9e3-04c5a44c18cc/enabled'
20:08:09.503 [Forwarding isElementEnabled on session 5d88203a5f8b16904e7f06645d8cdefd to remote] DEBUG org.asynchttpclient.netty.request.NettyRequestSender - Using open Channel [id: 0x6528835a, L:/127.0.0.1:60193 - R:localhost/127.0.0.1:62174] for GET '/session/5d88203a5f8b16904e7f06645d8cdefd/element/485d9b99-a33e-45bb-a9e3-04c5a44c18cc/enabled'
20:08:09.514 [AsyncHttpClient-1-2] DEBUG org.asynchttpclient.netty.handler.HttpHandler - 

Request DefaultFullHttpRequest(decodeResult: success, version: HTTP/1.1, content: EmptyByteBufBE)
GET /session/5d88203a5f8b16904e7f06645d8cdefd/element/485d9b99-a33e-45bb-a9e3-04c5a44c18cc/enabled HTTP/1.1
User-Agent: selenium/4.1.2 (java windows)
Cache-Control: no-cache
Content-Type: application/json; charset=utf-8
host: localhost:62174
accept: */*

Response DefaultHttpResponse(decodeResult: success, version: HTTP/1.1)
HTTP/1.1 200 OK
Content-Type: application/json; charset=utf-8
cache-control: no-cache
content-length: 14

20:08:09.515 [AsyncHttpClient-1-2] DEBUG org.asynchttpclient.netty.channel.ChannelManager - Adding key: http://localhost:62174 for channel [id: 0x6528835a, L:/127.0.0.1:60193 - R:localhost/127.0.0.1:62174]
20:08:09.517 [Forwarding findElement on session 5d88203a5f8b16904e7f06645d8cdefd to remote] DEBUG org.asynchttpclient.netty.request.NettyRequestSender - Using pooled Channel '[id: 0x6528835a, L:/127.0.0.1:60193 - R:localhost/127.0.0.1:62174]' for 'POST' to 'http://localhost:62174/session/5d88203a5f8b16904e7f06645d8cdefd/element'
20:08:09.517 [Forwarding findElement on session 5d88203a5f8b16904e7f06645d8cdefd to remote] DEBUG org.asynchttpclient.netty.request.NettyRequestSender - Using open Channel [id: 0x6528835a, L:/127.0.0.1:60193 - R:localhost/127.0.0.1:62174] for POST '/session/5d88203a5f8b16904e7f06645d8cdefd/element'
20:08:09.529 [AsyncHttpClient-1-2] DEBUG org.asynchttpclient.netty.handler.HttpHandler - 

Request DefaultHttpRequest(decodeResult: success, version: HTTP/1.1)
POST /session/5d88203a5f8b16904e7f06645d8cdefd/element HTTP/1.1
User-Agent: selenium/4.1.2 (java windows)
Content-Length: 82
Content-Type: application/json; charset=utf-8
host: localhost:62174
accept: */*

Response DefaultHttpResponse(decodeResult: success, version: HTTP/1.1)
HTTP/1.1 200 OK
Content-Type: application/json; charset=utf-8
cache-control: no-cache
content-length: 88

20:08:09.529 [AsyncHttpClient-1-2] DEBUG org.asynchttpclient.netty.channel.ChannelManager - Adding key: http://localhost:62174 for channel [id: 0x6528835a, L:/127.0.0.1:60193 - R:localhost/127.0.0.1:62174]
20:08:09.531 [Forwarding clickElement on session 5d88203a5f8b16904e7f06645d8cdefd to remote] DEBUG org.asynchttpclient.netty.request.NettyRequestSender - Using pooled Channel '[id: 0x6528835a, L:/127.0.0.1:60193 - R:localhost/127.0.0.1:62174]' for 'POST' to 'http://localhost:62174/session/5d88203a5f8b16904e7f06645d8cdefd/element/485d9b99-a33e-45bb-a9e3-04c5a44c18cc/click'
20:08:09.531 [Forwarding clickElement on session 5d88203a5f8b16904e7f06645d8cdefd to remote] DEBUG org.asynchttpclient.netty.request.NettyRequestSender - Using open Channel [id: 0x6528835a, L:/127.0.0.1:60193 - R:localhost/127.0.0.1:62174] for POST '/session/5d88203a5f8b16904e7f06645d8cdefd/element/485d9b99-a33e-45bb-a9e3-04c5a44c18cc/click'
20:08:09.696 [AsyncHttpClient-1-1] DEBUG org.asynchttpclient.netty.channel.DefaultChannelPool - Entry count for : http://localhost:60194 : 1
20:08:09.757 [AsyncHttpClient-1-2] DEBUG org.asynchttpclient.netty.handler.HttpHandler - 

Request DefaultHttpRequest(decodeResult: success, version: HTTP/1.1)
POST /session/5d88203a5f8b16904e7f06645d8cdefd/element/485d9b99-a33e-45bb-a9e3-04c5a44c18cc/click HTTP/1.1
User-Agent: selenium/4.1.2 (java windows)
Content-Length: 50
Content-Type: application/json; charset=utf-8
host: localhost:62174
accept: */*

Response DefaultHttpResponse(decodeResult: success, version: HTTP/1.1)
HTTP/1.1 200 OK
Content-Type: application/json; charset=utf-8
cache-control: no-cache
content-length: 14

20:08:09.757 [AsyncHttpClient-1-2] DEBUG org.asynchttpclient.netty.channel.ChannelManager - Adding key: http://localhost:62174 for channel [id: 0x6528835a, L:/127.0.0.1:60193 - R:localhost/127.0.0.1:62174]
20:08:09.760 [Forwarding findElement on session 5d88203a5f8b16904e7f06645d8cdefd to remote] DEBUG org.asynchttpclient.netty.request.NettyRequestSender - Using pooled Channel '[id: 0x6528835a, L:/127.0.0.1:60193 - R:localhost/127.0.0.1:62174]' for 'POST' to 'http://localhost:62174/session/5d88203a5f8b16904e7f06645d8cdefd/element'
20:08:09.760 [Forwarding findElement on session 5d88203a5f8b16904e7f06645d8cdefd to remote] DEBUG org.asynchttpclient.netty.request.NettyRequestSender - Using open Channel [id: 0x6528835a, L:/127.0.0.1:60193 - R:localhost/127.0.0.1:62174] for POST '/session/5d88203a5f8b16904e7f06645d8cdefd/element'
20:08:09.997 [AsyncHttpClient-1-2] DEBUG org.asynchttpclient.netty.handler.HttpHandler - 

Request DefaultHttpRequest(decodeResult: success, version: HTTP/1.1)
POST /session/5d88203a5f8b16904e7f06645d8cdefd/element HTTP/1.1
User-Agent: selenium/4.1.2 (java windows)
Content-Length: 81
Content-Type: application/json; charset=utf-8
host: localhost:62174
accept: */*

Response DefaultHttpResponse(decodeResult: success, version: HTTP/1.1)
HTTP/1.1 200 OK
Content-Type: application/json; charset=utf-8
cache-control: no-cache
content-length: 88

20:08:09.998 [AsyncHttpClient-1-2] DEBUG org.asynchttpclient.netty.channel.ChannelManager - Adding key: http://localhost:62174 for channel [id: 0x6528835a, L:/127.0.0.1:60193 - R:localhost/127.0.0.1:62174]
20:08:10.003 [Forwarding isElementDisplayed on session 5d88203a5f8b16904e7f06645d8cdefd to remote] DEBUG org.asynchttpclient.netty.request.NettyRequestSender - Using pooled Channel '[id: 0x6528835a, L:/127.0.0.1:60193 - R:localhost/127.0.0.1:62174]' for 'POST' to 'http://localhost:62174/session/5d88203a5f8b16904e7f06645d8cdefd/execute/sync'
20:08:10.003 [Forwarding isElementDisplayed on session 5d88203a5f8b16904e7f06645d8cdefd to remote] DEBUG org.asynchttpclient.netty.request.NettyRequestSender - Using open Channel [id: 0x6528835a, L:/127.0.0.1:60193 - R:localhost/127.0.0.1:62174] for POST '/session/5d88203a5f8b16904e7f06645d8cdefd/execute/sync'
20:08:10.017 [AsyncHttpClient-1-2] DEBUG org.asynchttpclient.netty.handler.HttpHandler - 

Request DefaultHttpRequest(decodeResult: success, version: HTTP/1.1)
POST /session/5d88203a5f8b16904e7f06645d8cdefd/execute/sync HTTP/1.1
User-Agent: selenium/4.1.2 (java windows)
Content-Length: 48780
Content-Type: application/json; charset=utf-8
host: localhost:62174
accept: */*

Response DefaultHttpResponse(decodeResult: success, version: HTTP/1.1)
HTTP/1.1 200 OK
Content-Type: application/json; charset=utf-8
cache-control: no-cache
content-length: 14

20:08:10.018 [AsyncHttpClient-1-2] DEBUG org.asynchttpclient.netty.channel.ChannelManager - Adding key: http://localhost:62174 for channel [id: 0x6528835a, L:/127.0.0.1:60193 - R:localhost/127.0.0.1:62174]
20:08:10.031 [Driver Command Executor] DEBUG org.asynchttpclient.netty.request.NettyRequestSender - Using pooled Channel '[id: 0x6528835a, L:/127.0.0.1:60193 - R:localhost/127.0.0.1:62174]' for 'DELETE' to 'http://localhost:62174/session/5d88203a5f8b16904e7f06645d8cdefd'
20:08:10.031 [Driver Command Executor] DEBUG org.asynchttpclient.netty.request.NettyRequestSender - Using open Channel [id: 0x6528835a, L:/127.0.0.1:60193 - R:localhost/127.0.0.1:62174] for DELETE '/session/5d88203a5f8b16904e7f06645d8cdefd'
20:08:10.032 [AsyncHttpClient-1-4] DEBUG org.asynchttpclient.netty.handler.WebSocketHandler - Channel Closed: [id: 0x4754fcee, L:/127.0.0.1:60200 ! R:localhost/127.0.0.1:60194] with attribute NettyResponseFuture{currentRetry=5,
	isDone=1,
	isCancelled=0,
	asyncHandler=org.asynchttpclient.ws.WebSocketUpgradeHandler@303a87d,
	nettyRequest=org.asynchttpclient.netty.request.NettyRequest@7e75a69c,
	future=java.util.concurrent.CompletableFuture@4252473e[Completed normally],
	uri=ws://localhost:60194/devtools/browser/b8a04b80-c514-437d-880a-1bc93be2e091,
	keepAlive=true,
	redirectCount=0,
	timeoutsHolder=null,
	inAuth=0,
	touch=1648231680734}
20:08:10.034 [AsyncHttpClient-1-4] DEBUG org.asynchttpclient.netty.channel.ChannelManager - Closing Channel [id: 0x4754fcee, L:/127.0.0.1:60200 ! R:localhost/127.0.0.1:60194] 
20:08:10.052 [AsyncHttpClient-1-3] DEBUG org.asynchttpclient.netty.handler.HttpHandler - Unexpected I/O exception on channel [id: 0xd136b366, L:/127.0.0.1:60199 - R:localhost/127.0.0.1:60194]
java.net.SocketException: Connection reset
	at java.base/sun.nio.ch.SocketChannelImpl.throwConnectionReset(SocketChannelImpl.java:394)
	at java.base/sun.nio.ch.SocketChannelImpl.read(SocketChannelImpl.java:426)
	at io.netty.buffer.PooledByteBuf.setBytes(PooledByteBuf.java:258)
	at io.netty.buffer.AbstractByteBuf.writeBytes(AbstractByteBuf.java:1132)
	at io.netty.channel.socket.nio.NioSocketChannel.doReadBytes(NioSocketChannel.java:350)
	at io.netty.channel.nio.AbstractNioByteChannel$NioByteUnsafe.read(AbstractNioByteChannel.java:151)
	at io.netty.channel.nio.NioEventLoop.processSelectedKey(NioEventLoop.java:722)
	at io.netty.channel.nio.NioEventLoop.processSelectedKeysOptimized(NioEventLoop.java:658)
	at io.netty.channel.nio.NioEventLoop.processSelectedKeys(NioEventLoop.java:584)
	at io.netty.channel.nio.NioEventLoop.run(NioEventLoop.java:496)
	at io.netty.util.concurrent.SingleThreadEventExecutor$4.run(SingleThreadEventExecutor.java:986)
	at io.netty.util.internal.ThreadExecutorMap$2.run(ThreadExecutorMap.java:74)
	at io.netty.util.concurrent.FastThreadLocalRunnable.run(FastThreadLocalRunnable.java:30)
	at java.base/java.lang.Thread.run(Thread.java:833)
20:08:10.053 [AsyncHttpClient-1-3] DEBUG org.asynchttpclient.netty.channel.ChannelManager - Closing Channel [id: 0xd136b366, L:/127.0.0.1:60199 - R:localhost/127.0.0.1:60194] 
20:08:10.055 [AsyncHttpClient-1-3] DEBUG org.asynchttpclient.netty.handler.HttpHandler - Channel Closed: [id: 0xd136b366, L:/127.0.0.1:60199 ! R:localhost/127.0.0.1:60194] with attribute DISCARD
20:08:10.066 [AsyncHttpClient-1-2] DEBUG org.asynchttpclient.netty.handler.HttpHandler - 

Request DefaultFullHttpRequest(decodeResult: success, version: HTTP/1.1, content: EmptyByteBufBE)
DELETE /session/5d88203a5f8b16904e7f06645d8cdefd HTTP/1.1
User-Agent: selenium/4.1.2 (java windows)
Content-Type: application/json; charset=utf-8
host: localhost:62174
accept: */*

Response DefaultHttpResponse(decodeResult: success, version: HTTP/1.1)
HTTP/1.1 200 OK
Content-Type: application/json; charset=utf-8
cache-control: no-cache
content-length: 14

20:08:10.067 [AsyncHttpClient-1-2] DEBUG org.asynchttpclient.netty.channel.ChannelManager - Adding key: http://localhost:62174 for channel [id: 0x6528835a, L:/127.0.0.1:60193 - R:localhost/127.0.0.1:62174]
20:08:10.157 [AsyncHttpClient-1-2] DEBUG org.asynchttpclient.netty.handler.HttpHandler - Channel Closed: [id: 0x6528835a, L:/127.0.0.1:60193 ! R:localhost/127.0.0.1:62174] with attribute DISCARD
]]></system-out>
    <system-err><![CDATA[Starting ChromeDriver 99.0.4844.51 (d537ec02474b5afe23684e7963d538896c63ac77-refs/branch-heads/4844@{#875}) on port 62174
Only local connections are allowed.
Please see https://chromedriver.chromium.org/security-considerations for suggestions on keeping ChromeDriver safe.
ChromeDriver was started successfully.
март 25, 2022 8:08:00 СЛ.ОБ. org.openqa.selenium.remote.ProtocolHandshake createSession
INFO: Detected dialect: W3C
март 25, 2022 8:08:00 СЛ.ОБ. org.openqa.selenium.devtools.CdpVersionFinder findNearestMatch
WARNING: Unable to find an exact match for CDP version 99, so returning the closest version found: 97
март 25, 2022 8:08:00 СЛ.ОБ. org.openqa.selenium.devtools.CdpVersionFinder findNearestMatch
INFO: Found CDP implementation for version 99 of 97
]]></system-err>
  </testcase>
  <testcase name="verifyInvalidSearchInputReturnsErrorMessage" classname="pages.HomePageTest" time="9.828">
    <system-out><![CDATA[20:08:10.796 [AsyncHttpClient-1-1] DEBUG org.asynchttpclient.netty.channel.DefaultChannelPool - Entry count for : http://localhost:62174 : 1
20:08:10.796 [AsyncHttpClient-1-1] DEBUG org.asynchttpclient.netty.channel.DefaultChannelPool - Entry count for : http://localhost:60194 : 1
20:08:10.796 [AsyncHttpClient-1-1] DEBUG org.asynchttpclient.netty.channel.DefaultChannelPool - Adding Candidate expired Channel [id: 0x6528835a, L:/127.0.0.1:60193 ! R:localhost/127.0.0.1:62174] isIdleTimeoutExpired=false isRemotelyClosed=true isTtlExpired=false
20:08:10.796 [AsyncHttpClient-1-1] DEBUG org.asynchttpclient.netty.channel.DefaultChannelPool - Closing Idle Channel [id: 0x6528835a, L:/127.0.0.1:60193 ! R:localhost/127.0.0.1:62174]
20:08:10.797 [AsyncHttpClient-1-1] DEBUG org.asynchttpclient.netty.channel.DefaultChannelPool - Adding Candidate expired Channel [id: 0xd136b366, L:/127.0.0.1:60199 ! R:localhost/127.0.0.1:60194] isIdleTimeoutExpired=false isRemotelyClosed=true isTtlExpired=false
20:08:10.797 [AsyncHttpClient-1-1] DEBUG org.asynchttpclient.netty.channel.DefaultChannelPool - Closing Idle Channel [id: 0xd136b366, L:/127.0.0.1:60199 ! R:localhost/127.0.0.1:60194]
20:08:10.797 [AsyncHttpClient-1-1] DEBUG org.asynchttpclient.netty.channel.DefaultChannelPool - Closed 2 connections out of 2 in 1 ms
20:08:11.232 [AsyncHttpClient-1-5] DEBUG org.asynchttpclient.netty.channel.NettyConnectListener - Using new Channel '[id: 0xbd9b3762, L:/127.0.0.1:60214 - R:localhost/127.0.0.1:62320]' for 'POST' to '/session'
20:08:11.903 [AsyncHttpClient-1-5] DEBUG org.asynchttpclient.netty.handler.HttpHandler - 

Request DefaultHttpRequest(decodeResult: success, version: HTTP/1.1)
POST /session HTTP/1.1
User-Agent: selenium/4.1.2 (java windows)
Content-Length: 365
Content-Type: application/json; charset=utf-8
host: localhost:62320
accept: */*

Response DefaultHttpResponse(decodeResult: success, version: HTTP/1.1)
HTTP/1.1 200 OK
Content-Type: application/json; charset=utf-8
cache-control: no-cache
content-length: 789

20:08:11.903 [AsyncHttpClient-1-5] DEBUG org.asynchttpclient.netty.channel.ChannelManager - Adding key: http://localhost:62320 for channel [id: 0xbd9b3762, L:/127.0.0.1:60214 - R:localhost/127.0.0.1:62320]
20:08:11.913 [AsyncHttpClient-1-6] DEBUG org.asynchttpclient.netty.channel.NettyConnectListener - Using new Channel '[id: 0x3e6a9aab, L:/127.0.0.1:60220 - R:localhost/127.0.0.1:60215]' for 'GET' to '/json/version'
20:08:11.933 [AsyncHttpClient-1-6] DEBUG org.asynchttpclient.netty.handler.HttpHandler - 

Request DefaultFullHttpRequest(decodeResult: success, version: HTTP/1.1, content: EmptyByteBufBE)
GET /json/version HTTP/1.1
User-Agent: selenium/4.1.2 (java windows)
host: localhost:60215
accept: */*

Response DefaultHttpResponse(decodeResult: success, version: HTTP/1.1)
HTTP/1.1 200 OK
Content-Type: application/json; charset=UTF-8
content-length: 422

20:08:11.934 [AsyncHttpClient-1-6] DEBUG org.asynchttpclient.netty.channel.ChannelManager - Adding key: http://localhost:60215 for channel [id: 0x3e6a9aab, L:/127.0.0.1:60220 - R:localhost/127.0.0.1:60215]
20:08:11.937 [AsyncHttpClient-1-7] DEBUG org.asynchttpclient.netty.channel.NettyConnectListener - Using new Channel '[id: 0x13d93a14, L:/127.0.0.1:60221 - R:localhost/127.0.0.1:60215]' for 'GET' to '/devtools/browser/fdec628b-4755-46bf-8a13-454d0bdb621a'
20:08:11.961 [AsyncHttpClient-1-7] DEBUG org.asynchttpclient.netty.handler.WebSocketHandler - 

Request DefaultFullHttpRequest(decodeResult: success, version: HTTP/1.1, content: EmptyByteBufBE)
GET /devtools/browser/fdec628b-4755-46bf-8a13-454d0bdb621a HTTP/1.1
upgrade: websocket
connection: upgrade
sec-websocket-key: ZgaYKcLKGJhvENjHchU/EQ==
sec-websocket-version: 13
origin: http://localhost:60215
host: localhost:60215
accept: */*
user-agent: AHC/2.1

Response DefaultHttpResponse(decodeResult: success, version: HTTP/1.1)
HTTP/1.1 101 WebSocket Protocol Handshake
Upgrade: WebSocket
Connection: Upgrade
Sec-WebSocket-Accept: MvLaIcYwS7JeaGlF4caXn6gBEJE=

20:08:11.969 [Forwarding maximizeCurrentWindow on session a8322cc2f6c60a50ac4ed7b49cbc726f to remote] DEBUG org.asynchttpclient.netty.request.NettyRequestSender - Using pooled Channel '[id: 0xbd9b3762, L:/127.0.0.1:60214 - R:localhost/127.0.0.1:62320]' for 'POST' to 'http://localhost:62320/session/a8322cc2f6c60a50ac4ed7b49cbc726f/window/maximize'
20:08:11.969 [Forwarding maximizeCurrentWindow on session a8322cc2f6c60a50ac4ed7b49cbc726f to remote] DEBUG org.asynchttpclient.netty.request.NettyRequestSender - Using open Channel [id: 0xbd9b3762, L:/127.0.0.1:60214 - R:localhost/127.0.0.1:62320] for POST '/session/a8322cc2f6c60a50ac4ed7b49cbc726f/window/maximize'
20:08:12.082 [AsyncHttpClient-1-5] DEBUG org.asynchttpclient.netty.handler.HttpHandler - 

Request DefaultHttpRequest(decodeResult: success, version: HTTP/1.1)
POST /session/a8322cc2f6c60a50ac4ed7b49cbc726f/window/maximize HTTP/1.1
User-Agent: selenium/4.1.2 (java windows)
Content-Length: 3
Content-Type: application/json; charset=utf-8
host: localhost:62320
accept: */*

Response DefaultHttpResponse(decodeResult: success, version: HTTP/1.1)
HTTP/1.1 200 OK
Content-Type: application/json; charset=utf-8
cache-control: no-cache
content-length: 51

20:08:12.082 [AsyncHttpClient-1-5] DEBUG org.asynchttpclient.netty.channel.ChannelManager - Adding key: http://localhost:62320 for channel [id: 0xbd9b3762, L:/127.0.0.1:60214 - R:localhost/127.0.0.1:62320]
20:08:12.084 [Forwarding setTimeout on session a8322cc2f6c60a50ac4ed7b49cbc726f to remote] DEBUG org.asynchttpclient.netty.request.NettyRequestSender - Using pooled Channel '[id: 0xbd9b3762, L:/127.0.0.1:60214 - R:localhost/127.0.0.1:62320]' for 'POST' to 'http://localhost:62320/session/a8322cc2f6c60a50ac4ed7b49cbc726f/timeouts'
20:08:12.084 [Forwarding setTimeout on session a8322cc2f6c60a50ac4ed7b49cbc726f to remote] DEBUG org.asynchttpclient.netty.request.NettyRequestSender - Using open Channel [id: 0xbd9b3762, L:/127.0.0.1:60214 - R:localhost/127.0.0.1:62320] for POST '/session/a8322cc2f6c60a50ac4ed7b49cbc726f/timeouts'
20:08:12.085 [AsyncHttpClient-1-5] DEBUG org.asynchttpclient.netty.handler.HttpHandler - 

Request DefaultHttpRequest(decodeResult: success, version: HTTP/1.1)
POST /session/a8322cc2f6c60a50ac4ed7b49cbc726f/timeouts HTTP/1.1
User-Agent: selenium/4.1.2 (java windows)
Content-Length: 23
Content-Type: application/json; charset=utf-8
host: localhost:62320
accept: */*

Response DefaultHttpResponse(decodeResult: success, version: HTTP/1.1)
HTTP/1.1 200 OK
Content-Type: application/json; charset=utf-8
cache-control: no-cache
content-length: 14

20:08:12.086 [AsyncHttpClient-1-5] DEBUG org.asynchttpclient.netty.channel.ChannelManager - Adding key: http://localhost:62320 for channel [id: 0xbd9b3762, L:/127.0.0.1:60214 - R:localhost/127.0.0.1:62320]
20:08:12.087 [Forwarding get on session a8322cc2f6c60a50ac4ed7b49cbc726f to remote] DEBUG org.asynchttpclient.netty.request.NettyRequestSender - Using pooled Channel '[id: 0xbd9b3762, L:/127.0.0.1:60214 - R:localhost/127.0.0.1:62320]' for 'POST' to 'http://localhost:62320/session/a8322cc2f6c60a50ac4ed7b49cbc726f/url'
20:08:12.088 [Forwarding get on session a8322cc2f6c60a50ac4ed7b49cbc726f to remote] DEBUG org.asynchttpclient.netty.request.NettyRequestSender - Using open Channel [id: 0xbd9b3762, L:/127.0.0.1:60214 - R:localhost/127.0.0.1:62320] for POST '/session/a8322cc2f6c60a50ac4ed7b49cbc726f/url'
20:08:12.996 [AsyncHttpClient-1-1] DEBUG org.asynchttpclient.netty.channel.DefaultChannelPool - Entry count for : http://localhost:60215 : 1
20:08:14.096 [AsyncHttpClient-1-1] DEBUG org.asynchttpclient.netty.channel.DefaultChannelPool - Entry count for : http://localhost:60215 : 1
20:08:15.196 [AsyncHttpClient-1-1] DEBUG org.asynchttpclient.netty.channel.DefaultChannelPool - Entry count for : http://localhost:60215 : 1
20:08:16.297 [AsyncHttpClient-1-1] DEBUG org.asynchttpclient.netty.channel.DefaultChannelPool - Entry count for : http://localhost:60215 : 1
20:08:16.417 [AsyncHttpClient-1-5] DEBUG org.asynchttpclient.netty.handler.HttpHandler - 

Request DefaultHttpRequest(decodeResult: success, version: HTTP/1.1)
POST /session/a8322cc2f6c60a50ac4ed7b49cbc726f/url HTTP/1.1
User-Agent: selenium/4.1.2 (java windows)
Content-Length: 63
Content-Type: application/json; charset=utf-8
host: localhost:62320
accept: */*

Response DefaultHttpResponse(decodeResult: success, version: HTTP/1.1)
HTTP/1.1 200 OK
Content-Type: application/json; charset=utf-8
cache-control: no-cache
content-length: 14

20:08:16.418 [AsyncHttpClient-1-5] DEBUG org.asynchttpclient.netty.channel.ChannelManager - Adding key: http://localhost:62320 for channel [id: 0xbd9b3762, L:/127.0.0.1:60214 - R:localhost/127.0.0.1:62320]
20:08:16.429 [Forwarding findElement on session a8322cc2f6c60a50ac4ed7b49cbc726f to remote] DEBUG org.asynchttpclient.netty.request.NettyRequestSender - Using pooled Channel '[id: 0xbd9b3762, L:/127.0.0.1:60214 - R:localhost/127.0.0.1:62320]' for 'POST' to 'http://localhost:62320/session/a8322cc2f6c60a50ac4ed7b49cbc726f/element'
20:08:16.429 [Forwarding findElement on session a8322cc2f6c60a50ac4ed7b49cbc726f to remote] DEBUG org.asynchttpclient.netty.request.NettyRequestSender - Using open Channel [id: 0xbd9b3762, L:/127.0.0.1:60214 - R:localhost/127.0.0.1:62320] for POST '/session/a8322cc2f6c60a50ac4ed7b49cbc726f/element'
20:08:16.448 [AsyncHttpClient-1-5] DEBUG org.asynchttpclient.netty.handler.HttpHandler - 

Request DefaultHttpRequest(decodeResult: success, version: HTTP/1.1)
POST /session/a8322cc2f6c60a50ac4ed7b49cbc726f/element HTTP/1.1
User-Agent: selenium/4.1.2 (java windows)
Content-Length: 58
Content-Type: application/json; charset=utf-8
host: localhost:62320
accept: */*

Response DefaultHttpResponse(decodeResult: success, version: HTTP/1.1)
HTTP/1.1 200 OK
Content-Type: application/json; charset=utf-8
cache-control: no-cache
content-length: 88

20:08:16.449 [AsyncHttpClient-1-5] DEBUG org.asynchttpclient.netty.channel.ChannelManager - Adding key: http://localhost:62320 for channel [id: 0xbd9b3762, L:/127.0.0.1:60214 - R:localhost/127.0.0.1:62320]
20:08:16.457 [Forwarding sendKeysToElement on session a8322cc2f6c60a50ac4ed7b49cbc726f to remote] DEBUG org.asynchttpclient.netty.request.NettyRequestSender - Using pooled Channel '[id: 0xbd9b3762, L:/127.0.0.1:60214 - R:localhost/127.0.0.1:62320]' for 'POST' to 'http://localhost:62320/session/a8322cc2f6c60a50ac4ed7b49cbc726f/element/de7bf65a-eeea-4005-8a49-f6eceff45baa/value'
20:08:16.457 [Forwarding sendKeysToElement on session a8322cc2f6c60a50ac4ed7b49cbc726f to remote] DEBUG org.asynchttpclient.netty.request.NettyRequestSender - Using open Channel [id: 0xbd9b3762, L:/127.0.0.1:60214 - R:localhost/127.0.0.1:62320] for POST '/session/a8322cc2f6c60a50ac4ed7b49cbc726f/element/de7bf65a-eeea-4005-8a49-f6eceff45baa/value'
20:08:16.522 [AsyncHttpClient-1-5] DEBUG org.asynchttpclient.netty.handler.HttpHandler - 

Request DefaultHttpRequest(decodeResult: success, version: HTTP/1.1)
POST /session/a8322cc2f6c60a50ac4ed7b49cbc726f/element/de7bf65a-eeea-4005-8a49-f6eceff45baa/value HTTP/1.1
User-Agent: selenium/4.1.2 (java windows)
Content-Length: 291
Content-Type: application/json; charset=utf-8
host: localhost:62320
accept: */*

Response DefaultHttpResponse(decodeResult: success, version: HTTP/1.1)
HTTP/1.1 200 OK
Content-Type: application/json; charset=utf-8
cache-control: no-cache
content-length: 14

20:08:16.522 [AsyncHttpClient-1-5] DEBUG org.asynchttpclient.netty.channel.ChannelManager - Adding key: http://localhost:62320 for channel [id: 0xbd9b3762, L:/127.0.0.1:60214 - R:localhost/127.0.0.1:62320]
20:08:16.524 [Forwarding findElement on session a8322cc2f6c60a50ac4ed7b49cbc726f to remote] DEBUG org.asynchttpclient.netty.request.NettyRequestSender - Using pooled Channel '[id: 0xbd9b3762, L:/127.0.0.1:60214 - R:localhost/127.0.0.1:62320]' for 'POST' to 'http://localhost:62320/session/a8322cc2f6c60a50ac4ed7b49cbc726f/element'
20:08:16.524 [Forwarding findElement on session a8322cc2f6c60a50ac4ed7b49cbc726f to remote] DEBUG org.asynchttpclient.netty.request.NettyRequestSender - Using open Channel [id: 0xbd9b3762, L:/127.0.0.1:60214 - R:localhost/127.0.0.1:62320] for POST '/session/a8322cc2f6c60a50ac4ed7b49cbc726f/element'
20:08:16.536 [AsyncHttpClient-1-5] DEBUG org.asynchttpclient.netty.handler.HttpHandler - 

Request DefaultHttpRequest(decodeResult: success, version: HTTP/1.1)
POST /session/a8322cc2f6c60a50ac4ed7b49cbc726f/element HTTP/1.1
User-Agent: selenium/4.1.2 (java windows)
Content-Length: 58
Content-Type: application/json; charset=utf-8
host: localhost:62320
accept: */*

Response DefaultHttpResponse(decodeResult: success, version: HTTP/1.1)
HTTP/1.1 200 OK
Content-Type: application/json; charset=utf-8
cache-control: no-cache
content-length: 88

20:08:16.536 [AsyncHttpClient-1-5] DEBUG org.asynchttpclient.netty.channel.ChannelManager - Adding key: http://localhost:62320 for channel [id: 0xbd9b3762, L:/127.0.0.1:60214 - R:localhost/127.0.0.1:62320]
20:08:16.539 [Forwarding sendKeysToElement on session a8322cc2f6c60a50ac4ed7b49cbc726f to remote] DEBUG org.asynchttpclient.netty.request.NettyRequestSender - Using pooled Channel '[id: 0xbd9b3762, L:/127.0.0.1:60214 - R:localhost/127.0.0.1:62320]' for 'POST' to 'http://localhost:62320/session/a8322cc2f6c60a50ac4ed7b49cbc726f/element/67e69c9f-2809-4915-ac30-d1f8d2317e08/value'
20:08:16.539 [Forwarding sendKeysToElement on session a8322cc2f6c60a50ac4ed7b49cbc726f to remote] DEBUG org.asynchttpclient.netty.request.NettyRequestSender - Using open Channel [id: 0xbd9b3762, L:/127.0.0.1:60214 - R:localhost/127.0.0.1:62320] for POST '/session/a8322cc2f6c60a50ac4ed7b49cbc726f/element/67e69c9f-2809-4915-ac30-d1f8d2317e08/value'
20:08:16.601 [AsyncHttpClient-1-5] DEBUG org.asynchttpclient.netty.handler.HttpHandler - 

Request DefaultHttpRequest(decodeResult: success, version: HTTP/1.1)
POST /session/a8322cc2f6c60a50ac4ed7b49cbc726f/element/67e69c9f-2809-4915-ac30-d1f8d2317e08/value HTTP/1.1
User-Agent: selenium/4.1.2 (java windows)
Content-Length: 161
Content-Type: application/json; charset=utf-8
host: localhost:62320
accept: */*

Response DefaultHttpResponse(decodeResult: success, version: HTTP/1.1)
HTTP/1.1 200 OK
Content-Type: application/json; charset=utf-8
cache-control: no-cache
content-length: 14

20:08:16.602 [AsyncHttpClient-1-5] DEBUG org.asynchttpclient.netty.channel.ChannelManager - Adding key: http://localhost:62320 for channel [id: 0xbd9b3762, L:/127.0.0.1:60214 - R:localhost/127.0.0.1:62320]
20:08:16.604 [Forwarding findElement on session a8322cc2f6c60a50ac4ed7b49cbc726f to remote] DEBUG org.asynchttpclient.netty.request.NettyRequestSender - Using pooled Channel '[id: 0xbd9b3762, L:/127.0.0.1:60214 - R:localhost/127.0.0.1:62320]' for 'POST' to 'http://localhost:62320/session/a8322cc2f6c60a50ac4ed7b49cbc726f/element'
20:08:16.604 [Forwarding findElement on session a8322cc2f6c60a50ac4ed7b49cbc726f to remote] DEBUG org.asynchttpclient.netty.request.NettyRequestSender - Using open Channel [id: 0xbd9b3762, L:/127.0.0.1:60214 - R:localhost/127.0.0.1:62320] for POST '/session/a8322cc2f6c60a50ac4ed7b49cbc726f/element'
20:08:16.616 [AsyncHttpClient-1-5] DEBUG org.asynchttpclient.netty.handler.HttpHandler - 

Request DefaultHttpRequest(decodeResult: success, version: HTTP/1.1)
POST /session/a8322cc2f6c60a50ac4ed7b49cbc726f/element HTTP/1.1
User-Agent: selenium/4.1.2 (java windows)
Content-Length: 58
Content-Type: application/json; charset=utf-8
host: localhost:62320
accept: */*

Response DefaultHttpResponse(decodeResult: success, version: HTTP/1.1)
HTTP/1.1 200 OK
Content-Type: application/json; charset=utf-8
cache-control: no-cache
content-length: 88

20:08:16.616 [AsyncHttpClient-1-5] DEBUG org.asynchttpclient.netty.channel.ChannelManager - Adding key: http://localhost:62320 for channel [id: 0xbd9b3762, L:/127.0.0.1:60214 - R:localhost/127.0.0.1:62320]
20:08:16.618 [Forwarding clickElement on session a8322cc2f6c60a50ac4ed7b49cbc726f to remote] DEBUG org.asynchttpclient.netty.request.NettyRequestSender - Using pooled Channel '[id: 0xbd9b3762, L:/127.0.0.1:60214 - R:localhost/127.0.0.1:62320]' for 'POST' to 'http://localhost:62320/session/a8322cc2f6c60a50ac4ed7b49cbc726f/element/aa5baa9f-6715-446e-bb88-5b885e4ff84d/click'
20:08:16.618 [Forwarding clickElement on session a8322cc2f6c60a50ac4ed7b49cbc726f to remote] DEBUG org.asynchttpclient.netty.request.NettyRequestSender - Using open Channel [id: 0xbd9b3762, L:/127.0.0.1:60214 - R:localhost/127.0.0.1:62320] for POST '/session/a8322cc2f6c60a50ac4ed7b49cbc726f/element/aa5baa9f-6715-446e-bb88-5b885e4ff84d/click'
20:08:17.396 [AsyncHttpClient-1-1] DEBUG org.asynchttpclient.netty.channel.DefaultChannelPool - Entry count for : http://localhost:60215 : 1
20:08:18.496 [AsyncHttpClient-1-1] DEBUG org.asynchttpclient.netty.channel.DefaultChannelPool - Entry count for : http://localhost:60215 : 1
20:08:18.966 [AsyncHttpClient-1-5] DEBUG org.asynchttpclient.netty.handler.HttpHandler - 

Request DefaultHttpRequest(decodeResult: success, version: HTTP/1.1)
POST /session/a8322cc2f6c60a50ac4ed7b49cbc726f/element/aa5baa9f-6715-446e-bb88-5b885e4ff84d/click HTTP/1.1
User-Agent: selenium/4.1.2 (java windows)
Content-Length: 50
Content-Type: application/json; charset=utf-8
host: localhost:62320
accept: */*

Response DefaultHttpResponse(decodeResult: success, version: HTTP/1.1)
HTTP/1.1 200 OK
Content-Type: application/json; charset=utf-8
cache-control: no-cache
content-length: 14

20:08:18.967 [AsyncHttpClient-1-5] DEBUG org.asynchttpclient.netty.channel.ChannelManager - Adding key: http://localhost:62320 for channel [id: 0xbd9b3762, L:/127.0.0.1:60214 - R:localhost/127.0.0.1:62320]
20:08:18.970 [Forwarding findElement on session a8322cc2f6c60a50ac4ed7b49cbc726f to remote] DEBUG org.asynchttpclient.netty.request.NettyRequestSender - Using pooled Channel '[id: 0xbd9b3762, L:/127.0.0.1:60214 - R:localhost/127.0.0.1:62320]' for 'POST' to 'http://localhost:62320/session/a8322cc2f6c60a50ac4ed7b49cbc726f/element'
20:08:18.971 [Forwarding findElement on session a8322cc2f6c60a50ac4ed7b49cbc726f to remote] DEBUG org.asynchttpclient.netty.request.NettyRequestSender - Using open Channel [id: 0xbd9b3762, L:/127.0.0.1:60214 - R:localhost/127.0.0.1:62320] for POST '/session/a8322cc2f6c60a50ac4ed7b49cbc726f/element'
20:08:18.984 [AsyncHttpClient-1-5] DEBUG org.asynchttpclient.netty.handler.HttpHandler - 

Request DefaultHttpRequest(decodeResult: success, version: HTTP/1.1)
POST /session/a8322cc2f6c60a50ac4ed7b49cbc726f/element HTTP/1.1
User-Agent: selenium/4.1.2 (java windows)
Content-Length: 65
Content-Type: application/json; charset=utf-8
host: localhost:62320
accept: */*

Response DefaultHttpResponse(decodeResult: success, version: HTTP/1.1)
HTTP/1.1 200 OK
Content-Type: application/json; charset=utf-8
cache-control: no-cache
content-length: 88

20:08:18.985 [AsyncHttpClient-1-5] DEBUG org.asynchttpclient.netty.channel.ChannelManager - Adding key: http://localhost:62320 for channel [id: 0xbd9b3762, L:/127.0.0.1:60214 - R:localhost/127.0.0.1:62320]
20:08:18.988 [Forwarding sendKeysToElement on session a8322cc2f6c60a50ac4ed7b49cbc726f to remote] DEBUG org.asynchttpclient.netty.request.NettyRequestSender - Using pooled Channel '[id: 0xbd9b3762, L:/127.0.0.1:60214 - R:localhost/127.0.0.1:62320]' for 'POST' to 'http://localhost:62320/session/a8322cc2f6c60a50ac4ed7b49cbc726f/element/817e9e03-1850-4d89-b0cb-2e9270bbb50a/value'
20:08:18.988 [Forwarding sendKeysToElement on session a8322cc2f6c60a50ac4ed7b49cbc726f to remote] DEBUG org.asynchttpclient.netty.request.NettyRequestSender - Using open Channel [id: 0xbd9b3762, L:/127.0.0.1:60214 - R:localhost/127.0.0.1:62320] for POST '/session/a8322cc2f6c60a50ac4ed7b49cbc726f/element/817e9e03-1850-4d89-b0cb-2e9270bbb50a/value'
20:08:19.046 [AsyncHttpClient-1-5] DEBUG org.asynchttpclient.netty.handler.HttpHandler - 

Request DefaultHttpRequest(decodeResult: success, version: HTTP/1.1)
POST /session/a8322cc2f6c60a50ac4ed7b49cbc726f/element/817e9e03-1850-4d89-b0cb-2e9270bbb50a/value HTTP/1.1
User-Agent: selenium/4.1.2 (java windows)
Content-Length: 121
Content-Type: application/json; charset=utf-8
host: localhost:62320
accept: */*

Response DefaultHttpResponse(decodeResult: success, version: HTTP/1.1)
HTTP/1.1 200 OK
Content-Type: application/json; charset=utf-8
cache-control: no-cache
content-length: 14

20:08:19.046 [AsyncHttpClient-1-5] DEBUG org.asynchttpclient.netty.channel.ChannelManager - Adding key: http://localhost:62320 for channel [id: 0xbd9b3762, L:/127.0.0.1:60214 - R:localhost/127.0.0.1:62320]
20:08:19.048 [Forwarding findElement on session a8322cc2f6c60a50ac4ed7b49cbc726f to remote] DEBUG org.asynchttpclient.netty.request.NettyRequestSender - Using pooled Channel '[id: 0xbd9b3762, L:/127.0.0.1:60214 - R:localhost/127.0.0.1:62320]' for 'POST' to 'http://localhost:62320/session/a8322cc2f6c60a50ac4ed7b49cbc726f/element'
20:08:19.048 [Forwarding findElement on session a8322cc2f6c60a50ac4ed7b49cbc726f to remote] DEBUG org.asynchttpclient.netty.request.NettyRequestSender - Using open Channel [id: 0xbd9b3762, L:/127.0.0.1:60214 - R:localhost/127.0.0.1:62320] for POST '/session/a8322cc2f6c60a50ac4ed7b49cbc726f/element'
20:08:19.066 [AsyncHttpClient-1-5] DEBUG org.asynchttpclient.netty.handler.HttpHandler - 

Request DefaultHttpRequest(decodeResult: success, version: HTTP/1.1)
POST /session/a8322cc2f6c60a50ac4ed7b49cbc726f/element HTTP/1.1
User-Agent: selenium/4.1.2 (java windows)
Content-Length: 71
Content-Type: application/json; charset=utf-8
host: localhost:62320
accept: */*

Response DefaultHttpResponse(decodeResult: success, version: HTTP/1.1)
HTTP/1.1 200 OK
Content-Type: application/json; charset=utf-8
cache-control: no-cache
content-length: 88

20:08:19.066 [AsyncHttpClient-1-5] DEBUG org.asynchttpclient.netty.channel.ChannelManager - Adding key: http://localhost:62320 for channel [id: 0xbd9b3762, L:/127.0.0.1:60214 - R:localhost/127.0.0.1:62320]
20:08:19.070 [Forwarding clickElement on session a8322cc2f6c60a50ac4ed7b49cbc726f to remote] DEBUG org.asynchttpclient.netty.request.NettyRequestSender - Using pooled Channel '[id: 0xbd9b3762, L:/127.0.0.1:60214 - R:localhost/127.0.0.1:62320]' for 'POST' to 'http://localhost:62320/session/a8322cc2f6c60a50ac4ed7b49cbc726f/element/af439b37-4a00-4cd3-8632-d9314303d902/click'
20:08:19.070 [Forwarding clickElement on session a8322cc2f6c60a50ac4ed7b49cbc726f to remote] DEBUG org.asynchttpclient.netty.request.NettyRequestSender - Using open Channel [id: 0xbd9b3762, L:/127.0.0.1:60214 - R:localhost/127.0.0.1:62320] for POST '/session/a8322cc2f6c60a50ac4ed7b49cbc726f/element/af439b37-4a00-4cd3-8632-d9314303d902/click'
20:08:19.598 [AsyncHttpClient-1-1] DEBUG org.asynchttpclient.netty.channel.DefaultChannelPool - Entry count for : http://localhost:60215 : 1
20:08:19.841 [AsyncHttpClient-1-5] DEBUG org.asynchttpclient.netty.handler.HttpHandler - 

Request DefaultHttpRequest(decodeResult: success, version: HTTP/1.1)
POST /session/a8322cc2f6c60a50ac4ed7b49cbc726f/element/af439b37-4a00-4cd3-8632-d9314303d902/click HTTP/1.1
User-Agent: selenium/4.1.2 (java windows)
Content-Length: 50
Content-Type: application/json; charset=utf-8
host: localhost:62320
accept: */*

Response DefaultHttpResponse(decodeResult: success, version: HTTP/1.1)
HTTP/1.1 200 OK
Content-Type: application/json; charset=utf-8
cache-control: no-cache
content-length: 14

20:08:19.841 [AsyncHttpClient-1-5] DEBUG org.asynchttpclient.netty.channel.ChannelManager - Adding key: http://localhost:62320 for channel [id: 0xbd9b3762, L:/127.0.0.1:60214 - R:localhost/127.0.0.1:62320]
20:08:19.843 [Forwarding findElement on session a8322cc2f6c60a50ac4ed7b49cbc726f to remote] DEBUG org.asynchttpclient.netty.request.NettyRequestSender - Using pooled Channel '[id: 0xbd9b3762, L:/127.0.0.1:60214 - R:localhost/127.0.0.1:62320]' for 'POST' to 'http://localhost:62320/session/a8322cc2f6c60a50ac4ed7b49cbc726f/element'
20:08:19.843 [Forwarding findElement on session a8322cc2f6c60a50ac4ed7b49cbc726f to remote] DEBUG org.asynchttpclient.netty.request.NettyRequestSender - Using open Channel [id: 0xbd9b3762, L:/127.0.0.1:60214 - R:localhost/127.0.0.1:62320] for POST '/session/a8322cc2f6c60a50ac4ed7b49cbc726f/element'
20:08:19.856 [AsyncHttpClient-1-5] DEBUG org.asynchttpclient.netty.handler.HttpHandler - 

Request DefaultHttpRequest(decodeResult: success, version: HTTP/1.1)
POST /session/a8322cc2f6c60a50ac4ed7b49cbc726f/element HTTP/1.1
User-Agent: selenium/4.1.2 (java windows)
Content-Length: 131
Content-Type: application/json; charset=utf-8
host: localhost:62320
accept: */*

Response DefaultHttpResponse(decodeResult: success, version: HTTP/1.1)
HTTP/1.1 200 OK
Content-Type: application/json; charset=utf-8
cache-control: no-cache
content-length: 88

20:08:19.856 [AsyncHttpClient-1-5] DEBUG org.asynchttpclient.netty.channel.ChannelManager - Adding key: http://localhost:62320 for channel [id: 0xbd9b3762, L:/127.0.0.1:60214 - R:localhost/127.0.0.1:62320]
20:08:19.862 [Forwarding isElementDisplayed on session a8322cc2f6c60a50ac4ed7b49cbc726f to remote] DEBUG org.asynchttpclient.netty.request.NettyRequestSender - Using pooled Channel '[id: 0xbd9b3762, L:/127.0.0.1:60214 - R:localhost/127.0.0.1:62320]' for 'POST' to 'http://localhost:62320/session/a8322cc2f6c60a50ac4ed7b49cbc726f/execute/sync'
20:08:19.862 [Forwarding isElementDisplayed on session a8322cc2f6c60a50ac4ed7b49cbc726f to remote] DEBUG org.asynchttpclient.netty.request.NettyRequestSender - Using open Channel [id: 0xbd9b3762, L:/127.0.0.1:60214 - R:localhost/127.0.0.1:62320] for POST '/session/a8322cc2f6c60a50ac4ed7b49cbc726f/execute/sync'
20:08:19.881 [AsyncHttpClient-1-5] DEBUG org.asynchttpclient.netty.handler.HttpHandler - 

Request DefaultHttpRequest(decodeResult: success, version: HTTP/1.1)
POST /session/a8322cc2f6c60a50ac4ed7b49cbc726f/execute/sync HTTP/1.1
User-Agent: selenium/4.1.2 (java windows)
Content-Length: 48780
Content-Type: application/json; charset=utf-8
host: localhost:62320
accept: */*

Response DefaultHttpResponse(decodeResult: success, version: HTTP/1.1)
HTTP/1.1 200 OK
Content-Type: application/json; charset=utf-8
cache-control: no-cache
content-length: 14

20:08:19.881 [AsyncHttpClient-1-5] DEBUG org.asynchttpclient.netty.channel.ChannelManager - Adding key: http://localhost:62320 for channel [id: 0xbd9b3762, L:/127.0.0.1:60214 - R:localhost/127.0.0.1:62320]
20:08:19.884 [AsyncHttpClient-1-7] DEBUG org.asynchttpclient.netty.handler.WebSocketHandler - Channel Closed: [id: 0x13d93a14, L:/127.0.0.1:60221 ! R:localhost/127.0.0.1:60215] with attribute NettyResponseFuture{currentRetry=5,
	isDone=1,
	isCancelled=0,
	asyncHandler=org.asynchttpclient.ws.WebSocketUpgradeHandler@472f60e2,
	nettyRequest=org.asynchttpclient.netty.request.NettyRequest@22df663,
	future=java.util.concurrent.CompletableFuture@7753f62f[Completed normally],
	uri=ws://localhost:60215/devtools/browser/fdec628b-4755-46bf-8a13-454d0bdb621a,
	keepAlive=true,
	redirectCount=0,
	timeoutsHolder=null,
	inAuth=0,
	touch=1648231691962}
20:08:19.884 [AsyncHttpClient-1-7] DEBUG org.asynchttpclient.netty.channel.ChannelManager - Closing Channel [id: 0x13d93a14, L:/127.0.0.1:60221 ! R:localhost/127.0.0.1:60215] 
20:08:19.886 [Driver Command Executor] DEBUG org.asynchttpclient.netty.request.NettyRequestSender - Using pooled Channel '[id: 0xbd9b3762, L:/127.0.0.1:60214 - R:localhost/127.0.0.1:62320]' for 'DELETE' to 'http://localhost:62320/session/a8322cc2f6c60a50ac4ed7b49cbc726f'
20:08:19.888 [Driver Command Executor] DEBUG org.asynchttpclient.netty.request.NettyRequestSender - Using open Channel [id: 0xbd9b3762, L:/127.0.0.1:60214 - R:localhost/127.0.0.1:62320] for DELETE '/session/a8322cc2f6c60a50ac4ed7b49cbc726f'
20:08:19.902 [AsyncHttpClient-1-6] DEBUG org.asynchttpclient.netty.handler.HttpHandler - Unexpected I/O exception on channel [id: 0x3e6a9aab, L:/127.0.0.1:60220 - R:localhost/127.0.0.1:60215]
java.net.SocketException: Connection reset
	at java.base/sun.nio.ch.SocketChannelImpl.throwConnectionReset(SocketChannelImpl.java:394)
	at java.base/sun.nio.ch.SocketChannelImpl.read(SocketChannelImpl.java:426)
	at io.netty.buffer.PooledByteBuf.setBytes(PooledByteBuf.java:258)
	at io.netty.buffer.AbstractByteBuf.writeBytes(AbstractByteBuf.java:1132)
	at io.netty.channel.socket.nio.NioSocketChannel.doReadBytes(NioSocketChannel.java:350)
	at io.netty.channel.nio.AbstractNioByteChannel$NioByteUnsafe.read(AbstractNioByteChannel.java:151)
	at io.netty.channel.nio.NioEventLoop.processSelectedKey(NioEventLoop.java:722)
	at io.netty.channel.nio.NioEventLoop.processSelectedKeysOptimized(NioEventLoop.java:658)
	at io.netty.channel.nio.NioEventLoop.processSelectedKeys(NioEventLoop.java:584)
	at io.netty.channel.nio.NioEventLoop.run(NioEventLoop.java:496)
	at io.netty.util.concurrent.SingleThreadEventExecutor$4.run(SingleThreadEventExecutor.java:986)
	at io.netty.util.internal.ThreadExecutorMap$2.run(ThreadExecutorMap.java:74)
	at io.netty.util.concurrent.FastThreadLocalRunnable.run(FastThreadLocalRunnable.java:30)
	at java.base/java.lang.Thread.run(Thread.java:833)
20:08:19.902 [AsyncHttpClient-1-6] DEBUG org.asynchttpclient.netty.channel.ChannelManager - Closing Channel [id: 0x3e6a9aab, L:/127.0.0.1:60220 - R:localhost/127.0.0.1:60215] 
20:08:19.902 [AsyncHttpClient-1-6] DEBUG org.asynchttpclient.netty.handler.HttpHandler - Channel Closed: [id: 0x3e6a9aab, L:/127.0.0.1:60220 ! R:localhost/127.0.0.1:60215] with attribute DISCARD
20:08:19.923 [AsyncHttpClient-1-5] DEBUG org.asynchttpclient.netty.handler.HttpHandler - 

Request DefaultFullHttpRequest(decodeResult: success, version: HTTP/1.1, content: EmptyByteBufBE)
DELETE /session/a8322cc2f6c60a50ac4ed7b49cbc726f HTTP/1.1
User-Agent: selenium/4.1.2 (java windows)
Content-Type: application/json; charset=utf-8
host: localhost:62320
accept: */*

Response DefaultHttpResponse(decodeResult: success, version: HTTP/1.1)
HTTP/1.1 200 OK
Content-Type: application/json; charset=utf-8
cache-control: no-cache
content-length: 14

20:08:19.923 [AsyncHttpClient-1-5] DEBUG org.asynchttpclient.netty.channel.ChannelManager - Adding key: http://localhost:62320 for channel [id: 0xbd9b3762, L:/127.0.0.1:60214 - R:localhost/127.0.0.1:62320]
20:08:20.017 [AsyncHttpClient-1-5] DEBUG org.asynchttpclient.netty.handler.HttpHandler - Channel Closed: [id: 0xbd9b3762, L:/127.0.0.1:60214 ! R:localhost/127.0.0.1:62320] with attribute DISCARD
]]></system-out>
    <system-err><![CDATA[Starting ChromeDriver 99.0.4844.51 (d537ec02474b5afe23684e7963d538896c63ac77-refs/branch-heads/4844@{#875}) on port 62320
Only local connections are allowed.
Please see https://chromedriver.chromium.org/security-considerations for suggestions on keeping ChromeDriver safe.
ChromeDriver was started successfully.
март 25, 2022 8:08:11 СЛ.ОБ. org.openqa.selenium.remote.ProtocolHandshake createSession
INFO: Detected dialect: W3C
март 25, 2022 8:08:11 СЛ.ОБ. org.openqa.selenium.devtools.CdpVersionFinder findNearestMatch
WARNING: Unable to find an exact match for CDP version 99, so returning the closest version found: 97
март 25, 2022 8:08:11 СЛ.ОБ. org.openqa.selenium.devtools.CdpVersionFinder findNearestMatch
INFO: Found CDP implementation for version 99 of 97
]]></system-err>
  </testcase>
  <testcase name="verifyUserIsRedirectedToCorrectFolderFromGoToDropdown" classname="pages.HomePageTest" time="19.113">
    <system-out><![CDATA[20:08:20.696 [AsyncHttpClient-1-1] DEBUG org.asynchttpclient.netty.channel.DefaultChannelPool - Entry count for : http://localhost:62320 : 1
20:08:20.696 [AsyncHttpClient-1-1] DEBUG org.asynchttpclient.netty.channel.DefaultChannelPool - Entry count for : http://localhost:60215 : 1
20:08:20.696 [AsyncHttpClient-1-1] DEBUG org.asynchttpclient.netty.channel.DefaultChannelPool - Adding Candidate expired Channel [id: 0xbd9b3762, L:/127.0.0.1:60214 ! R:localhost/127.0.0.1:62320] isIdleTimeoutExpired=false isRemotelyClosed=true isTtlExpired=false
20:08:20.696 [AsyncHttpClient-1-1] DEBUG org.asynchttpclient.netty.channel.DefaultChannelPool - Closing Idle Channel [id: 0xbd9b3762, L:/127.0.0.1:60214 ! R:localhost/127.0.0.1:62320]
20:08:20.696 [AsyncHttpClient-1-1] DEBUG org.asynchttpclient.netty.channel.DefaultChannelPool - Adding Candidate expired Channel [id: 0x3e6a9aab, L:/127.0.0.1:60220 ! R:localhost/127.0.0.1:60215] isIdleTimeoutExpired=false isRemotelyClosed=true isTtlExpired=false
20:08:20.696 [AsyncHttpClient-1-1] DEBUG org.asynchttpclient.netty.channel.DefaultChannelPool - Closing Idle Channel [id: 0x3e6a9aab, L:/127.0.0.1:60220 ! R:localhost/127.0.0.1:60215]
20:08:20.696 [AsyncHttpClient-1-1] DEBUG org.asynchttpclient.netty.channel.DefaultChannelPool - Closed 2 connections out of 2 in 0 ms
20:08:21.054 [AsyncHttpClient-1-8] DEBUG org.asynchttpclient.netty.channel.NettyConnectListener - Using new Channel '[id: 0xd94e63fc, L:/127.0.0.1:60235 - R:localhost/127.0.0.1:57435]' for 'POST' to '/session'
20:08:21.854 [AsyncHttpClient-1-8] DEBUG org.asynchttpclient.netty.handler.HttpHandler - 

Request DefaultHttpRequest(decodeResult: success, version: HTTP/1.1)
POST /session HTTP/1.1
User-Agent: selenium/4.1.2 (java windows)
Content-Length: 365
Content-Type: application/json; charset=utf-8
host: localhost:57435
accept: */*

Response DefaultHttpResponse(decodeResult: success, version: HTTP/1.1)
HTTP/1.1 200 OK
Content-Type: application/json; charset=utf-8
cache-control: no-cache
content-length: 789

20:08:21.854 [AsyncHttpClient-1-8] DEBUG org.asynchttpclient.netty.channel.ChannelManager - Adding key: http://localhost:57435 for channel [id: 0xd94e63fc, L:/127.0.0.1:60235 - R:localhost/127.0.0.1:57435]
20:08:21.864 [AsyncHttpClient-1-9] DEBUG org.asynchttpclient.netty.channel.NettyConnectListener - Using new Channel '[id: 0x70e13582, L:/127.0.0.1:60241 - R:localhost/127.0.0.1:60236]' for 'GET' to '/json/version'
20:08:21.873 [AsyncHttpClient-1-9] DEBUG org.asynchttpclient.netty.handler.HttpHandler - 

Request DefaultFullHttpRequest(decodeResult: success, version: HTTP/1.1, content: EmptyByteBufBE)
GET /json/version HTTP/1.1
User-Agent: selenium/4.1.2 (java windows)
host: localhost:60236
accept: */*

Response DefaultHttpResponse(decodeResult: success, version: HTTP/1.1)
HTTP/1.1 200 OK
Content-Type: application/json; charset=UTF-8
content-length: 422

20:08:21.874 [AsyncHttpClient-1-9] DEBUG org.asynchttpclient.netty.channel.ChannelManager - Adding key: http://localhost:60236 for channel [id: 0x70e13582, L:/127.0.0.1:60241 - R:localhost/127.0.0.1:60236]
20:08:21.876 [AsyncHttpClient-1-2] DEBUG org.asynchttpclient.netty.channel.NettyConnectListener - Using new Channel '[id: 0x6404b031, L:/127.0.0.1:60242 - R:localhost/127.0.0.1:60236]' for 'GET' to '/devtools/browser/33ddb72c-b4ea-45ac-a407-75b803af8b21'
20:08:21.877 [AsyncHttpClient-1-2] DEBUG org.asynchttpclient.netty.handler.WebSocketHandler - 

Request DefaultFullHttpRequest(decodeResult: success, version: HTTP/1.1, content: EmptyByteBufBE)
GET /devtools/browser/33ddb72c-b4ea-45ac-a407-75b803af8b21 HTTP/1.1
upgrade: websocket
connection: upgrade
sec-websocket-key: lZuD1dA49yd+gHkLUrfX2A==
sec-websocket-version: 13
origin: http://localhost:60236
host: localhost:60236
accept: */*
user-agent: AHC/2.1

Response DefaultHttpResponse(decodeResult: success, version: HTTP/1.1)
HTTP/1.1 101 WebSocket Protocol Handshake
Upgrade: WebSocket
Connection: Upgrade
Sec-WebSocket-Accept: gd94BKaYpIIjWZRIuLPG9a2i0Y0=

20:08:21.883 [Forwarding maximizeCurrentWindow on session 9beeb6cb43726be470041acf91302e09 to remote] DEBUG org.asynchttpclient.netty.request.NettyRequestSender - Using pooled Channel '[id: 0xd94e63fc, L:/127.0.0.1:60235 - R:localhost/127.0.0.1:57435]' for 'POST' to 'http://localhost:57435/session/9beeb6cb43726be470041acf91302e09/window/maximize'
20:08:21.883 [Forwarding maximizeCurrentWindow on session 9beeb6cb43726be470041acf91302e09 to remote] DEBUG org.asynchttpclient.netty.request.NettyRequestSender - Using open Channel [id: 0xd94e63fc, L:/127.0.0.1:60235 - R:localhost/127.0.0.1:57435] for POST '/session/9beeb6cb43726be470041acf91302e09/window/maximize'
20:08:21.995 [AsyncHttpClient-1-8] DEBUG org.asynchttpclient.netty.handler.HttpHandler - 

Request DefaultHttpRequest(decodeResult: success, version: HTTP/1.1)
POST /session/9beeb6cb43726be470041acf91302e09/window/maximize HTTP/1.1
User-Agent: selenium/4.1.2 (java windows)
Content-Length: 3
Content-Type: application/json; charset=utf-8
host: localhost:57435
accept: */*

Response DefaultHttpResponse(decodeResult: success, version: HTTP/1.1)
HTTP/1.1 200 OK
Content-Type: application/json; charset=utf-8
cache-control: no-cache
content-length: 51

20:08:21.995 [AsyncHttpClient-1-8] DEBUG org.asynchttpclient.netty.channel.ChannelManager - Adding key: http://localhost:57435 for channel [id: 0xd94e63fc, L:/127.0.0.1:60235 - R:localhost/127.0.0.1:57435]
20:08:21.998 [Forwarding setTimeout on session 9beeb6cb43726be470041acf91302e09 to remote] DEBUG org.asynchttpclient.netty.request.NettyRequestSender - Using pooled Channel '[id: 0xd94e63fc, L:/127.0.0.1:60235 - R:localhost/127.0.0.1:57435]' for 'POST' to 'http://localhost:57435/session/9beeb6cb43726be470041acf91302e09/timeouts'
20:08:21.998 [Forwarding setTimeout on session 9beeb6cb43726be470041acf91302e09 to remote] DEBUG org.asynchttpclient.netty.request.NettyRequestSender - Using open Channel [id: 0xd94e63fc, L:/127.0.0.1:60235 - R:localhost/127.0.0.1:57435] for POST '/session/9beeb6cb43726be470041acf91302e09/timeouts'
20:08:21.999 [AsyncHttpClient-1-8] DEBUG org.asynchttpclient.netty.handler.HttpHandler - 

Request DefaultHttpRequest(decodeResult: success, version: HTTP/1.1)
POST /session/9beeb6cb43726be470041acf91302e09/timeouts HTTP/1.1
User-Agent: selenium/4.1.2 (java windows)
Content-Length: 23
Content-Type: application/json; charset=utf-8
host: localhost:57435
accept: */*

Response DefaultHttpResponse(decodeResult: success, version: HTTP/1.1)
HTTP/1.1 200 OK
Content-Type: application/json; charset=utf-8
cache-control: no-cache
content-length: 14

20:08:21.999 [AsyncHttpClient-1-8] DEBUG org.asynchttpclient.netty.channel.ChannelManager - Adding key: http://localhost:57435 for channel [id: 0xd94e63fc, L:/127.0.0.1:60235 - R:localhost/127.0.0.1:57435]
20:08:22.001 [Forwarding get on session 9beeb6cb43726be470041acf91302e09 to remote] DEBUG org.asynchttpclient.netty.request.NettyRequestSender - Using pooled Channel '[id: 0xd94e63fc, L:/127.0.0.1:60235 - R:localhost/127.0.0.1:57435]' for 'POST' to 'http://localhost:57435/session/9beeb6cb43726be470041acf91302e09/url'
20:08:22.002 [Forwarding get on session 9beeb6cb43726be470041acf91302e09 to remote] DEBUG org.asynchttpclient.netty.request.NettyRequestSender - Using open Channel [id: 0xd94e63fc, L:/127.0.0.1:60235 - R:localhost/127.0.0.1:57435] for POST '/session/9beeb6cb43726be470041acf91302e09/url'
20:08:22.896 [AsyncHttpClient-1-1] DEBUG org.asynchttpclient.netty.channel.DefaultChannelPool - Entry count for : http://localhost:60236 : 1
20:08:23.996 [AsyncHttpClient-1-1] DEBUG org.asynchttpclient.netty.channel.DefaultChannelPool - Entry count for : http://localhost:60236 : 1
20:08:25.096 [AsyncHttpClient-1-1] DEBUG org.asynchttpclient.netty.channel.DefaultChannelPool - Entry count for : http://localhost:60236 : 1
20:08:25.437 [AsyncHttpClient-1-8] DEBUG org.asynchttpclient.netty.handler.HttpHandler - 

Request DefaultHttpRequest(decodeResult: success, version: HTTP/1.1)
POST /session/9beeb6cb43726be470041acf91302e09/url HTTP/1.1
User-Agent: selenium/4.1.2 (java windows)
Content-Length: 63
Content-Type: application/json; charset=utf-8
host: localhost:57435
accept: */*

Response DefaultHttpResponse(decodeResult: success, version: HTTP/1.1)
HTTP/1.1 200 OK
Content-Type: application/json; charset=utf-8
cache-control: no-cache
content-length: 14

20:08:25.438 [AsyncHttpClient-1-8] DEBUG org.asynchttpclient.netty.channel.ChannelManager - Adding key: http://localhost:57435 for channel [id: 0xd94e63fc, L:/127.0.0.1:60235 - R:localhost/127.0.0.1:57435]
20:08:25.445 [Forwarding findElement on session 9beeb6cb43726be470041acf91302e09 to remote] DEBUG org.asynchttpclient.netty.request.NettyRequestSender - Using pooled Channel '[id: 0xd94e63fc, L:/127.0.0.1:60235 - R:localhost/127.0.0.1:57435]' for 'POST' to 'http://localhost:57435/session/9beeb6cb43726be470041acf91302e09/element'
20:08:25.445 [Forwarding findElement on session 9beeb6cb43726be470041acf91302e09 to remote] DEBUG org.asynchttpclient.netty.request.NettyRequestSender - Using open Channel [id: 0xd94e63fc, L:/127.0.0.1:60235 - R:localhost/127.0.0.1:57435] for POST '/session/9beeb6cb43726be470041acf91302e09/element'
20:08:25.462 [AsyncHttpClient-1-8] DEBUG org.asynchttpclient.netty.handler.HttpHandler - 

Request DefaultHttpRequest(decodeResult: success, version: HTTP/1.1)
POST /session/9beeb6cb43726be470041acf91302e09/element HTTP/1.1
User-Agent: selenium/4.1.2 (java windows)
Content-Length: 58
Content-Type: application/json; charset=utf-8
host: localhost:57435
accept: */*

Response DefaultHttpResponse(decodeResult: success, version: HTTP/1.1)
HTTP/1.1 200 OK
Content-Type: application/json; charset=utf-8
cache-control: no-cache
content-length: 88

20:08:25.462 [AsyncHttpClient-1-8] DEBUG org.asynchttpclient.netty.channel.ChannelManager - Adding key: http://localhost:57435 for channel [id: 0xd94e63fc, L:/127.0.0.1:60235 - R:localhost/127.0.0.1:57435]
20:08:25.466 [Forwarding sendKeysToElement on session 9beeb6cb43726be470041acf91302e09 to remote] DEBUG org.asynchttpclient.netty.request.NettyRequestSender - Using pooled Channel '[id: 0xd94e63fc, L:/127.0.0.1:60235 - R:localhost/127.0.0.1:57435]' for 'POST' to 'http://localhost:57435/session/9beeb6cb43726be470041acf91302e09/element/969610dd-05f1-47b9-bcb9-9058f912fc07/value'
20:08:25.466 [Forwarding sendKeysToElement on session 9beeb6cb43726be470041acf91302e09 to remote] DEBUG org.asynchttpclient.netty.request.NettyRequestSender - Using open Channel [id: 0xd94e63fc, L:/127.0.0.1:60235 - R:localhost/127.0.0.1:57435] for POST '/session/9beeb6cb43726be470041acf91302e09/element/969610dd-05f1-47b9-bcb9-9058f912fc07/value'
20:08:25.526 [AsyncHttpClient-1-8] DEBUG org.asynchttpclient.netty.handler.HttpHandler - 

Request DefaultHttpRequest(decodeResult: success, version: HTTP/1.1)
POST /session/9beeb6cb43726be470041acf91302e09/element/969610dd-05f1-47b9-bcb9-9058f912fc07/value HTTP/1.1
User-Agent: selenium/4.1.2 (java windows)
Content-Length: 291
Content-Type: application/json; charset=utf-8
host: localhost:57435
accept: */*

Response DefaultHttpResponse(decodeResult: success, version: HTTP/1.1)
HTTP/1.1 200 OK
Content-Type: application/json; charset=utf-8
cache-control: no-cache
content-length: 14

20:08:25.526 [AsyncHttpClient-1-8] DEBUG org.asynchttpclient.netty.channel.ChannelManager - Adding key: http://localhost:57435 for channel [id: 0xd94e63fc, L:/127.0.0.1:60235 - R:localhost/127.0.0.1:57435]
20:08:25.529 [Forwarding findElement on session 9beeb6cb43726be470041acf91302e09 to remote] DEBUG org.asynchttpclient.netty.request.NettyRequestSender - Using pooled Channel '[id: 0xd94e63fc, L:/127.0.0.1:60235 - R:localhost/127.0.0.1:57435]' for 'POST' to 'http://localhost:57435/session/9beeb6cb43726be470041acf91302e09/element'
20:08:25.529 [Forwarding findElement on session 9beeb6cb43726be470041acf91302e09 to remote] DEBUG org.asynchttpclient.netty.request.NettyRequestSender - Using open Channel [id: 0xd94e63fc, L:/127.0.0.1:60235 - R:localhost/127.0.0.1:57435] for POST '/session/9beeb6cb43726be470041acf91302e09/element'
20:08:25.542 [AsyncHttpClient-1-8] DEBUG org.asynchttpclient.netty.handler.HttpHandler - 

Request DefaultHttpRequest(decodeResult: success, version: HTTP/1.1)
POST /session/9beeb6cb43726be470041acf91302e09/element HTTP/1.1
User-Agent: selenium/4.1.2 (java windows)
Content-Length: 58
Content-Type: application/json; charset=utf-8
host: localhost:57435
accept: */*

Response DefaultHttpResponse(decodeResult: success, version: HTTP/1.1)
HTTP/1.1 200 OK
Content-Type: application/json; charset=utf-8
cache-control: no-cache
content-length: 88

20:08:25.542 [AsyncHttpClient-1-8] DEBUG org.asynchttpclient.netty.channel.ChannelManager - Adding key: http://localhost:57435 for channel [id: 0xd94e63fc, L:/127.0.0.1:60235 - R:localhost/127.0.0.1:57435]
20:08:25.544 [Forwarding sendKeysToElement on session 9beeb6cb43726be470041acf91302e09 to remote] DEBUG org.asynchttpclient.netty.request.NettyRequestSender - Using pooled Channel '[id: 0xd94e63fc, L:/127.0.0.1:60235 - R:localhost/127.0.0.1:57435]' for 'POST' to 'http://localhost:57435/session/9beeb6cb43726be470041acf91302e09/element/6923a072-3d18-460a-9c3b-67f552cb32a0/value'
20:08:25.544 [Forwarding sendKeysToElement on session 9beeb6cb43726be470041acf91302e09 to remote] DEBUG org.asynchttpclient.netty.request.NettyRequestSender - Using open Channel [id: 0xd94e63fc, L:/127.0.0.1:60235 - R:localhost/127.0.0.1:57435] for POST '/session/9beeb6cb43726be470041acf91302e09/element/6923a072-3d18-460a-9c3b-67f552cb32a0/value'
20:08:25.609 [AsyncHttpClient-1-8] DEBUG org.asynchttpclient.netty.handler.HttpHandler - 

Request DefaultHttpRequest(decodeResult: success, version: HTTP/1.1)
POST /session/9beeb6cb43726be470041acf91302e09/element/6923a072-3d18-460a-9c3b-67f552cb32a0/value HTTP/1.1
User-Agent: selenium/4.1.2 (java windows)
Content-Length: 161
Content-Type: application/json; charset=utf-8
host: localhost:57435
accept: */*

Response DefaultHttpResponse(decodeResult: success, version: HTTP/1.1)
HTTP/1.1 200 OK
Content-Type: application/json; charset=utf-8
cache-control: no-cache
content-length: 14

20:08:25.609 [AsyncHttpClient-1-8] DEBUG org.asynchttpclient.netty.channel.ChannelManager - Adding key: http://localhost:57435 for channel [id: 0xd94e63fc, L:/127.0.0.1:60235 - R:localhost/127.0.0.1:57435]
20:08:25.611 [Forwarding findElement on session 9beeb6cb43726be470041acf91302e09 to remote] DEBUG org.asynchttpclient.netty.request.NettyRequestSender - Using pooled Channel '[id: 0xd94e63fc, L:/127.0.0.1:60235 - R:localhost/127.0.0.1:57435]' for 'POST' to 'http://localhost:57435/session/9beeb6cb43726be470041acf91302e09/element'
20:08:25.611 [Forwarding findElement on session 9beeb6cb43726be470041acf91302e09 to remote] DEBUG org.asynchttpclient.netty.request.NettyRequestSender - Using open Channel [id: 0xd94e63fc, L:/127.0.0.1:60235 - R:localhost/127.0.0.1:57435] for POST '/session/9beeb6cb43726be470041acf91302e09/element'
20:08:25.625 [AsyncHttpClient-1-8] DEBUG org.asynchttpclient.netty.handler.HttpHandler - 

Request DefaultHttpRequest(decodeResult: success, version: HTTP/1.1)
POST /session/9beeb6cb43726be470041acf91302e09/element HTTP/1.1
User-Agent: selenium/4.1.2 (java windows)
Content-Length: 58
Content-Type: application/json; charset=utf-8
host: localhost:57435
accept: */*

Response DefaultHttpResponse(decodeResult: success, version: HTTP/1.1)
HTTP/1.1 200 OK
Content-Type: application/json; charset=utf-8
cache-control: no-cache
content-length: 88

20:08:25.626 [AsyncHttpClient-1-8] DEBUG org.asynchttpclient.netty.channel.ChannelManager - Adding key: http://localhost:57435 for channel [id: 0xd94e63fc, L:/127.0.0.1:60235 - R:localhost/127.0.0.1:57435]
20:08:25.627 [Forwarding clickElement on session 9beeb6cb43726be470041acf91302e09 to remote] DEBUG org.asynchttpclient.netty.request.NettyRequestSender - Using pooled Channel '[id: 0xd94e63fc, L:/127.0.0.1:60235 - R:localhost/127.0.0.1:57435]' for 'POST' to 'http://localhost:57435/session/9beeb6cb43726be470041acf91302e09/element/38be1dab-c411-4df2-9946-05caf322363f/click'
20:08:25.628 [Forwarding clickElement on session 9beeb6cb43726be470041acf91302e09 to remote] DEBUG org.asynchttpclient.netty.request.NettyRequestSender - Using open Channel [id: 0xd94e63fc, L:/127.0.0.1:60235 - R:localhost/127.0.0.1:57435] for POST '/session/9beeb6cb43726be470041acf91302e09/element/38be1dab-c411-4df2-9946-05caf322363f/click'
20:08:26.197 [AsyncHttpClient-1-1] DEBUG org.asynchttpclient.netty.channel.DefaultChannelPool - Entry count for : http://localhost:60236 : 1
20:08:27.298 [AsyncHttpClient-1-1] DEBUG org.asynchttpclient.netty.channel.DefaultChannelPool - Entry count for : http://localhost:60236 : 1
20:08:27.452 [AsyncHttpClient-1-8] DEBUG org.asynchttpclient.netty.handler.HttpHandler - 

Request DefaultHttpRequest(decodeResult: success, version: HTTP/1.1)
POST /session/9beeb6cb43726be470041acf91302e09/element/38be1dab-c411-4df2-9946-05caf322363f/click HTTP/1.1
User-Agent: selenium/4.1.2 (java windows)
Content-Length: 50
Content-Type: application/json; charset=utf-8
host: localhost:57435
accept: */*

Response DefaultHttpResponse(decodeResult: success, version: HTTP/1.1)
HTTP/1.1 200 OK
Content-Type: application/json; charset=utf-8
cache-control: no-cache
content-length: 14

20:08:27.452 [AsyncHttpClient-1-8] DEBUG org.asynchttpclient.netty.channel.ChannelManager - Adding key: http://localhost:57435 for channel [id: 0xd94e63fc, L:/127.0.0.1:60235 - R:localhost/127.0.0.1:57435]
20:08:27.456 [Forwarding findElement on session 9beeb6cb43726be470041acf91302e09 to remote] DEBUG org.asynchttpclient.netty.request.NettyRequestSender - Using pooled Channel '[id: 0xd94e63fc, L:/127.0.0.1:60235 - R:localhost/127.0.0.1:57435]' for 'POST' to 'http://localhost:57435/session/9beeb6cb43726be470041acf91302e09/element'
20:08:27.456 [Forwarding findElement on session 9beeb6cb43726be470041acf91302e09 to remote] DEBUG org.asynchttpclient.netty.request.NettyRequestSender - Using open Channel [id: 0xd94e63fc, L:/127.0.0.1:60235 - R:localhost/127.0.0.1:57435] for POST '/session/9beeb6cb43726be470041acf91302e09/element'
20:08:27.473 [AsyncHttpClient-1-8] DEBUG org.asynchttpclient.netty.handler.HttpHandler - 

Request DefaultHttpRequest(decodeResult: success, version: HTTP/1.1)
POST /session/9beeb6cb43726be470041acf91302e09/element HTTP/1.1
User-Agent: selenium/4.1.2 (java windows)
Content-Length: 61
Content-Type: application/json; charset=utf-8
host: localhost:57435
accept: */*

Response DefaultHttpResponse(decodeResult: success, version: HTTP/1.1)
HTTP/1.1 200 OK
Content-Type: application/json; charset=utf-8
cache-control: no-cache
content-length: 88

20:08:27.474 [AsyncHttpClient-1-8] DEBUG org.asynchttpclient.netty.channel.ChannelManager - Adding key: http://localhost:57435 for channel [id: 0xd94e63fc, L:/127.0.0.1:60235 - R:localhost/127.0.0.1:57435]
20:08:27.476 [Forwarding getElementTagName on session 9beeb6cb43726be470041acf91302e09 to remote] DEBUG org.asynchttpclient.netty.request.NettyRequestSender - Using pooled Channel '[id: 0xd94e63fc, L:/127.0.0.1:60235 - R:localhost/127.0.0.1:57435]' for 'GET' to 'http://localhost:57435/session/9beeb6cb43726be470041acf91302e09/element/a31f52a0-44ae-4ca7-9910-7ab6b6885429/name'
20:08:27.476 [Forwarding getElementTagName on session 9beeb6cb43726be470041acf91302e09 to remote] DEBUG org.asynchttpclient.netty.request.NettyRequestSender - Using open Channel [id: 0xd94e63fc, L:/127.0.0.1:60235 - R:localhost/127.0.0.1:57435] for GET '/session/9beeb6cb43726be470041acf91302e09/element/a31f52a0-44ae-4ca7-9910-7ab6b6885429/name'
20:08:27.484 [AsyncHttpClient-1-8] DEBUG org.asynchttpclient.netty.handler.HttpHandler - 

Request DefaultFullHttpRequest(decodeResult: success, version: HTTP/1.1, content: EmptyByteBufBE)
GET /session/9beeb6cb43726be470041acf91302e09/element/a31f52a0-44ae-4ca7-9910-7ab6b6885429/name HTTP/1.1
User-Agent: selenium/4.1.2 (java windows)
Cache-Control: no-cache
Content-Type: application/json; charset=utf-8
host: localhost:57435
accept: */*

Response DefaultHttpResponse(decodeResult: success, version: HTTP/1.1)
HTTP/1.1 200 OK
Content-Type: application/json; charset=utf-8
cache-control: no-cache
content-length: 18

20:08:27.484 [AsyncHttpClient-1-8] DEBUG org.asynchttpclient.netty.channel.ChannelManager - Adding key: http://localhost:57435 for channel [id: 0xd94e63fc, L:/127.0.0.1:60235 - R:localhost/127.0.0.1:57435]
20:08:27.487 [Forwarding findElement on session 9beeb6cb43726be470041acf91302e09 to remote] DEBUG org.asynchttpclient.netty.request.NettyRequestSender - Using pooled Channel '[id: 0xd94e63fc, L:/127.0.0.1:60235 - R:localhost/127.0.0.1:57435]' for 'POST' to 'http://localhost:57435/session/9beeb6cb43726be470041acf91302e09/element'
20:08:27.487 [Forwarding findElement on session 9beeb6cb43726be470041acf91302e09 to remote] DEBUG org.asynchttpclient.netty.request.NettyRequestSender - Using open Channel [id: 0xd94e63fc, L:/127.0.0.1:60235 - R:localhost/127.0.0.1:57435] for POST '/session/9beeb6cb43726be470041acf91302e09/element'
20:08:27.494 [AsyncHttpClient-1-8] DEBUG org.asynchttpclient.netty.handler.HttpHandler - 

Request DefaultHttpRequest(decodeResult: success, version: HTTP/1.1)
POST /session/9beeb6cb43726be470041acf91302e09/element HTTP/1.1
User-Agent: selenium/4.1.2 (java windows)
Content-Length: 61
Content-Type: application/json; charset=utf-8
host: localhost:57435
accept: */*

Response DefaultHttpResponse(decodeResult: success, version: HTTP/1.1)
HTTP/1.1 200 OK
Content-Type: application/json; charset=utf-8
cache-control: no-cache
content-length: 88

20:08:27.494 [AsyncHttpClient-1-8] DEBUG org.asynchttpclient.netty.channel.ChannelManager - Adding key: http://localhost:57435 for channel [id: 0xd94e63fc, L:/127.0.0.1:60235 - R:localhost/127.0.0.1:57435]
20:08:27.496 [Forwarding getElementDomAttribute on session 9beeb6cb43726be470041acf91302e09 to remote] DEBUG org.asynchttpclient.netty.request.NettyRequestSender - Using pooled Channel '[id: 0xd94e63fc, L:/127.0.0.1:60235 - R:localhost/127.0.0.1:57435]' for 'GET' to 'http://localhost:57435/session/9beeb6cb43726be470041acf91302e09/element/a31f52a0-44ae-4ca7-9910-7ab6b6885429/attribute/multiple'
20:08:27.496 [Forwarding getElementDomAttribute on session 9beeb6cb43726be470041acf91302e09 to remote] DEBUG org.asynchttpclient.netty.request.NettyRequestSender - Using open Channel [id: 0xd94e63fc, L:/127.0.0.1:60235 - R:localhost/127.0.0.1:57435] for GET '/session/9beeb6cb43726be470041acf91302e09/element/a31f52a0-44ae-4ca7-9910-7ab6b6885429/attribute/multiple'
20:08:27.502 [AsyncHttpClient-1-8] DEBUG org.asynchttpclient.netty.handler.HttpHandler - 

Request DefaultFullHttpRequest(decodeResult: success, version: HTTP/1.1, content: EmptyByteBufBE)
GET /session/9beeb6cb43726be470041acf91302e09/element/a31f52a0-44ae-4ca7-9910-7ab6b6885429/attribute/multiple HTTP/1.1
User-Agent: selenium/4.1.2 (java windows)
Cache-Control: no-cache
Content-Type: application/json; charset=utf-8
host: localhost:57435
accept: */*

Response DefaultHttpResponse(decodeResult: success, version: HTTP/1.1)
HTTP/1.1 200 OK
Content-Type: application/json; charset=utf-8
cache-control: no-cache
content-length: 14

20:08:27.502 [AsyncHttpClient-1-8] DEBUG org.asynchttpclient.netty.channel.ChannelManager - Adding key: http://localhost:57435 for channel [id: 0xd94e63fc, L:/127.0.0.1:60235 - R:localhost/127.0.0.1:57435]
20:08:27.504 [Forwarding findElement on session 9beeb6cb43726be470041acf91302e09 to remote] DEBUG org.asynchttpclient.netty.request.NettyRequestSender - Using pooled Channel '[id: 0xd94e63fc, L:/127.0.0.1:60235 - R:localhost/127.0.0.1:57435]' for 'POST' to 'http://localhost:57435/session/9beeb6cb43726be470041acf91302e09/element'
20:08:27.504 [Forwarding findElement on session 9beeb6cb43726be470041acf91302e09 to remote] DEBUG org.asynchttpclient.netty.request.NettyRequestSender - Using open Channel [id: 0xd94e63fc, L:/127.0.0.1:60235 - R:localhost/127.0.0.1:57435] for POST '/session/9beeb6cb43726be470041acf91302e09/element'
20:08:27.511 [AsyncHttpClient-1-8] DEBUG org.asynchttpclient.netty.handler.HttpHandler - 

Request DefaultHttpRequest(decodeResult: success, version: HTTP/1.1)
POST /session/9beeb6cb43726be470041acf91302e09/element HTTP/1.1
User-Agent: selenium/4.1.2 (java windows)
Content-Length: 61
Content-Type: application/json; charset=utf-8
host: localhost:57435
accept: */*

Response DefaultHttpResponse(decodeResult: success, version: HTTP/1.1)
HTTP/1.1 200 OK
Content-Type: application/json; charset=utf-8
cache-control: no-cache
content-length: 88

20:08:27.511 [AsyncHttpClient-1-8] DEBUG org.asynchttpclient.netty.channel.ChannelManager - Adding key: http://localhost:57435 for channel [id: 0xd94e63fc, L:/127.0.0.1:60235 - R:localhost/127.0.0.1:57435]
20:08:27.513 [Forwarding findChildElements on session 9beeb6cb43726be470041acf91302e09 to remote] DEBUG org.asynchttpclient.netty.request.NettyRequestSender - Using pooled Channel '[id: 0xd94e63fc, L:/127.0.0.1:60235 - R:localhost/127.0.0.1:57435]' for 'POST' to 'http://localhost:57435/session/9beeb6cb43726be470041acf91302e09/element/a31f52a0-44ae-4ca7-9910-7ab6b6885429/elements'
20:08:27.513 [Forwarding findChildElements on session 9beeb6cb43726be470041acf91302e09 to remote] DEBUG org.asynchttpclient.netty.request.NettyRequestSender - Using open Channel [id: 0xd94e63fc, L:/127.0.0.1:60235 - R:localhost/127.0.0.1:57435] for POST '/session/9beeb6cb43726be470041acf91302e09/element/a31f52a0-44ae-4ca7-9910-7ab6b6885429/elements'
20:08:28.396 [AsyncHttpClient-1-1] DEBUG org.asynchttpclient.netty.channel.DefaultChannelPool - Entry count for : http://localhost:60236 : 1
20:08:29.496 [AsyncHttpClient-1-1] DEBUG org.asynchttpclient.netty.channel.DefaultChannelPool - Entry count for : http://localhost:60236 : 1
20:08:30.597 [AsyncHttpClient-1-1] DEBUG org.asynchttpclient.netty.channel.DefaultChannelPool - Entry count for : http://localhost:60236 : 1
20:08:31.697 [AsyncHttpClient-1-1] DEBUG org.asynchttpclient.netty.channel.DefaultChannelPool - Entry count for : http://localhost:60236 : 1
20:08:32.796 [AsyncHttpClient-1-1] DEBUG org.asynchttpclient.netty.channel.DefaultChannelPool - Entry count for : http://localhost:60236 : 1
20:08:33.896 [AsyncHttpClient-1-1] DEBUG org.asynchttpclient.netty.channel.DefaultChannelPool - Entry count for : http://localhost:60236 : 1
20:08:34.997 [AsyncHttpClient-1-1] DEBUG org.asynchttpclient.netty.channel.DefaultChannelPool - Entry count for : http://localhost:60236 : 1
20:08:36.098 [AsyncHttpClient-1-1] DEBUG org.asynchttpclient.netty.channel.DefaultChannelPool - Entry count for : http://localhost:60236 : 1
20:08:37.196 [AsyncHttpClient-1-1] DEBUG org.asynchttpclient.netty.channel.DefaultChannelPool - Entry count for : http://localhost:60236 : 1
20:08:37.517 [AsyncHttpClient-1-8] DEBUG org.asynchttpclient.netty.handler.HttpHandler - 

Request DefaultHttpRequest(decodeResult: success, version: HTTP/1.1)
POST /session/9beeb6cb43726be470041acf91302e09/element/a31f52a0-44ae-4ca7-9910-7ab6b6885429/elements HTTP/1.1
User-Agent: selenium/4.1.2 (java windows)
Content-Length: 171
Content-Type: application/json; charset=utf-8
host: localhost:57435
accept: */*

Response DefaultHttpResponse(decodeResult: success, version: HTTP/1.1)
HTTP/1.1 200 OK
Content-Type: application/json; charset=utf-8
cache-control: no-cache
content-length: 12

20:08:37.517 [AsyncHttpClient-1-8] DEBUG org.asynchttpclient.netty.channel.ChannelManager - Adding key: http://localhost:57435 for channel [id: 0xd94e63fc, L:/127.0.0.1:60235 - R:localhost/127.0.0.1:57435]
20:08:37.522 [Forwarding findElement on session 9beeb6cb43726be470041acf91302e09 to remote] DEBUG org.asynchttpclient.netty.request.NettyRequestSender - Using pooled Channel '[id: 0xd94e63fc, L:/127.0.0.1:60235 - R:localhost/127.0.0.1:57435]' for 'POST' to 'http://localhost:57435/session/9beeb6cb43726be470041acf91302e09/element'
20:08:37.522 [Forwarding findElement on session 9beeb6cb43726be470041acf91302e09 to remote] DEBUG org.asynchttpclient.netty.request.NettyRequestSender - Using open Channel [id: 0xd94e63fc, L:/127.0.0.1:60235 - R:localhost/127.0.0.1:57435] for POST '/session/9beeb6cb43726be470041acf91302e09/element'
20:08:37.529 [AsyncHttpClient-1-8] DEBUG org.asynchttpclient.netty.handler.HttpHandler - 

Request DefaultHttpRequest(decodeResult: success, version: HTTP/1.1)
POST /session/9beeb6cb43726be470041acf91302e09/element HTTP/1.1
User-Agent: selenium/4.1.2 (java windows)
Content-Length: 61
Content-Type: application/json; charset=utf-8
host: localhost:57435
accept: */*

Response DefaultHttpResponse(decodeResult: success, version: HTTP/1.1)
HTTP/1.1 200 OK
Content-Type: application/json; charset=utf-8
cache-control: no-cache
content-length: 88

20:08:37.529 [AsyncHttpClient-1-8] DEBUG org.asynchttpclient.netty.channel.ChannelManager - Adding key: http://localhost:57435 for channel [id: 0xd94e63fc, L:/127.0.0.1:60235 - R:localhost/127.0.0.1:57435]
20:08:37.531 [Forwarding findChildElements on session 9beeb6cb43726be470041acf91302e09 to remote] DEBUG org.asynchttpclient.netty.request.NettyRequestSender - Using pooled Channel '[id: 0xd94e63fc, L:/127.0.0.1:60235 - R:localhost/127.0.0.1:57435]' for 'POST' to 'http://localhost:57435/session/9beeb6cb43726be470041acf91302e09/element/a31f52a0-44ae-4ca7-9910-7ab6b6885429/elements'
20:08:37.531 [Forwarding findChildElements on session 9beeb6cb43726be470041acf91302e09 to remote] DEBUG org.asynchttpclient.netty.request.NettyRequestSender - Using open Channel [id: 0xd94e63fc, L:/127.0.0.1:60235 - R:localhost/127.0.0.1:57435] for POST '/session/9beeb6cb43726be470041acf91302e09/element/a31f52a0-44ae-4ca7-9910-7ab6b6885429/elements'
20:08:37.544 [AsyncHttpClient-1-8] DEBUG org.asynchttpclient.netty.handler.HttpHandler - 

Request DefaultHttpRequest(decodeResult: success, version: HTTP/1.1)
POST /session/9beeb6cb43726be470041acf91302e09/element/a31f52a0-44ae-4ca7-9910-7ab6b6885429/elements HTTP/1.1
User-Agent: selenium/4.1.2 (java windows)
Content-Length: 144
Content-Type: application/json; charset=utf-8
host: localhost:57435
accept: */*

Response DefaultHttpResponse(decodeResult: success, version: HTTP/1.1)
HTTP/1.1 200 OK
Content-Type: application/json; charset=utf-8
cache-control: no-cache
content-length: 801

20:08:37.544 [AsyncHttpClient-1-8] DEBUG org.asynchttpclient.netty.channel.ChannelManager - Adding key: http://localhost:57435 for channel [id: 0xd94e63fc, L:/127.0.0.1:60235 - R:localhost/127.0.0.1:57435]
20:08:37.548 [Forwarding getElementText on session 9beeb6cb43726be470041acf91302e09 to remote] DEBUG org.asynchttpclient.netty.request.NettyRequestSender - Using pooled Channel '[id: 0xd94e63fc, L:/127.0.0.1:60235 - R:localhost/127.0.0.1:57435]' for 'GET' to 'http://localhost:57435/session/9beeb6cb43726be470041acf91302e09/element/a1abc226-0c43-4fa8-b48e-216dbb33b386/text'
20:08:37.548 [Forwarding getElementText on session 9beeb6cb43726be470041acf91302e09 to remote] DEBUG org.asynchttpclient.netty.request.NettyRequestSender - Using open Channel [id: 0xd94e63fc, L:/127.0.0.1:60235 - R:localhost/127.0.0.1:57435] for GET '/session/9beeb6cb43726be470041acf91302e09/element/a1abc226-0c43-4fa8-b48e-216dbb33b386/text'
20:08:37.566 [AsyncHttpClient-1-8] DEBUG org.asynchttpclient.netty.handler.HttpHandler - 

Request DefaultFullHttpRequest(decodeResult: success, version: HTTP/1.1, content: EmptyByteBufBE)
GET /session/9beeb6cb43726be470041acf91302e09/element/a1abc226-0c43-4fa8-b48e-216dbb33b386/text HTTP/1.1
User-Agent: selenium/4.1.2 (java windows)
Cache-Control: no-cache
Content-Type: application/json; charset=utf-8
host: localhost:57435
accept: */*

Response DefaultHttpResponse(decodeResult: success, version: HTTP/1.1)
HTTP/1.1 200 OK
Content-Type: application/json; charset=utf-8
cache-control: no-cache
content-length: 42

20:08:37.566 [AsyncHttpClient-1-8] DEBUG org.asynchttpclient.netty.channel.ChannelManager - Adding key: http://localhost:57435 for channel [id: 0xd94e63fc, L:/127.0.0.1:60235 - R:localhost/127.0.0.1:57435]
20:08:37.568 [Forwarding isElementSelected on session 9beeb6cb43726be470041acf91302e09 to remote] DEBUG org.asynchttpclient.netty.request.NettyRequestSender - Using pooled Channel '[id: 0xd94e63fc, L:/127.0.0.1:60235 - R:localhost/127.0.0.1:57435]' for 'GET' to 'http://localhost:57435/session/9beeb6cb43726be470041acf91302e09/element/a1abc226-0c43-4fa8-b48e-216dbb33b386/selected'
20:08:37.568 [Forwarding isElementSelected on session 9beeb6cb43726be470041acf91302e09 to remote] DEBUG org.asynchttpclient.netty.request.NettyRequestSender - Using open Channel [id: 0xd94e63fc, L:/127.0.0.1:60235 - R:localhost/127.0.0.1:57435] for GET '/session/9beeb6cb43726be470041acf91302e09/element/a1abc226-0c43-4fa8-b48e-216dbb33b386/selected'
20:08:37.578 [AsyncHttpClient-1-8] DEBUG org.asynchttpclient.netty.handler.HttpHandler - 

Request DefaultFullHttpRequest(decodeResult: success, version: HTTP/1.1, content: EmptyByteBufBE)
GET /session/9beeb6cb43726be470041acf91302e09/element/a1abc226-0c43-4fa8-b48e-216dbb33b386/selected HTTP/1.1
User-Agent: selenium/4.1.2 (java windows)
Cache-Control: no-cache
Content-Type: application/json; charset=utf-8
host: localhost:57435
accept: */*

Response DefaultHttpResponse(decodeResult: success, version: HTTP/1.1)
HTTP/1.1 200 OK
Content-Type: application/json; charset=utf-8
cache-control: no-cache
content-length: 15

20:08:37.579 [AsyncHttpClient-1-8] DEBUG org.asynchttpclient.netty.channel.ChannelManager - Adding key: http://localhost:57435 for channel [id: 0xd94e63fc, L:/127.0.0.1:60235 - R:localhost/127.0.0.1:57435]
20:08:37.581 [Forwarding clickElement on session 9beeb6cb43726be470041acf91302e09 to remote] DEBUG org.asynchttpclient.netty.request.NettyRequestSender - Using pooled Channel '[id: 0xd94e63fc, L:/127.0.0.1:60235 - R:localhost/127.0.0.1:57435]' for 'POST' to 'http://localhost:57435/session/9beeb6cb43726be470041acf91302e09/element/a1abc226-0c43-4fa8-b48e-216dbb33b386/click'
20:08:37.582 [Forwarding clickElement on session 9beeb6cb43726be470041acf91302e09 to remote] DEBUG org.asynchttpclient.netty.request.NettyRequestSender - Using open Channel [id: 0xd94e63fc, L:/127.0.0.1:60235 - R:localhost/127.0.0.1:57435] for POST '/session/9beeb6cb43726be470041acf91302e09/element/a1abc226-0c43-4fa8-b48e-216dbb33b386/click'
20:08:38.297 [AsyncHttpClient-1-1] DEBUG org.asynchttpclient.netty.channel.DefaultChannelPool - Entry count for : http://localhost:60236 : 1
20:08:38.929 [AsyncHttpClient-1-8] DEBUG org.asynchttpclient.netty.handler.HttpHandler - 

Request DefaultHttpRequest(decodeResult: success, version: HTTP/1.1)
POST /session/9beeb6cb43726be470041acf91302e09/element/a1abc226-0c43-4fa8-b48e-216dbb33b386/click HTTP/1.1
User-Agent: selenium/4.1.2 (java windows)
Content-Length: 50
Content-Type: application/json; charset=utf-8
host: localhost:57435
accept: */*

Response DefaultHttpResponse(decodeResult: success, version: HTTP/1.1)
HTTP/1.1 200 OK
Content-Type: application/json; charset=utf-8
cache-control: no-cache
content-length: 14

20:08:38.929 [AsyncHttpClient-1-8] DEBUG org.asynchttpclient.netty.channel.ChannelManager - Adding key: http://localhost:57435 for channel [id: 0xd94e63fc, L:/127.0.0.1:60235 - R:localhost/127.0.0.1:57435]
20:08:38.933 [Forwarding findElement on session 9beeb6cb43726be470041acf91302e09 to remote] DEBUG org.asynchttpclient.netty.request.NettyRequestSender - Using pooled Channel '[id: 0xd94e63fc, L:/127.0.0.1:60235 - R:localhost/127.0.0.1:57435]' for 'POST' to 'http://localhost:57435/session/9beeb6cb43726be470041acf91302e09/element'
20:08:38.934 [Forwarding findElement on session 9beeb6cb43726be470041acf91302e09 to remote] DEBUG org.asynchttpclient.netty.request.NettyRequestSender - Using open Channel [id: 0xd94e63fc, L:/127.0.0.1:60235 - R:localhost/127.0.0.1:57435] for POST '/session/9beeb6cb43726be470041acf91302e09/element'
20:08:38.956 [AsyncHttpClient-1-8] DEBUG org.asynchttpclient.netty.handler.HttpHandler - 

Request DefaultHttpRequest(decodeResult: success, version: HTTP/1.1)
POST /session/9beeb6cb43726be470041acf91302e09/element HTTP/1.1
User-Agent: selenium/4.1.2 (java windows)
Content-Length: 100
Content-Type: application/json; charset=utf-8
host: localhost:57435
accept: */*

Response DefaultHttpResponse(decodeResult: success, version: HTTP/1.1)
HTTP/1.1 200 OK
Content-Type: application/json; charset=utf-8
cache-control: no-cache
content-length: 88

20:08:38.956 [AsyncHttpClient-1-8] DEBUG org.asynchttpclient.netty.channel.ChannelManager - Adding key: http://localhost:57435 for channel [id: 0xd94e63fc, L:/127.0.0.1:60235 - R:localhost/127.0.0.1:57435]
20:08:38.961 [Forwarding getElementAttribute on session 9beeb6cb43726be470041acf91302e09 to remote] DEBUG org.asynchttpclient.netty.request.NettyRequestSender - Using pooled Channel '[id: 0xd94e63fc, L:/127.0.0.1:60235 - R:localhost/127.0.0.1:57435]' for 'POST' to 'http://localhost:57435/session/9beeb6cb43726be470041acf91302e09/execute/sync'
20:08:38.961 [Forwarding getElementAttribute on session 9beeb6cb43726be470041acf91302e09 to remote] DEBUG org.asynchttpclient.netty.request.NettyRequestSender - Using open Channel [id: 0xd94e63fc, L:/127.0.0.1:60235 - R:localhost/127.0.0.1:57435] for POST '/session/9beeb6cb43726be470041acf91302e09/execute/sync'
20:08:38.985 [AsyncHttpClient-1-8] DEBUG org.asynchttpclient.netty.handler.HttpHandler - 

Request DefaultHttpRequest(decodeResult: success, version: HTTP/1.1)
POST /session/9beeb6cb43726be470041acf91302e09/execute/sync HTTP/1.1
User-Agent: selenium/4.1.2 (java windows)
Content-Length: 47340
Content-Type: application/json; charset=utf-8
host: localhost:57435
accept: */*

Response DefaultHttpResponse(decodeResult: success, version: HTTP/1.1)
HTTP/1.1 200 OK
Content-Type: application/json; charset=utf-8
cache-control: no-cache
content-length: 33

20:08:38.985 [AsyncHttpClient-1-8] DEBUG org.asynchttpclient.netty.channel.ChannelManager - Adding key: http://localhost:57435 for channel [id: 0xd94e63fc, L:/127.0.0.1:60235 - R:localhost/127.0.0.1:57435]
20:08:38.989 [AsyncHttpClient-1-2] DEBUG org.asynchttpclient.netty.handler.WebSocketHandler - Channel Closed: [id: 0x6404b031, L:/127.0.0.1:60242 ! R:localhost/127.0.0.1:60236] with attribute NettyResponseFuture{currentRetry=5,
	isDone=1,
	isCancelled=0,
	asyncHandler=org.asynchttpclient.ws.WebSocketUpgradeHandler@692b8497,
	nettyRequest=org.asynchttpclient.netty.request.NettyRequest@4e85931e,
	future=java.util.concurrent.CompletableFuture@6b022699[Completed normally],
	uri=ws://localhost:60236/devtools/browser/33ddb72c-b4ea-45ac-a407-75b803af8b21,
	keepAlive=true,
	redirectCount=0,
	timeoutsHolder=null,
	inAuth=0,
	touch=1648231701878}
20:08:38.989 [AsyncHttpClient-1-2] DEBUG org.asynchttpclient.netty.channel.ChannelManager - Closing Channel [id: 0x6404b031, L:/127.0.0.1:60242 ! R:localhost/127.0.0.1:60236] 
20:08:38.989 [Driver Command Executor] DEBUG org.asynchttpclient.netty.request.NettyRequestSender - Using pooled Channel '[id: 0xd94e63fc, L:/127.0.0.1:60235 - R:localhost/127.0.0.1:57435]' for 'DELETE' to 'http://localhost:57435/session/9beeb6cb43726be470041acf91302e09'
20:08:38.989 [Driver Command Executor] DEBUG org.asynchttpclient.netty.request.NettyRequestSender - Using open Channel [id: 0xd94e63fc, L:/127.0.0.1:60235 - R:localhost/127.0.0.1:57435] for DELETE '/session/9beeb6cb43726be470041acf91302e09'
20:08:39.005 [AsyncHttpClient-1-9] DEBUG org.asynchttpclient.netty.handler.HttpHandler - Unexpected I/O exception on channel [id: 0x70e13582, L:/127.0.0.1:60241 - R:localhost/127.0.0.1:60236]
java.net.SocketException: Connection reset
	at java.base/sun.nio.ch.SocketChannelImpl.throwConnectionReset(SocketChannelImpl.java:394)
	at java.base/sun.nio.ch.SocketChannelImpl.read(SocketChannelImpl.java:426)
	at io.netty.buffer.PooledByteBuf.setBytes(PooledByteBuf.java:258)
	at io.netty.buffer.AbstractByteBuf.writeBytes(AbstractByteBuf.java:1132)
	at io.netty.channel.socket.nio.NioSocketChannel.doReadBytes(NioSocketChannel.java:350)
	at io.netty.channel.nio.AbstractNioByteChannel$NioByteUnsafe.read(AbstractNioByteChannel.java:151)
	at io.netty.channel.nio.NioEventLoop.processSelectedKey(NioEventLoop.java:722)
	at io.netty.channel.nio.NioEventLoop.processSelectedKeysOptimized(NioEventLoop.java:658)
	at io.netty.channel.nio.NioEventLoop.processSelectedKeys(NioEventLoop.java:584)
	at io.netty.channel.nio.NioEventLoop.run(NioEventLoop.java:496)
	at io.netty.util.concurrent.SingleThreadEventExecutor$4.run(SingleThreadEventExecutor.java:986)
	at io.netty.util.internal.ThreadExecutorMap$2.run(ThreadExecutorMap.java:74)
	at io.netty.util.concurrent.FastThreadLocalRunnable.run(FastThreadLocalRunnable.java:30)
	at java.base/java.lang.Thread.run(Thread.java:833)
20:08:39.005 [AsyncHttpClient-1-9] DEBUG org.asynchttpclient.netty.channel.ChannelManager - Closing Channel [id: 0x70e13582, L:/127.0.0.1:60241 - R:localhost/127.0.0.1:60236] 
20:08:39.006 [AsyncHttpClient-1-9] DEBUG org.asynchttpclient.netty.handler.HttpHandler - Channel Closed: [id: 0x70e13582, L:/127.0.0.1:60241 ! R:localhost/127.0.0.1:60236] with attribute DISCARD
20:08:39.027 [AsyncHttpClient-1-8] DEBUG org.asynchttpclient.netty.handler.HttpHandler - 

Request DefaultFullHttpRequest(decodeResult: success, version: HTTP/1.1, content: EmptyByteBufBE)
DELETE /session/9beeb6cb43726be470041acf91302e09 HTTP/1.1
User-Agent: selenium/4.1.2 (java windows)
Content-Type: application/json; charset=utf-8
host: localhost:57435
accept: */*

Response DefaultHttpResponse(decodeResult: success, version: HTTP/1.1)
HTTP/1.1 200 OK
Content-Type: application/json; charset=utf-8
cache-control: no-cache
content-length: 14

20:08:39.027 [AsyncHttpClient-1-8] DEBUG org.asynchttpclient.netty.channel.ChannelManager - Adding key: http://localhost:57435 for channel [id: 0xd94e63fc, L:/127.0.0.1:60235 - R:localhost/127.0.0.1:57435]
20:08:39.129 [AsyncHttpClient-1-8] DEBUG org.asynchttpclient.netty.handler.HttpHandler - Channel Closed: [id: 0xd94e63fc, L:/127.0.0.1:60235 ! R:localhost/127.0.0.1:57435] with attribute DISCARD
20:08:39.397 [AsyncHttpClient-1-1] DEBUG org.asynchttpclient.netty.channel.DefaultChannelPool - Entry count for : http://localhost:57435 : 1
20:08:39.397 [AsyncHttpClient-1-1] DEBUG org.asynchttpclient.netty.channel.DefaultChannelPool - Entry count for : http://localhost:60236 : 1
20:08:39.397 [AsyncHttpClient-1-1] DEBUG org.asynchttpclient.netty.channel.DefaultChannelPool - Adding Candidate expired Channel [id: 0xd94e63fc, L:/127.0.0.1:60235 ! R:localhost/127.0.0.1:57435] isIdleTimeoutExpired=false isRemotelyClosed=true isTtlExpired=false
20:08:39.397 [AsyncHttpClient-1-1] DEBUG org.asynchttpclient.netty.channel.DefaultChannelPool - Closing Idle Channel [id: 0xd94e63fc, L:/127.0.0.1:60235 ! R:localhost/127.0.0.1:57435]
20:08:39.397 [AsyncHttpClient-1-1] DEBUG org.asynchttpclient.netty.channel.DefaultChannelPool - Adding Candidate expired Channel [id: 0x70e13582, L:/127.0.0.1:60241 ! R:localhost/127.0.0.1:60236] isIdleTimeoutExpired=false isRemotelyClosed=true isTtlExpired=false
20:08:39.397 [AsyncHttpClient-1-1] DEBUG org.asynchttpclient.netty.channel.DefaultChannelPool - Closing Idle Channel [id: 0x70e13582, L:/127.0.0.1:60241 ! R:localhost/127.0.0.1:60236]
20:08:39.397 [AsyncHttpClient-1-1] DEBUG org.asynchttpclient.netty.channel.DefaultChannelPool - Closed 2 connections out of 2 in 0 ms
]]></system-out>
    <system-err><![CDATA[Starting ChromeDriver 99.0.4844.51 (d537ec02474b5afe23684e7963d538896c63ac77-refs/branch-heads/4844@{#875}) on port 57435
Only local connections are allowed.
Please see https://chromedriver.chromium.org/security-considerations for suggestions on keeping ChromeDriver safe.
ChromeDriver was started successfully.
март 25, 2022 8:08:21 СЛ.ОБ. org.openqa.selenium.remote.ProtocolHandshake createSession
INFO: Detected dialect: W3C
март 25, 2022 8:08:21 СЛ.ОБ. org.openqa.selenium.devtools.CdpVersionFinder findNearestMatch
WARNING: Unable to find an exact match for CDP version 99, so returning the closest version found: 97
март 25, 2022 8:08:21 СЛ.ОБ. org.openqa.selenium.devtools.CdpVersionFinder findNearestMatch
INFO: Found CDP implementation for version 99 of 97
]]></system-err>
  </testcase>
  <testcase name="verifyValidSearchInputReturnsCorrectResult" classname="pages.HomePageTest" time="8.812">
    <system-out><![CDATA[20:08:40.156 [AsyncHttpClient-1-3] DEBUG org.asynchttpclient.netty.channel.NettyConnectListener - Using new Channel '[id: 0xdd1b24f7, L:/127.0.0.1:60256 - R:localhost/127.0.0.1:59274]' for 'POST' to '/session'
20:08:40.905 [AsyncHttpClient-1-3] DEBUG org.asynchttpclient.netty.handler.HttpHandler - 

Request DefaultHttpRequest(decodeResult: success, version: HTTP/1.1)
POST /session HTTP/1.1
User-Agent: selenium/4.1.2 (java windows)
Content-Length: 365
Content-Type: application/json; charset=utf-8
host: localhost:59274
accept: */*

Response DefaultHttpResponse(decodeResult: success, version: HTTP/1.1)
HTTP/1.1 200 OK
Content-Type: application/json; charset=utf-8
cache-control: no-cache
content-length: 788

20:08:40.905 [AsyncHttpClient-1-3] DEBUG org.asynchttpclient.netty.channel.ChannelManager - Adding key: http://localhost:59274 for channel [id: 0xdd1b24f7, L:/127.0.0.1:60256 - R:localhost/127.0.0.1:59274]
20:08:40.922 [AsyncHttpClient-1-4] DEBUG org.asynchttpclient.netty.channel.NettyConnectListener - Using new Channel '[id: 0xcb89094e, L:/127.0.0.1:60262 - R:localhost/127.0.0.1:60257]' for 'GET' to '/json/version'
20:08:40.923 [AsyncHttpClient-1-4] DEBUG org.asynchttpclient.netty.handler.HttpHandler - 

Request DefaultFullHttpRequest(decodeResult: success, version: HTTP/1.1, content: EmptyByteBufBE)
GET /json/version HTTP/1.1
User-Agent: selenium/4.1.2 (java windows)
host: localhost:60257
accept: */*

Response DefaultHttpResponse(decodeResult: success, version: HTTP/1.1)
HTTP/1.1 200 OK
Content-Type: application/json; charset=UTF-8
content-length: 422

20:08:40.923 [AsyncHttpClient-1-4] DEBUG org.asynchttpclient.netty.channel.ChannelManager - Adding key: http://localhost:60257 for channel [id: 0xcb89094e, L:/127.0.0.1:60262 - R:localhost/127.0.0.1:60257]
20:08:40.926 [AsyncHttpClient-1-5] DEBUG org.asynchttpclient.netty.channel.NettyConnectListener - Using new Channel '[id: 0x2a1a4628, L:/127.0.0.1:60263 - R:localhost/127.0.0.1:60257]' for 'GET' to '/devtools/browser/098bbbf2-6fde-4c61-9d31-039a0ded6e0d'
20:08:40.927 [AsyncHttpClient-1-5] DEBUG org.asynchttpclient.netty.handler.WebSocketHandler - 

Request DefaultFullHttpRequest(decodeResult: success, version: HTTP/1.1, content: EmptyByteBufBE)
GET /devtools/browser/098bbbf2-6fde-4c61-9d31-039a0ded6e0d HTTP/1.1
upgrade: websocket
connection: upgrade
sec-websocket-key: UavMdj6wMxfbaKfICjcDUA==
sec-websocket-version: 13
origin: http://localhost:60257
host: localhost:60257
accept: */*
user-agent: AHC/2.1

Response DefaultHttpResponse(decodeResult: success, version: HTTP/1.1)
HTTP/1.1 101 WebSocket Protocol Handshake
Upgrade: WebSocket
Connection: Upgrade
Sec-WebSocket-Accept: 3n4xpZMoyaJPGToY3VyFpJ4s6hg=

20:08:40.935 [Forwarding maximizeCurrentWindow on session 2db9a2b1650a713929e672f0e29b5c1f to remote] DEBUG org.asynchttpclient.netty.request.NettyRequestSender - Using pooled Channel '[id: 0xdd1b24f7, L:/127.0.0.1:60256 - R:localhost/127.0.0.1:59274]' for 'POST' to 'http://localhost:59274/session/2db9a2b1650a713929e672f0e29b5c1f/window/maximize'
20:08:40.935 [Forwarding maximizeCurrentWindow on session 2db9a2b1650a713929e672f0e29b5c1f to remote] DEBUG org.asynchttpclient.netty.request.NettyRequestSender - Using open Channel [id: 0xdd1b24f7, L:/127.0.0.1:60256 - R:localhost/127.0.0.1:59274] for POST '/session/2db9a2b1650a713929e672f0e29b5c1f/window/maximize'
20:08:41.046 [AsyncHttpClient-1-3] DEBUG org.asynchttpclient.netty.handler.HttpHandler - 

Request DefaultHttpRequest(decodeResult: success, version: HTTP/1.1)
POST /session/2db9a2b1650a713929e672f0e29b5c1f/window/maximize HTTP/1.1
User-Agent: selenium/4.1.2 (java windows)
Content-Length: 3
Content-Type: application/json; charset=utf-8
host: localhost:59274
accept: */*

Response DefaultHttpResponse(decodeResult: success, version: HTTP/1.1)
HTTP/1.1 200 OK
Content-Type: application/json; charset=utf-8
cache-control: no-cache
content-length: 51

20:08:41.046 [AsyncHttpClient-1-3] DEBUG org.asynchttpclient.netty.channel.ChannelManager - Adding key: http://localhost:59274 for channel [id: 0xdd1b24f7, L:/127.0.0.1:60256 - R:localhost/127.0.0.1:59274]
20:08:41.048 [Forwarding setTimeout on session 2db9a2b1650a713929e672f0e29b5c1f to remote] DEBUG org.asynchttpclient.netty.request.NettyRequestSender - Using pooled Channel '[id: 0xdd1b24f7, L:/127.0.0.1:60256 - R:localhost/127.0.0.1:59274]' for 'POST' to 'http://localhost:59274/session/2db9a2b1650a713929e672f0e29b5c1f/timeouts'
20:08:41.048 [Forwarding setTimeout on session 2db9a2b1650a713929e672f0e29b5c1f to remote] DEBUG org.asynchttpclient.netty.request.NettyRequestSender - Using open Channel [id: 0xdd1b24f7, L:/127.0.0.1:60256 - R:localhost/127.0.0.1:59274] for POST '/session/2db9a2b1650a713929e672f0e29b5c1f/timeouts'
20:08:41.049 [AsyncHttpClient-1-3] DEBUG org.asynchttpclient.netty.handler.HttpHandler - 

Request DefaultHttpRequest(decodeResult: success, version: HTTP/1.1)
POST /session/2db9a2b1650a713929e672f0e29b5c1f/timeouts HTTP/1.1
User-Agent: selenium/4.1.2 (java windows)
Content-Length: 23
Content-Type: application/json; charset=utf-8
host: localhost:59274
accept: */*

Response DefaultHttpResponse(decodeResult: success, version: HTTP/1.1)
HTTP/1.1 200 OK
Content-Type: application/json; charset=utf-8
cache-control: no-cache
content-length: 14

20:08:41.050 [AsyncHttpClient-1-3] DEBUG org.asynchttpclient.netty.channel.ChannelManager - Adding key: http://localhost:59274 for channel [id: 0xdd1b24f7, L:/127.0.0.1:60256 - R:localhost/127.0.0.1:59274]
20:08:41.051 [Forwarding get on session 2db9a2b1650a713929e672f0e29b5c1f to remote] DEBUG org.asynchttpclient.netty.request.NettyRequestSender - Using pooled Channel '[id: 0xdd1b24f7, L:/127.0.0.1:60256 - R:localhost/127.0.0.1:59274]' for 'POST' to 'http://localhost:59274/session/2db9a2b1650a713929e672f0e29b5c1f/url'
20:08:41.051 [Forwarding get on session 2db9a2b1650a713929e672f0e29b5c1f to remote] DEBUG org.asynchttpclient.netty.request.NettyRequestSender - Using open Channel [id: 0xdd1b24f7, L:/127.0.0.1:60256 - R:localhost/127.0.0.1:59274] for POST '/session/2db9a2b1650a713929e672f0e29b5c1f/url'
20:08:41.596 [AsyncHttpClient-1-1] DEBUG org.asynchttpclient.netty.channel.DefaultChannelPool - Entry count for : http://localhost:60257 : 1
20:08:42.696 [AsyncHttpClient-1-1] DEBUG org.asynchttpclient.netty.channel.DefaultChannelPool - Entry count for : http://localhost:60257 : 1
20:08:43.796 [AsyncHttpClient-1-1] DEBUG org.asynchttpclient.netty.channel.DefaultChannelPool - Entry count for : http://localhost:60257 : 1
20:08:44.806 [AsyncHttpClient-1-3] DEBUG org.asynchttpclient.netty.handler.HttpHandler - 

Request DefaultHttpRequest(decodeResult: success, version: HTTP/1.1)
POST /session/2db9a2b1650a713929e672f0e29b5c1f/url HTTP/1.1
User-Agent: selenium/4.1.2 (java windows)
Content-Length: 63
Content-Type: application/json; charset=utf-8
host: localhost:59274
accept: */*

Response DefaultHttpResponse(decodeResult: success, version: HTTP/1.1)
HTTP/1.1 200 OK
Content-Type: application/json; charset=utf-8
cache-control: no-cache
content-length: 14

20:08:44.807 [AsyncHttpClient-1-3] DEBUG org.asynchttpclient.netty.channel.ChannelManager - Adding key: http://localhost:59274 for channel [id: 0xdd1b24f7, L:/127.0.0.1:60256 - R:localhost/127.0.0.1:59274]
20:08:44.815 [Forwarding findElement on session 2db9a2b1650a713929e672f0e29b5c1f to remote] DEBUG org.asynchttpclient.netty.request.NettyRequestSender - Using pooled Channel '[id: 0xdd1b24f7, L:/127.0.0.1:60256 - R:localhost/127.0.0.1:59274]' for 'POST' to 'http://localhost:59274/session/2db9a2b1650a713929e672f0e29b5c1f/element'
20:08:44.815 [Forwarding findElement on session 2db9a2b1650a713929e672f0e29b5c1f to remote] DEBUG org.asynchttpclient.netty.request.NettyRequestSender - Using open Channel [id: 0xdd1b24f7, L:/127.0.0.1:60256 - R:localhost/127.0.0.1:59274] for POST '/session/2db9a2b1650a713929e672f0e29b5c1f/element'
20:08:44.832 [AsyncHttpClient-1-3] DEBUG org.asynchttpclient.netty.handler.HttpHandler - 

Request DefaultHttpRequest(decodeResult: success, version: HTTP/1.1)
POST /session/2db9a2b1650a713929e672f0e29b5c1f/element HTTP/1.1
User-Agent: selenium/4.1.2 (java windows)
Content-Length: 58
Content-Type: application/json; charset=utf-8
host: localhost:59274
accept: */*

Response DefaultHttpResponse(decodeResult: success, version: HTTP/1.1)
HTTP/1.1 200 OK
Content-Type: application/json; charset=utf-8
cache-control: no-cache
content-length: 88

20:08:44.832 [AsyncHttpClient-1-3] DEBUG org.asynchttpclient.netty.channel.ChannelManager - Adding key: http://localhost:59274 for channel [id: 0xdd1b24f7, L:/127.0.0.1:60256 - R:localhost/127.0.0.1:59274]
20:08:44.836 [Forwarding sendKeysToElement on session 2db9a2b1650a713929e672f0e29b5c1f to remote] DEBUG org.asynchttpclient.netty.request.NettyRequestSender - Using pooled Channel '[id: 0xdd1b24f7, L:/127.0.0.1:60256 - R:localhost/127.0.0.1:59274]' for 'POST' to 'http://localhost:59274/session/2db9a2b1650a713929e672f0e29b5c1f/element/373d7754-e5f4-48a1-826f-154512e358b8/value'
20:08:44.836 [Forwarding sendKeysToElement on session 2db9a2b1650a713929e672f0e29b5c1f to remote] DEBUG org.asynchttpclient.netty.request.NettyRequestSender - Using open Channel [id: 0xdd1b24f7, L:/127.0.0.1:60256 - R:localhost/127.0.0.1:59274] for POST '/session/2db9a2b1650a713929e672f0e29b5c1f/element/373d7754-e5f4-48a1-826f-154512e358b8/value'
20:08:44.897 [AsyncHttpClient-1-1] DEBUG org.asynchttpclient.netty.channel.DefaultChannelPool - Entry count for : http://localhost:60257 : 1
20:08:44.900 [AsyncHttpClient-1-3] DEBUG org.asynchttpclient.netty.handler.HttpHandler - 

Request DefaultHttpRequest(decodeResult: success, version: HTTP/1.1)
POST /session/2db9a2b1650a713929e672f0e29b5c1f/element/373d7754-e5f4-48a1-826f-154512e358b8/value HTTP/1.1
User-Agent: selenium/4.1.2 (java windows)
Content-Length: 291
Content-Type: application/json; charset=utf-8
host: localhost:59274
accept: */*

Response DefaultHttpResponse(decodeResult: success, version: HTTP/1.1)
HTTP/1.1 200 OK
Content-Type: application/json; charset=utf-8
cache-control: no-cache
content-length: 14

20:08:44.900 [AsyncHttpClient-1-3] DEBUG org.asynchttpclient.netty.channel.ChannelManager - Adding key: http://localhost:59274 for channel [id: 0xdd1b24f7, L:/127.0.0.1:60256 - R:localhost/127.0.0.1:59274]
20:08:44.902 [Forwarding findElement on session 2db9a2b1650a713929e672f0e29b5c1f to remote] DEBUG org.asynchttpclient.netty.request.NettyRequestSender - Using pooled Channel '[id: 0xdd1b24f7, L:/127.0.0.1:60256 - R:localhost/127.0.0.1:59274]' for 'POST' to 'http://localhost:59274/session/2db9a2b1650a713929e672f0e29b5c1f/element'
20:08:44.902 [Forwarding findElement on session 2db9a2b1650a713929e672f0e29b5c1f to remote] DEBUG org.asynchttpclient.netty.request.NettyRequestSender - Using open Channel [id: 0xdd1b24f7, L:/127.0.0.1:60256 - R:localhost/127.0.0.1:59274] for POST '/session/2db9a2b1650a713929e672f0e29b5c1f/element'
20:08:44.914 [AsyncHttpClient-1-3] DEBUG org.asynchttpclient.netty.handler.HttpHandler - 

Request DefaultHttpRequest(decodeResult: success, version: HTTP/1.1)
POST /session/2db9a2b1650a713929e672f0e29b5c1f/element HTTP/1.1
User-Agent: selenium/4.1.2 (java windows)
Content-Length: 58
Content-Type: application/json; charset=utf-8
host: localhost:59274
accept: */*

Response DefaultHttpResponse(decodeResult: success, version: HTTP/1.1)
HTTP/1.1 200 OK
Content-Type: application/json; charset=utf-8
cache-control: no-cache
content-length: 88

20:08:44.914 [AsyncHttpClient-1-3] DEBUG org.asynchttpclient.netty.channel.ChannelManager - Adding key: http://localhost:59274 for channel [id: 0xdd1b24f7, L:/127.0.0.1:60256 - R:localhost/127.0.0.1:59274]
20:08:44.916 [Forwarding sendKeysToElement on session 2db9a2b1650a713929e672f0e29b5c1f to remote] DEBUG org.asynchttpclient.netty.request.NettyRequestSender - Using pooled Channel '[id: 0xdd1b24f7, L:/127.0.0.1:60256 - R:localhost/127.0.0.1:59274]' for 'POST' to 'http://localhost:59274/session/2db9a2b1650a713929e672f0e29b5c1f/element/cc14d354-c4a4-4273-943b-8a912f3e3b56/value'
20:08:44.916 [Forwarding sendKeysToElement on session 2db9a2b1650a713929e672f0e29b5c1f to remote] DEBUG org.asynchttpclient.netty.request.NettyRequestSender - Using open Channel [id: 0xdd1b24f7, L:/127.0.0.1:60256 - R:localhost/127.0.0.1:59274] for POST '/session/2db9a2b1650a713929e672f0e29b5c1f/element/cc14d354-c4a4-4273-943b-8a912f3e3b56/value'
20:08:44.982 [AsyncHttpClient-1-3] DEBUG org.asynchttpclient.netty.handler.HttpHandler - 

Request DefaultHttpRequest(decodeResult: success, version: HTTP/1.1)
POST /session/2db9a2b1650a713929e672f0e29b5c1f/element/cc14d354-c4a4-4273-943b-8a912f3e3b56/value HTTP/1.1
User-Agent: selenium/4.1.2 (java windows)
Content-Length: 161
Content-Type: application/json; charset=utf-8
host: localhost:59274
accept: */*

Response DefaultHttpResponse(decodeResult: success, version: HTTP/1.1)
HTTP/1.1 200 OK
Content-Type: application/json; charset=utf-8
cache-control: no-cache
content-length: 14

20:08:44.982 [AsyncHttpClient-1-3] DEBUG org.asynchttpclient.netty.channel.ChannelManager - Adding key: http://localhost:59274 for channel [id: 0xdd1b24f7, L:/127.0.0.1:60256 - R:localhost/127.0.0.1:59274]
20:08:44.984 [Forwarding findElement on session 2db9a2b1650a713929e672f0e29b5c1f to remote] DEBUG org.asynchttpclient.netty.request.NettyRequestSender - Using pooled Channel '[id: 0xdd1b24f7, L:/127.0.0.1:60256 - R:localhost/127.0.0.1:59274]' for 'POST' to 'http://localhost:59274/session/2db9a2b1650a713929e672f0e29b5c1f/element'
20:08:44.984 [Forwarding findElement on session 2db9a2b1650a713929e672f0e29b5c1f to remote] DEBUG org.asynchttpclient.netty.request.NettyRequestSender - Using open Channel [id: 0xdd1b24f7, L:/127.0.0.1:60256 - R:localhost/127.0.0.1:59274] for POST '/session/2db9a2b1650a713929e672f0e29b5c1f/element'
20:08:44.996 [AsyncHttpClient-1-3] DEBUG org.asynchttpclient.netty.handler.HttpHandler - 

Request DefaultHttpRequest(decodeResult: success, version: HTTP/1.1)
POST /session/2db9a2b1650a713929e672f0e29b5c1f/element HTTP/1.1
User-Agent: selenium/4.1.2 (java windows)
Content-Length: 58
Content-Type: application/json; charset=utf-8
host: localhost:59274
accept: */*

Response DefaultHttpResponse(decodeResult: success, version: HTTP/1.1)
HTTP/1.1 200 OK
Content-Type: application/json; charset=utf-8
cache-control: no-cache
content-length: 88

20:08:44.997 [AsyncHttpClient-1-3] DEBUG org.asynchttpclient.netty.channel.ChannelManager - Adding key: http://localhost:59274 for channel [id: 0xdd1b24f7, L:/127.0.0.1:60256 - R:localhost/127.0.0.1:59274]
20:08:44.998 [Forwarding clickElement on session 2db9a2b1650a713929e672f0e29b5c1f to remote] DEBUG org.asynchttpclient.netty.request.NettyRequestSender - Using pooled Channel '[id: 0xdd1b24f7, L:/127.0.0.1:60256 - R:localhost/127.0.0.1:59274]' for 'POST' to 'http://localhost:59274/session/2db9a2b1650a713929e672f0e29b5c1f/element/814b3c38-e37e-4dc3-b36b-9ec0dfabfd08/click'
20:08:44.999 [Forwarding clickElement on session 2db9a2b1650a713929e672f0e29b5c1f to remote] DEBUG org.asynchttpclient.netty.request.NettyRequestSender - Using open Channel [id: 0xdd1b24f7, L:/127.0.0.1:60256 - R:localhost/127.0.0.1:59274] for POST '/session/2db9a2b1650a713929e672f0e29b5c1f/element/814b3c38-e37e-4dc3-b36b-9ec0dfabfd08/click'
20:08:45.996 [AsyncHttpClient-1-1] DEBUG org.asynchttpclient.netty.channel.DefaultChannelPool - Entry count for : http://localhost:60257 : 1
20:08:46.904 [AsyncHttpClient-1-3] DEBUG org.asynchttpclient.netty.handler.HttpHandler - 

Request DefaultHttpRequest(decodeResult: success, version: HTTP/1.1)
POST /session/2db9a2b1650a713929e672f0e29b5c1f/element/814b3c38-e37e-4dc3-b36b-9ec0dfabfd08/click HTTP/1.1
User-Agent: selenium/4.1.2 (java windows)
Content-Length: 50
Content-Type: application/json; charset=utf-8
host: localhost:59274
accept: */*

Response DefaultHttpResponse(decodeResult: success, version: HTTP/1.1)
HTTP/1.1 200 OK
Content-Type: application/json; charset=utf-8
cache-control: no-cache
content-length: 14

20:08:46.905 [AsyncHttpClient-1-3] DEBUG org.asynchttpclient.netty.channel.ChannelManager - Adding key: http://localhost:59274 for channel [id: 0xdd1b24f7, L:/127.0.0.1:60256 - R:localhost/127.0.0.1:59274]
20:08:46.906 [Forwarding findElement on session 2db9a2b1650a713929e672f0e29b5c1f to remote] DEBUG org.asynchttpclient.netty.request.NettyRequestSender - Using pooled Channel '[id: 0xdd1b24f7, L:/127.0.0.1:60256 - R:localhost/127.0.0.1:59274]' for 'POST' to 'http://localhost:59274/session/2db9a2b1650a713929e672f0e29b5c1f/element'
20:08:46.907 [Forwarding findElement on session 2db9a2b1650a713929e672f0e29b5c1f to remote] DEBUG org.asynchttpclient.netty.request.NettyRequestSender - Using open Channel [id: 0xdd1b24f7, L:/127.0.0.1:60256 - R:localhost/127.0.0.1:59274] for POST '/session/2db9a2b1650a713929e672f0e29b5c1f/element'
20:08:46.922 [AsyncHttpClient-1-3] DEBUG org.asynchttpclient.netty.handler.HttpHandler - 

Request DefaultHttpRequest(decodeResult: success, version: HTTP/1.1)
POST /session/2db9a2b1650a713929e672f0e29b5c1f/element HTTP/1.1
User-Agent: selenium/4.1.2 (java windows)
Content-Length: 65
Content-Type: application/json; charset=utf-8
host: localhost:59274
accept: */*

Response DefaultHttpResponse(decodeResult: success, version: HTTP/1.1)
HTTP/1.1 200 OK
Content-Type: application/json; charset=utf-8
cache-control: no-cache
content-length: 88

20:08:46.922 [AsyncHttpClient-1-3] DEBUG org.asynchttpclient.netty.channel.ChannelManager - Adding key: http://localhost:59274 for channel [id: 0xdd1b24f7, L:/127.0.0.1:60256 - R:localhost/127.0.0.1:59274]
20:08:46.924 [Forwarding sendKeysToElement on session 2db9a2b1650a713929e672f0e29b5c1f to remote] DEBUG org.asynchttpclient.netty.request.NettyRequestSender - Using pooled Channel '[id: 0xdd1b24f7, L:/127.0.0.1:60256 - R:localhost/127.0.0.1:59274]' for 'POST' to 'http://localhost:59274/session/2db9a2b1650a713929e672f0e29b5c1f/element/93729919-9b9f-4ae8-834c-3f77e0feddda/value'
20:08:46.924 [Forwarding sendKeysToElement on session 2db9a2b1650a713929e672f0e29b5c1f to remote] DEBUG org.asynchttpclient.netty.request.NettyRequestSender - Using open Channel [id: 0xdd1b24f7, L:/127.0.0.1:60256 - R:localhost/127.0.0.1:59274] for POST '/session/2db9a2b1650a713929e672f0e29b5c1f/element/93729919-9b9f-4ae8-834c-3f77e0feddda/value'
20:08:47.006 [AsyncHttpClient-1-3] DEBUG org.asynchttpclient.netty.handler.HttpHandler - 

Request DefaultHttpRequest(decodeResult: success, version: HTTP/1.1)
POST /session/2db9a2b1650a713929e672f0e29b5c1f/element/93729919-9b9f-4ae8-834c-3f77e0feddda/value HTTP/1.1
User-Agent: selenium/4.1.2 (java windows)
Content-Length: 291
Content-Type: application/json; charset=utf-8
host: localhost:59274
accept: */*

Response DefaultHttpResponse(decodeResult: success, version: HTTP/1.1)
HTTP/1.1 200 OK
Content-Type: application/json; charset=utf-8
cache-control: no-cache
content-length: 14

20:08:47.006 [AsyncHttpClient-1-3] DEBUG org.asynchttpclient.netty.channel.ChannelManager - Adding key: http://localhost:59274 for channel [id: 0xdd1b24f7, L:/127.0.0.1:60256 - R:localhost/127.0.0.1:59274]
20:08:47.008 [Forwarding findElement on session 2db9a2b1650a713929e672f0e29b5c1f to remote] DEBUG org.asynchttpclient.netty.request.NettyRequestSender - Using pooled Channel '[id: 0xdd1b24f7, L:/127.0.0.1:60256 - R:localhost/127.0.0.1:59274]' for 'POST' to 'http://localhost:59274/session/2db9a2b1650a713929e672f0e29b5c1f/element'
20:08:47.008 [Forwarding findElement on session 2db9a2b1650a713929e672f0e29b5c1f to remote] DEBUG org.asynchttpclient.netty.request.NettyRequestSender - Using open Channel [id: 0xdd1b24f7, L:/127.0.0.1:60256 - R:localhost/127.0.0.1:59274] for POST '/session/2db9a2b1650a713929e672f0e29b5c1f/element'
20:08:47.025 [AsyncHttpClient-1-3] DEBUG org.asynchttpclient.netty.handler.HttpHandler - 

Request DefaultHttpRequest(decodeResult: success, version: HTTP/1.1)
POST /session/2db9a2b1650a713929e672f0e29b5c1f/element HTTP/1.1
User-Agent: selenium/4.1.2 (java windows)
Content-Length: 71
Content-Type: application/json; charset=utf-8
host: localhost:59274
accept: */*

Response DefaultHttpResponse(decodeResult: success, version: HTTP/1.1)
HTTP/1.1 200 OK
Content-Type: application/json; charset=utf-8
cache-control: no-cache
content-length: 88

20:08:47.025 [AsyncHttpClient-1-3] DEBUG org.asynchttpclient.netty.channel.ChannelManager - Adding key: http://localhost:59274 for channel [id: 0xdd1b24f7, L:/127.0.0.1:60256 - R:localhost/127.0.0.1:59274]
20:08:47.029 [Forwarding clickElement on session 2db9a2b1650a713929e672f0e29b5c1f to remote] DEBUG org.asynchttpclient.netty.request.NettyRequestSender - Using pooled Channel '[id: 0xdd1b24f7, L:/127.0.0.1:60256 - R:localhost/127.0.0.1:59274]' for 'POST' to 'http://localhost:59274/session/2db9a2b1650a713929e672f0e29b5c1f/element/160fe296-595f-4842-9796-b1bae27708f1/click'
20:08:47.029 [Forwarding clickElement on session 2db9a2b1650a713929e672f0e29b5c1f to remote] DEBUG org.asynchttpclient.netty.request.NettyRequestSender - Using open Channel [id: 0xdd1b24f7, L:/127.0.0.1:60256 - R:localhost/127.0.0.1:59274] for POST '/session/2db9a2b1650a713929e672f0e29b5c1f/element/160fe296-595f-4842-9796-b1bae27708f1/click'
20:08:47.096 [AsyncHttpClient-1-1] DEBUG org.asynchttpclient.netty.channel.DefaultChannelPool - Entry count for : http://localhost:60257 : 1
20:08:47.773 [AsyncHttpClient-1-3] DEBUG org.asynchttpclient.netty.handler.HttpHandler - 

Request DefaultHttpRequest(decodeResult: success, version: HTTP/1.1)
POST /session/2db9a2b1650a713929e672f0e29b5c1f/element/160fe296-595f-4842-9796-b1bae27708f1/click HTTP/1.1
User-Agent: selenium/4.1.2 (java windows)
Content-Length: 50
Content-Type: application/json; charset=utf-8
host: localhost:59274
accept: */*

Response DefaultHttpResponse(decodeResult: success, version: HTTP/1.1)
HTTP/1.1 200 OK
Content-Type: application/json; charset=utf-8
cache-control: no-cache
content-length: 14

20:08:47.773 [AsyncHttpClient-1-3] DEBUG org.asynchttpclient.netty.channel.ChannelManager - Adding key: http://localhost:59274 for channel [id: 0xdd1b24f7, L:/127.0.0.1:60256 - R:localhost/127.0.0.1:59274]
20:08:47.775 [Forwarding findElement on session 2db9a2b1650a713929e672f0e29b5c1f to remote] DEBUG org.asynchttpclient.netty.request.NettyRequestSender - Using pooled Channel '[id: 0xdd1b24f7, L:/127.0.0.1:60256 - R:localhost/127.0.0.1:59274]' for 'POST' to 'http://localhost:59274/session/2db9a2b1650a713929e672f0e29b5c1f/element'
20:08:47.775 [Forwarding findElement on session 2db9a2b1650a713929e672f0e29b5c1f to remote] DEBUG org.asynchttpclient.netty.request.NettyRequestSender - Using open Channel [id: 0xdd1b24f7, L:/127.0.0.1:60256 - R:localhost/127.0.0.1:59274] for POST '/session/2db9a2b1650a713929e672f0e29b5c1f/element'
20:08:47.789 [AsyncHttpClient-1-3] DEBUG org.asynchttpclient.netty.handler.HttpHandler - 

Request DefaultHttpRequest(decodeResult: success, version: HTTP/1.1)
POST /session/2db9a2b1650a713929e672f0e29b5c1f/element HTTP/1.1
User-Agent: selenium/4.1.2 (java windows)
Content-Length: 104
Content-Type: application/json; charset=utf-8
host: localhost:59274
accept: */*

Response DefaultHttpResponse(decodeResult: success, version: HTTP/1.1)
HTTP/1.1 200 OK
Content-Type: application/json; charset=utf-8
cache-control: no-cache
content-length: 88

20:08:47.789 [AsyncHttpClient-1-3] DEBUG org.asynchttpclient.netty.channel.ChannelManager - Adding key: http://localhost:59274 for channel [id: 0xdd1b24f7, L:/127.0.0.1:60256 - R:localhost/127.0.0.1:59274]
20:08:47.796 [Forwarding isElementDisplayed on session 2db9a2b1650a713929e672f0e29b5c1f to remote] DEBUG org.asynchttpclient.netty.request.NettyRequestSender - Using pooled Channel '[id: 0xdd1b24f7, L:/127.0.0.1:60256 - R:localhost/127.0.0.1:59274]' for 'POST' to 'http://localhost:59274/session/2db9a2b1650a713929e672f0e29b5c1f/execute/sync'
20:08:47.796 [Forwarding isElementDisplayed on session 2db9a2b1650a713929e672f0e29b5c1f to remote] DEBUG org.asynchttpclient.netty.request.NettyRequestSender - Using open Channel [id: 0xdd1b24f7, L:/127.0.0.1:60256 - R:localhost/127.0.0.1:59274] for POST '/session/2db9a2b1650a713929e672f0e29b5c1f/execute/sync'
20:08:47.820 [AsyncHttpClient-1-3] DEBUG org.asynchttpclient.netty.handler.HttpHandler - 

Request DefaultHttpRequest(decodeResult: success, version: HTTP/1.1)
POST /session/2db9a2b1650a713929e672f0e29b5c1f/execute/sync HTTP/1.1
User-Agent: selenium/4.1.2 (java windows)
Content-Length: 48780
Content-Type: application/json; charset=utf-8
host: localhost:59274
accept: */*

Response DefaultHttpResponse(decodeResult: success, version: HTTP/1.1)
HTTP/1.1 200 OK
Content-Type: application/json; charset=utf-8
cache-control: no-cache
content-length: 14

20:08:47.821 [AsyncHttpClient-1-3] DEBUG org.asynchttpclient.netty.channel.ChannelManager - Adding key: http://localhost:59274 for channel [id: 0xdd1b24f7, L:/127.0.0.1:60256 - R:localhost/127.0.0.1:59274]
20:08:47.823 [AsyncHttpClient-1-5] DEBUG org.asynchttpclient.netty.handler.WebSocketHandler - Channel Closed: [id: 0x2a1a4628, L:/127.0.0.1:60263 ! R:localhost/127.0.0.1:60257] with attribute NettyResponseFuture{currentRetry=5,
	isDone=1,
	isCancelled=0,
	asyncHandler=org.asynchttpclient.ws.WebSocketUpgradeHandler@219fe15,
	nettyRequest=org.asynchttpclient.netty.request.NettyRequest@5a423e26,
	future=java.util.concurrent.CompletableFuture@7a52cf14[Completed normally],
	uri=ws://localhost:60257/devtools/browser/098bbbf2-6fde-4c61-9d31-039a0ded6e0d,
	keepAlive=true,
	redirectCount=0,
	timeoutsHolder=null,
	inAuth=0,
	touch=1648231720928}
20:08:47.823 [AsyncHttpClient-1-5] DEBUG org.asynchttpclient.netty.channel.ChannelManager - Closing Channel [id: 0x2a1a4628, L:/127.0.0.1:60263 ! R:localhost/127.0.0.1:60257] 
20:08:47.824 [Driver Command Executor] DEBUG org.asynchttpclient.netty.request.NettyRequestSender - Using pooled Channel '[id: 0xdd1b24f7, L:/127.0.0.1:60256 - R:localhost/127.0.0.1:59274]' for 'DELETE' to 'http://localhost:59274/session/2db9a2b1650a713929e672f0e29b5c1f'
20:08:47.824 [Driver Command Executor] DEBUG org.asynchttpclient.netty.request.NettyRequestSender - Using open Channel [id: 0xdd1b24f7, L:/127.0.0.1:60256 - R:localhost/127.0.0.1:59274] for DELETE '/session/2db9a2b1650a713929e672f0e29b5c1f'
20:08:47.839 [AsyncHttpClient-1-4] DEBUG org.asynchttpclient.netty.handler.HttpHandler - Unexpected I/O exception on channel [id: 0xcb89094e, L:/127.0.0.1:60262 - R:localhost/127.0.0.1:60257]
java.net.SocketException: Connection reset
	at java.base/sun.nio.ch.SocketChannelImpl.throwConnectionReset(SocketChannelImpl.java:394)
	at java.base/sun.nio.ch.SocketChannelImpl.read(SocketChannelImpl.java:426)
	at io.netty.buffer.PooledByteBuf.setBytes(PooledByteBuf.java:258)
	at io.netty.buffer.AbstractByteBuf.writeBytes(AbstractByteBuf.java:1132)
	at io.netty.channel.socket.nio.NioSocketChannel.doReadBytes(NioSocketChannel.java:350)
	at io.netty.channel.nio.AbstractNioByteChannel$NioByteUnsafe.read(AbstractNioByteChannel.java:151)
	at io.netty.channel.nio.NioEventLoop.processSelectedKey(NioEventLoop.java:722)
	at io.netty.channel.nio.NioEventLoop.processSelectedKeysOptimized(NioEventLoop.java:658)
	at io.netty.channel.nio.NioEventLoop.processSelectedKeys(NioEventLoop.java:584)
	at io.netty.channel.nio.NioEventLoop.run(NioEventLoop.java:496)
	at io.netty.util.concurrent.SingleThreadEventExecutor$4.run(SingleThreadEventExecutor.java:986)
	at io.netty.util.internal.ThreadExecutorMap$2.run(ThreadExecutorMap.java:74)
	at io.netty.util.concurrent.FastThreadLocalRunnable.run(FastThreadLocalRunnable.java:30)
	at java.base/java.lang.Thread.run(Thread.java:833)
20:08:47.839 [AsyncHttpClient-1-4] DEBUG org.asynchttpclient.netty.channel.ChannelManager - Closing Channel [id: 0xcb89094e, L:/127.0.0.1:60262 - R:localhost/127.0.0.1:60257] 
20:08:47.840 [AsyncHttpClient-1-4] DEBUG org.asynchttpclient.netty.handler.HttpHandler - Channel Closed: [id: 0xcb89094e, L:/127.0.0.1:60262 ! R:localhost/127.0.0.1:60257] with attribute DISCARD
20:08:47.855 [AsyncHttpClient-1-3] DEBUG org.asynchttpclient.netty.handler.HttpHandler - 

Request DefaultFullHttpRequest(decodeResult: success, version: HTTP/1.1, content: EmptyByteBufBE)
DELETE /session/2db9a2b1650a713929e672f0e29b5c1f HTTP/1.1
User-Agent: selenium/4.1.2 (java windows)
Content-Type: application/json; charset=utf-8
host: localhost:59274
accept: */*

Response DefaultHttpResponse(decodeResult: success, version: HTTP/1.1)
HTTP/1.1 200 OK
Content-Type: application/json; charset=utf-8
cache-control: no-cache
content-length: 14

20:08:47.856 [AsyncHttpClient-1-3] DEBUG org.asynchttpclient.netty.channel.ChannelManager - Adding key: http://localhost:59274 for channel [id: 0xdd1b24f7, L:/127.0.0.1:60256 - R:localhost/127.0.0.1:59274]
20:08:47.940 [AsyncHttpClient-1-3] DEBUG org.asynchttpclient.netty.handler.HttpHandler - Channel Closed: [id: 0xdd1b24f7, L:/127.0.0.1:60256 ! R:localhost/127.0.0.1:59274] with attribute DISCARD
20:08:48.196 [AsyncHttpClient-1-1] DEBUG org.asynchttpclient.netty.channel.DefaultChannelPool - Entry count for : http://localhost:59274 : 1
20:08:48.196 [AsyncHttpClient-1-1] DEBUG org.asynchttpclient.netty.channel.DefaultChannelPool - Entry count for : http://localhost:60257 : 1
20:08:48.196 [AsyncHttpClient-1-1] DEBUG org.asynchttpclient.netty.channel.DefaultChannelPool - Adding Candidate expired Channel [id: 0xdd1b24f7, L:/127.0.0.1:60256 ! R:localhost/127.0.0.1:59274] isIdleTimeoutExpired=false isRemotelyClosed=true isTtlExpired=false
20:08:48.196 [AsyncHttpClient-1-1] DEBUG org.asynchttpclient.netty.channel.DefaultChannelPool - Closing Idle Channel [id: 0xdd1b24f7, L:/127.0.0.1:60256 ! R:localhost/127.0.0.1:59274]
20:08:48.196 [AsyncHttpClient-1-1] DEBUG org.asynchttpclient.netty.channel.DefaultChannelPool - Adding Candidate expired Channel [id: 0xcb89094e, L:/127.0.0.1:60262 ! R:localhost/127.0.0.1:60257] isIdleTimeoutExpired=false isRemotelyClosed=true isTtlExpired=false
20:08:48.196 [AsyncHttpClient-1-1] DEBUG org.asynchttpclient.netty.channel.DefaultChannelPool - Closing Idle Channel [id: 0xcb89094e, L:/127.0.0.1:60262 ! R:localhost/127.0.0.1:60257]
20:08:48.196 [AsyncHttpClient-1-1] DEBUG org.asynchttpclient.netty.channel.DefaultChannelPool - Closed 2 connections out of 2 in 0 ms
]]></system-out>
    <system-err><![CDATA[Starting ChromeDriver 99.0.4844.51 (d537ec02474b5afe23684e7963d538896c63ac77-refs/branch-heads/4844@{#875}) on port 59274
Only local connections are allowed.
Please see https://chromedriver.chromium.org/security-considerations for suggestions on keeping ChromeDriver safe.
ChromeDriver was started successfully.
март 25, 2022 8:08:40 СЛ.ОБ. org.openqa.selenium.remote.ProtocolHandshake createSession
INFO: Detected dialect: W3C
март 25, 2022 8:08:40 СЛ.ОБ. org.openqa.selenium.devtools.CdpVersionFinder findNearestMatch
WARNING: Unable to find an exact match for CDP version 99, so returning the closest version found: 97
март 25, 2022 8:08:40 СЛ.ОБ. org.openqa.selenium.devtools.CdpVersionFinder findNearestMatch
INFO: Found CDP implementation for version 99 of 97
]]></system-err>
  </testcase>
  <testcase name="verifyUserIsAbleToUploadFiles" classname="pages.HomePageTest" time="8.709">
    <system-out><![CDATA[20:08:48.979 [AsyncHttpClient-1-6] DEBUG org.asynchttpclient.netty.channel.NettyConnectListener - Using new Channel '[id: 0x80bf90f4, L:/127.0.0.1:60277 - R:localhost/127.0.0.1:63473]' for 'POST' to '/session'
20:08:49.983 [AsyncHttpClient-1-6] DEBUG org.asynchttpclient.netty.handler.HttpHandler - 

Request DefaultHttpRequest(decodeResult: success, version: HTTP/1.1)
POST /session HTTP/1.1
User-Agent: selenium/4.1.2 (java windows)
Content-Length: 365
Content-Type: application/json; charset=utf-8
host: localhost:63473
accept: */*

Response DefaultHttpResponse(decodeResult: success, version: HTTP/1.1)
HTTP/1.1 200 OK
Content-Type: application/json; charset=utf-8
cache-control: no-cache
content-length: 789

20:08:49.984 [AsyncHttpClient-1-6] DEBUG org.asynchttpclient.netty.channel.ChannelManager - Adding key: http://localhost:63473 for channel [id: 0x80bf90f4, L:/127.0.0.1:60277 - R:localhost/127.0.0.1:63473]
20:08:49.993 [AsyncHttpClient-1-7] DEBUG org.asynchttpclient.netty.channel.NettyConnectListener - Using new Channel '[id: 0x065f42ee, L:/127.0.0.1:60283 - R:localhost/127.0.0.1:60278]' for 'GET' to '/json/version'
20:08:49.993 [AsyncHttpClient-1-7] DEBUG org.asynchttpclient.netty.handler.HttpHandler - 

Request DefaultFullHttpRequest(decodeResult: success, version: HTTP/1.1, content: EmptyByteBufBE)
GET /json/version HTTP/1.1
User-Agent: selenium/4.1.2 (java windows)
host: localhost:60278
accept: */*

Response DefaultHttpResponse(decodeResult: success, version: HTTP/1.1)
HTTP/1.1 200 OK
Content-Type: application/json; charset=UTF-8
content-length: 422

20:08:49.994 [AsyncHttpClient-1-7] DEBUG org.asynchttpclient.netty.channel.ChannelManager - Adding key: http://localhost:60278 for channel [id: 0x065f42ee, L:/127.0.0.1:60283 - R:localhost/127.0.0.1:60278]
20:08:49.996 [AsyncHttpClient-1-8] DEBUG org.asynchttpclient.netty.channel.NettyConnectListener - Using new Channel '[id: 0x07d5571b, L:/127.0.0.1:60284 - R:localhost/127.0.0.1:60278]' for 'GET' to '/devtools/browser/3df716c3-6d02-4df2-8a75-376f36037cbd'
20:08:49.997 [AsyncHttpClient-1-8] DEBUG org.asynchttpclient.netty.handler.WebSocketHandler - 

Request DefaultFullHttpRequest(decodeResult: success, version: HTTP/1.1, content: EmptyByteBufBE)
GET /devtools/browser/3df716c3-6d02-4df2-8a75-376f36037cbd HTTP/1.1
upgrade: websocket
connection: upgrade
sec-websocket-key: nKfCTRPSBePw0jDU7XRP7Q==
sec-websocket-version: 13
origin: http://localhost:60278
host: localhost:60278
accept: */*
user-agent: AHC/2.1

Response DefaultHttpResponse(decodeResult: success, version: HTTP/1.1)
HTTP/1.1 101 WebSocket Protocol Handshake
Upgrade: WebSocket
Connection: Upgrade
Sec-WebSocket-Accept: t/d+VGDXjEB4/S9TqE3ER3a2Go4=

20:08:50.004 [Forwarding maximizeCurrentWindow on session 0ce3e7ff1b7156afbd2acac2a8e206d6 to remote] DEBUG org.asynchttpclient.netty.request.NettyRequestSender - Using pooled Channel '[id: 0x80bf90f4, L:/127.0.0.1:60277 - R:localhost/127.0.0.1:63473]' for 'POST' to 'http://localhost:63473/session/0ce3e7ff1b7156afbd2acac2a8e206d6/window/maximize'
20:08:50.004 [Forwarding maximizeCurrentWindow on session 0ce3e7ff1b7156afbd2acac2a8e206d6 to remote] DEBUG org.asynchttpclient.netty.request.NettyRequestSender - Using open Channel [id: 0x80bf90f4, L:/127.0.0.1:60277 - R:localhost/127.0.0.1:63473] for POST '/session/0ce3e7ff1b7156afbd2acac2a8e206d6/window/maximize'
20:08:50.117 [AsyncHttpClient-1-6] DEBUG org.asynchttpclient.netty.handler.HttpHandler - 

Request DefaultHttpRequest(decodeResult: success, version: HTTP/1.1)
POST /session/0ce3e7ff1b7156afbd2acac2a8e206d6/window/maximize HTTP/1.1
User-Agent: selenium/4.1.2 (java windows)
Content-Length: 3
Content-Type: application/json; charset=utf-8
host: localhost:63473
accept: */*

Response DefaultHttpResponse(decodeResult: success, version: HTTP/1.1)
HTTP/1.1 200 OK
Content-Type: application/json; charset=utf-8
cache-control: no-cache
content-length: 51

20:08:50.117 [AsyncHttpClient-1-6] DEBUG org.asynchttpclient.netty.channel.ChannelManager - Adding key: http://localhost:63473 for channel [id: 0x80bf90f4, L:/127.0.0.1:60277 - R:localhost/127.0.0.1:63473]
20:08:50.119 [Forwarding setTimeout on session 0ce3e7ff1b7156afbd2acac2a8e206d6 to remote] DEBUG org.asynchttpclient.netty.request.NettyRequestSender - Using pooled Channel '[id: 0x80bf90f4, L:/127.0.0.1:60277 - R:localhost/127.0.0.1:63473]' for 'POST' to 'http://localhost:63473/session/0ce3e7ff1b7156afbd2acac2a8e206d6/timeouts'
20:08:50.119 [Forwarding setTimeout on session 0ce3e7ff1b7156afbd2acac2a8e206d6 to remote] DEBUG org.asynchttpclient.netty.request.NettyRequestSender - Using open Channel [id: 0x80bf90f4, L:/127.0.0.1:60277 - R:localhost/127.0.0.1:63473] for POST '/session/0ce3e7ff1b7156afbd2acac2a8e206d6/timeouts'
20:08:50.120 [AsyncHttpClient-1-6] DEBUG org.asynchttpclient.netty.handler.HttpHandler - 

Request DefaultHttpRequest(decodeResult: success, version: HTTP/1.1)
POST /session/0ce3e7ff1b7156afbd2acac2a8e206d6/timeouts HTTP/1.1
User-Agent: selenium/4.1.2 (java windows)
Content-Length: 23
Content-Type: application/json; charset=utf-8
host: localhost:63473
accept: */*

Response DefaultHttpResponse(decodeResult: success, version: HTTP/1.1)
HTTP/1.1 200 OK
Content-Type: application/json; charset=utf-8
cache-control: no-cache
content-length: 14

20:08:50.120 [AsyncHttpClient-1-6] DEBUG org.asynchttpclient.netty.channel.ChannelManager - Adding key: http://localhost:63473 for channel [id: 0x80bf90f4, L:/127.0.0.1:60277 - R:localhost/127.0.0.1:63473]
20:08:50.122 [Forwarding get on session 0ce3e7ff1b7156afbd2acac2a8e206d6 to remote] DEBUG org.asynchttpclient.netty.request.NettyRequestSender - Using pooled Channel '[id: 0x80bf90f4, L:/127.0.0.1:60277 - R:localhost/127.0.0.1:63473]' for 'POST' to 'http://localhost:63473/session/0ce3e7ff1b7156afbd2acac2a8e206d6/url'
20:08:50.122 [Forwarding get on session 0ce3e7ff1b7156afbd2acac2a8e206d6 to remote] DEBUG org.asynchttpclient.netty.request.NettyRequestSender - Using open Channel [id: 0x80bf90f4, L:/127.0.0.1:60277 - R:localhost/127.0.0.1:63473] for POST '/session/0ce3e7ff1b7156afbd2acac2a8e206d6/url'
20:08:50.397 [AsyncHttpClient-1-1] DEBUG org.asynchttpclient.netty.channel.DefaultChannelPool - Entry count for : http://localhost:60278 : 1
20:08:51.496 [AsyncHttpClient-1-1] DEBUG org.asynchttpclient.netty.channel.DefaultChannelPool - Entry count for : http://localhost:60278 : 1
20:08:52.596 [AsyncHttpClient-1-1] DEBUG org.asynchttpclient.netty.channel.DefaultChannelPool - Entry count for : http://localhost:60278 : 1
20:08:53.465 [AsyncHttpClient-1-6] DEBUG org.asynchttpclient.netty.handler.HttpHandler - 

Request DefaultHttpRequest(decodeResult: success, version: HTTP/1.1)
POST /session/0ce3e7ff1b7156afbd2acac2a8e206d6/url HTTP/1.1
User-Agent: selenium/4.1.2 (java windows)
Content-Length: 63
Content-Type: application/json; charset=utf-8
host: localhost:63473
accept: */*

Response DefaultHttpResponse(decodeResult: success, version: HTTP/1.1)
HTTP/1.1 200 OK
Content-Type: application/json; charset=utf-8
cache-control: no-cache
content-length: 14

20:08:53.466 [AsyncHttpClient-1-6] DEBUG org.asynchttpclient.netty.channel.ChannelManager - Adding key: http://localhost:63473 for channel [id: 0x80bf90f4, L:/127.0.0.1:60277 - R:localhost/127.0.0.1:63473]
20:08:53.472 [Forwarding findElement on session 0ce3e7ff1b7156afbd2acac2a8e206d6 to remote] DEBUG org.asynchttpclient.netty.request.NettyRequestSender - Using pooled Channel '[id: 0x80bf90f4, L:/127.0.0.1:60277 - R:localhost/127.0.0.1:63473]' for 'POST' to 'http://localhost:63473/session/0ce3e7ff1b7156afbd2acac2a8e206d6/element'
20:08:53.472 [Forwarding findElement on session 0ce3e7ff1b7156afbd2acac2a8e206d6 to remote] DEBUG org.asynchttpclient.netty.request.NettyRequestSender - Using open Channel [id: 0x80bf90f4, L:/127.0.0.1:60277 - R:localhost/127.0.0.1:63473] for POST '/session/0ce3e7ff1b7156afbd2acac2a8e206d6/element'
20:08:53.490 [AsyncHttpClient-1-6] DEBUG org.asynchttpclient.netty.handler.HttpHandler - 

Request DefaultHttpRequest(decodeResult: success, version: HTTP/1.1)
POST /session/0ce3e7ff1b7156afbd2acac2a8e206d6/element HTTP/1.1
User-Agent: selenium/4.1.2 (java windows)
Content-Length: 58
Content-Type: application/json; charset=utf-8
host: localhost:63473
accept: */*

Response DefaultHttpResponse(decodeResult: success, version: HTTP/1.1)
HTTP/1.1 200 OK
Content-Type: application/json; charset=utf-8
cache-control: no-cache
content-length: 88

20:08:53.491 [AsyncHttpClient-1-6] DEBUG org.asynchttpclient.netty.channel.ChannelManager - Adding key: http://localhost:63473 for channel [id: 0x80bf90f4, L:/127.0.0.1:60277 - R:localhost/127.0.0.1:63473]
20:08:53.494 [Forwarding sendKeysToElement on session 0ce3e7ff1b7156afbd2acac2a8e206d6 to remote] DEBUG org.asynchttpclient.netty.request.NettyRequestSender - Using pooled Channel '[id: 0x80bf90f4, L:/127.0.0.1:60277 - R:localhost/127.0.0.1:63473]' for 'POST' to 'http://localhost:63473/session/0ce3e7ff1b7156afbd2acac2a8e206d6/element/22abdbc3-0000-4450-adc6-2d4698deb9dc/value'
20:08:53.495 [Forwarding sendKeysToElement on session 0ce3e7ff1b7156afbd2acac2a8e206d6 to remote] DEBUG org.asynchttpclient.netty.request.NettyRequestSender - Using open Channel [id: 0x80bf90f4, L:/127.0.0.1:60277 - R:localhost/127.0.0.1:63473] for POST '/session/0ce3e7ff1b7156afbd2acac2a8e206d6/element/22abdbc3-0000-4450-adc6-2d4698deb9dc/value'
20:08:53.555 [AsyncHttpClient-1-6] DEBUG org.asynchttpclient.netty.handler.HttpHandler - 

Request DefaultHttpRequest(decodeResult: success, version: HTTP/1.1)
POST /session/0ce3e7ff1b7156afbd2acac2a8e206d6/element/22abdbc3-0000-4450-adc6-2d4698deb9dc/value HTTP/1.1
User-Agent: selenium/4.1.2 (java windows)
Content-Length: 291
Content-Type: application/json; charset=utf-8
host: localhost:63473
accept: */*

Response DefaultHttpResponse(decodeResult: success, version: HTTP/1.1)
HTTP/1.1 200 OK
Content-Type: application/json; charset=utf-8
cache-control: no-cache
content-length: 14

20:08:53.556 [AsyncHttpClient-1-6] DEBUG org.asynchttpclient.netty.channel.ChannelManager - Adding key: http://localhost:63473 for channel [id: 0x80bf90f4, L:/127.0.0.1:60277 - R:localhost/127.0.0.1:63473]
20:08:53.558 [Forwarding findElement on session 0ce3e7ff1b7156afbd2acac2a8e206d6 to remote] DEBUG org.asynchttpclient.netty.request.NettyRequestSender - Using pooled Channel '[id: 0x80bf90f4, L:/127.0.0.1:60277 - R:localhost/127.0.0.1:63473]' for 'POST' to 'http://localhost:63473/session/0ce3e7ff1b7156afbd2acac2a8e206d6/element'
20:08:53.558 [Forwarding findElement on session 0ce3e7ff1b7156afbd2acac2a8e206d6 to remote] DEBUG org.asynchttpclient.netty.request.NettyRequestSender - Using open Channel [id: 0x80bf90f4, L:/127.0.0.1:60277 - R:localhost/127.0.0.1:63473] for POST '/session/0ce3e7ff1b7156afbd2acac2a8e206d6/element'
20:08:53.570 [AsyncHttpClient-1-6] DEBUG org.asynchttpclient.netty.handler.HttpHandler - 

Request DefaultHttpRequest(decodeResult: success, version: HTTP/1.1)
POST /session/0ce3e7ff1b7156afbd2acac2a8e206d6/element HTTP/1.1
User-Agent: selenium/4.1.2 (java windows)
Content-Length: 58
Content-Type: application/json; charset=utf-8
host: localhost:63473
accept: */*

Response DefaultHttpResponse(decodeResult: success, version: HTTP/1.1)
HTTP/1.1 200 OK
Content-Type: application/json; charset=utf-8
cache-control: no-cache
content-length: 88

20:08:53.571 [AsyncHttpClient-1-6] DEBUG org.asynchttpclient.netty.channel.ChannelManager - Adding key: http://localhost:63473 for channel [id: 0x80bf90f4, L:/127.0.0.1:60277 - R:localhost/127.0.0.1:63473]
20:08:53.572 [Forwarding sendKeysToElement on session 0ce3e7ff1b7156afbd2acac2a8e206d6 to remote] DEBUG org.asynchttpclient.netty.request.NettyRequestSender - Using pooled Channel '[id: 0x80bf90f4, L:/127.0.0.1:60277 - R:localhost/127.0.0.1:63473]' for 'POST' to 'http://localhost:63473/session/0ce3e7ff1b7156afbd2acac2a8e206d6/element/c5a80024-974f-4c31-9ad0-77a8432d6960/value'
20:08:53.572 [Forwarding sendKeysToElement on session 0ce3e7ff1b7156afbd2acac2a8e206d6 to remote] DEBUG org.asynchttpclient.netty.request.NettyRequestSender - Using open Channel [id: 0x80bf90f4, L:/127.0.0.1:60277 - R:localhost/127.0.0.1:63473] for POST '/session/0ce3e7ff1b7156afbd2acac2a8e206d6/element/c5a80024-974f-4c31-9ad0-77a8432d6960/value'
20:08:53.638 [AsyncHttpClient-1-6] DEBUG org.asynchttpclient.netty.handler.HttpHandler - 

Request DefaultHttpRequest(decodeResult: success, version: HTTP/1.1)
POST /session/0ce3e7ff1b7156afbd2acac2a8e206d6/element/c5a80024-974f-4c31-9ad0-77a8432d6960/value HTTP/1.1
User-Agent: selenium/4.1.2 (java windows)
Content-Length: 161
Content-Type: application/json; charset=utf-8
host: localhost:63473
accept: */*

Response DefaultHttpResponse(decodeResult: success, version: HTTP/1.1)
HTTP/1.1 200 OK
Content-Type: application/json; charset=utf-8
cache-control: no-cache
content-length: 14

20:08:53.638 [AsyncHttpClient-1-6] DEBUG org.asynchttpclient.netty.channel.ChannelManager - Adding key: http://localhost:63473 for channel [id: 0x80bf90f4, L:/127.0.0.1:60277 - R:localhost/127.0.0.1:63473]
20:08:53.640 [Forwarding findElement on session 0ce3e7ff1b7156afbd2acac2a8e206d6 to remote] DEBUG org.asynchttpclient.netty.request.NettyRequestSender - Using pooled Channel '[id: 0x80bf90f4, L:/127.0.0.1:60277 - R:localhost/127.0.0.1:63473]' for 'POST' to 'http://localhost:63473/session/0ce3e7ff1b7156afbd2acac2a8e206d6/element'
20:08:53.640 [Forwarding findElement on session 0ce3e7ff1b7156afbd2acac2a8e206d6 to remote] DEBUG org.asynchttpclient.netty.request.NettyRequestSender - Using open Channel [id: 0x80bf90f4, L:/127.0.0.1:60277 - R:localhost/127.0.0.1:63473] for POST '/session/0ce3e7ff1b7156afbd2acac2a8e206d6/element'
20:08:53.653 [AsyncHttpClient-1-6] DEBUG org.asynchttpclient.netty.handler.HttpHandler - 

Request DefaultHttpRequest(decodeResult: success, version: HTTP/1.1)
POST /session/0ce3e7ff1b7156afbd2acac2a8e206d6/element HTTP/1.1
User-Agent: selenium/4.1.2 (java windows)
Content-Length: 58
Content-Type: application/json; charset=utf-8
host: localhost:63473
accept: */*

Response DefaultHttpResponse(decodeResult: success, version: HTTP/1.1)
HTTP/1.1 200 OK
Content-Type: application/json; charset=utf-8
cache-control: no-cache
content-length: 88

20:08:53.653 [AsyncHttpClient-1-6] DEBUG org.asynchttpclient.netty.channel.ChannelManager - Adding key: http://localhost:63473 for channel [id: 0x80bf90f4, L:/127.0.0.1:60277 - R:localhost/127.0.0.1:63473]
20:08:53.655 [Forwarding clickElement on session 0ce3e7ff1b7156afbd2acac2a8e206d6 to remote] DEBUG org.asynchttpclient.netty.request.NettyRequestSender - Using pooled Channel '[id: 0x80bf90f4, L:/127.0.0.1:60277 - R:localhost/127.0.0.1:63473]' for 'POST' to 'http://localhost:63473/session/0ce3e7ff1b7156afbd2acac2a8e206d6/element/97d515f0-d525-4c52-9a1f-dff275538a62/click'
20:08:53.655 [Forwarding clickElement on session 0ce3e7ff1b7156afbd2acac2a8e206d6 to remote] DEBUG org.asynchttpclient.netty.request.NettyRequestSender - Using open Channel [id: 0x80bf90f4, L:/127.0.0.1:60277 - R:localhost/127.0.0.1:63473] for POST '/session/0ce3e7ff1b7156afbd2acac2a8e206d6/element/97d515f0-d525-4c52-9a1f-dff275538a62/click'
20:08:53.696 [AsyncHttpClient-1-1] DEBUG org.asynchttpclient.netty.channel.DefaultChannelPool - Entry count for : http://localhost:60278 : 1
20:08:54.796 [AsyncHttpClient-1-1] DEBUG org.asynchttpclient.netty.channel.DefaultChannelPool - Entry count for : http://localhost:60278 : 1
20:08:55.724 [AsyncHttpClient-1-6] DEBUG org.asynchttpclient.netty.handler.HttpHandler - 

Request DefaultHttpRequest(decodeResult: success, version: HTTP/1.1)
POST /session/0ce3e7ff1b7156afbd2acac2a8e206d6/element/97d515f0-d525-4c52-9a1f-dff275538a62/click HTTP/1.1
User-Agent: selenium/4.1.2 (java windows)
Content-Length: 50
Content-Type: application/json; charset=utf-8
host: localhost:63473
accept: */*

Response DefaultHttpResponse(decodeResult: success, version: HTTP/1.1)
HTTP/1.1 200 OK
Content-Type: application/json; charset=utf-8
cache-control: no-cache
content-length: 14

20:08:55.725 [AsyncHttpClient-1-6] DEBUG org.asynchttpclient.netty.channel.ChannelManager - Adding key: http://localhost:63473 for channel [id: 0x80bf90f4, L:/127.0.0.1:60277 - R:localhost/127.0.0.1:63473]
20:08:55.729 [Forwarding findElement on session 0ce3e7ff1b7156afbd2acac2a8e206d6 to remote] DEBUG org.asynchttpclient.netty.request.NettyRequestSender - Using pooled Channel '[id: 0x80bf90f4, L:/127.0.0.1:60277 - R:localhost/127.0.0.1:63473]' for 'POST' to 'http://localhost:63473/session/0ce3e7ff1b7156afbd2acac2a8e206d6/element'
20:08:55.729 [Forwarding findElement on session 0ce3e7ff1b7156afbd2acac2a8e206d6 to remote] DEBUG org.asynchttpclient.netty.request.NettyRequestSender - Using open Channel [id: 0x80bf90f4, L:/127.0.0.1:60277 - R:localhost/127.0.0.1:63473] for POST '/session/0ce3e7ff1b7156afbd2acac2a8e206d6/element'
20:08:55.745 [AsyncHttpClient-1-6] DEBUG org.asynchttpclient.netty.handler.HttpHandler - 

Request DefaultHttpRequest(decodeResult: success, version: HTTP/1.1)
POST /session/0ce3e7ff1b7156afbd2acac2a8e206d6/element HTTP/1.1
User-Agent: selenium/4.1.2 (java windows)
Content-Length: 57
Content-Type: application/json; charset=utf-8
host: localhost:63473
accept: */*

Response DefaultHttpResponse(decodeResult: success, version: HTTP/1.1)
HTTP/1.1 200 OK
Content-Type: application/json; charset=utf-8
cache-control: no-cache
content-length: 88

20:08:55.745 [AsyncHttpClient-1-6] DEBUG org.asynchttpclient.netty.channel.ChannelManager - Adding key: http://localhost:63473 for channel [id: 0x80bf90f4, L:/127.0.0.1:60277 - R:localhost/127.0.0.1:63473]
20:08:55.746 [Forwarding clickElement on session 0ce3e7ff1b7156afbd2acac2a8e206d6 to remote] DEBUG org.asynchttpclient.netty.request.NettyRequestSender - Using pooled Channel '[id: 0x80bf90f4, L:/127.0.0.1:60277 - R:localhost/127.0.0.1:63473]' for 'POST' to 'http://localhost:63473/session/0ce3e7ff1b7156afbd2acac2a8e206d6/element/25bb6f05-e63f-4d77-b5c8-68406a10f860/click'
20:08:55.747 [Forwarding clickElement on session 0ce3e7ff1b7156afbd2acac2a8e206d6 to remote] DEBUG org.asynchttpclient.netty.request.NettyRequestSender - Using open Channel [id: 0x80bf90f4, L:/127.0.0.1:60277 - R:localhost/127.0.0.1:63473] for POST '/session/0ce3e7ff1b7156afbd2acac2a8e206d6/element/25bb6f05-e63f-4d77-b5c8-68406a10f860/click'
20:08:55.847 [AsyncHttpClient-1-6] DEBUG org.asynchttpclient.netty.handler.HttpHandler - 

Request DefaultHttpRequest(decodeResult: success, version: HTTP/1.1)
POST /session/0ce3e7ff1b7156afbd2acac2a8e206d6/element/25bb6f05-e63f-4d77-b5c8-68406a10f860/click HTTP/1.1
User-Agent: selenium/4.1.2 (java windows)
Content-Length: 50
Content-Type: application/json; charset=utf-8
host: localhost:63473
accept: */*

Response DefaultHttpResponse(decodeResult: success, version: HTTP/1.1)
HTTP/1.1 200 OK
Content-Type: application/json; charset=utf-8
cache-control: no-cache
content-length: 14

20:08:55.847 [AsyncHttpClient-1-6] DEBUG org.asynchttpclient.netty.channel.ChannelManager - Adding key: http://localhost:63473 for channel [id: 0x80bf90f4, L:/127.0.0.1:60277 - R:localhost/127.0.0.1:63473]
20:08:55.850 [Forwarding findElement on session 0ce3e7ff1b7156afbd2acac2a8e206d6 to remote] DEBUG org.asynchttpclient.netty.request.NettyRequestSender - Using pooled Channel '[id: 0x80bf90f4, L:/127.0.0.1:60277 - R:localhost/127.0.0.1:63473]' for 'POST' to 'http://localhost:63473/session/0ce3e7ff1b7156afbd2acac2a8e206d6/element'
20:08:55.850 [Forwarding findElement on session 0ce3e7ff1b7156afbd2acac2a8e206d6 to remote] DEBUG org.asynchttpclient.netty.request.NettyRequestSender - Using open Channel [id: 0x80bf90f4, L:/127.0.0.1:60277 - R:localhost/127.0.0.1:63473] for POST '/session/0ce3e7ff1b7156afbd2acac2a8e206d6/element'
20:08:55.868 [AsyncHttpClient-1-6] DEBUG org.asynchttpclient.netty.handler.HttpHandler - 

Request DefaultHttpRequest(decodeResult: success, version: HTTP/1.1)
POST /session/0ce3e7ff1b7156afbd2acac2a8e206d6/element HTTP/1.1
User-Agent: selenium/4.1.2 (java windows)
Content-Length: 98
Content-Type: application/json; charset=utf-8
host: localhost:63473
accept: */*

Response DefaultHttpResponse(decodeResult: success, version: HTTP/1.1)
HTTP/1.1 200 OK
Content-Type: application/json; charset=utf-8
cache-control: no-cache
content-length: 88

20:08:55.868 [AsyncHttpClient-1-6] DEBUG org.asynchttpclient.netty.channel.ChannelManager - Adding key: http://localhost:63473 for channel [id: 0x80bf90f4, L:/127.0.0.1:60277 - R:localhost/127.0.0.1:63473]
20:08:55.871 [Forwarding sendKeysToElement on session 0ce3e7ff1b7156afbd2acac2a8e206d6 to remote] DEBUG org.asynchttpclient.netty.request.NettyRequestSender - Using pooled Channel '[id: 0x80bf90f4, L:/127.0.0.1:60277 - R:localhost/127.0.0.1:63473]' for 'POST' to 'http://localhost:63473/session/0ce3e7ff1b7156afbd2acac2a8e206d6/element/b1fc543b-2ba7-462c-bd82-ba3a83438965/value'
20:08:55.871 [Forwarding sendKeysToElement on session 0ce3e7ff1b7156afbd2acac2a8e206d6 to remote] DEBUG org.asynchttpclient.netty.request.NettyRequestSender - Using open Channel [id: 0x80bf90f4, L:/127.0.0.1:60277 - R:localhost/127.0.0.1:63473] for POST '/session/0ce3e7ff1b7156afbd2acac2a8e206d6/element/b1fc543b-2ba7-462c-bd82-ba3a83438965/value'
20:08:55.896 [AsyncHttpClient-1-1] DEBUG org.asynchttpclient.netty.channel.DefaultChannelPool - Entry count for : http://localhost:60278 : 1
20:08:55.910 [AsyncHttpClient-1-6] DEBUG org.asynchttpclient.netty.handler.HttpHandler - 

Request DefaultHttpRequest(decodeResult: success, version: HTTP/1.1)
POST /session/0ce3e7ff1b7156afbd2acac2a8e206d6/element/b1fc543b-2ba7-462c-bd82-ba3a83438965/value HTTP/1.1
User-Agent: selenium/4.1.2 (java windows)
Content-Length: 1079
Content-Type: application/json; charset=utf-8
host: localhost:63473
accept: */*

Response DefaultHttpResponse(decodeResult: success, version: HTTP/1.1)
HTTP/1.1 200 OK
Content-Type: application/json; charset=utf-8
cache-control: no-cache
content-length: 14

20:08:55.910 [AsyncHttpClient-1-6] DEBUG org.asynchttpclient.netty.channel.ChannelManager - Adding key: http://localhost:63473 for channel [id: 0x80bf90f4, L:/127.0.0.1:60277 - R:localhost/127.0.0.1:63473]
20:08:55.912 [Forwarding findElement on session 0ce3e7ff1b7156afbd2acac2a8e206d6 to remote] DEBUG org.asynchttpclient.netty.request.NettyRequestSender - Using pooled Channel '[id: 0x80bf90f4, L:/127.0.0.1:60277 - R:localhost/127.0.0.1:63473]' for 'POST' to 'http://localhost:63473/session/0ce3e7ff1b7156afbd2acac2a8e206d6/element'
20:08:55.912 [Forwarding findElement on session 0ce3e7ff1b7156afbd2acac2a8e206d6 to remote] DEBUG org.asynchttpclient.netty.request.NettyRequestSender - Using open Channel [id: 0x80bf90f4, L:/127.0.0.1:60277 - R:localhost/127.0.0.1:63473] for POST '/session/0ce3e7ff1b7156afbd2acac2a8e206d6/element'
20:08:55.928 [AsyncHttpClient-1-6] DEBUG org.asynchttpclient.netty.handler.HttpHandler - 

Request DefaultHttpRequest(decodeResult: success, version: HTTP/1.1)
POST /session/0ce3e7ff1b7156afbd2acac2a8e206d6/element HTTP/1.1
User-Agent: selenium/4.1.2 (java windows)
Content-Length: 82
Content-Type: application/json; charset=utf-8
host: localhost:63473
accept: */*

Response DefaultHttpResponse(decodeResult: success, version: HTTP/1.1)
HTTP/1.1 200 OK
Content-Type: application/json; charset=utf-8
cache-control: no-cache
content-length: 88

20:08:55.929 [AsyncHttpClient-1-6] DEBUG org.asynchttpclient.netty.channel.ChannelManager - Adding key: http://localhost:63473 for channel [id: 0x80bf90f4, L:/127.0.0.1:60277 - R:localhost/127.0.0.1:63473]
20:08:55.933 [Forwarding isElementDisplayed on session 0ce3e7ff1b7156afbd2acac2a8e206d6 to remote] DEBUG org.asynchttpclient.netty.request.NettyRequestSender - Using pooled Channel '[id: 0x80bf90f4, L:/127.0.0.1:60277 - R:localhost/127.0.0.1:63473]' for 'POST' to 'http://localhost:63473/session/0ce3e7ff1b7156afbd2acac2a8e206d6/execute/sync'
20:08:55.933 [Forwarding isElementDisplayed on session 0ce3e7ff1b7156afbd2acac2a8e206d6 to remote] DEBUG org.asynchttpclient.netty.request.NettyRequestSender - Using open Channel [id: 0x80bf90f4, L:/127.0.0.1:60277 - R:localhost/127.0.0.1:63473] for POST '/session/0ce3e7ff1b7156afbd2acac2a8e206d6/execute/sync'
20:08:55.955 [AsyncHttpClient-1-6] DEBUG org.asynchttpclient.netty.handler.HttpHandler - 

Request DefaultHttpRequest(decodeResult: success, version: HTTP/1.1)
POST /session/0ce3e7ff1b7156afbd2acac2a8e206d6/execute/sync HTTP/1.1
User-Agent: selenium/4.1.2 (java windows)
Content-Length: 48780
Content-Type: application/json; charset=utf-8
host: localhost:63473
accept: */*

Response DefaultHttpResponse(decodeResult: success, version: HTTP/1.1)
HTTP/1.1 200 OK
Content-Type: application/json; charset=utf-8
cache-control: no-cache
content-length: 14

20:08:55.956 [AsyncHttpClient-1-6] DEBUG org.asynchttpclient.netty.channel.ChannelManager - Adding key: http://localhost:63473 for channel [id: 0x80bf90f4, L:/127.0.0.1:60277 - R:localhost/127.0.0.1:63473]
20:08:55.958 [Forwarding findElement on session 0ce3e7ff1b7156afbd2acac2a8e206d6 to remote] DEBUG org.asynchttpclient.netty.request.NettyRequestSender - Using pooled Channel '[id: 0x80bf90f4, L:/127.0.0.1:60277 - R:localhost/127.0.0.1:63473]' for 'POST' to 'http://localhost:63473/session/0ce3e7ff1b7156afbd2acac2a8e206d6/element'
20:08:55.958 [Forwarding findElement on session 0ce3e7ff1b7156afbd2acac2a8e206d6 to remote] DEBUG org.asynchttpclient.netty.request.NettyRequestSender - Using open Channel [id: 0x80bf90f4, L:/127.0.0.1:60277 - R:localhost/127.0.0.1:63473] for POST '/session/0ce3e7ff1b7156afbd2acac2a8e206d6/element'
20:08:55.966 [AsyncHttpClient-1-6] DEBUG org.asynchttpclient.netty.handler.HttpHandler - 

Request DefaultHttpRequest(decodeResult: success, version: HTTP/1.1)
POST /session/0ce3e7ff1b7156afbd2acac2a8e206d6/element HTTP/1.1
User-Agent: selenium/4.1.2 (java windows)
Content-Length: 82
Content-Type: application/json; charset=utf-8
host: localhost:63473
accept: */*

Response DefaultHttpResponse(decodeResult: success, version: HTTP/1.1)
HTTP/1.1 200 OK
Content-Type: application/json; charset=utf-8
cache-control: no-cache
content-length: 88

20:08:55.966 [AsyncHttpClient-1-6] DEBUG org.asynchttpclient.netty.channel.ChannelManager - Adding key: http://localhost:63473 for channel [id: 0x80bf90f4, L:/127.0.0.1:60277 - R:localhost/127.0.0.1:63473]
20:08:55.968 [Forwarding isElementEnabled on session 0ce3e7ff1b7156afbd2acac2a8e206d6 to remote] DEBUG org.asynchttpclient.netty.request.NettyRequestSender - Using pooled Channel '[id: 0x80bf90f4, L:/127.0.0.1:60277 - R:localhost/127.0.0.1:63473]' for 'GET' to 'http://localhost:63473/session/0ce3e7ff1b7156afbd2acac2a8e206d6/element/8411eba7-b648-4920-8064-bb1bd06a6a03/enabled'
20:08:55.968 [Forwarding isElementEnabled on session 0ce3e7ff1b7156afbd2acac2a8e206d6 to remote] DEBUG org.asynchttpclient.netty.request.NettyRequestSender - Using open Channel [id: 0x80bf90f4, L:/127.0.0.1:60277 - R:localhost/127.0.0.1:63473] for GET '/session/0ce3e7ff1b7156afbd2acac2a8e206d6/element/8411eba7-b648-4920-8064-bb1bd06a6a03/enabled'
20:08:55.978 [AsyncHttpClient-1-6] DEBUG org.asynchttpclient.netty.handler.HttpHandler - 

Request DefaultFullHttpRequest(decodeResult: success, version: HTTP/1.1, content: EmptyByteBufBE)
GET /session/0ce3e7ff1b7156afbd2acac2a8e206d6/element/8411eba7-b648-4920-8064-bb1bd06a6a03/enabled HTTP/1.1
User-Agent: selenium/4.1.2 (java windows)
Cache-Control: no-cache
Content-Type: application/json; charset=utf-8
host: localhost:63473
accept: */*

Response DefaultHttpResponse(decodeResult: success, version: HTTP/1.1)
HTTP/1.1 200 OK
Content-Type: application/json; charset=utf-8
cache-control: no-cache
content-length: 14

20:08:55.978 [AsyncHttpClient-1-6] DEBUG org.asynchttpclient.netty.channel.ChannelManager - Adding key: http://localhost:63473 for channel [id: 0x80bf90f4, L:/127.0.0.1:60277 - R:localhost/127.0.0.1:63473]
20:08:55.980 [Forwarding findElement on session 0ce3e7ff1b7156afbd2acac2a8e206d6 to remote] DEBUG org.asynchttpclient.netty.request.NettyRequestSender - Using pooled Channel '[id: 0x80bf90f4, L:/127.0.0.1:60277 - R:localhost/127.0.0.1:63473]' for 'POST' to 'http://localhost:63473/session/0ce3e7ff1b7156afbd2acac2a8e206d6/element'
20:08:55.980 [Forwarding findElement on session 0ce3e7ff1b7156afbd2acac2a8e206d6 to remote] DEBUG org.asynchttpclient.netty.request.NettyRequestSender - Using open Channel [id: 0x80bf90f4, L:/127.0.0.1:60277 - R:localhost/127.0.0.1:63473] for POST '/session/0ce3e7ff1b7156afbd2acac2a8e206d6/element'
20:08:55.990 [AsyncHttpClient-1-6] DEBUG org.asynchttpclient.netty.handler.HttpHandler - 

Request DefaultHttpRequest(decodeResult: success, version: HTTP/1.1)
POST /session/0ce3e7ff1b7156afbd2acac2a8e206d6/element HTTP/1.1
User-Agent: selenium/4.1.2 (java windows)
Content-Length: 82
Content-Type: application/json; charset=utf-8
host: localhost:63473
accept: */*

Response DefaultHttpResponse(decodeResult: success, version: HTTP/1.1)
HTTP/1.1 200 OK
Content-Type: application/json; charset=utf-8
cache-control: no-cache
content-length: 88

20:08:55.990 [AsyncHttpClient-1-6] DEBUG org.asynchttpclient.netty.channel.ChannelManager - Adding key: http://localhost:63473 for channel [id: 0x80bf90f4, L:/127.0.0.1:60277 - R:localhost/127.0.0.1:63473]
20:08:55.992 [Forwarding clickElement on session 0ce3e7ff1b7156afbd2acac2a8e206d6 to remote] DEBUG org.asynchttpclient.netty.request.NettyRequestSender - Using pooled Channel '[id: 0x80bf90f4, L:/127.0.0.1:60277 - R:localhost/127.0.0.1:63473]' for 'POST' to 'http://localhost:63473/session/0ce3e7ff1b7156afbd2acac2a8e206d6/element/8411eba7-b648-4920-8064-bb1bd06a6a03/click'
20:08:55.992 [Forwarding clickElement on session 0ce3e7ff1b7156afbd2acac2a8e206d6 to remote] DEBUG org.asynchttpclient.netty.request.NettyRequestSender - Using open Channel [id: 0x80bf90f4, L:/127.0.0.1:60277 - R:localhost/127.0.0.1:63473] for POST '/session/0ce3e7ff1b7156afbd2acac2a8e206d6/element/8411eba7-b648-4920-8064-bb1bd06a6a03/click'
20:08:56.470 [AsyncHttpClient-1-6] DEBUG org.asynchttpclient.netty.handler.HttpHandler - 

Request DefaultHttpRequest(decodeResult: success, version: HTTP/1.1)
POST /session/0ce3e7ff1b7156afbd2acac2a8e206d6/element/8411eba7-b648-4920-8064-bb1bd06a6a03/click HTTP/1.1
User-Agent: selenium/4.1.2 (java windows)
Content-Length: 50
Content-Type: application/json; charset=utf-8
host: localhost:63473
accept: */*

Response DefaultHttpResponse(decodeResult: success, version: HTTP/1.1)
HTTP/1.1 200 OK
Content-Type: application/json; charset=utf-8
cache-control: no-cache
content-length: 14

20:08:56.470 [AsyncHttpClient-1-6] DEBUG org.asynchttpclient.netty.channel.ChannelManager - Adding key: http://localhost:63473 for channel [id: 0x80bf90f4, L:/127.0.0.1:60277 - R:localhost/127.0.0.1:63473]
20:08:56.473 [AsyncHttpClient-1-8] DEBUG org.asynchttpclient.netty.handler.WebSocketHandler - Channel Closed: [id: 0x07d5571b, L:/127.0.0.1:60284 ! R:localhost/127.0.0.1:60278] with attribute NettyResponseFuture{currentRetry=5,
	isDone=1,
	isCancelled=0,
	asyncHandler=org.asynchttpclient.ws.WebSocketUpgradeHandler@1e2dd0a8,
	nettyRequest=org.asynchttpclient.netty.request.NettyRequest@fe03d33,
	future=java.util.concurrent.CompletableFuture@7b7e7760[Completed normally],
	uri=ws://localhost:60278/devtools/browser/3df716c3-6d02-4df2-8a75-376f36037cbd,
	keepAlive=true,
	redirectCount=0,
	timeoutsHolder=null,
	inAuth=0,
	touch=1648231729998}
20:08:56.473 [AsyncHttpClient-1-8] DEBUG org.asynchttpclient.netty.channel.ChannelManager - Closing Channel [id: 0x07d5571b, L:/127.0.0.1:60284 ! R:localhost/127.0.0.1:60278] 
20:08:56.476 [Driver Command Executor] DEBUG org.asynchttpclient.netty.request.NettyRequestSender - Using pooled Channel '[id: 0x80bf90f4, L:/127.0.0.1:60277 - R:localhost/127.0.0.1:63473]' for 'DELETE' to 'http://localhost:63473/session/0ce3e7ff1b7156afbd2acac2a8e206d6'
20:08:56.477 [Driver Command Executor] DEBUG org.asynchttpclient.netty.request.NettyRequestSender - Using open Channel [id: 0x80bf90f4, L:/127.0.0.1:60277 - R:localhost/127.0.0.1:63473] for DELETE '/session/0ce3e7ff1b7156afbd2acac2a8e206d6'
20:08:56.500 [AsyncHttpClient-1-7] DEBUG org.asynchttpclient.netty.handler.HttpHandler - Unexpected I/O exception on channel [id: 0x065f42ee, L:/127.0.0.1:60283 - R:localhost/127.0.0.1:60278]
java.net.SocketException: Connection reset
	at java.base/sun.nio.ch.SocketChannelImpl.throwConnectionReset(SocketChannelImpl.java:394)
	at java.base/sun.nio.ch.SocketChannelImpl.read(SocketChannelImpl.java:426)
	at io.netty.buffer.PooledByteBuf.setBytes(PooledByteBuf.java:258)
	at io.netty.buffer.AbstractByteBuf.writeBytes(AbstractByteBuf.java:1132)
	at io.netty.channel.socket.nio.NioSocketChannel.doReadBytes(NioSocketChannel.java:350)
	at io.netty.channel.nio.AbstractNioByteChannel$NioByteUnsafe.read(AbstractNioByteChannel.java:151)
	at io.netty.channel.nio.NioEventLoop.processSelectedKey(NioEventLoop.java:722)
	at io.netty.channel.nio.NioEventLoop.processSelectedKeysOptimized(NioEventLoop.java:658)
	at io.netty.channel.nio.NioEventLoop.processSelectedKeys(NioEventLoop.java:584)
	at io.netty.channel.nio.NioEventLoop.run(NioEventLoop.java:496)
	at io.netty.util.concurrent.SingleThreadEventExecutor$4.run(SingleThreadEventExecutor.java:986)
	at io.netty.util.internal.ThreadExecutorMap$2.run(ThreadExecutorMap.java:74)
	at io.netty.util.concurrent.FastThreadLocalRunnable.run(FastThreadLocalRunnable.java:30)
	at java.base/java.lang.Thread.run(Thread.java:833)
20:08:56.500 [AsyncHttpClient-1-7] DEBUG org.asynchttpclient.netty.channel.ChannelManager - Closing Channel [id: 0x065f42ee, L:/127.0.0.1:60283 - R:localhost/127.0.0.1:60278] 
20:08:56.500 [AsyncHttpClient-1-7] DEBUG org.asynchttpclient.netty.handler.HttpHandler - Channel Closed: [id: 0x065f42ee, L:/127.0.0.1:60283 ! R:localhost/127.0.0.1:60278] with attribute DISCARD
20:08:56.514 [AsyncHttpClient-1-6] DEBUG org.asynchttpclient.netty.handler.HttpHandler - 

Request DefaultFullHttpRequest(decodeResult: success, version: HTTP/1.1, content: EmptyByteBufBE)
DELETE /session/0ce3e7ff1b7156afbd2acac2a8e206d6 HTTP/1.1
User-Agent: selenium/4.1.2 (java windows)
Content-Type: application/json; charset=utf-8
host: localhost:63473
accept: */*

Response DefaultHttpResponse(decodeResult: success, version: HTTP/1.1)
HTTP/1.1 200 OK
Content-Type: application/json; charset=utf-8
cache-control: no-cache
content-length: 14

20:08:56.515 [AsyncHttpClient-1-6] DEBUG org.asynchttpclient.netty.channel.ChannelManager - Adding key: http://localhost:63473 for channel [id: 0x80bf90f4, L:/127.0.0.1:60277 - R:localhost/127.0.0.1:63473]
20:08:56.649 [AsyncHttpClient-1-6] DEBUG org.asynchttpclient.netty.handler.HttpHandler - Channel Closed: [id: 0x80bf90f4, L:/127.0.0.1:60277 ! R:localhost/127.0.0.1:63473] with attribute DISCARD
20:08:56.996 [AsyncHttpClient-1-1] DEBUG org.asynchttpclient.netty.channel.DefaultChannelPool - Entry count for : http://localhost:63473 : 1
20:08:56.996 [AsyncHttpClient-1-1] DEBUG org.asynchttpclient.netty.channel.DefaultChannelPool - Entry count for : http://localhost:60278 : 1
20:08:56.996 [AsyncHttpClient-1-1] DEBUG org.asynchttpclient.netty.channel.DefaultChannelPool - Adding Candidate expired Channel [id: 0x80bf90f4, L:/127.0.0.1:60277 ! R:localhost/127.0.0.1:63473] isIdleTimeoutExpired=false isRemotelyClosed=true isTtlExpired=false
20:08:56.996 [AsyncHttpClient-1-1] DEBUG org.asynchttpclient.netty.channel.DefaultChannelPool - Closing Idle Channel [id: 0x80bf90f4, L:/127.0.0.1:60277 ! R:localhost/127.0.0.1:63473]
20:08:56.996 [AsyncHttpClient-1-1] DEBUG org.asynchttpclient.netty.channel.DefaultChannelPool - Adding Candidate expired Channel [id: 0x065f42ee, L:/127.0.0.1:60283 ! R:localhost/127.0.0.1:60278] isIdleTimeoutExpired=false isRemotelyClosed=true isTtlExpired=false
20:08:56.996 [AsyncHttpClient-1-1] DEBUG org.asynchttpclient.netty.channel.DefaultChannelPool - Closing Idle Channel [id: 0x065f42ee, L:/127.0.0.1:60283 ! R:localhost/127.0.0.1:60278]
20:08:56.996 [AsyncHttpClient-1-1] DEBUG org.asynchttpclient.netty.channel.DefaultChannelPool - Closed 2 connections out of 2 in 0 ms
]]></system-out>
    <system-err><![CDATA[Starting ChromeDriver 99.0.4844.51 (d537ec02474b5afe23684e7963d538896c63ac77-refs/branch-heads/4844@{#875}) on port 63473
Only local connections are allowed.
Please see https://chromedriver.chromium.org/security-considerations for suggestions on keeping ChromeDriver safe.
ChromeDriver was started successfully.
март 25, 2022 8:08:49 СЛ.ОБ. org.openqa.selenium.remote.ProtocolHandshake createSession
INFO: Detected dialect: W3C
март 25, 2022 8:08:50 СЛ.ОБ. org.openqa.selenium.devtools.CdpVersionFinder findNearestMatch
WARNING: Unable to find an exact match for CDP version 99, so returning the closest version found: 97
март 25, 2022 8:08:50 СЛ.ОБ. org.openqa.selenium.devtools.CdpVersionFinder findNearestMatch
INFO: Found CDP implementation for version 99 of 97
]]></system-err>
  </testcase>
  <testcase name="logInAndLogOutWithValidCredentials" classname="pages.HomePageTest" time="8.716">
    <system-out><![CDATA[20:08:57.689 [AsyncHttpClient-1-9] DEBUG org.asynchttpclient.netty.channel.NettyConnectListener - Using new Channel '[id: 0xe6d397d9, L:/127.0.0.1:60298 - R:localhost/127.0.0.1:63139]' for 'POST' to '/session'
20:08:58.406 [AsyncHttpClient-1-9] DEBUG org.asynchttpclient.netty.handler.HttpHandler - 

Request DefaultHttpRequest(decodeResult: success, version: HTTP/1.1)
POST /session HTTP/1.1
User-Agent: selenium/4.1.2 (java windows)
Content-Length: 365
Content-Type: application/json; charset=utf-8
host: localhost:63139
accept: */*

Response DefaultHttpResponse(decodeResult: success, version: HTTP/1.1)
HTTP/1.1 200 OK
Content-Type: application/json; charset=utf-8
cache-control: no-cache
content-length: 787

20:08:58.406 [AsyncHttpClient-1-9] DEBUG org.asynchttpclient.netty.channel.ChannelManager - Adding key: http://localhost:63139 for channel [id: 0xe6d397d9, L:/127.0.0.1:60298 - R:localhost/127.0.0.1:63139]
20:08:58.414 [AsyncHttpClient-1-2] DEBUG org.asynchttpclient.netty.channel.NettyConnectListener - Using new Channel '[id: 0x3e412acb, L:/127.0.0.1:60304 - R:localhost/127.0.0.1:60299]' for 'GET' to '/json/version'
20:08:58.415 [AsyncHttpClient-1-2] DEBUG org.asynchttpclient.netty.handler.HttpHandler - 

Request DefaultFullHttpRequest(decodeResult: success, version: HTTP/1.1, content: EmptyByteBufBE)
GET /json/version HTTP/1.1
User-Agent: selenium/4.1.2 (java windows)
host: localhost:60299
accept: */*

Response DefaultHttpResponse(decodeResult: success, version: HTTP/1.1)
HTTP/1.1 200 OK
Content-Type: application/json; charset=UTF-8
content-length: 422

20:08:58.415 [AsyncHttpClient-1-2] DEBUG org.asynchttpclient.netty.channel.ChannelManager - Adding key: http://localhost:60299 for channel [id: 0x3e412acb, L:/127.0.0.1:60304 - R:localhost/127.0.0.1:60299]
20:08:58.417 [AsyncHttpClient-1-3] DEBUG org.asynchttpclient.netty.channel.NettyConnectListener - Using new Channel '[id: 0xe47847db, L:/127.0.0.1:60305 - R:localhost/127.0.0.1:60299]' for 'GET' to '/devtools/browser/7f3fd799-0f96-41e0-8f7f-115df8904efe'
20:08:58.418 [AsyncHttpClient-1-3] DEBUG org.asynchttpclient.netty.handler.WebSocketHandler - 

Request DefaultFullHttpRequest(decodeResult: success, version: HTTP/1.1, content: EmptyByteBufBE)
GET /devtools/browser/7f3fd799-0f96-41e0-8f7f-115df8904efe HTTP/1.1
upgrade: websocket
connection: upgrade
sec-websocket-key: FiuHhSd6FvlME1jfeiW9Vg==
sec-websocket-version: 13
origin: http://localhost:60299
host: localhost:60299
accept: */*
user-agent: AHC/2.1

Response DefaultHttpResponse(decodeResult: success, version: HTTP/1.1)
HTTP/1.1 101 WebSocket Protocol Handshake
Upgrade: WebSocket
Connection: Upgrade
Sec-WebSocket-Accept: 5pvJq/pnImK7h9wdUhOdMBeOj64=

20:08:58.425 [Forwarding maximizeCurrentWindow on session a84d6f43377f7a121f678b406b12f8ba to remote] DEBUG org.asynchttpclient.netty.request.NettyRequestSender - Using pooled Channel '[id: 0xe6d397d9, L:/127.0.0.1:60298 - R:localhost/127.0.0.1:63139]' for 'POST' to 'http://localhost:63139/session/a84d6f43377f7a121f678b406b12f8ba/window/maximize'
20:08:58.425 [Forwarding maximizeCurrentWindow on session a84d6f43377f7a121f678b406b12f8ba to remote] DEBUG org.asynchttpclient.netty.request.NettyRequestSender - Using open Channel [id: 0xe6d397d9, L:/127.0.0.1:60298 - R:localhost/127.0.0.1:63139] for POST '/session/a84d6f43377f7a121f678b406b12f8ba/window/maximize'
20:08:58.538 [AsyncHttpClient-1-9] DEBUG org.asynchttpclient.netty.handler.HttpHandler - 

Request DefaultHttpRequest(decodeResult: success, version: HTTP/1.1)
POST /session/a84d6f43377f7a121f678b406b12f8ba/window/maximize HTTP/1.1
User-Agent: selenium/4.1.2 (java windows)
Content-Length: 3
Content-Type: application/json; charset=utf-8
host: localhost:63139
accept: */*

Response DefaultHttpResponse(decodeResult: success, version: HTTP/1.1)
HTTP/1.1 200 OK
Content-Type: application/json; charset=utf-8
cache-control: no-cache
content-length: 51

20:08:58.538 [AsyncHttpClient-1-9] DEBUG org.asynchttpclient.netty.channel.ChannelManager - Adding key: http://localhost:63139 for channel [id: 0xe6d397d9, L:/127.0.0.1:60298 - R:localhost/127.0.0.1:63139]
20:08:58.542 [Forwarding setTimeout on session a84d6f43377f7a121f678b406b12f8ba to remote] DEBUG org.asynchttpclient.netty.request.NettyRequestSender - Using pooled Channel '[id: 0xe6d397d9, L:/127.0.0.1:60298 - R:localhost/127.0.0.1:63139]' for 'POST' to 'http://localhost:63139/session/a84d6f43377f7a121f678b406b12f8ba/timeouts'
20:08:58.542 [Forwarding setTimeout on session a84d6f43377f7a121f678b406b12f8ba to remote] DEBUG org.asynchttpclient.netty.request.NettyRequestSender - Using open Channel [id: 0xe6d397d9, L:/127.0.0.1:60298 - R:localhost/127.0.0.1:63139] for POST '/session/a84d6f43377f7a121f678b406b12f8ba/timeouts'
20:08:58.543 [AsyncHttpClient-1-9] DEBUG org.asynchttpclient.netty.handler.HttpHandler - 

Request DefaultHttpRequest(decodeResult: success, version: HTTP/1.1)
POST /session/a84d6f43377f7a121f678b406b12f8ba/timeouts HTTP/1.1
User-Agent: selenium/4.1.2 (java windows)
Content-Length: 23
Content-Type: application/json; charset=utf-8
host: localhost:63139
accept: */*

Response DefaultHttpResponse(decodeResult: success, version: HTTP/1.1)
HTTP/1.1 200 OK
Content-Type: application/json; charset=utf-8
cache-control: no-cache
content-length: 14

20:08:58.544 [AsyncHttpClient-1-9] DEBUG org.asynchttpclient.netty.channel.ChannelManager - Adding key: http://localhost:63139 for channel [id: 0xe6d397d9, L:/127.0.0.1:60298 - R:localhost/127.0.0.1:63139]
20:08:58.545 [Forwarding get on session a84d6f43377f7a121f678b406b12f8ba to remote] DEBUG org.asynchttpclient.netty.request.NettyRequestSender - Using pooled Channel '[id: 0xe6d397d9, L:/127.0.0.1:60298 - R:localhost/127.0.0.1:63139]' for 'POST' to 'http://localhost:63139/session/a84d6f43377f7a121f678b406b12f8ba/url'
20:08:58.545 [Forwarding get on session a84d6f43377f7a121f678b406b12f8ba to remote] DEBUG org.asynchttpclient.netty.request.NettyRequestSender - Using open Channel [id: 0xe6d397d9, L:/127.0.0.1:60298 - R:localhost/127.0.0.1:63139] for POST '/session/a84d6f43377f7a121f678b406b12f8ba/url'
20:08:59.197 [AsyncHttpClient-1-1] DEBUG org.asynchttpclient.netty.channel.DefaultChannelPool - Entry count for : http://localhost:60299 : 1
20:09:00.296 [AsyncHttpClient-1-1] DEBUG org.asynchttpclient.netty.channel.DefaultChannelPool - Entry count for : http://localhost:60299 : 1
20:09:01.397 [AsyncHttpClient-1-1] DEBUG org.asynchttpclient.netty.channel.DefaultChannelPool - Entry count for : http://localhost:60299 : 1
20:09:02.369 [AsyncHttpClient-1-9] DEBUG org.asynchttpclient.netty.handler.HttpHandler - 

Request DefaultHttpRequest(decodeResult: success, version: HTTP/1.1)
POST /session/a84d6f43377f7a121f678b406b12f8ba/url HTTP/1.1
User-Agent: selenium/4.1.2 (java windows)
Content-Length: 63
Content-Type: application/json; charset=utf-8
host: localhost:63139
accept: */*

Response DefaultHttpResponse(decodeResult: success, version: HTTP/1.1)
HTTP/1.1 200 OK
Content-Type: application/json; charset=utf-8
cache-control: no-cache
content-length: 14

20:09:02.370 [AsyncHttpClient-1-9] DEBUG org.asynchttpclient.netty.channel.ChannelManager - Adding key: http://localhost:63139 for channel [id: 0xe6d397d9, L:/127.0.0.1:60298 - R:localhost/127.0.0.1:63139]
20:09:02.378 [Forwarding findElement on session a84d6f43377f7a121f678b406b12f8ba to remote] DEBUG org.asynchttpclient.netty.request.NettyRequestSender - Using pooled Channel '[id: 0xe6d397d9, L:/127.0.0.1:60298 - R:localhost/127.0.0.1:63139]' for 'POST' to 'http://localhost:63139/session/a84d6f43377f7a121f678b406b12f8ba/element'
20:09:02.378 [Forwarding findElement on session a84d6f43377f7a121f678b406b12f8ba to remote] DEBUG org.asynchttpclient.netty.request.NettyRequestSender - Using open Channel [id: 0xe6d397d9, L:/127.0.0.1:60298 - R:localhost/127.0.0.1:63139] for POST '/session/a84d6f43377f7a121f678b406b12f8ba/element'
20:09:02.397 [AsyncHttpClient-1-9] DEBUG org.asynchttpclient.netty.handler.HttpHandler - 

Request DefaultHttpRequest(decodeResult: success, version: HTTP/1.1)
POST /session/a84d6f43377f7a121f678b406b12f8ba/element HTTP/1.1
User-Agent: selenium/4.1.2 (java windows)
Content-Length: 58
Content-Type: application/json; charset=utf-8
host: localhost:63139
accept: */*

Response DefaultHttpResponse(decodeResult: success, version: HTTP/1.1)
HTTP/1.1 200 OK
Content-Type: application/json; charset=utf-8
cache-control: no-cache
content-length: 88

20:09:02.397 [AsyncHttpClient-1-9] DEBUG org.asynchttpclient.netty.channel.ChannelManager - Adding key: http://localhost:63139 for channel [id: 0xe6d397d9, L:/127.0.0.1:60298 - R:localhost/127.0.0.1:63139]
20:09:02.405 [Forwarding sendKeysToElement on session a84d6f43377f7a121f678b406b12f8ba to remote] DEBUG org.asynchttpclient.netty.request.NettyRequestSender - Using pooled Channel '[id: 0xe6d397d9, L:/127.0.0.1:60298 - R:localhost/127.0.0.1:63139]' for 'POST' to 'http://localhost:63139/session/a84d6f43377f7a121f678b406b12f8ba/element/5ad4a39f-2869-42f4-9d51-e780e79ccb9e/value'
20:09:02.406 [Forwarding sendKeysToElement on session a84d6f43377f7a121f678b406b12f8ba to remote] DEBUG org.asynchttpclient.netty.request.NettyRequestSender - Using open Channel [id: 0xe6d397d9, L:/127.0.0.1:60298 - R:localhost/127.0.0.1:63139] for POST '/session/a84d6f43377f7a121f678b406b12f8ba/element/5ad4a39f-2869-42f4-9d51-e780e79ccb9e/value'
20:09:02.466 [AsyncHttpClient-1-9] DEBUG org.asynchttpclient.netty.handler.HttpHandler - 

Request DefaultHttpRequest(decodeResult: success, version: HTTP/1.1)
POST /session/a84d6f43377f7a121f678b406b12f8ba/element/5ad4a39f-2869-42f4-9d51-e780e79ccb9e/value HTTP/1.1
User-Agent: selenium/4.1.2 (java windows)
Content-Length: 291
Content-Type: application/json; charset=utf-8
host: localhost:63139
accept: */*

Response DefaultHttpResponse(decodeResult: success, version: HTTP/1.1)
HTTP/1.1 200 OK
Content-Type: application/json; charset=utf-8
cache-control: no-cache
content-length: 14

20:09:02.466 [AsyncHttpClient-1-9] DEBUG org.asynchttpclient.netty.channel.ChannelManager - Adding key: http://localhost:63139 for channel [id: 0xe6d397d9, L:/127.0.0.1:60298 - R:localhost/127.0.0.1:63139]
20:09:02.467 [Forwarding findElement on session a84d6f43377f7a121f678b406b12f8ba to remote] DEBUG org.asynchttpclient.netty.request.NettyRequestSender - Using pooled Channel '[id: 0xe6d397d9, L:/127.0.0.1:60298 - R:localhost/127.0.0.1:63139]' for 'POST' to 'http://localhost:63139/session/a84d6f43377f7a121f678b406b12f8ba/element'
20:09:02.467 [Forwarding findElement on session a84d6f43377f7a121f678b406b12f8ba to remote] DEBUG org.asynchttpclient.netty.request.NettyRequestSender - Using open Channel [id: 0xe6d397d9, L:/127.0.0.1:60298 - R:localhost/127.0.0.1:63139] for POST '/session/a84d6f43377f7a121f678b406b12f8ba/element'
20:09:02.480 [AsyncHttpClient-1-9] DEBUG org.asynchttpclient.netty.handler.HttpHandler - 

Request DefaultHttpRequest(decodeResult: success, version: HTTP/1.1)
POST /session/a84d6f43377f7a121f678b406b12f8ba/element HTTP/1.1
User-Agent: selenium/4.1.2 (java windows)
Content-Length: 58
Content-Type: application/json; charset=utf-8
host: localhost:63139
accept: */*

Response DefaultHttpResponse(decodeResult: success, version: HTTP/1.1)
HTTP/1.1 200 OK
Content-Type: application/json; charset=utf-8
cache-control: no-cache
content-length: 88

20:09:02.480 [AsyncHttpClient-1-9] DEBUG org.asynchttpclient.netty.channel.ChannelManager - Adding key: http://localhost:63139 for channel [id: 0xe6d397d9, L:/127.0.0.1:60298 - R:localhost/127.0.0.1:63139]
20:09:02.482 [Forwarding sendKeysToElement on session a84d6f43377f7a121f678b406b12f8ba to remote] DEBUG org.asynchttpclient.netty.request.NettyRequestSender - Using pooled Channel '[id: 0xe6d397d9, L:/127.0.0.1:60298 - R:localhost/127.0.0.1:63139]' for 'POST' to 'http://localhost:63139/session/a84d6f43377f7a121f678b406b12f8ba/element/d4f032ce-bbab-417e-81db-10b74a19907c/value'
20:09:02.482 [Forwarding sendKeysToElement on session a84d6f43377f7a121f678b406b12f8ba to remote] DEBUG org.asynchttpclient.netty.request.NettyRequestSender - Using open Channel [id: 0xe6d397d9, L:/127.0.0.1:60298 - R:localhost/127.0.0.1:63139] for POST '/session/a84d6f43377f7a121f678b406b12f8ba/element/d4f032ce-bbab-417e-81db-10b74a19907c/value'
20:09:02.496 [AsyncHttpClient-1-1] DEBUG org.asynchttpclient.netty.channel.DefaultChannelPool - Entry count for : http://localhost:60299 : 1
20:09:02.546 [AsyncHttpClient-1-9] DEBUG org.asynchttpclient.netty.handler.HttpHandler - 

Request DefaultHttpRequest(decodeResult: success, version: HTTP/1.1)
POST /session/a84d6f43377f7a121f678b406b12f8ba/element/d4f032ce-bbab-417e-81db-10b74a19907c/value HTTP/1.1
User-Agent: selenium/4.1.2 (java windows)
Content-Length: 161
Content-Type: application/json; charset=utf-8
host: localhost:63139
accept: */*

Response DefaultHttpResponse(decodeResult: success, version: HTTP/1.1)
HTTP/1.1 200 OK
Content-Type: application/json; charset=utf-8
cache-control: no-cache
content-length: 14

20:09:02.546 [AsyncHttpClient-1-9] DEBUG org.asynchttpclient.netty.channel.ChannelManager - Adding key: http://localhost:63139 for channel [id: 0xe6d397d9, L:/127.0.0.1:60298 - R:localhost/127.0.0.1:63139]
20:09:02.548 [Forwarding findElement on session a84d6f43377f7a121f678b406b12f8ba to remote] DEBUG org.asynchttpclient.netty.request.NettyRequestSender - Using pooled Channel '[id: 0xe6d397d9, L:/127.0.0.1:60298 - R:localhost/127.0.0.1:63139]' for 'POST' to 'http://localhost:63139/session/a84d6f43377f7a121f678b406b12f8ba/element'
20:09:02.548 [Forwarding findElement on session a84d6f43377f7a121f678b406b12f8ba to remote] DEBUG org.asynchttpclient.netty.request.NettyRequestSender - Using open Channel [id: 0xe6d397d9, L:/127.0.0.1:60298 - R:localhost/127.0.0.1:63139] for POST '/session/a84d6f43377f7a121f678b406b12f8ba/element'
20:09:02.561 [AsyncHttpClient-1-9] DEBUG org.asynchttpclient.netty.handler.HttpHandler - 

Request DefaultHttpRequest(decodeResult: success, version: HTTP/1.1)
POST /session/a84d6f43377f7a121f678b406b12f8ba/element HTTP/1.1
User-Agent: selenium/4.1.2 (java windows)
Content-Length: 58
Content-Type: application/json; charset=utf-8
host: localhost:63139
accept: */*

Response DefaultHttpResponse(decodeResult: success, version: HTTP/1.1)
HTTP/1.1 200 OK
Content-Type: application/json; charset=utf-8
cache-control: no-cache
content-length: 88

20:09:02.561 [AsyncHttpClient-1-9] DEBUG org.asynchttpclient.netty.channel.ChannelManager - Adding key: http://localhost:63139 for channel [id: 0xe6d397d9, L:/127.0.0.1:60298 - R:localhost/127.0.0.1:63139]
20:09:02.563 [Forwarding clickElement on session a84d6f43377f7a121f678b406b12f8ba to remote] DEBUG org.asynchttpclient.netty.request.NettyRequestSender - Using pooled Channel '[id: 0xe6d397d9, L:/127.0.0.1:60298 - R:localhost/127.0.0.1:63139]' for 'POST' to 'http://localhost:63139/session/a84d6f43377f7a121f678b406b12f8ba/element/045a572d-88d5-4cf4-b675-703f949d3480/click'
20:09:02.563 [Forwarding clickElement on session a84d6f43377f7a121f678b406b12f8ba to remote] DEBUG org.asynchttpclient.netty.request.NettyRequestSender - Using open Channel [id: 0xe6d397d9, L:/127.0.0.1:60298 - R:localhost/127.0.0.1:63139] for POST '/session/a84d6f43377f7a121f678b406b12f8ba/element/045a572d-88d5-4cf4-b675-703f949d3480/click'
20:09:03.597 [AsyncHttpClient-1-1] DEBUG org.asynchttpclient.netty.channel.DefaultChannelPool - Entry count for : http://localhost:60299 : 1
20:09:04.448 [AsyncHttpClient-1-9] DEBUG org.asynchttpclient.netty.handler.HttpHandler - 

Request DefaultHttpRequest(decodeResult: success, version: HTTP/1.1)
POST /session/a84d6f43377f7a121f678b406b12f8ba/element/045a572d-88d5-4cf4-b675-703f949d3480/click HTTP/1.1
User-Agent: selenium/4.1.2 (java windows)
Content-Length: 50
Content-Type: application/json; charset=utf-8
host: localhost:63139
accept: */*

Response DefaultHttpResponse(decodeResult: success, version: HTTP/1.1)
HTTP/1.1 200 OK
Content-Type: application/json; charset=utf-8
cache-control: no-cache
content-length: 14

20:09:04.448 [AsyncHttpClient-1-9] DEBUG org.asynchttpclient.netty.channel.ChannelManager - Adding key: http://localhost:63139 for channel [id: 0xe6d397d9, L:/127.0.0.1:60298 - R:localhost/127.0.0.1:63139]
20:09:04.450 [Forwarding findElement on session a84d6f43377f7a121f678b406b12f8ba to remote] DEBUG org.asynchttpclient.netty.request.NettyRequestSender - Using pooled Channel '[id: 0xe6d397d9, L:/127.0.0.1:60298 - R:localhost/127.0.0.1:63139]' for 'POST' to 'http://localhost:63139/session/a84d6f43377f7a121f678b406b12f8ba/element'
20:09:04.451 [Forwarding findElement on session a84d6f43377f7a121f678b406b12f8ba to remote] DEBUG org.asynchttpclient.netty.request.NettyRequestSender - Using open Channel [id: 0xe6d397d9, L:/127.0.0.1:60298 - R:localhost/127.0.0.1:63139] for POST '/session/a84d6f43377f7a121f678b406b12f8ba/element'
20:09:04.471 [AsyncHttpClient-1-9] DEBUG org.asynchttpclient.netty.handler.HttpHandler - 

Request DefaultHttpRequest(decodeResult: success, version: HTTP/1.1)
POST /session/a84d6f43377f7a121f678b406b12f8ba/element HTTP/1.1
User-Agent: selenium/4.1.2 (java windows)
Content-Length: 100
Content-Type: application/json; charset=utf-8
host: localhost:63139
accept: */*

Response DefaultHttpResponse(decodeResult: success, version: HTTP/1.1)
HTTP/1.1 200 OK
Content-Type: application/json; charset=utf-8
cache-control: no-cache
content-length: 88

20:09:04.471 [AsyncHttpClient-1-9] DEBUG org.asynchttpclient.netty.channel.ChannelManager - Adding key: http://localhost:63139 for channel [id: 0xe6d397d9, L:/127.0.0.1:60298 - R:localhost/127.0.0.1:63139]
20:09:04.477 [Forwarding isElementDisplayed on session a84d6f43377f7a121f678b406b12f8ba to remote] DEBUG org.asynchttpclient.netty.request.NettyRequestSender - Using pooled Channel '[id: 0xe6d397d9, L:/127.0.0.1:60298 - R:localhost/127.0.0.1:63139]' for 'POST' to 'http://localhost:63139/session/a84d6f43377f7a121f678b406b12f8ba/execute/sync'
20:09:04.477 [Forwarding isElementDisplayed on session a84d6f43377f7a121f678b406b12f8ba to remote] DEBUG org.asynchttpclient.netty.request.NettyRequestSender - Using open Channel [id: 0xe6d397d9, L:/127.0.0.1:60298 - R:localhost/127.0.0.1:63139] for POST '/session/a84d6f43377f7a121f678b406b12f8ba/execute/sync'
20:09:04.493 [AsyncHttpClient-1-9] DEBUG org.asynchttpclient.netty.handler.HttpHandler - 

Request DefaultHttpRequest(decodeResult: success, version: HTTP/1.1)
POST /session/a84d6f43377f7a121f678b406b12f8ba/execute/sync HTTP/1.1
User-Agent: selenium/4.1.2 (java windows)
Content-Length: 48780
Content-Type: application/json; charset=utf-8
host: localhost:63139
accept: */*

Response DefaultHttpResponse(decodeResult: success, version: HTTP/1.1)
HTTP/1.1 200 OK
Content-Type: application/json; charset=utf-8
cache-control: no-cache
content-length: 14

20:09:04.494 [AsyncHttpClient-1-9] DEBUG org.asynchttpclient.netty.channel.ChannelManager - Adding key: http://localhost:63139 for channel [id: 0xe6d397d9, L:/127.0.0.1:60298 - R:localhost/127.0.0.1:63139]
20:09:04.495 [Forwarding findElement on session a84d6f43377f7a121f678b406b12f8ba to remote] DEBUG org.asynchttpclient.netty.request.NettyRequestSender - Using pooled Channel '[id: 0xe6d397d9, L:/127.0.0.1:60298 - R:localhost/127.0.0.1:63139]' for 'POST' to 'http://localhost:63139/session/a84d6f43377f7a121f678b406b12f8ba/element'
20:09:04.495 [Forwarding findElement on session a84d6f43377f7a121f678b406b12f8ba to remote] DEBUG org.asynchttpclient.netty.request.NettyRequestSender - Using open Channel [id: 0xe6d397d9, L:/127.0.0.1:60298 - R:localhost/127.0.0.1:63139] for POST '/session/a84d6f43377f7a121f678b406b12f8ba/element'
20:09:04.506 [AsyncHttpClient-1-9] DEBUG org.asynchttpclient.netty.handler.HttpHandler - 

Request DefaultHttpRequest(decodeResult: success, version: HTTP/1.1)
POST /session/a84d6f43377f7a121f678b406b12f8ba/element HTTP/1.1
User-Agent: selenium/4.1.2 (java windows)
Content-Length: 56
Content-Type: application/json; charset=utf-8
host: localhost:63139
accept: */*

Response DefaultHttpResponse(decodeResult: success, version: HTTP/1.1)
HTTP/1.1 200 OK
Content-Type: application/json; charset=utf-8
cache-control: no-cache
content-length: 88

20:09:04.507 [AsyncHttpClient-1-9] DEBUG org.asynchttpclient.netty.channel.ChannelManager - Adding key: http://localhost:63139 for channel [id: 0xe6d397d9, L:/127.0.0.1:60298 - R:localhost/127.0.0.1:63139]
20:09:04.509 [Forwarding clickElement on session a84d6f43377f7a121f678b406b12f8ba to remote] DEBUG org.asynchttpclient.netty.request.NettyRequestSender - Using pooled Channel '[id: 0xe6d397d9, L:/127.0.0.1:60298 - R:localhost/127.0.0.1:63139]' for 'POST' to 'http://localhost:63139/session/a84d6f43377f7a121f678b406b12f8ba/element/b6a5b88c-7678-4cc8-b161-5d4d7cc72187/click'
20:09:04.509 [Forwarding clickElement on session a84d6f43377f7a121f678b406b12f8ba to remote] DEBUG org.asynchttpclient.netty.request.NettyRequestSender - Using open Channel [id: 0xe6d397d9, L:/127.0.0.1:60298 - R:localhost/127.0.0.1:63139] for POST '/session/a84d6f43377f7a121f678b406b12f8ba/element/b6a5b88c-7678-4cc8-b161-5d4d7cc72187/click'
20:09:04.696 [AsyncHttpClient-1-1] DEBUG org.asynchttpclient.netty.channel.DefaultChannelPool - Entry count for : http://localhost:60299 : 1
20:09:05.206 [AsyncHttpClient-1-9] DEBUG org.asynchttpclient.netty.handler.HttpHandler - 

Request DefaultHttpRequest(decodeResult: success, version: HTTP/1.1)
POST /session/a84d6f43377f7a121f678b406b12f8ba/element/b6a5b88c-7678-4cc8-b161-5d4d7cc72187/click HTTP/1.1
User-Agent: selenium/4.1.2 (java windows)
Content-Length: 50
Content-Type: application/json; charset=utf-8
host: localhost:63139
accept: */*

Response DefaultHttpResponse(decodeResult: success, version: HTTP/1.1)
HTTP/1.1 200 OK
Content-Type: application/json; charset=utf-8
cache-control: no-cache
content-length: 14

20:09:05.206 [AsyncHttpClient-1-9] DEBUG org.asynchttpclient.netty.channel.ChannelManager - Adding key: http://localhost:63139 for channel [id: 0xe6d397d9, L:/127.0.0.1:60298 - R:localhost/127.0.0.1:63139]
20:09:05.208 [Forwarding findElement on session a84d6f43377f7a121f678b406b12f8ba to remote] DEBUG org.asynchttpclient.netty.request.NettyRequestSender - Using pooled Channel '[id: 0xe6d397d9, L:/127.0.0.1:60298 - R:localhost/127.0.0.1:63139]' for 'POST' to 'http://localhost:63139/session/a84d6f43377f7a121f678b406b12f8ba/element'
20:09:05.209 [Forwarding findElement on session a84d6f43377f7a121f678b406b12f8ba to remote] DEBUG org.asynchttpclient.netty.request.NettyRequestSender - Using open Channel [id: 0xe6d397d9, L:/127.0.0.1:60298 - R:localhost/127.0.0.1:63139] for POST '/session/a84d6f43377f7a121f678b406b12f8ba/element'
20:09:05.224 [AsyncHttpClient-1-9] DEBUG org.asynchttpclient.netty.handler.HttpHandler - 

Request DefaultHttpRequest(decodeResult: success, version: HTTP/1.1)
POST /session/a84d6f43377f7a121f678b406b12f8ba/element HTTP/1.1
User-Agent: selenium/4.1.2 (java windows)
Content-Length: 97
Content-Type: application/json; charset=utf-8
host: localhost:63139
accept: */*

Response DefaultHttpResponse(decodeResult: success, version: HTTP/1.1)
HTTP/1.1 200 OK
Content-Type: application/json; charset=utf-8
cache-control: no-cache
content-length: 88

20:09:05.225 [AsyncHttpClient-1-9] DEBUG org.asynchttpclient.netty.channel.ChannelManager - Adding key: http://localhost:63139 for channel [id: 0xe6d397d9, L:/127.0.0.1:60298 - R:localhost/127.0.0.1:63139]
20:09:05.229 [Forwarding isElementDisplayed on session a84d6f43377f7a121f678b406b12f8ba to remote] DEBUG org.asynchttpclient.netty.request.NettyRequestSender - Using pooled Channel '[id: 0xe6d397d9, L:/127.0.0.1:60298 - R:localhost/127.0.0.1:63139]' for 'POST' to 'http://localhost:63139/session/a84d6f43377f7a121f678b406b12f8ba/execute/sync'
20:09:05.230 [Forwarding isElementDisplayed on session a84d6f43377f7a121f678b406b12f8ba to remote] DEBUG org.asynchttpclient.netty.request.NettyRequestSender - Using open Channel [id: 0xe6d397d9, L:/127.0.0.1:60298 - R:localhost/127.0.0.1:63139] for POST '/session/a84d6f43377f7a121f678b406b12f8ba/execute/sync'
20:09:05.249 [AsyncHttpClient-1-9] DEBUG org.asynchttpclient.netty.handler.HttpHandler - 

Request DefaultHttpRequest(decodeResult: success, version: HTTP/1.1)
POST /session/a84d6f43377f7a121f678b406b12f8ba/execute/sync HTTP/1.1
User-Agent: selenium/4.1.2 (java windows)
Content-Length: 48780
Content-Type: application/json; charset=utf-8
host: localhost:63139
accept: */*

Response DefaultHttpResponse(decodeResult: success, version: HTTP/1.1)
HTTP/1.1 200 OK
Content-Type: application/json; charset=utf-8
cache-control: no-cache
content-length: 14

20:09:05.249 [AsyncHttpClient-1-9] DEBUG org.asynchttpclient.netty.channel.ChannelManager - Adding key: http://localhost:63139 for channel [id: 0xe6d397d9, L:/127.0.0.1:60298 - R:localhost/127.0.0.1:63139]
20:09:05.251 [AsyncHttpClient-1-3] DEBUG org.asynchttpclient.netty.handler.WebSocketHandler - Channel Closed: [id: 0xe47847db, L:/127.0.0.1:60305 ! R:localhost/127.0.0.1:60299] with attribute NettyResponseFuture{currentRetry=5,
	isDone=1,
	isCancelled=0,
	asyncHandler=org.asynchttpclient.ws.WebSocketUpgradeHandler@13fd4f81,
	nettyRequest=org.asynchttpclient.netty.request.NettyRequest@47f709cb,
	future=java.util.concurrent.CompletableFuture@2af8bc74[Completed normally],
	uri=ws://localhost:60299/devtools/browser/7f3fd799-0f96-41e0-8f7f-115df8904efe,
	keepAlive=true,
	redirectCount=0,
	timeoutsHolder=null,
	inAuth=0,
	touch=1648231738419}
20:09:05.251 [AsyncHttpClient-1-3] DEBUG org.asynchttpclient.netty.channel.ChannelManager - Closing Channel [id: 0xe47847db, L:/127.0.0.1:60305 ! R:localhost/127.0.0.1:60299] 
20:09:05.252 [Driver Command Executor] DEBUG org.asynchttpclient.netty.request.NettyRequestSender - Using pooled Channel '[id: 0xe6d397d9, L:/127.0.0.1:60298 - R:localhost/127.0.0.1:63139]' for 'DELETE' to 'http://localhost:63139/session/a84d6f43377f7a121f678b406b12f8ba'
20:09:05.252 [Driver Command Executor] DEBUG org.asynchttpclient.netty.request.NettyRequestSender - Using open Channel [id: 0xe6d397d9, L:/127.0.0.1:60298 - R:localhost/127.0.0.1:63139] for DELETE '/session/a84d6f43377f7a121f678b406b12f8ba'
20:09:05.265 [AsyncHttpClient-1-2] DEBUG org.asynchttpclient.netty.handler.HttpHandler - Unexpected I/O exception on channel [id: 0x3e412acb, L:/127.0.0.1:60304 - R:localhost/127.0.0.1:60299]
java.net.SocketException: Connection reset
	at java.base/sun.nio.ch.SocketChannelImpl.throwConnectionReset(SocketChannelImpl.java:394)
	at java.base/sun.nio.ch.SocketChannelImpl.read(SocketChannelImpl.java:426)
	at io.netty.buffer.PooledByteBuf.setBytes(PooledByteBuf.java:258)
	at io.netty.buffer.AbstractByteBuf.writeBytes(AbstractByteBuf.java:1132)
	at io.netty.channel.socket.nio.NioSocketChannel.doReadBytes(NioSocketChannel.java:350)
	at io.netty.channel.nio.AbstractNioByteChannel$NioByteUnsafe.read(AbstractNioByteChannel.java:151)
	at io.netty.channel.nio.NioEventLoop.processSelectedKey(NioEventLoop.java:722)
	at io.netty.channel.nio.NioEventLoop.processSelectedKeysOptimized(NioEventLoop.java:658)
	at io.netty.channel.nio.NioEventLoop.processSelectedKeys(NioEventLoop.java:584)
	at io.netty.channel.nio.NioEventLoop.run(NioEventLoop.java:496)
	at io.netty.util.concurrent.SingleThreadEventExecutor$4.run(SingleThreadEventExecutor.java:986)
	at io.netty.util.internal.ThreadExecutorMap$2.run(ThreadExecutorMap.java:74)
	at io.netty.util.concurrent.FastThreadLocalRunnable.run(FastThreadLocalRunnable.java:30)
	at java.base/java.lang.Thread.run(Thread.java:833)
20:09:05.265 [AsyncHttpClient-1-2] DEBUG org.asynchttpclient.netty.channel.ChannelManager - Closing Channel [id: 0x3e412acb, L:/127.0.0.1:60304 - R:localhost/127.0.0.1:60299] 
20:09:05.265 [AsyncHttpClient-1-2] DEBUG org.asynchttpclient.netty.handler.HttpHandler - Channel Closed: [id: 0x3e412acb, L:/127.0.0.1:60304 ! R:localhost/127.0.0.1:60299] with attribute DISCARD
20:09:05.282 [AsyncHttpClient-1-9] DEBUG org.asynchttpclient.netty.handler.HttpHandler - 

Request DefaultFullHttpRequest(decodeResult: success, version: HTTP/1.1, content: EmptyByteBufBE)
DELETE /session/a84d6f43377f7a121f678b406b12f8ba HTTP/1.1
User-Agent: selenium/4.1.2 (java windows)
Content-Type: application/json; charset=utf-8
host: localhost:63139
accept: */*

Response DefaultHttpResponse(decodeResult: success, version: HTTP/1.1)
HTTP/1.1 200 OK
Content-Type: application/json; charset=utf-8
cache-control: no-cache
content-length: 14

20:09:05.283 [AsyncHttpClient-1-9] DEBUG org.asynchttpclient.netty.channel.ChannelManager - Adding key: http://localhost:63139 for channel [id: 0xe6d397d9, L:/127.0.0.1:60298 - R:localhost/127.0.0.1:63139]
20:09:05.366 [AsyncHttpClient-1-9] DEBUG org.asynchttpclient.netty.handler.HttpHandler - Channel Closed: [id: 0xe6d397d9, L:/127.0.0.1:60298 ! R:localhost/127.0.0.1:63139] with attribute DISCARD
20:09:05.796 [AsyncHttpClient-1-1] DEBUG org.asynchttpclient.netty.channel.DefaultChannelPool - Entry count for : http://localhost:60299 : 1
20:09:05.796 [AsyncHttpClient-1-1] DEBUG org.asynchttpclient.netty.channel.DefaultChannelPool - Entry count for : http://localhost:63139 : 1
20:09:05.796 [AsyncHttpClient-1-1] DEBUG org.asynchttpclient.netty.channel.DefaultChannelPool - Adding Candidate expired Channel [id: 0x3e412acb, L:/127.0.0.1:60304 ! R:localhost/127.0.0.1:60299] isIdleTimeoutExpired=false isRemotelyClosed=true isTtlExpired=false
20:09:05.796 [AsyncHttpClient-1-1] DEBUG org.asynchttpclient.netty.channel.DefaultChannelPool - Closing Idle Channel [id: 0x3e412acb, L:/127.0.0.1:60304 ! R:localhost/127.0.0.1:60299]
20:09:05.796 [AsyncHttpClient-1-1] DEBUG org.asynchttpclient.netty.channel.DefaultChannelPool - Adding Candidate expired Channel [id: 0xe6d397d9, L:/127.0.0.1:60298 ! R:localhost/127.0.0.1:63139] isIdleTimeoutExpired=false isRemotelyClosed=true isTtlExpired=false
20:09:05.796 [AsyncHttpClient-1-1] DEBUG org.asynchttpclient.netty.channel.DefaultChannelPool - Closing Idle Channel [id: 0xe6d397d9, L:/127.0.0.1:60298 ! R:localhost/127.0.0.1:63139]
20:09:05.796 [AsyncHttpClient-1-1] DEBUG org.asynchttpclient.netty.channel.DefaultChannelPool - Closed 2 connections out of 2 in 0 ms
]]></system-out>
    <system-err><![CDATA[Starting ChromeDriver 99.0.4844.51 (d537ec02474b5afe23684e7963d538896c63ac77-refs/branch-heads/4844@{#875}) on port 63139
Only local connections are allowed.
Please see https://chromedriver.chromium.org/security-considerations for suggestions on keeping ChromeDriver safe.
ChromeDriver was started successfully.
март 25, 2022 8:08:58 СЛ.ОБ. org.openqa.selenium.remote.ProtocolHandshake createSession
INFO: Detected dialect: W3C
март 25, 2022 8:08:58 СЛ.ОБ. org.openqa.selenium.devtools.CdpVersionFinder findNearestMatch
WARNING: Unable to find an exact match for CDP version 99, so returning the closest version found: 97
март 25, 2022 8:08:58 СЛ.ОБ. org.openqa.selenium.devtools.CdpVersionFinder findNearestMatch
INFO: Found CDP implementation for version 99 of 97
]]></system-err>
  </testcase>
</testsuite>